/Users/MBThornton/Library/Caches/pypoetry/virtualenvs/nmdc-automation-VEpwcKpc-py3.9/lib/python3.9/site-packages/urllib3/__init__.py:35: NotOpenSSLWarning: urllib3 v2 only supports OpenSSL 1.1.1+, currently the 'ssl' module is compiled with 'LibreSSL 2.8.3'. See: https://github.com/urllib3/urllib3/issues/3020
  warnings.warn(
INFO:root:Using NAPA config: ../../../configs/.local_napa_user_config.toml
INFO:root:Submitting re id'd records from : data/nmdc:sty-11-547rwq94/nmdc:sty-11-547rwq94_re_ided_record_dump.json
INFO:root:Using: https://api-napa.microbiomedata.org/
INFO:root:Using MongoDB URI: mongodb://michael.thornton-napa:barman-reconfirm-leggings-883@localhost:27777
INFO:pymongo.serverSelection:{"message": "Waiting for suitable server to become available", "selector": "Primary()", "operation": "listDatabases", "topologyDescription": "<TopologyDescription id: 664637cdd9c46f3a315bdb48, topology_type: Single, servers: [<ServerDescription ('localhost', 27777) server_type: Unknown, rtt: None>]>", "clientId": {"$oid": "664637cdd9c46f3a315bdb48"}, "remainingTimeMS": 4}
INFO:root:Connected to MongoDB server at mongodb://michael.thornton-napa:barman-reconfirm-leggings-883@localhost:27777
INFO:root:omics_processing_id: nmdc:omprc-11-xxv2qg83
INFO:root:Updated 1 omics_processing_set records
INFO:root:DB Record validated - submitting to API
INFO:root:Inserting 51 records into data_object_set
INFO:root:Inserting 3 records into metagenome_assembly_set
INFO:root:Inserting 3 records into read_qc_analysis_activity_set
INFO:root:Inserting 3 records into read_based_taxonomy_analysis_activity_set
INFO:root:omics_processing_id: nmdc:omprc-11-pfxhrs79
INFO:root:Updated 1 omics_processing_set records
INFO:root:DB Record validated - submitting to API
INFO:root:Inserting 51 records into data_object_set
INFO:root:Inserting 3 records into metagenome_assembly_set
INFO:root:Inserting 3 records into read_qc_analysis_activity_set
INFO:root:Inserting 3 records into read_based_taxonomy_analysis_activity_set
INFO:root:omics_processing_id: nmdc:omprc-11-g54wdz69
INFO:root:Updated 1 omics_processing_set records
INFO:root:DB Record validated - submitting to API
INFO:root:Inserting 34 records into data_object_set
INFO:root:Inserting 2 records into metagenome_assembly_set
INFO:root:Inserting 2 records into read_qc_analysis_activity_set
INFO:root:Inserting 2 records into read_based_taxonomy_analysis_activity_set
INFO:root:omics_processing_id: nmdc:omprc-11-8em16430
INFO:root:Updated 1 omics_processing_set records
INFO:root:DB Record validated - submitting to API
INFO:root:Inserting 68 records into data_object_set
INFO:root:Inserting 4 records into metagenome_assembly_set
INFO:root:Inserting 4 records into read_qc_analysis_activity_set
INFO:root:Inserting 4 records into read_based_taxonomy_analysis_activity_set
INFO:root:omics_processing_id: nmdc:omprc-11-cnw2fp56
INFO:root:Updated 1 omics_processing_set records
INFO:root:DB Record validated - submitting to API
INFO:root:Inserting 17 records into data_object_set
INFO:root:Inserting 1 records into metagenome_assembly_set
INFO:root:Inserting 1 records into read_qc_analysis_activity_set
INFO:root:Inserting 1 records into read_based_taxonomy_analysis_activity_set
INFO:root:omics_processing_id: nmdc:omprc-11-pq95x588
INFO:root:Updated 1 omics_processing_set records
INFO:root:DB Record validated - submitting to API
INFO:root:Inserting 51 records into data_object_set
INFO:root:Inserting 3 records into metagenome_assembly_set
INFO:root:Inserting 3 records into read_qc_analysis_activity_set
INFO:root:Inserting 3 records into read_based_taxonomy_analysis_activity_set
INFO:root:omics_processing_id: nmdc:omprc-11-skyref32
INFO:root:Updated 1 omics_processing_set records
INFO:root:DB Record validated - submitting to API
INFO:root:Inserting 51 records into data_object_set
INFO:root:Inserting 3 records into metagenome_assembly_set
INFO:root:Inserting 3 records into read_qc_analysis_activity_set
INFO:root:Inserting 3 records into read_based_taxonomy_analysis_activity_set
INFO:root:omics_processing_id: nmdc:omprc-11-d68k4p76
INFO:root:Updated 1 omics_processing_set records
INFO:root:DB Record validated - submitting to API
INFO:root:Inserting 17 records into data_object_set
INFO:root:Inserting 1 records into metagenome_assembly_set
INFO:root:Inserting 1 records into read_qc_analysis_activity_set
INFO:root:Inserting 1 records into read_based_taxonomy_analysis_activity_set
INFO:root:omics_processing_id: nmdc:omprc-11-qne98f89
INFO:root:Updated 1 omics_processing_set records
INFO:root:DB Record validated - submitting to API
INFO:root:Inserting 51 records into data_object_set
INFO:root:Inserting 3 records into metagenome_assembly_set
INFO:root:Inserting 3 records into read_qc_analysis_activity_set
INFO:root:Inserting 3 records into read_based_taxonomy_analysis_activity_set
INFO:root:omics_processing_id: nmdc:omprc-11-fs032224
INFO:root:Updated 1 omics_processing_set records
INFO:root:DB Record validated - submitting to API
INFO:root:Inserting 17 records into data_object_set
INFO:root:Inserting 1 records into metagenome_assembly_set
INFO:root:Inserting 1 records into read_qc_analysis_activity_set
INFO:root:Inserting 1 records into read_based_taxonomy_analysis_activity_set
INFO:root:omics_processing_id: nmdc:omprc-11-fqj82b98
INFO:root:Updated 1 omics_processing_set records
INFO:root:DB Record validated - submitting to API
INFO:root:Inserting 34 records into data_object_set
INFO:root:Inserting 2 records into metagenome_assembly_set
INFO:root:Inserting 2 records into read_qc_analysis_activity_set
INFO:root:Inserting 2 records into read_based_taxonomy_analysis_activity_set
INFO:root:omics_processing_id: nmdc:omprc-11-wkttpa18
INFO:root:Updated 1 omics_processing_set records
INFO:root:DB Record validated - submitting to API
INFO:root:Inserting 17 records into data_object_set
INFO:root:Inserting 1 records into metagenome_assembly_set
INFO:root:Inserting 1 records into read_qc_analysis_activity_set
INFO:root:Inserting 1 records into read_based_taxonomy_analysis_activity_set
INFO:root:omics_processing_id: nmdc:omprc-11-4e682h13
INFO:root:Updated 1 omics_processing_set records
INFO:root:DB Record validated - submitting to API
INFO:root:Inserting 34 records into data_object_set
INFO:root:Inserting 2 records into metagenome_assembly_set
INFO:root:Inserting 2 records into read_qc_analysis_activity_set
INFO:root:Inserting 2 records into read_based_taxonomy_analysis_activity_set
INFO:root:omics_processing_id: nmdc:omprc-11-whcgrk20
INFO:root:Updated 1 omics_processing_set records
INFO:root:DB Record validated - submitting to API
INFO:root:Inserting 34 records into data_object_set
INFO:root:Inserting 2 records into metagenome_assembly_set
INFO:root:Inserting 2 records into read_qc_analysis_activity_set
INFO:root:Inserting 2 records into read_based_taxonomy_analysis_activity_set
INFO:root:omics_processing_id: nmdc:omprc-11-hpqn7z80
INFO:root:Updated 1 omics_processing_set records
INFO:root:DB Record validated - submitting to API
INFO:root:Inserting 51 records into data_object_set
INFO:root:Inserting 3 records into metagenome_assembly_set
INFO:root:Inserting 3 records into read_qc_analysis_activity_set
INFO:root:Inserting 3 records into read_based_taxonomy_analysis_activity_set
INFO:root:omics_processing_id: nmdc:omprc-11-cfaemn69
INFO:root:Updated 1 omics_processing_set records
INFO:root:DB Record validated - submitting to API
INFO:root:Inserting 17 records into data_object_set
INFO:root:Inserting 1 records into metagenome_assembly_set
INFO:root:Inserting 1 records into read_qc_analysis_activity_set
INFO:root:Inserting 1 records into read_based_taxonomy_analysis_activity_set
INFO:root:omics_processing_id: nmdc:omprc-11-yf5ckp33
INFO:root:Updated 1 omics_processing_set records
INFO:root:DB Record validated - submitting to API
INFO:root:Inserting 34 records into data_object_set
INFO:root:Inserting 2 records into metagenome_assembly_set
INFO:root:Inserting 2 records into read_qc_analysis_activity_set
INFO:root:Inserting 2 records into read_based_taxonomy_analysis_activity_set
INFO:root:omics_processing_id: nmdc:omprc-11-1xns4938
INFO:root:Updated 1 omics_processing_set records
INFO:root:DB Record validated - submitting to API
INFO:root:Inserting 34 records into data_object_set
INFO:root:Inserting 2 records into metagenome_assembly_set
INFO:root:Inserting 2 records into read_qc_analysis_activity_set
INFO:root:Inserting 2 records into read_based_taxonomy_analysis_activity_set
INFO:root:omics_processing_id: nmdc:omprc-11-ck3tb736
INFO:root:Updated 1 omics_processing_set records
INFO:root:DB Record validated - submitting to API
INFO:root:Inserting 68 records into data_object_set
INFO:root:Inserting 4 records into metagenome_assembly_set
INFO:root:Inserting 4 records into read_qc_analysis_activity_set
INFO:root:Inserting 4 records into read_based_taxonomy_analysis_activity_set
INFO:root:omics_processing_id: nmdc:omprc-11-nymrx203
INFO:root:Updated 1 omics_processing_set records
INFO:root:DB Record validated - submitting to API
INFO:root:Inserting 34 records into data_object_set
INFO:root:Inserting 2 records into metagenome_assembly_set
INFO:root:Inserting 2 records into read_qc_analysis_activity_set
INFO:root:Inserting 2 records into read_based_taxonomy_analysis_activity_set
INFO:root:omics_processing_id: nmdc:omprc-11-etm7ez66
INFO:root:Updated 1 omics_processing_set records
INFO:root:DB Record validated - submitting to API
INFO:root:Inserting 34 records into data_object_set
INFO:root:Inserting 2 records into metagenome_assembly_set
INFO:root:Inserting 2 records into read_qc_analysis_activity_set
INFO:root:Inserting 2 records into read_based_taxonomy_analysis_activity_set
INFO:root:omics_processing_id: nmdc:omprc-11-b4k09q88
INFO:root:Updated 1 omics_processing_set records
INFO:root:DB Record validated - submitting to API
INFO:root:Inserting 51 records into data_object_set
INFO:root:Inserting 3 records into metagenome_assembly_set
INFO:root:Inserting 3 records into read_qc_analysis_activity_set
INFO:root:Inserting 3 records into read_based_taxonomy_analysis_activity_set
INFO:root:omics_processing_id: nmdc:omprc-11-3zf24533
INFO:root:Updated 1 omics_processing_set records
INFO:root:DB Record validated - submitting to API
INFO:root:Inserting 51 records into data_object_set
INFO:root:Inserting 3 records into metagenome_assembly_set
INFO:root:Inserting 3 records into read_qc_analysis_activity_set
INFO:root:Inserting 3 records into read_based_taxonomy_analysis_activity_set
INFO:root:omics_processing_id: nmdc:omprc-11-p47adm33
INFO:root:Updated 1 omics_processing_set records
INFO:root:DB Record validated - submitting to API
INFO:root:Inserting 34 records into data_object_set
INFO:root:Inserting 2 records into metagenome_assembly_set
INFO:root:Inserting 2 records into read_qc_analysis_activity_set
INFO:root:Inserting 2 records into read_based_taxonomy_analysis_activity_set
INFO:root:omics_processing_id: nmdc:omprc-11-39mj2m97
INFO:root:Updated 1 omics_processing_set records
INFO:root:DB Record validated - submitting to API
INFO:root:Inserting 34 records into data_object_set
INFO:root:Inserting 2 records into metagenome_assembly_set
INFO:root:Inserting 2 records into read_qc_analysis_activity_set
INFO:root:Inserting 2 records into read_based_taxonomy_analysis_activity_set
INFO:root:omics_processing_id: nmdc:omprc-11-5qvtsn26
INFO:root:Updated 1 omics_processing_set records
INFO:root:DB Record validated - submitting to API
INFO:root:Inserting 34 records into data_object_set
INFO:root:Inserting 2 records into metagenome_assembly_set
INFO:root:Inserting 2 records into read_qc_analysis_activity_set
INFO:root:Inserting 2 records into read_based_taxonomy_analysis_activity_set
INFO:root:omics_processing_id: nmdc:omprc-11-azzp1136
INFO:root:Updated 1 omics_processing_set records
INFO:root:DB Record validated - submitting to API
INFO:root:Inserting 17 records into data_object_set
INFO:root:Inserting 1 records into metagenome_assembly_set
INFO:root:Inserting 1 records into read_qc_analysis_activity_set
INFO:root:Inserting 1 records into read_based_taxonomy_analysis_activity_set
INFO:root:omics_processing_id: nmdc:omprc-11-gcfqfy91
INFO:root:Updated 1 omics_processing_set records
INFO:root:DB Record validated - submitting to API
INFO:root:Inserting 68 records into data_object_set
INFO:root:Inserting 4 records into metagenome_assembly_set
INFO:root:Inserting 4 records into read_qc_analysis_activity_set
INFO:root:Inserting 4 records into read_based_taxonomy_analysis_activity_set
INFO:root:omics_processing_id: nmdc:omprc-11-2xcx1k41
INFO:root:Updated 1 omics_processing_set records
INFO:root:DB Record validated - submitting to API
INFO:root:Inserting 17 records into data_object_set
INFO:root:Inserting 1 records into metagenome_assembly_set
INFO:root:Inserting 1 records into read_qc_analysis_activity_set
INFO:root:Inserting 1 records into read_based_taxonomy_analysis_activity_set
INFO:root:omics_processing_id: nmdc:omprc-11-1kt9xf80
INFO:root:Updated 1 omics_processing_set records
INFO:root:DB Record validated - submitting to API
INFO:root:Inserting 34 records into data_object_set
INFO:root:Inserting 2 records into metagenome_assembly_set
INFO:root:Inserting 2 records into read_qc_analysis_activity_set
INFO:root:Inserting 2 records into read_based_taxonomy_analysis_activity_set
INFO:root:omics_processing_id: nmdc:omprc-11-0ft7ex25
INFO:root:Updated 1 omics_processing_set records
INFO:root:DB Record validated - submitting to API
INFO:root:Inserting 51 records into data_object_set
INFO:root:Inserting 3 records into metagenome_assembly_set
INFO:root:Inserting 3 records into read_qc_analysis_activity_set
INFO:root:Inserting 3 records into read_based_taxonomy_analysis_activity_set
INFO:root:omics_processing_id: nmdc:omprc-11-964wyz26
INFO:root:Updated 1 omics_processing_set records
INFO:root:DB Record validated - submitting to API
INFO:root:Inserting 34 records into data_object_set
INFO:root:Inserting 2 records into metagenome_assembly_set
INFO:root:Inserting 2 records into read_qc_analysis_activity_set
INFO:root:Inserting 2 records into read_based_taxonomy_analysis_activity_set
INFO:root:omics_processing_id: nmdc:omprc-11-95c5gn47
INFO:root:Updated 1 omics_processing_set records
INFO:root:DB Record validated - submitting to API
INFO:root:Inserting 51 records into data_object_set
INFO:root:Inserting 3 records into metagenome_assembly_set
INFO:root:Inserting 3 records into read_qc_analysis_activity_set
INFO:root:Inserting 3 records into read_based_taxonomy_analysis_activity_set
INFO:root:omics_processing_id: nmdc:omprc-11-02tp7916
INFO:root:Updated 1 omics_processing_set records
INFO:root:DB Record validated - submitting to API
INFO:root:Inserting 51 records into data_object_set
INFO:root:Inserting 3 records into metagenome_assembly_set
INFO:root:Inserting 3 records into read_qc_analysis_activity_set
INFO:root:Inserting 3 records into read_based_taxonomy_analysis_activity_set
INFO:root:omics_processing_id: nmdc:omprc-11-gfcn2a52
INFO:root:Updated 1 omics_processing_set records
INFO:root:DB Record validated - submitting to API
INFO:root:Inserting 51 records into data_object_set
INFO:root:Inserting 3 records into metagenome_assembly_set
INFO:root:Inserting 3 records into read_qc_analysis_activity_set
INFO:root:Inserting 3 records into read_based_taxonomy_analysis_activity_set
INFO:root:omics_processing_id: nmdc:omprc-11-n8er5a27
INFO:root:Updated 1 omics_processing_set records
INFO:root:DB Record validated - submitting to API
INFO:root:Inserting 34 records into data_object_set
INFO:root:Inserting 2 records into metagenome_assembly_set
INFO:root:Inserting 2 records into read_qc_analysis_activity_set
INFO:root:Inserting 2 records into read_based_taxonomy_analysis_activity_set
INFO:root:omics_processing_id: nmdc:omprc-11-nzcs4v67
INFO:root:Updated 1 omics_processing_set records
INFO:root:DB Record validated - submitting to API
INFO:root:Inserting 17 records into data_object_set
INFO:root:Inserting 1 records into metagenome_assembly_set
INFO:root:Inserting 1 records into read_qc_analysis_activity_set
INFO:root:Inserting 1 records into read_based_taxonomy_analysis_activity_set
INFO:root:omics_processing_id: nmdc:omprc-11-9pgnfp77
INFO:root:Updated 1 omics_processing_set records
INFO:root:DB Record validated - submitting to API
INFO:root:Inserting 17 records into data_object_set
INFO:root:Inserting 1 records into metagenome_assembly_set
INFO:root:Inserting 1 records into read_qc_analysis_activity_set
INFO:root:Inserting 1 records into read_based_taxonomy_analysis_activity_set
INFO:root:omics_processing_id: nmdc:omprc-11-t18snp65
INFO:root:Updated 1 omics_processing_set records
INFO:root:DB Record validated - submitting to API
INFO:root:Inserting 17 records into data_object_set
INFO:root:Inserting 1 records into metagenome_assembly_set
INFO:root:Inserting 1 records into read_qc_analysis_activity_set
INFO:root:Inserting 1 records into read_based_taxonomy_analysis_activity_set
INFO:root:omics_processing_id: nmdc:omprc-11-bsaz5j33
INFO:root:Updated 1 omics_processing_set records
INFO:root:DB Record validated - submitting to API
INFO:root:Inserting 51 records into data_object_set
INFO:root:Inserting 3 records into metagenome_assembly_set
INFO:root:Inserting 3 records into read_qc_analysis_activity_set
INFO:root:Inserting 3 records into read_based_taxonomy_analysis_activity_set
INFO:root:omics_processing_id: nmdc:omprc-11-rvdk9c69
INFO:root:Updated 1 omics_processing_set records
INFO:root:DB Record validated - submitting to API
INFO:root:Inserting 51 records into data_object_set
INFO:root:Inserting 3 records into metagenome_assembly_set
INFO:root:Inserting 3 records into read_qc_analysis_activity_set
INFO:root:Inserting 3 records into read_based_taxonomy_analysis_activity_set
INFO:root:omics_processing_id: nmdc:omprc-11-8204t070
INFO:root:Updated 1 omics_processing_set records
INFO:root:DB Record validated - submitting to API
INFO:root:Inserting 51 records into data_object_set
INFO:root:Inserting 3 records into metagenome_assembly_set
INFO:root:Inserting 3 records into read_qc_analysis_activity_set
INFO:root:Inserting 3 records into read_based_taxonomy_analysis_activity_set
INFO:root:omics_processing_id: nmdc:omprc-11-c2d67p96
INFO:root:Updated 1 omics_processing_set records
INFO:root:DB Record validated - submitting to API
INFO:root:Inserting 68 records into data_object_set
INFO:root:Inserting 4 records into metagenome_assembly_set
INFO:root:Inserting 4 records into read_qc_analysis_activity_set
INFO:root:Inserting 4 records into read_based_taxonomy_analysis_activity_set
INFO:root:omics_processing_id: nmdc:omprc-11-020bkw58
INFO:root:Updated 1 omics_processing_set records
INFO:root:DB Record validated - submitting to API
INFO:root:Inserting 34 records into data_object_set
INFO:root:Inserting 2 records into metagenome_assembly_set
INFO:root:Inserting 2 records into read_qc_analysis_activity_set
INFO:root:Inserting 2 records into read_based_taxonomy_analysis_activity_set
INFO:root:omics_processing_id: nmdc:omprc-11-bnhaje30
INFO:root:Updated 1 omics_processing_set records
INFO:root:DB Record validated - submitting to API
INFO:root:Inserting 51 records into data_object_set
INFO:root:Inserting 3 records into metagenome_assembly_set
INFO:root:Inserting 3 records into read_qc_analysis_activity_set
INFO:root:Inserting 3 records into read_based_taxonomy_analysis_activity_set
INFO:root:omics_processing_id: nmdc:omprc-11-mz5pzb50
INFO:root:Updated 1 omics_processing_set records
INFO:root:DB Record validated - submitting to API
INFO:root:Inserting 51 records into data_object_set
INFO:root:Inserting 3 records into metagenome_assembly_set
INFO:root:Inserting 3 records into read_qc_analysis_activity_set
INFO:root:Inserting 3 records into read_based_taxonomy_analysis_activity_set
INFO:root:omics_processing_id: nmdc:omprc-11-6r88g697
INFO:root:Updated 1 omics_processing_set records
INFO:root:DB Record validated - submitting to API
INFO:root:Inserting 68 records into data_object_set
INFO:root:Inserting 4 records into metagenome_assembly_set
INFO:root:Inserting 4 records into read_qc_analysis_activity_set
INFO:root:Inserting 4 records into read_based_taxonomy_analysis_activity_set
INFO:root:omics_processing_id: nmdc:omprc-11-gppw1n74
INFO:root:Updated 1 omics_processing_set records
INFO:root:DB Record validated - submitting to API
INFO:root:Inserting 68 records into data_object_set
INFO:root:Inserting 4 records into metagenome_assembly_set
INFO:root:Inserting 4 records into read_qc_analysis_activity_set
INFO:root:Inserting 4 records into read_based_taxonomy_analysis_activity_set
INFO:root:omics_processing_id: nmdc:omprc-11-90w41h93
INFO:root:Updated 1 omics_processing_set records
INFO:root:DB Record validated - submitting to API
INFO:root:Inserting 34 records into data_object_set
INFO:root:Inserting 2 records into metagenome_assembly_set
INFO:root:Inserting 2 records into read_qc_analysis_activity_set
INFO:root:Inserting 2 records into read_based_taxonomy_analysis_activity_set
INFO:root:omics_processing_id: nmdc:omprc-11-nhsw6r61
INFO:root:Updated 1 omics_processing_set records
INFO:root:DB Record validated - submitting to API
INFO:root:Inserting 17 records into data_object_set
INFO:root:Inserting 1 records into metagenome_assembly_set
INFO:root:Inserting 1 records into read_qc_analysis_activity_set
INFO:root:Inserting 1 records into read_based_taxonomy_analysis_activity_set
INFO:root:omics_processing_id: nmdc:omprc-11-hx4gh423
INFO:root:Updated 1 omics_processing_set records
INFO:root:DB Record validated - submitting to API
INFO:root:Inserting 68 records into data_object_set
INFO:root:Inserting 4 records into metagenome_assembly_set
INFO:root:Inserting 4 records into read_qc_analysis_activity_set
INFO:root:Inserting 4 records into read_based_taxonomy_analysis_activity_set
INFO:root:omics_processing_id: nmdc:omprc-11-e7mgqr47
INFO:root:Updated 1 omics_processing_set records
INFO:root:DB Record validated - submitting to API
INFO:root:Inserting 17 records into data_object_set
INFO:root:Inserting 1 records into metagenome_assembly_set
INFO:root:Inserting 1 records into read_qc_analysis_activity_set
INFO:root:Inserting 1 records into read_based_taxonomy_analysis_activity_set
INFO:root:omics_processing_id: nmdc:omprc-11-zza37w91
INFO:root:Updated 1 omics_processing_set records
INFO:root:DB Record validated - submitting to API
INFO:root:Inserting 34 records into data_object_set
INFO:root:Inserting 2 records into metagenome_assembly_set
INFO:root:Inserting 2 records into read_qc_analysis_activity_set
INFO:root:Inserting 2 records into read_based_taxonomy_analysis_activity_set
INFO:root:omics_processing_id: nmdc:omprc-11-fcvjqs14
INFO:root:Updated 1 omics_processing_set records
INFO:root:DB Record validated - submitting to API
INFO:root:Inserting 51 records into data_object_set
INFO:root:Inserting 3 records into metagenome_assembly_set
INFO:root:Inserting 3 records into read_qc_analysis_activity_set
INFO:root:Inserting 3 records into read_based_taxonomy_analysis_activity_set
INFO:root:omics_processing_id: nmdc:omprc-11-5bqjsn61
INFO:root:Updated 1 omics_processing_set records
INFO:root:DB Record validated - submitting to API
INFO:root:Inserting 34 records into data_object_set
INFO:root:Inserting 2 records into metagenome_assembly_set
INFO:root:Inserting 2 records into read_qc_analysis_activity_set
INFO:root:Inserting 2 records into read_based_taxonomy_analysis_activity_set
INFO:root:omics_processing_id: nmdc:omprc-11-79w7qq19
INFO:root:Updated 1 omics_processing_set records
INFO:root:DB Record validated - submitting to API
INFO:root:Inserting 68 records into data_object_set
INFO:root:Inserting 4 records into metagenome_assembly_set
INFO:root:Inserting 4 records into read_qc_analysis_activity_set
INFO:root:Inserting 4 records into read_based_taxonomy_analysis_activity_set
INFO:root:omics_processing_id: nmdc:omprc-11-czceq925
INFO:root:Updated 1 omics_processing_set records
INFO:root:DB Record validated - submitting to API
INFO:root:Inserting 51 records into data_object_set
INFO:root:Inserting 3 records into metagenome_assembly_set
INFO:root:Inserting 3 records into read_qc_analysis_activity_set
INFO:root:Inserting 3 records into read_based_taxonomy_analysis_activity_set
INFO:root:omics_processing_id: nmdc:omprc-11-heyj8r43
INFO:root:Updated 1 omics_processing_set records
INFO:root:DB Record validated - submitting to API
INFO:root:Inserting 51 records into data_object_set
INFO:root:Inserting 3 records into metagenome_assembly_set
INFO:root:Inserting 3 records into read_qc_analysis_activity_set
INFO:root:Inserting 3 records into read_based_taxonomy_analysis_activity_set
INFO:root:omics_processing_id: nmdc:omprc-11-n6f97445
INFO:root:Updated 1 omics_processing_set records
INFO:root:DB Record validated - submitting to API
INFO:root:Inserting 51 records into data_object_set
INFO:root:Inserting 3 records into metagenome_assembly_set
INFO:root:Inserting 3 records into read_qc_analysis_activity_set
INFO:root:Inserting 3 records into read_based_taxonomy_analysis_activity_set
INFO:root:omics_processing_id: nmdc:omprc-11-nz0hh615
INFO:root:Updated 1 omics_processing_set records
INFO:root:DB Record validated - submitting to API
INFO:root:Inserting 68 records into data_object_set
INFO:root:Inserting 4 records into metagenome_assembly_set
INFO:root:Inserting 4 records into read_qc_analysis_activity_set
INFO:root:Inserting 4 records into read_based_taxonomy_analysis_activity_set
INFO:root:omics_processing_id: nmdc:omprc-11-n2qsee68
INFO:root:Updated 1 omics_processing_set records
INFO:root:DB Record validated - submitting to API
INFO:root:Inserting 68 records into data_object_set
INFO:root:Inserting 4 records into metagenome_assembly_set
INFO:root:Inserting 4 records into read_qc_analysis_activity_set
INFO:root:Inserting 4 records into read_based_taxonomy_analysis_activity_set
INFO:root:omics_processing_id: nmdc:omprc-11-q17q2c37
INFO:root:Updated 1 omics_processing_set records
INFO:root:DB Record validated - submitting to API
INFO:root:Inserting 68 records into data_object_set
INFO:root:Inserting 4 records into metagenome_assembly_set
INFO:root:Inserting 4 records into read_qc_analysis_activity_set
INFO:root:Inserting 4 records into read_based_taxonomy_analysis_activity_set
INFO:root:omics_processing_id: nmdc:omprc-11-apq9g920
INFO:root:Updated 1 omics_processing_set records
INFO:root:DB Record validated - submitting to API
INFO:root:Inserting 34 records into data_object_set
INFO:root:Inserting 2 records into metagenome_assembly_set
INFO:root:Inserting 2 records into read_qc_analysis_activity_set
INFO:root:Inserting 2 records into read_based_taxonomy_analysis_activity_set
INFO:root:omics_processing_id: nmdc:omprc-11-s9btdm10
INFO:root:Updated 1 omics_processing_set records
INFO:root:DB Record validated - submitting to API
INFO:root:Inserting 34 records into data_object_set
INFO:root:Inserting 2 records into metagenome_assembly_set
INFO:root:Inserting 2 records into read_qc_analysis_activity_set
INFO:root:Inserting 2 records into read_based_taxonomy_analysis_activity_set
INFO:root:omics_processing_id: nmdc:omprc-11-rac6f723
INFO:root:Updated 1 omics_processing_set records
INFO:root:DB Record validated - submitting to API
INFO:root:Inserting 51 records into data_object_set
INFO:root:Inserting 3 records into metagenome_assembly_set
INFO:root:Inserting 3 records into read_qc_analysis_activity_set
INFO:root:Inserting 3 records into read_based_taxonomy_analysis_activity_set
INFO:root:omics_processing_id: nmdc:omprc-11-xe3jtv24
INFO:root:Updated 1 omics_processing_set records
INFO:root:DB Record validated - submitting to API
INFO:root:Inserting 34 records into data_object_set
INFO:root:Inserting 2 records into metagenome_assembly_set
INFO:root:Inserting 2 records into read_qc_analysis_activity_set
INFO:root:Inserting 2 records into read_based_taxonomy_analysis_activity_set
INFO:root:omics_processing_id: nmdc:omprc-11-pahs5t46
INFO:root:Updated 1 omics_processing_set records
INFO:root:DB Record validated - submitting to API
INFO:root:Inserting 17 records into data_object_set
INFO:root:Inserting 1 records into metagenome_assembly_set
INFO:root:Inserting 1 records into read_qc_analysis_activity_set
INFO:root:Inserting 1 records into read_based_taxonomy_analysis_activity_set
INFO:root:omics_processing_id: nmdc:omprc-11-z7g65c19
INFO:root:Updated 1 omics_processing_set records
INFO:root:DB Record validated - submitting to API
INFO:root:Inserting 68 records into data_object_set
INFO:root:Inserting 4 records into metagenome_assembly_set
INFO:root:Inserting 4 records into read_qc_analysis_activity_set
INFO:root:Inserting 4 records into read_based_taxonomy_analysis_activity_set
INFO:root:omics_processing_id: nmdc:omprc-11-45cx9453
INFO:root:Updated 1 omics_processing_set records
INFO:root:DB Record validated - submitting to API
INFO:root:Inserting 34 records into data_object_set
INFO:root:Inserting 2 records into metagenome_assembly_set
INFO:root:Inserting 2 records into read_qc_analysis_activity_set
INFO:root:Inserting 2 records into read_based_taxonomy_analysis_activity_set
INFO:root:omics_processing_id: nmdc:omprc-11-b4gxmw74
INFO:root:Updated 1 omics_processing_set records
INFO:root:DB Record validated - submitting to API
INFO:root:Inserting 17 records into data_object_set
INFO:root:Inserting 1 records into metagenome_assembly_set
INFO:root:Inserting 1 records into read_qc_analysis_activity_set
INFO:root:Inserting 1 records into read_based_taxonomy_analysis_activity_set
INFO:root:omics_processing_id: nmdc:omprc-11-7q4fw450
INFO:root:Updated 1 omics_processing_set records
INFO:root:DB Record validated - submitting to API
INFO:root:Inserting 17 records into data_object_set
INFO:root:Inserting 1 records into metagenome_assembly_set
INFO:root:Inserting 1 records into read_qc_analysis_activity_set
INFO:root:Inserting 1 records into read_based_taxonomy_analysis_activity_set
INFO:root:omics_processing_id: nmdc:omprc-11-434m3q82
INFO:root:Updated 1 omics_processing_set records
INFO:root:DB Record validated - submitting to API
INFO:root:Inserting 34 records into data_object_set
INFO:root:Inserting 2 records into metagenome_assembly_set
INFO:root:Inserting 2 records into read_qc_analysis_activity_set
INFO:root:Inserting 2 records into read_based_taxonomy_analysis_activity_set
INFO:root:omics_processing_id: nmdc:omprc-11-3msswm31
INFO:root:Updated 1 omics_processing_set records
INFO:root:DB Record validated - submitting to API
INFO:root:Inserting 34 records into data_object_set
INFO:root:Inserting 2 records into metagenome_assembly_set
INFO:root:Inserting 2 records into read_qc_analysis_activity_set
INFO:root:Inserting 2 records into read_based_taxonomy_analysis_activity_set
INFO:root:omics_processing_id: nmdc:omprc-11-kv9cp812
INFO:root:Updated 1 omics_processing_set records
INFO:root:DB Record validated - submitting to API
INFO:root:Inserting 34 records into data_object_set
INFO:root:Inserting 2 records into metagenome_assembly_set
INFO:root:Inserting 2 records into read_qc_analysis_activity_set
INFO:root:Inserting 2 records into read_based_taxonomy_analysis_activity_set
INFO:root:omics_processing_id: nmdc:omprc-11-21m54d36
INFO:root:Updated 1 omics_processing_set records
INFO:root:DB Record validated - submitting to API
INFO:root:Inserting 34 records into data_object_set
INFO:root:Inserting 2 records into metagenome_assembly_set
INFO:root:Inserting 2 records into read_qc_analysis_activity_set
INFO:root:Inserting 2 records into read_based_taxonomy_analysis_activity_set
INFO:root:omics_processing_id: nmdc:omprc-11-ww1e2654
INFO:root:Updated 1 omics_processing_set records
INFO:root:DB Record validated - submitting to API
INFO:root:Inserting 51 records into data_object_set
INFO:root:Inserting 3 records into metagenome_assembly_set
INFO:root:Inserting 3 records into read_qc_analysis_activity_set
INFO:root:Inserting 3 records into read_based_taxonomy_analysis_activity_set
INFO:root:omics_processing_id: nmdc:omprc-11-am0dza21
INFO:root:Updated 1 omics_processing_set records
INFO:root:DB Record validated - submitting to API
INFO:root:Inserting 34 records into data_object_set
INFO:root:Inserting 2 records into metagenome_assembly_set
INFO:root:Inserting 2 records into read_qc_analysis_activity_set
INFO:root:Inserting 2 records into read_based_taxonomy_analysis_activity_set
INFO:root:omics_processing_id: nmdc:omprc-11-hf969g84
INFO:root:Updated 1 omics_processing_set records
INFO:root:DB Record validated - submitting to API
INFO:root:Inserting 34 records into data_object_set
INFO:root:Inserting 2 records into metagenome_assembly_set
INFO:root:Inserting 2 records into read_qc_analysis_activity_set
INFO:root:Inserting 2 records into read_based_taxonomy_analysis_activity_set
INFO:root:omics_processing_id: nmdc:omprc-11-0nftn704
INFO:root:Updated 1 omics_processing_set records
INFO:root:DB Record validated - submitting to API
INFO:root:Inserting 34 records into data_object_set
INFO:root:Inserting 2 records into metagenome_assembly_set
INFO:root:Inserting 2 records into read_qc_analysis_activity_set
INFO:root:Inserting 2 records into read_based_taxonomy_analysis_activity_set
INFO:root:Elapsed time: 467.45517086982727
