/Users/MBThornton/Library/Caches/pypoetry/virtualenvs/nmdc-automation-VEpwcKpc-py3.9/lib/python3.9/site-packages/urllib3/__init__.py:35: NotOpenSSLWarning: urllib3 v2 only supports OpenSSL 1.1.1+, currently the 'ssl' module is compiled with 'LibreSSL 2.8.3'. See: https://github.com/urllib3/urllib3/issues/3020
  warnings.warn(
INFO:root:Using NAPA config: ../../../configs/.local_napa_user_config.toml
INFO:root:Deleting old objects found in : ./data/nmdc:sty-11-8fb6t785/nmdc:sty-11-8fb6t785_failed_record_dump.json
INFO:pymongo.serverSelection:{"message": "Waiting for suitable server to become available", "selector": "Primary()", "operation": "listDatabases", "topologyDescription": "<TopologyDescription id: 664278359a5a7b2c2ea0bb04, topology_type: Single, servers: [<ServerDescription ('localhost', 27777) server_type: Unknown, rtt: None>]>", "clientId": {"$oid": "664278359a5a7b2c2ea0bb04"}, "remainingTimeMS": 4}
INFO:root:Deleting 1 records from omics_processing_set
INFO:root:Deleted 1 records from omics_processing_set
INFO:root:Deleting 1 records from omics_processing_set
INFO:root:Deleted 1 records from omics_processing_set
INFO:root:Deleting 1 records from omics_processing_set
INFO:root:Deleted 1 records from omics_processing_set
INFO:root:Deleting 1 records from omics_processing_set
INFO:root:Deleted 1 records from omics_processing_set
INFO:root:Deleting 1 records from omics_processing_set
INFO:root:Deleted 1 records from omics_processing_set
INFO:root:Deleting 1 records from omics_processing_set
INFO:root:Deleted 1 records from omics_processing_set
INFO:root:Deleting 1 records from omics_processing_set
INFO:root:Deleted 1 records from omics_processing_set
INFO:root:Deleting 1 records from omics_processing_set
INFO:root:Deleted 1 records from omics_processing_set
INFO:root:Deleting 1 records from omics_processing_set
INFO:root:Deleted 1 records from omics_processing_set
INFO:root:Deleting 1 records from omics_processing_set
INFO:root:Deleted 1 records from omics_processing_set
INFO:root:Deleting 1 records from omics_processing_set
INFO:root:Deleted 1 records from omics_processing_set
INFO:root:Deleting 1 records from omics_processing_set
INFO:root:Deleted 1 records from omics_processing_set
INFO:root:Deleting 1 records from omics_processing_set
INFO:root:Deleted 1 records from omics_processing_set
INFO:root:Deleting 1 records from omics_processing_set
INFO:root:Deleted 1 records from omics_processing_set
INFO:root:Deleting 1 records from omics_processing_set
INFO:root:Deleted 1 records from omics_processing_set
INFO:root:Deleting 1 records from omics_processing_set
INFO:root:Deleted 1 records from omics_processing_set
INFO:root:Deleting 1 records from omics_processing_set
INFO:root:Deleted 1 records from omics_processing_set
INFO:root:Deleting 1 records from omics_processing_set
INFO:root:Deleted 1 records from omics_processing_set
INFO:root:Deleting 1 records from omics_processing_set
INFO:root:Deleted 1 records from omics_processing_set
INFO:root:Deleting 1 records from omics_processing_set
INFO:root:Deleted 1 records from omics_processing_set
INFO:root:Deleting 1 records from omics_processing_set
INFO:root:Deleted 1 records from omics_processing_set
INFO:root:Deleting 1 records from omics_processing_set
INFO:root:Deleted 1 records from omics_processing_set
INFO:root:Deleting 1 records from omics_processing_set
INFO:root:Deleted 1 records from omics_processing_set
INFO:root:Writing 23 deleted record identifiers to /Users/MBThornton/Documents/code/nmdc_automation/nmdc_automation/re_iding/scripts/data/nmdc:sty-11-8fb6t785_deleted_record_identifiers.tsv
INFO:root:Elapsed time: 0.665186882019043
