/Users/MBThornton/Library/Caches/pypoetry/virtualenvs/nmdc-automation-VEpwcKpc-py3.9/lib/python3.9/site-packages/urllib3/__init__.py:35: NotOpenSSLWarning: urllib3 v2 only supports OpenSSL 1.1.1+, currently the 'ssl' module is compiled with 'LibreSSL 2.8.3'. See: https://github.com/urllib3/urllib3/issues/3020
  warnings.warn(
INFO:root:Using NAPA config: ../../../configs/.local_napa_user_config.toml
INFO:root:Submitting re id'd records from : data/nmdc:sty-11-aygzgv51/nmdc:sty-11-aygzgv51_re_ided_record_dump.json
INFO:root:Using: https://api-napa.microbiomedata.org/
INFO:root:Using MongoDB URI: mongodb://michael.thornton-napa:barman-reconfirm-leggings-883@localhost:27777
INFO:pymongo.serverSelection:{"message": "Waiting for suitable server to become available", "selector": "Primary()", "operation": "listDatabases", "topologyDescription": "<TopologyDescription id: 6646407681b7c449c9e742d6, topology_type: Single, servers: [<ServerDescription ('localhost', 27777) server_type: Unknown, rtt: None>]>", "clientId": {"$oid": "6646407681b7c449c9e742d6"}, "remainingTimeMS": 4}
INFO:root:Connected to MongoDB server at mongodb://michael.thornton-napa:barman-reconfirm-leggings-883@localhost:27777
INFO:root:omics_processing_id: nmdc:omprc-11-rpyetr25
INFO:root:Updated 0 omics_processing_set records
INFO:root:DB Record validated - submitting to API
INFO:root:Inserting 17 records into data_object_set
INFO:root:Inserting 1 records into metagenome_assembly_set
INFO:root:Inserting 1 records into read_qc_analysis_activity_set
INFO:root:Inserting 1 records into read_based_taxonomy_analysis_activity_set
INFO:root:omics_processing_id: nmdc:omprc-11-dqp88g02
INFO:root:Updated 0 omics_processing_set records
INFO:root:DB Record validated - submitting to API
INFO:root:Inserting 17 records into data_object_set
INFO:root:Inserting 1 records into metagenome_assembly_set
INFO:root:Inserting 1 records into read_qc_analysis_activity_set
INFO:root:Inserting 1 records into read_based_taxonomy_analysis_activity_set
INFO:root:omics_processing_id: nmdc:omprc-11-qytwb843
INFO:root:Updated 0 omics_processing_set records
INFO:root:DB Record validated - submitting to API
INFO:root:Inserting 17 records into data_object_set
INFO:root:Inserting 1 records into metagenome_assembly_set
INFO:root:Inserting 1 records into read_qc_analysis_activity_set
INFO:root:Inserting 1 records into read_based_taxonomy_analysis_activity_set
INFO:root:omics_processing_id: nmdc:omprc-11-0608b839
INFO:root:Updated 0 omics_processing_set records
INFO:root:DB Record validated - submitting to API
INFO:root:Inserting 17 records into data_object_set
INFO:root:Inserting 1 records into metagenome_assembly_set
INFO:root:Inserting 1 records into read_qc_analysis_activity_set
INFO:root:Inserting 1 records into read_based_taxonomy_analysis_activity_set
INFO:root:omics_processing_id: nmdc:omprc-11-d77wbs96
INFO:root:Updated 0 omics_processing_set records
INFO:root:DB Record validated - submitting to API
INFO:root:Inserting 17 records into data_object_set
INFO:root:Inserting 1 records into metagenome_assembly_set
INFO:root:Inserting 1 records into read_qc_analysis_activity_set
INFO:root:Inserting 1 records into read_based_taxonomy_analysis_activity_set
INFO:root:omics_processing_id: nmdc:omprc-11-fr5mv305
INFO:root:Updated 0 omics_processing_set records
INFO:root:DB Record validated - submitting to API
INFO:root:Inserting 17 records into data_object_set
INFO:root:Inserting 1 records into metagenome_assembly_set
INFO:root:Inserting 1 records into read_qc_analysis_activity_set
INFO:root:Inserting 1 records into read_based_taxonomy_analysis_activity_set
INFO:root:omics_processing_id: nmdc:omprc-11-m777y239
INFO:root:Updated 0 omics_processing_set records
INFO:root:DB Record validated - submitting to API
INFO:root:Inserting 17 records into data_object_set
INFO:root:Inserting 1 records into metagenome_assembly_set
INFO:root:Inserting 1 records into read_qc_analysis_activity_set
INFO:root:Inserting 1 records into read_based_taxonomy_analysis_activity_set
INFO:root:omics_processing_id: nmdc:omprc-11-sw2wxa68
INFO:root:Updated 0 omics_processing_set records
INFO:root:DB Record validated - submitting to API
INFO:root:Inserting 17 records into data_object_set
INFO:root:Inserting 1 records into metagenome_assembly_set
INFO:root:Inserting 1 records into read_qc_analysis_activity_set
INFO:root:Inserting 1 records into read_based_taxonomy_analysis_activity_set
INFO:root:omics_processing_id: nmdc:omprc-11-fpngtw22
INFO:root:Updated 0 omics_processing_set records
INFO:root:DB Record validated - submitting to API
INFO:root:Inserting 17 records into data_object_set
INFO:root:Inserting 1 records into metagenome_assembly_set
INFO:root:Inserting 1 records into read_qc_analysis_activity_set
INFO:root:Inserting 1 records into read_based_taxonomy_analysis_activity_set
INFO:root:omics_processing_id: nmdc:omprc-11-bhnb7r18
INFO:root:Updated 0 omics_processing_set records
INFO:root:DB Record validated - submitting to API
INFO:root:Inserting 17 records into data_object_set
INFO:root:Inserting 1 records into metagenome_assembly_set
INFO:root:Inserting 1 records into read_qc_analysis_activity_set
INFO:root:Inserting 1 records into read_based_taxonomy_analysis_activity_set
INFO:root:omics_processing_id: nmdc:omprc-11-k36ehd35
INFO:root:Updated 0 omics_processing_set records
INFO:root:DB Record validated - submitting to API
INFO:root:Inserting 17 records into data_object_set
INFO:root:Inserting 1 records into metagenome_assembly_set
INFO:root:Inserting 1 records into read_qc_analysis_activity_set
INFO:root:Inserting 1 records into read_based_taxonomy_analysis_activity_set
INFO:root:omics_processing_id: nmdc:omprc-11-btg8j446
INFO:root:Updated 0 omics_processing_set records
INFO:root:DB Record validated - submitting to API
INFO:root:Inserting 17 records into data_object_set
INFO:root:Inserting 1 records into metagenome_assembly_set
INFO:root:Inserting 1 records into read_qc_analysis_activity_set
INFO:root:Inserting 1 records into read_based_taxonomy_analysis_activity_set
INFO:root:omics_processing_id: nmdc:omprc-11-nzn7pa46
INFO:root:Updated 0 omics_processing_set records
INFO:root:DB Record validated - submitting to API
INFO:root:Inserting 17 records into data_object_set
INFO:root:Inserting 1 records into metagenome_assembly_set
INFO:root:Inserting 1 records into read_qc_analysis_activity_set
INFO:root:Inserting 1 records into read_based_taxonomy_analysis_activity_set
INFO:root:omics_processing_id: nmdc:omprc-11-jqw30e97
INFO:root:Updated 0 omics_processing_set records
INFO:root:DB Record validated - submitting to API
INFO:root:Inserting 17 records into data_object_set
INFO:root:Inserting 1 records into metagenome_assembly_set
INFO:root:Inserting 1 records into read_qc_analysis_activity_set
INFO:root:Inserting 1 records into read_based_taxonomy_analysis_activity_set
INFO:root:omics_processing_id: nmdc:omprc-11-0e5hfk36
INFO:root:Updated 0 omics_processing_set records
INFO:root:DB Record validated - submitting to API
INFO:root:Inserting 17 records into data_object_set
INFO:root:Inserting 1 records into metagenome_assembly_set
INFO:root:Inserting 1 records into read_qc_analysis_activity_set
INFO:root:Inserting 1 records into read_based_taxonomy_analysis_activity_set
INFO:root:omics_processing_id: nmdc:omprc-11-8zycw747
INFO:root:Updated 0 omics_processing_set records
INFO:root:DB Record validated - submitting to API
INFO:root:Inserting 17 records into data_object_set
INFO:root:Inserting 1 records into metagenome_assembly_set
INFO:root:Inserting 1 records into read_qc_analysis_activity_set
INFO:root:Inserting 1 records into read_based_taxonomy_analysis_activity_set
INFO:root:omics_processing_id: nmdc:omprc-11-c4nazg80
INFO:root:Updated 0 omics_processing_set records
INFO:root:DB Record validated - submitting to API
INFO:root:Inserting 17 records into data_object_set
INFO:root:Inserting 1 records into metagenome_assembly_set
INFO:root:Inserting 1 records into read_qc_analysis_activity_set
INFO:root:Inserting 1 records into read_based_taxonomy_analysis_activity_set
INFO:root:omics_processing_id: nmdc:omprc-11-p8ex6903
INFO:root:Updated 0 omics_processing_set records
INFO:root:DB Record validated - submitting to API
INFO:root:Inserting 17 records into data_object_set
INFO:root:Inserting 1 records into metagenome_assembly_set
INFO:root:Inserting 1 records into read_qc_analysis_activity_set
INFO:root:Inserting 1 records into read_based_taxonomy_analysis_activity_set
INFO:root:omics_processing_id: nmdc:omprc-11-gs8t4x52
INFO:root:Updated 0 omics_processing_set records
INFO:root:DB Record validated - submitting to API
INFO:root:Inserting 17 records into data_object_set
INFO:root:Inserting 1 records into metagenome_assembly_set
INFO:root:Inserting 1 records into read_qc_analysis_activity_set
INFO:root:Inserting 1 records into read_based_taxonomy_analysis_activity_set
INFO:root:omics_processing_id: nmdc:omprc-11-2d1cpd06
INFO:root:Updated 0 omics_processing_set records
INFO:root:DB Record validated - submitting to API
INFO:root:Inserting 17 records into data_object_set
INFO:root:Inserting 1 records into metagenome_assembly_set
INFO:root:Inserting 1 records into read_qc_analysis_activity_set
INFO:root:Inserting 1 records into read_based_taxonomy_analysis_activity_set
INFO:root:omics_processing_id: nmdc:omprc-11-36dddd33
INFO:root:Updated 0 omics_processing_set records
INFO:root:DB Record validated - submitting to API
INFO:root:Inserting 17 records into data_object_set
INFO:root:Inserting 1 records into metagenome_assembly_set
INFO:root:Inserting 1 records into read_qc_analysis_activity_set
INFO:root:Inserting 1 records into read_based_taxonomy_analysis_activity_set
INFO:root:omics_processing_id: nmdc:omprc-11-15ak2j43
INFO:root:Updated 0 omics_processing_set records
INFO:root:DB Record validated - submitting to API
INFO:root:Inserting 17 records into data_object_set
INFO:root:Inserting 1 records into metagenome_assembly_set
INFO:root:Inserting 1 records into read_qc_analysis_activity_set
INFO:root:Inserting 1 records into read_based_taxonomy_analysis_activity_set
INFO:root:omics_processing_id: nmdc:omprc-11-2ps65r25
INFO:root:Updated 0 omics_processing_set records
INFO:root:DB Record validated - submitting to API
INFO:root:Inserting 17 records into data_object_set
INFO:root:Inserting 1 records into metagenome_assembly_set
INFO:root:Inserting 1 records into read_qc_analysis_activity_set
INFO:root:Inserting 1 records into read_based_taxonomy_analysis_activity_set
INFO:root:omics_processing_id: nmdc:omprc-11-skg6mc73
INFO:root:Updated 0 omics_processing_set records
INFO:root:DB Record validated - submitting to API
INFO:root:Inserting 17 records into data_object_set
INFO:root:Inserting 1 records into metagenome_assembly_set
INFO:root:Inserting 1 records into read_qc_analysis_activity_set
INFO:root:Inserting 1 records into read_based_taxonomy_analysis_activity_set
INFO:root:omics_processing_id: nmdc:omprc-11-r8kpya82
INFO:root:Updated 0 omics_processing_set records
INFO:root:DB Record validated - submitting to API
INFO:root:Inserting 17 records into data_object_set
INFO:root:Inserting 1 records into metagenome_assembly_set
INFO:root:Inserting 1 records into read_qc_analysis_activity_set
INFO:root:Inserting 1 records into read_based_taxonomy_analysis_activity_set
INFO:root:omics_processing_id: nmdc:omprc-11-7ne3nq81
INFO:root:Updated 0 omics_processing_set records
INFO:root:DB Record validated - submitting to API
INFO:root:Inserting 17 records into data_object_set
INFO:root:Inserting 1 records into metagenome_assembly_set
INFO:root:Inserting 1 records into read_qc_analysis_activity_set
INFO:root:Inserting 1 records into read_based_taxonomy_analysis_activity_set
INFO:root:omics_processing_id: nmdc:omprc-11-kqccfk12
INFO:root:Updated 0 omics_processing_set records
INFO:root:DB Record validated - submitting to API
INFO:root:Inserting 17 records into data_object_set
INFO:root:Inserting 1 records into metagenome_assembly_set
INFO:root:Inserting 1 records into read_qc_analysis_activity_set
INFO:root:Inserting 1 records into read_based_taxonomy_analysis_activity_set
INFO:root:omics_processing_id: nmdc:omprc-11-2pmrs229
INFO:root:Updated 0 omics_processing_set records
INFO:root:DB Record validated - submitting to API
INFO:root:Inserting 17 records into data_object_set
INFO:root:Inserting 1 records into metagenome_assembly_set
INFO:root:Inserting 1 records into read_qc_analysis_activity_set
INFO:root:Inserting 1 records into read_based_taxonomy_analysis_activity_set
INFO:root:omics_processing_id: nmdc:omprc-11-ap3mxw24
INFO:root:Updated 0 omics_processing_set records
INFO:root:DB Record validated - submitting to API
INFO:root:Inserting 17 records into data_object_set
INFO:root:Inserting 1 records into metagenome_assembly_set
INFO:root:Inserting 1 records into read_qc_analysis_activity_set
INFO:root:Inserting 1 records into read_based_taxonomy_analysis_activity_set
INFO:root:omics_processing_id: nmdc:omprc-11-wtkrr549
INFO:root:Updated 0 omics_processing_set records
INFO:root:DB Record validated - submitting to API
INFO:root:Inserting 17 records into data_object_set
INFO:root:Inserting 1 records into metagenome_assembly_set
INFO:root:Inserting 1 records into read_qc_analysis_activity_set
INFO:root:Inserting 1 records into read_based_taxonomy_analysis_activity_set
INFO:root:omics_processing_id: nmdc:omprc-11-a621am43
INFO:root:Updated 0 omics_processing_set records
INFO:root:DB Record validated - submitting to API
INFO:root:Inserting 17 records into data_object_set
INFO:root:Inserting 1 records into metagenome_assembly_set
INFO:root:Inserting 1 records into read_qc_analysis_activity_set
INFO:root:Inserting 1 records into read_based_taxonomy_analysis_activity_set
INFO:root:omics_processing_id: nmdc:omprc-11-zvdh3m17
INFO:root:Updated 0 omics_processing_set records
INFO:root:DB Record validated - submitting to API
INFO:root:Inserting 17 records into data_object_set
INFO:root:Inserting 1 records into metagenome_assembly_set
INFO:root:Inserting 1 records into read_qc_analysis_activity_set
INFO:root:Inserting 1 records into read_based_taxonomy_analysis_activity_set
INFO:root:omics_processing_id: nmdc:omprc-11-m077yg26
INFO:root:Updated 0 omics_processing_set records
INFO:root:DB Record validated - submitting to API
INFO:root:Inserting 17 records into data_object_set
INFO:root:Inserting 1 records into metagenome_assembly_set
INFO:root:Inserting 1 records into read_qc_analysis_activity_set
INFO:root:Inserting 1 records into read_based_taxonomy_analysis_activity_set
INFO:root:omics_processing_id: nmdc:omprc-11-ayts5c45
INFO:root:Updated 0 omics_processing_set records
INFO:root:DB Record validated - submitting to API
INFO:root:Inserting 17 records into data_object_set
INFO:root:Inserting 1 records into metagenome_assembly_set
INFO:root:Inserting 1 records into read_qc_analysis_activity_set
INFO:root:Inserting 1 records into read_based_taxonomy_analysis_activity_set
INFO:root:omics_processing_id: nmdc:omprc-11-5wpncg90
INFO:root:Updated 0 omics_processing_set records
INFO:root:DB Record validated - submitting to API
INFO:root:Inserting 17 records into data_object_set
INFO:root:Inserting 1 records into metagenome_assembly_set
INFO:root:Inserting 1 records into read_qc_analysis_activity_set
INFO:root:Inserting 1 records into read_based_taxonomy_analysis_activity_set
INFO:root:omics_processing_id: nmdc:omprc-11-bynbgm96
INFO:root:Updated 0 omics_processing_set records
INFO:root:DB Record validated - submitting to API
INFO:root:Inserting 17 records into data_object_set
INFO:root:Inserting 1 records into metagenome_assembly_set
INFO:root:Inserting 1 records into read_qc_analysis_activity_set
INFO:root:Inserting 1 records into read_based_taxonomy_analysis_activity_set
INFO:root:omics_processing_id: nmdc:omprc-11-tstjty71
INFO:root:Updated 0 omics_processing_set records
INFO:root:DB Record validated - submitting to API
INFO:root:Inserting 17 records into data_object_set
INFO:root:Inserting 1 records into metagenome_assembly_set
INFO:root:Inserting 1 records into read_qc_analysis_activity_set
INFO:root:Inserting 1 records into read_based_taxonomy_analysis_activity_set
INFO:root:omics_processing_id: nmdc:omprc-11-p8cdh294
INFO:root:Updated 0 omics_processing_set records
INFO:root:DB Record validated - submitting to API
INFO:root:Inserting 17 records into data_object_set
INFO:root:Inserting 1 records into metagenome_assembly_set
INFO:root:Inserting 1 records into read_qc_analysis_activity_set
INFO:root:Inserting 1 records into read_based_taxonomy_analysis_activity_set
INFO:root:omics_processing_id: nmdc:omprc-11-ar3h8c16
INFO:root:Updated 0 omics_processing_set records
INFO:root:DB Record validated - submitting to API
INFO:root:Inserting 17 records into data_object_set
INFO:root:Inserting 1 records into metagenome_assembly_set
INFO:root:Inserting 1 records into read_qc_analysis_activity_set
INFO:root:Inserting 1 records into read_based_taxonomy_analysis_activity_set
INFO:root:omics_processing_id: nmdc:omprc-11-nhzjek88
INFO:root:Updated 0 omics_processing_set records
INFO:root:DB Record validated - submitting to API
INFO:root:Inserting 17 records into data_object_set
INFO:root:Inserting 1 records into metagenome_assembly_set
INFO:root:Inserting 1 records into read_qc_analysis_activity_set
INFO:root:Inserting 1 records into read_based_taxonomy_analysis_activity_set
INFO:root:omics_processing_id: nmdc:omprc-11-gy9nkj98
INFO:root:Updated 0 omics_processing_set records
INFO:root:DB Record validated - submitting to API
INFO:root:Inserting 17 records into data_object_set
INFO:root:Inserting 1 records into metagenome_assembly_set
INFO:root:Inserting 1 records into read_qc_analysis_activity_set
INFO:root:Inserting 1 records into read_based_taxonomy_analysis_activity_set
INFO:root:omics_processing_id: nmdc:omprc-11-h0yahc84
INFO:root:Updated 0 omics_processing_set records
INFO:root:DB Record validated - submitting to API
INFO:root:Inserting 17 records into data_object_set
INFO:root:Inserting 1 records into metagenome_assembly_set
INFO:root:Inserting 1 records into read_qc_analysis_activity_set
INFO:root:Inserting 1 records into read_based_taxonomy_analysis_activity_set
INFO:root:omics_processing_id: nmdc:omprc-11-8swcnf16
INFO:root:Updated 0 omics_processing_set records
INFO:root:DB Record validated - submitting to API
INFO:root:Inserting 17 records into data_object_set
INFO:root:Inserting 1 records into metagenome_assembly_set
INFO:root:Inserting 1 records into read_qc_analysis_activity_set
INFO:root:Inserting 1 records into read_based_taxonomy_analysis_activity_set
INFO:root:omics_processing_id: nmdc:omprc-11-ke5fte15
INFO:root:Updated 0 omics_processing_set records
INFO:root:DB Record validated - submitting to API
INFO:root:Inserting 17 records into data_object_set
INFO:root:Inserting 1 records into metagenome_assembly_set
INFO:root:Inserting 1 records into read_qc_analysis_activity_set
INFO:root:Inserting 1 records into read_based_taxonomy_analysis_activity_set
INFO:root:omics_processing_id: nmdc:omprc-11-53jmrf16
INFO:root:Updated 0 omics_processing_set records
INFO:root:DB Record validated - submitting to API
INFO:root:Inserting 17 records into data_object_set
INFO:root:Inserting 1 records into metagenome_assembly_set
INFO:root:Inserting 1 records into read_qc_analysis_activity_set
INFO:root:Inserting 1 records into read_based_taxonomy_analysis_activity_set
INFO:root:omics_processing_id: nmdc:omprc-11-17qwjt19
INFO:root:Updated 0 omics_processing_set records
INFO:root:DB Record validated - submitting to API
INFO:root:Inserting 17 records into data_object_set
INFO:root:Inserting 1 records into metagenome_assembly_set
INFO:root:Inserting 1 records into read_qc_analysis_activity_set
INFO:root:Inserting 1 records into read_based_taxonomy_analysis_activity_set
INFO:root:omics_processing_id: nmdc:omprc-11-gakewv77
INFO:root:Updated 0 omics_processing_set records
INFO:root:DB Record validated - submitting to API
INFO:root:Inserting 17 records into data_object_set
INFO:root:Inserting 1 records into metagenome_assembly_set
INFO:root:Inserting 1 records into read_qc_analysis_activity_set
INFO:root:Inserting 1 records into read_based_taxonomy_analysis_activity_set
INFO:root:omics_processing_id: nmdc:omprc-11-znarac24
INFO:root:Updated 0 omics_processing_set records
INFO:root:DB Record validated - submitting to API
INFO:root:Inserting 17 records into data_object_set
INFO:root:Inserting 1 records into metagenome_assembly_set
INFO:root:Inserting 1 records into read_qc_analysis_activity_set
INFO:root:Inserting 1 records into read_based_taxonomy_analysis_activity_set
INFO:root:omics_processing_id: nmdc:omprc-11-aff35a90
INFO:root:Updated 0 omics_processing_set records
INFO:root:DB Record validated - submitting to API
INFO:root:Inserting 17 records into data_object_set
INFO:root:Inserting 1 records into metagenome_assembly_set
INFO:root:Inserting 1 records into read_qc_analysis_activity_set
INFO:root:Inserting 1 records into read_based_taxonomy_analysis_activity_set
INFO:root:omics_processing_id: nmdc:omprc-11-ay2srn02
INFO:root:Updated 0 omics_processing_set records
INFO:root:DB Record validated - submitting to API
INFO:root:Inserting 17 records into data_object_set
INFO:root:Inserting 1 records into metagenome_assembly_set
INFO:root:Inserting 1 records into read_qc_analysis_activity_set
INFO:root:Inserting 1 records into read_based_taxonomy_analysis_activity_set
INFO:root:Elapsed time: 224.7531337738037
