/Users/MBThornton/Library/Caches/pypoetry/virtualenvs/nmdc-automation-VEpwcKpc-py3.9/lib/python3.9/site-packages/urllib3/__init__.py:35: NotOpenSSLWarning: urllib3 v2 only supports OpenSSL 1.1.1+, currently the 'ssl' module is compiled with 'LibreSSL 2.8.3'. See: https://github.com/urllib3/urllib3/issues/3020
  warnings.warn(
INFO:root:Using NAPA config: ../../../configs/.local_napa_user_config.toml
INFO:root:Updating NMDC study with legacy ID: gold:Gs0128850
INFO:root:Updating NMDC study with ID: nmdc:sty-11-076c9980
INFO:root:Using 3920 identifiers from data/nmdc:sty-11-076c9980/nmdc:sty-11-076c9980_updated_record_identifiers.tsv
INFO:pymongo.serverSelection:{"message": "Waiting for suitable server to become available", "selector": "Primary()", "operation": "listDatabases", "topologyDescription": "<TopologyDescription id: 6647c0397e4787261c72a00e, topology_type: Single, servers: [<ServerDescription ('localhost', 27777) server_type: Unknown, rtt: None>]>", "clientId": {"$oid": "6647c0397e4787261c72a00e"}, "remainingTimeMS": 4}
INFO:root:Added legacy biosample ID to gold_biosample_identifiers: gold:Gb0150422
INFO:root:Getting new ID for nmdc:Biosample gold:Gb0150422
INFO:root:Found new ID in identifiers_map: nmdc:bsm-11-ed5sns91
INFO:root:Found 1 OmicsProcessing records for biosample gold:Gb0150422
INFO:root:Added legacy omics processing ID to gold_sequencing_project_identifiers: gold:Gp0208574
INFO:root:Getting new ID for nmdc:OmicsProcessing gold:Gp0208574
INFO:root:Found new ID in identifiers_map: nmdc:omprc-11-jx8wh835
INFO:root:Added new biosample ID to has_input: nmdc:bsm-11-ed5sns91
INFO:root:Added new study ID to part_of: nmdc:sty-11-076c9980
INFO:root:Added legacy biosample ID to gold_biosample_identifiers: gold:Gb0150423
INFO:root:Getting new ID for nmdc:Biosample gold:Gb0150423
INFO:root:Found new ID in identifiers_map: nmdc:bsm-11-qrffcr64
INFO:root:Found 1 OmicsProcessing records for biosample gold:Gb0150423
INFO:root:Added legacy omics processing ID to gold_sequencing_project_identifiers: gold:Gp0208575
INFO:root:Getting new ID for nmdc:OmicsProcessing gold:Gp0208575
INFO:root:Found new ID in identifiers_map: nmdc:omprc-11-j3nz6r78
INFO:root:Added new biosample ID to has_input: nmdc:bsm-11-qrffcr64
INFO:root:Added new study ID to part_of: nmdc:sty-11-076c9980
INFO:root:Added legacy biosample ID to gold_biosample_identifiers: gold:Gb0150424
INFO:root:Getting new ID for nmdc:Biosample gold:Gb0150424
INFO:root:Found new ID in identifiers_map: nmdc:bsm-11-jyswqd53
INFO:root:Found 1 OmicsProcessing records for biosample gold:Gb0150424
INFO:root:Added legacy omics processing ID to gold_sequencing_project_identifiers: gold:Gp0208576
INFO:root:Getting new ID for nmdc:OmicsProcessing gold:Gp0208576
INFO:root:Found new ID in identifiers_map: nmdc:omprc-11-qwa04t04
INFO:root:Added new biosample ID to has_input: nmdc:bsm-11-jyswqd53
INFO:root:Added new study ID to part_of: nmdc:sty-11-076c9980
INFO:root:Added legacy biosample ID to gold_biosample_identifiers: gold:Gb0150428
INFO:root:Getting new ID for nmdc:Biosample gold:Gb0150428
INFO:root:Found new ID in identifiers_map: nmdc:bsm-11-302b5a66
INFO:root:Found 1 OmicsProcessing records for biosample gold:Gb0150428
INFO:root:Added legacy omics processing ID to gold_sequencing_project_identifiers: gold:Gp0208580
INFO:root:Getting new ID for nmdc:OmicsProcessing gold:Gp0208580
INFO:root:Found new ID in identifiers_map: nmdc:omprc-11-gg774c88
INFO:root:Added new biosample ID to has_input: nmdc:bsm-11-302b5a66
INFO:root:Added new study ID to part_of: nmdc:sty-11-076c9980
INFO:root:Added legacy biosample ID to gold_biosample_identifiers: gold:Gb0150427
INFO:root:Getting new ID for nmdc:Biosample gold:Gb0150427
INFO:root:Found new ID in identifiers_map: nmdc:bsm-11-rz68jz92
INFO:root:Found 1 OmicsProcessing records for biosample gold:Gb0150427
INFO:root:Added legacy omics processing ID to gold_sequencing_project_identifiers: gold:Gp0208579
INFO:root:Getting new ID for nmdc:OmicsProcessing gold:Gp0208579
INFO:root:Found new ID in identifiers_map: nmdc:omprc-11-5fh1ys84
INFO:root:Added new biosample ID to has_input: nmdc:bsm-11-rz68jz92
INFO:root:Added new study ID to part_of: nmdc:sty-11-076c9980
INFO:root:Added legacy biosample ID to gold_biosample_identifiers: gold:Gb0150429
INFO:root:Getting new ID for nmdc:Biosample gold:Gb0150429
INFO:root:Found new ID in identifiers_map: nmdc:bsm-11-92xxdg53
INFO:root:Found 1 OmicsProcessing records for biosample gold:Gb0150429
INFO:root:Added legacy omics processing ID to gold_sequencing_project_identifiers: gold:Gp0208581
INFO:root:Getting new ID for nmdc:OmicsProcessing gold:Gp0208581
INFO:root:Found new ID in identifiers_map: nmdc:omprc-11-zv9zwk83
INFO:root:Added new biosample ID to has_input: nmdc:bsm-11-92xxdg53
INFO:root:Added new study ID to part_of: nmdc:sty-11-076c9980
INFO:root:Added legacy biosample ID to gold_biosample_identifiers: gold:Gb0150430
INFO:root:Getting new ID for nmdc:Biosample gold:Gb0150430
INFO:root:Found new ID in identifiers_map: nmdc:bsm-11-c6g7jb68
INFO:root:Found 1 OmicsProcessing records for biosample gold:Gb0150430
INFO:root:Added legacy omics processing ID to gold_sequencing_project_identifiers: gold:Gp0208582
INFO:root:Getting new ID for nmdc:OmicsProcessing gold:Gp0208582
INFO:root:Found new ID in identifiers_map: nmdc:omprc-11-cd0sed32
INFO:root:Added new biosample ID to has_input: nmdc:bsm-11-c6g7jb68
INFO:root:Added new study ID to part_of: nmdc:sty-11-076c9980
INFO:root:Added legacy biosample ID to gold_biosample_identifiers: gold:Gb0150426
INFO:root:Getting new ID for nmdc:Biosample gold:Gb0150426
INFO:root:Found new ID in identifiers_map: nmdc:bsm-11-xttvcf02
INFO:root:Found 1 OmicsProcessing records for biosample gold:Gb0150426
INFO:root:Added legacy omics processing ID to gold_sequencing_project_identifiers: gold:Gp0208578
INFO:root:Getting new ID for nmdc:OmicsProcessing gold:Gp0208578
INFO:root:Found new ID in identifiers_map: nmdc:omprc-11-2jdwnq75
INFO:root:Added new biosample ID to has_input: nmdc:bsm-11-xttvcf02
INFO:root:Added new study ID to part_of: nmdc:sty-11-076c9980
INFO:root:Added legacy biosample ID to gold_biosample_identifiers: gold:Gb0150425
INFO:root:Getting new ID for nmdc:Biosample gold:Gb0150425
INFO:root:Found new ID in identifiers_map: nmdc:bsm-11-ac8q3p77
INFO:root:Found 0 OmicsProcessing records for biosample gold:Gb0150425
INFO:root:Added legacy biosample ID to gold_biosample_identifiers: gold:Gb0150431
INFO:root:Getting new ID for nmdc:Biosample gold:Gb0150431
INFO:root:Found new ID in identifiers_map: nmdc:bsm-11-xm24hr93
INFO:root:Found 1 OmicsProcessing records for biosample gold:Gb0150431
INFO:root:Added legacy omics processing ID to gold_sequencing_project_identifiers: gold:Gp0208583
INFO:root:Getting new ID for nmdc:OmicsProcessing gold:Gp0208583
INFO:root:Found new ID in identifiers_map: nmdc:omprc-11-yfgx1637
INFO:root:Added new biosample ID to has_input: nmdc:bsm-11-xm24hr93
INFO:root:Added new study ID to part_of: nmdc:sty-11-076c9980
INFO:root:Added legacy biosample ID to gold_biosample_identifiers: gold:Gb0192455
INFO:root:Getting new ID for nmdc:Biosample gold:Gb0192455
INFO:root:Found new ID in identifiers_map: nmdc:bsm-11-v2tpkf75
INFO:root:Found 1 OmicsProcessing records for biosample gold:Gb0192455
INFO:root:Added legacy omics processing ID to gold_sequencing_project_identifiers: gold:Gp0325955
INFO:root:Getting new ID for nmdc:OmicsProcessing gold:Gp0325955
INFO:root:Found new ID in identifiers_map: nmdc:omprc-11-htmtem46
INFO:root:Added new biosample ID to has_input: nmdc:bsm-11-v2tpkf75
INFO:root:Added new study ID to part_of: nmdc:sty-11-076c9980
INFO:root:Added legacy biosample ID to gold_biosample_identifiers: gold:Gb0192454
INFO:root:Getting new ID for nmdc:Biosample gold:Gb0192454
INFO:root:Found new ID in identifiers_map: nmdc:bsm-11-nntb2b19
INFO:root:Found 1 OmicsProcessing records for biosample gold:Gb0192454
INFO:root:Added legacy omics processing ID to gold_sequencing_project_identifiers: gold:Gp0325954
INFO:root:Getting new ID for nmdc:OmicsProcessing gold:Gp0325954
INFO:root:Found new ID in identifiers_map: nmdc:omprc-11-dk6txz53
INFO:root:Added new biosample ID to has_input: nmdc:bsm-11-nntb2b19
INFO:root:Added new study ID to part_of: nmdc:sty-11-076c9980
INFO:root:Added legacy biosample ID to gold_biosample_identifiers: gold:Gb0192458
INFO:root:Getting new ID for nmdc:Biosample gold:Gb0192458
INFO:root:Found new ID in identifiers_map: nmdc:bsm-11-be0a2j83
INFO:root:Found 1 OmicsProcessing records for biosample gold:Gb0192458
INFO:root:Added legacy omics processing ID to gold_sequencing_project_identifiers: gold:Gp0325958
INFO:root:Getting new ID for nmdc:OmicsProcessing gold:Gp0325958
INFO:root:Found new ID in identifiers_map: nmdc:omprc-11-vwb7as24
INFO:root:Added new biosample ID to has_input: nmdc:bsm-11-be0a2j83
INFO:root:Added new study ID to part_of: nmdc:sty-11-076c9980
INFO:root:Added legacy biosample ID to gold_biosample_identifiers: gold:Gb0192459
INFO:root:Getting new ID for nmdc:Biosample gold:Gb0192459
INFO:root:Found new ID in identifiers_map: nmdc:bsm-11-8b47yq58
INFO:root:Found 1 OmicsProcessing records for biosample gold:Gb0192459
INFO:root:Added legacy omics processing ID to gold_sequencing_project_identifiers: gold:Gp0325959
INFO:root:Getting new ID for nmdc:OmicsProcessing gold:Gp0325959
INFO:root:Found new ID in identifiers_map: nmdc:omprc-11-emdnt155
INFO:root:Added new biosample ID to has_input: nmdc:bsm-11-8b47yq58
INFO:root:Added new study ID to part_of: nmdc:sty-11-076c9980
INFO:root:Added legacy biosample ID to gold_biosample_identifiers: gold:Gb0192456
INFO:root:Getting new ID for nmdc:Biosample gold:Gb0192456
INFO:root:Found new ID in identifiers_map: nmdc:bsm-11-02x97z84
INFO:root:Found 1 OmicsProcessing records for biosample gold:Gb0192456
INFO:root:Added legacy omics processing ID to gold_sequencing_project_identifiers: gold:Gp0325956
INFO:root:Getting new ID for nmdc:OmicsProcessing gold:Gp0325956
INFO:root:Found new ID in identifiers_map: nmdc:omprc-11-e90rqy42
INFO:root:Added new biosample ID to has_input: nmdc:bsm-11-02x97z84
INFO:root:Added new study ID to part_of: nmdc:sty-11-076c9980
INFO:root:Added legacy biosample ID to gold_biosample_identifiers: gold:Gb0192460
INFO:root:Getting new ID for nmdc:Biosample gold:Gb0192460
INFO:root:Found new ID in identifiers_map: nmdc:bsm-11-cnp1bz57
INFO:root:Found 1 OmicsProcessing records for biosample gold:Gb0192460
INFO:root:Added legacy omics processing ID to gold_sequencing_project_identifiers: gold:Gp0325960
INFO:root:Getting new ID for nmdc:OmicsProcessing gold:Gp0325960
INFO:root:Found new ID in identifiers_map: nmdc:omprc-11-n5hmg641
INFO:root:Added new biosample ID to has_input: nmdc:bsm-11-cnp1bz57
INFO:root:Added new study ID to part_of: nmdc:sty-11-076c9980
INFO:root:Added legacy biosample ID to gold_biosample_identifiers: gold:Gb0192461
INFO:root:Getting new ID for nmdc:Biosample gold:Gb0192461
INFO:root:Found new ID in identifiers_map: nmdc:bsm-11-54rzej73
INFO:root:Found 1 OmicsProcessing records for biosample gold:Gb0192461
INFO:root:Added legacy omics processing ID to gold_sequencing_project_identifiers: gold:Gp0325961
INFO:root:Getting new ID for nmdc:OmicsProcessing gold:Gp0325961
INFO:root:Found new ID in identifiers_map: nmdc:omprc-11-ewna4w82
INFO:root:Added new biosample ID to has_input: nmdc:bsm-11-54rzej73
INFO:root:Added new study ID to part_of: nmdc:sty-11-076c9980
INFO:root:Added legacy biosample ID to gold_biosample_identifiers: gold:Gb0195838
INFO:root:Getting new ID for nmdc:Biosample gold:Gb0195838
INFO:root:Found new ID in identifiers_map: nmdc:bsm-11-44qchg93
INFO:root:Found 1 OmicsProcessing records for biosample gold:Gb0195838
INFO:root:Added legacy omics processing ID to gold_sequencing_project_identifiers: gold:Gp0344817
INFO:root:Getting new ID for nmdc:OmicsProcessing gold:Gp0344817
INFO:root:Found new ID in identifiers_map: nmdc:omprc-11-rw0rr724
INFO:root:Added new biosample ID to has_input: nmdc:bsm-11-44qchg93
INFO:root:Added new study ID to part_of: nmdc:sty-11-076c9980
INFO:root:Added legacy biosample ID to gold_biosample_identifiers: gold:Gb0195836
INFO:root:Getting new ID for nmdc:Biosample gold:Gb0195836
INFO:root:Found new ID in identifiers_map: nmdc:bsm-11-30160653
INFO:root:Found 1 OmicsProcessing records for biosample gold:Gb0195836
INFO:root:Added legacy omics processing ID to gold_sequencing_project_identifiers: gold:Gp0344815
INFO:root:Getting new ID for nmdc:OmicsProcessing gold:Gp0344815
INFO:root:Found new ID in identifiers_map: nmdc:omprc-11-gqbhbd17
INFO:root:Added new biosample ID to has_input: nmdc:bsm-11-30160653
INFO:root:Added new study ID to part_of: nmdc:sty-11-076c9980
INFO:root:Added legacy biosample ID to gold_biosample_identifiers: gold:Gb0195839
INFO:root:Getting new ID for nmdc:Biosample gold:Gb0195839
INFO:root:Found new ID in identifiers_map: nmdc:bsm-11-1rn3f820
INFO:root:Found 1 OmicsProcessing records for biosample gold:Gb0195839
INFO:root:Added legacy omics processing ID to gold_sequencing_project_identifiers: gold:Gp0344818
INFO:root:Getting new ID for nmdc:OmicsProcessing gold:Gp0344818
INFO:root:Found new ID in identifiers_map: nmdc:omprc-11-qd82qf88
INFO:root:Added new biosample ID to has_input: nmdc:bsm-11-1rn3f820
INFO:root:Added new study ID to part_of: nmdc:sty-11-076c9980
INFO:root:Added legacy biosample ID to gold_biosample_identifiers: gold:Gb0195837
INFO:root:Getting new ID for nmdc:Biosample gold:Gb0195837
INFO:root:Found new ID in identifiers_map: nmdc:bsm-11-y8mg6568
INFO:root:Found 1 OmicsProcessing records for biosample gold:Gb0195837
INFO:root:Added legacy omics processing ID to gold_sequencing_project_identifiers: gold:Gp0344816
INFO:root:Getting new ID for nmdc:OmicsProcessing gold:Gp0344816
INFO:root:Found new ID in identifiers_map: nmdc:omprc-11-1mc5dw93
INFO:root:Added new biosample ID to has_input: nmdc:bsm-11-y8mg6568
INFO:root:Added new study ID to part_of: nmdc:sty-11-076c9980
INFO:root:Added legacy biosample ID to gold_biosample_identifiers: gold:Gb0195841
INFO:root:Getting new ID for nmdc:Biosample gold:Gb0195841
INFO:root:Found new ID in identifiers_map: nmdc:bsm-11-ph506r31
INFO:root:Found 1 OmicsProcessing records for biosample gold:Gb0195841
INFO:root:Added legacy omics processing ID to gold_sequencing_project_identifiers: gold:Gp0344820
INFO:root:Getting new ID for nmdc:OmicsProcessing gold:Gp0344820
INFO:root:Found new ID in identifiers_map: nmdc:omprc-11-xny4k109
INFO:root:Added new biosample ID to has_input: nmdc:bsm-11-ph506r31
INFO:root:Added new study ID to part_of: nmdc:sty-11-076c9980
INFO:root:Added legacy biosample ID to gold_biosample_identifiers: gold:Gb0195840
INFO:root:Getting new ID for nmdc:Biosample gold:Gb0195840
INFO:root:Found new ID in identifiers_map: nmdc:bsm-11-s4dk4520
INFO:root:Found 1 OmicsProcessing records for biosample gold:Gb0195840
INFO:root:Added legacy omics processing ID to gold_sequencing_project_identifiers: gold:Gp0344819
INFO:root:Getting new ID for nmdc:OmicsProcessing gold:Gp0344819
INFO:root:Found new ID in identifiers_map: nmdc:omprc-11-r1z85q53
INFO:root:Added new biosample ID to has_input: nmdc:bsm-11-s4dk4520
INFO:root:Added new study ID to part_of: nmdc:sty-11-076c9980
INFO:root:Added legacy biosample ID to gold_biosample_identifiers: gold:Gb0195842
INFO:root:Getting new ID for nmdc:Biosample gold:Gb0195842
INFO:root:Found new ID in identifiers_map: nmdc:bsm-11-xcdaak61
INFO:root:Found 1 OmicsProcessing records for biosample gold:Gb0195842
INFO:root:Added legacy omics processing ID to gold_sequencing_project_identifiers: gold:Gp0344821
INFO:root:Getting new ID for nmdc:OmicsProcessing gold:Gp0344821
INFO:root:Found new ID in identifiers_map: nmdc:omprc-11-at96xx19
INFO:root:Added new biosample ID to has_input: nmdc:bsm-11-xcdaak61
INFO:root:Added new study ID to part_of: nmdc:sty-11-076c9980
INFO:root:Added legacy biosample ID to gold_biosample_identifiers: gold:Gb0195843
INFO:root:Getting new ID for nmdc:Biosample gold:Gb0195843
INFO:root:Found new ID in identifiers_map: nmdc:bsm-11-zshvq766
INFO:root:Found 1 OmicsProcessing records for biosample gold:Gb0195843
INFO:root:Added legacy omics processing ID to gold_sequencing_project_identifiers: gold:Gp0344822
INFO:root:Getting new ID for nmdc:OmicsProcessing gold:Gp0344822
INFO:root:Found new ID in identifiers_map: nmdc:omprc-11-0pccjr98
INFO:root:Added new biosample ID to has_input: nmdc:bsm-11-zshvq766
INFO:root:Added new study ID to part_of: nmdc:sty-11-076c9980
INFO:root:Added legacy biosample ID to gold_biosample_identifiers: gold:Gb0192462
INFO:root:Getting new ID for nmdc:Biosample gold:Gb0192462
INFO:root:Found new ID in identifiers_map: nmdc:bsm-11-7dw1fh56
INFO:root:Found 1 OmicsProcessing records for biosample gold:Gb0192462
INFO:root:Added legacy omics processing ID to gold_sequencing_project_identifiers: gold:Gp0325962
INFO:root:Getting new ID for nmdc:OmicsProcessing gold:Gp0325962
INFO:root:Found new ID in identifiers_map: nmdc:omprc-11-p587sp76
INFO:root:Added new biosample ID to has_input: nmdc:bsm-11-7dw1fh56
INFO:root:Added new study ID to part_of: nmdc:sty-11-076c9980
INFO:root:Added legacy biosample ID to gold_biosample_identifiers: gold:Gb0195848
INFO:root:Getting new ID for nmdc:Biosample gold:Gb0195848
INFO:root:Found new ID in identifiers_map: nmdc:bsm-11-zvj2bf24
INFO:root:Found 1 OmicsProcessing records for biosample gold:Gb0195848
INFO:root:Added legacy omics processing ID to gold_sequencing_project_identifiers: gold:Gp0344827
INFO:root:Getting new ID for nmdc:OmicsProcessing gold:Gp0344827
INFO:root:Found new ID in identifiers_map: nmdc:omprc-11-32zb8d38
INFO:root:Added new biosample ID to has_input: nmdc:bsm-11-zvj2bf24
INFO:root:Added new study ID to part_of: nmdc:sty-11-076c9980
INFO:root:Added legacy biosample ID to gold_biosample_identifiers: gold:Gb0192457
INFO:root:Getting new ID for nmdc:Biosample gold:Gb0192457
INFO:root:Found new ID in identifiers_map: nmdc:bsm-11-y7xe1z37
INFO:root:Found 1 OmicsProcessing records for biosample gold:Gb0192457
INFO:root:Added legacy omics processing ID to gold_sequencing_project_identifiers: gold:Gp0325957
INFO:root:Getting new ID for nmdc:OmicsProcessing gold:Gp0325957
INFO:root:Found new ID in identifiers_map: nmdc:omprc-11-zwmr0755
INFO:root:Added new biosample ID to has_input: nmdc:bsm-11-y7xe1z37
INFO:root:Added new study ID to part_of: nmdc:sty-11-076c9980
INFO:root:Added legacy biosample ID to gold_biosample_identifiers: gold:Gb0195844
INFO:root:Getting new ID for nmdc:Biosample gold:Gb0195844
INFO:root:Found new ID in identifiers_map: nmdc:bsm-11-67sr4s18
INFO:root:Found 1 OmicsProcessing records for biosample gold:Gb0195844
INFO:root:Added legacy omics processing ID to gold_sequencing_project_identifiers: gold:Gp0344823
INFO:root:Getting new ID for nmdc:OmicsProcessing gold:Gp0344823
INFO:root:Found new ID in identifiers_map: nmdc:omprc-11-z32h3d70
INFO:root:Added new biosample ID to has_input: nmdc:bsm-11-67sr4s18
INFO:root:Added new study ID to part_of: nmdc:sty-11-076c9980
INFO:root:Added legacy biosample ID to gold_biosample_identifiers: gold:Gb0195850
INFO:root:Getting new ID for nmdc:Biosample gold:Gb0195850
INFO:root:Found new ID in identifiers_map: nmdc:bsm-11-asb16m86
INFO:root:Found 1 OmicsProcessing records for biosample gold:Gb0195850
INFO:root:Added legacy omics processing ID to gold_sequencing_project_identifiers: gold:Gp0344829
INFO:root:Getting new ID for nmdc:OmicsProcessing gold:Gp0344829
INFO:root:Found new ID in identifiers_map: nmdc:omprc-11-nd491r35
INFO:root:Added new biosample ID to has_input: nmdc:bsm-11-asb16m86
INFO:root:Added new study ID to part_of: nmdc:sty-11-076c9980
INFO:root:Added legacy biosample ID to gold_biosample_identifiers: gold:Gb0195845
INFO:root:Getting new ID for nmdc:Biosample gold:Gb0195845
INFO:root:Found new ID in identifiers_map: nmdc:bsm-11-3m5y7993
INFO:root:Found 1 OmicsProcessing records for biosample gold:Gb0195845
INFO:root:Added legacy omics processing ID to gold_sequencing_project_identifiers: gold:Gp0344824
INFO:root:Getting new ID for nmdc:OmicsProcessing gold:Gp0344824
INFO:root:Found new ID in identifiers_map: nmdc:omprc-11-mwkkwk58
INFO:root:Added new biosample ID to has_input: nmdc:bsm-11-3m5y7993
INFO:root:Added new study ID to part_of: nmdc:sty-11-076c9980
INFO:root:Added legacy biosample ID to gold_biosample_identifiers: gold:Gb0195846
INFO:root:Getting new ID for nmdc:Biosample gold:Gb0195846
INFO:root:Found new ID in identifiers_map: nmdc:bsm-11-v7ahvn18
INFO:root:Found 1 OmicsProcessing records for biosample gold:Gb0195846
INFO:root:Added legacy omics processing ID to gold_sequencing_project_identifiers: gold:Gp0344825
INFO:root:Getting new ID for nmdc:OmicsProcessing gold:Gp0344825
INFO:root:Found new ID in identifiers_map: nmdc:omprc-11-bbtpv161
INFO:root:Added new biosample ID to has_input: nmdc:bsm-11-v7ahvn18
INFO:root:Added new study ID to part_of: nmdc:sty-11-076c9980
INFO:root:Added legacy biosample ID to gold_biosample_identifiers: gold:Gb0195852
INFO:root:Getting new ID for nmdc:Biosample gold:Gb0195852
INFO:root:Found new ID in identifiers_map: nmdc:bsm-11-dxgvjt61
INFO:root:Found 1 OmicsProcessing records for biosample gold:Gb0195852
INFO:root:Added legacy omics processing ID to gold_sequencing_project_identifiers: gold:Gp0344831
INFO:root:Getting new ID for nmdc:OmicsProcessing gold:Gp0344831
INFO:root:Found new ID in identifiers_map: nmdc:omprc-11-zf551542
INFO:root:Added new biosample ID to has_input: nmdc:bsm-11-dxgvjt61
INFO:root:Added new study ID to part_of: nmdc:sty-11-076c9980
INFO:root:Added legacy biosample ID to gold_biosample_identifiers: gold:Gb0195847
INFO:root:Getting new ID for nmdc:Biosample gold:Gb0195847
INFO:root:Found new ID in identifiers_map: nmdc:bsm-11-7yk57y24
INFO:root:Found 1 OmicsProcessing records for biosample gold:Gb0195847
INFO:root:Added legacy omics processing ID to gold_sequencing_project_identifiers: gold:Gp0344826
INFO:root:Getting new ID for nmdc:OmicsProcessing gold:Gp0344826
INFO:root:Found new ID in identifiers_map: nmdc:omprc-11-91vmga84
INFO:root:Added new biosample ID to has_input: nmdc:bsm-11-7yk57y24
INFO:root:Added new study ID to part_of: nmdc:sty-11-076c9980
INFO:root:Added legacy biosample ID to gold_biosample_identifiers: gold:Gb0195851
INFO:root:Getting new ID for nmdc:Biosample gold:Gb0195851
INFO:root:Found new ID in identifiers_map: nmdc:bsm-11-djwhcy84
INFO:root:Found 1 OmicsProcessing records for biosample gold:Gb0195851
INFO:root:Added legacy omics processing ID to gold_sequencing_project_identifiers: gold:Gp0344830
INFO:root:Getting new ID for nmdc:OmicsProcessing gold:Gp0344830
INFO:root:Found new ID in identifiers_map: nmdc:omprc-11-k3ype944
INFO:root:Added new biosample ID to has_input: nmdc:bsm-11-djwhcy84
INFO:root:Added new study ID to part_of: nmdc:sty-11-076c9980
INFO:root:Added legacy biosample ID to gold_biosample_identifiers: gold:Gb0195854
INFO:root:Getting new ID for nmdc:Biosample gold:Gb0195854
INFO:root:Found new ID in identifiers_map: nmdc:bsm-11-5aj0z466
INFO:root:Found 1 OmicsProcessing records for biosample gold:Gb0195854
INFO:root:Added legacy omics processing ID to gold_sequencing_project_identifiers: gold:Gp0344833
INFO:root:Getting new ID for nmdc:OmicsProcessing gold:Gp0344833
INFO:root:Found new ID in identifiers_map: nmdc:omprc-11-b7bvks82
INFO:root:Added new biosample ID to has_input: nmdc:bsm-11-5aj0z466
INFO:root:Added new study ID to part_of: nmdc:sty-11-076c9980
INFO:root:Added legacy biosample ID to gold_biosample_identifiers: gold:Gb0195853
INFO:root:Getting new ID for nmdc:Biosample gold:Gb0195853
INFO:root:Found new ID in identifiers_map: nmdc:bsm-11-b9xefn28
INFO:root:Found 1 OmicsProcessing records for biosample gold:Gb0195853
INFO:root:Added legacy omics processing ID to gold_sequencing_project_identifiers: gold:Gp0344832
INFO:root:Getting new ID for nmdc:OmicsProcessing gold:Gp0344832
INFO:root:Found new ID in identifiers_map: nmdc:omprc-11-9649km22
INFO:root:Added new biosample ID to has_input: nmdc:bsm-11-b9xefn28
INFO:root:Added new study ID to part_of: nmdc:sty-11-076c9980
INFO:root:Added legacy biosample ID to gold_biosample_identifiers: gold:Gb0195849
INFO:root:Getting new ID for nmdc:Biosample gold:Gb0195849
INFO:root:Found new ID in identifiers_map: nmdc:bsm-11-cg1kxx98
INFO:root:Found 1 OmicsProcessing records for biosample gold:Gb0195849
INFO:root:Added legacy omics processing ID to gold_sequencing_project_identifiers: gold:Gp0344828
INFO:root:Getting new ID for nmdc:OmicsProcessing gold:Gp0344828
INFO:root:Found new ID in identifiers_map: nmdc:omprc-11-rbkhbg25
INFO:root:Added new biosample ID to has_input: nmdc:bsm-11-cg1kxx98
INFO:root:Added new study ID to part_of: nmdc:sty-11-076c9980
INFO:root:Added legacy biosample ID to gold_biosample_identifiers: gold:Gb0195855
INFO:root:Getting new ID for nmdc:Biosample gold:Gb0195855
INFO:root:Found new ID in identifiers_map: nmdc:bsm-11-2npw1g23
INFO:root:Found 1 OmicsProcessing records for biosample gold:Gb0195855
INFO:root:Added legacy omics processing ID to gold_sequencing_project_identifiers: gold:Gp0344834
INFO:root:Getting new ID for nmdc:OmicsProcessing gold:Gp0344834
INFO:root:Found new ID in identifiers_map: nmdc:omprc-11-wmzpa354
INFO:root:Added new biosample ID to has_input: nmdc:bsm-11-2npw1g23
INFO:root:Added new study ID to part_of: nmdc:sty-11-076c9980
INFO:root:Added legacy biosample ID to gold_biosample_identifiers: gold:Gb0195857
INFO:root:Getting new ID for nmdc:Biosample gold:Gb0195857
INFO:root:Found new ID in identifiers_map: nmdc:bsm-11-e2bq8t48
INFO:root:Found 1 OmicsProcessing records for biosample gold:Gb0195857
INFO:root:Added legacy omics processing ID to gold_sequencing_project_identifiers: gold:Gp0344836
INFO:root:Getting new ID for nmdc:OmicsProcessing gold:Gp0344836
INFO:root:Found new ID in identifiers_map: nmdc:omprc-11-zakqg621
INFO:root:Added new biosample ID to has_input: nmdc:bsm-11-e2bq8t48
INFO:root:Added new study ID to part_of: nmdc:sty-11-076c9980
INFO:root:Added legacy biosample ID to gold_biosample_identifiers: gold:Gb0195856
INFO:root:Getting new ID for nmdc:Biosample gold:Gb0195856
INFO:root:Found new ID in identifiers_map: nmdc:bsm-11-v2g7cd24
INFO:root:Found 1 OmicsProcessing records for biosample gold:Gb0195856
INFO:root:Added legacy omics processing ID to gold_sequencing_project_identifiers: gold:Gp0344835
INFO:root:Getting new ID for nmdc:OmicsProcessing gold:Gp0344835
INFO:root:Found new ID in identifiers_map: nmdc:omprc-11-20eex470
INFO:root:Added new biosample ID to has_input: nmdc:bsm-11-v2g7cd24
INFO:root:Added new study ID to part_of: nmdc:sty-11-076c9980
INFO:root:Added legacy biosample ID to gold_biosample_identifiers: gold:Gb0195858
INFO:root:Getting new ID for nmdc:Biosample gold:Gb0195858
INFO:root:Found new ID in identifiers_map: nmdc:bsm-11-z7p0d098
INFO:root:Found 1 OmicsProcessing records for biosample gold:Gb0195858
INFO:root:Added legacy omics processing ID to gold_sequencing_project_identifiers: gold:Gp0344837
INFO:root:Getting new ID for nmdc:OmicsProcessing gold:Gp0344837
INFO:root:Found new ID in identifiers_map: nmdc:omprc-11-my9sm693
INFO:root:Added new biosample ID to has_input: nmdc:bsm-11-z7p0d098
INFO:root:Added new study ID to part_of: nmdc:sty-11-076c9980
INFO:root:Added legacy biosample ID to gold_biosample_identifiers: gold:Gb0195859
INFO:root:Getting new ID for nmdc:Biosample gold:Gb0195859
INFO:root:Found new ID in identifiers_map: nmdc:bsm-11-jqnrez63
INFO:root:Found 1 OmicsProcessing records for biosample gold:Gb0195859
INFO:root:Added legacy omics processing ID to gold_sequencing_project_identifiers: gold:Gp0344838
INFO:root:Getting new ID for nmdc:OmicsProcessing gold:Gp0344838
INFO:root:Found new ID in identifiers_map: nmdc:omprc-11-q2mk8a23
INFO:root:Added new biosample ID to has_input: nmdc:bsm-11-jqnrez63
INFO:root:Added new study ID to part_of: nmdc:sty-11-076c9980
INFO:root:Added legacy biosample ID to gold_biosample_identifiers: gold:Gb0195863
INFO:root:Getting new ID for nmdc:Biosample gold:Gb0195863
INFO:root:Found new ID in identifiers_map: nmdc:bsm-11-gxyy9806
INFO:root:Found 1 OmicsProcessing records for biosample gold:Gb0195863
INFO:root:Added legacy omics processing ID to gold_sequencing_project_identifiers: gold:Gp0344842
INFO:root:Getting new ID for nmdc:OmicsProcessing gold:Gp0344842
INFO:root:Found new ID in identifiers_map: nmdc:omprc-11-mdg6hf42
INFO:root:Added new biosample ID to has_input: nmdc:bsm-11-gxyy9806
INFO:root:Added new study ID to part_of: nmdc:sty-11-076c9980
INFO:root:Added legacy biosample ID to gold_biosample_identifiers: gold:Gb0195864
INFO:root:Getting new ID for nmdc:Biosample gold:Gb0195864
INFO:root:Found new ID in identifiers_map: nmdc:bsm-11-mfn0tw54
INFO:root:Found 1 OmicsProcessing records for biosample gold:Gb0195864
INFO:root:Added legacy omics processing ID to gold_sequencing_project_identifiers: gold:Gp0344843
INFO:root:Getting new ID for nmdc:OmicsProcessing gold:Gp0344843
INFO:root:Found new ID in identifiers_map: nmdc:omprc-11-rat79h96
INFO:root:Added new biosample ID to has_input: nmdc:bsm-11-mfn0tw54
INFO:root:Added new study ID to part_of: nmdc:sty-11-076c9980
INFO:root:Added legacy biosample ID to gold_biosample_identifiers: gold:Gb0195860
INFO:root:Getting new ID for nmdc:Biosample gold:Gb0195860
INFO:root:Found new ID in identifiers_map: nmdc:bsm-11-3a6fv767
INFO:root:Found 1 OmicsProcessing records for biosample gold:Gb0195860
INFO:root:Added legacy omics processing ID to gold_sequencing_project_identifiers: gold:Gp0344839
INFO:root:Getting new ID for nmdc:OmicsProcessing gold:Gp0344839
INFO:root:Found new ID in identifiers_map: nmdc:omprc-11-k5cy5x96
INFO:root:Added new biosample ID to has_input: nmdc:bsm-11-3a6fv767
INFO:root:Added new study ID to part_of: nmdc:sty-11-076c9980
INFO:root:Added legacy biosample ID to gold_biosample_identifiers: gold:Gb0195861
INFO:root:Getting new ID for nmdc:Biosample gold:Gb0195861
INFO:root:Found new ID in identifiers_map: nmdc:bsm-11-bw7qb106
INFO:root:Found 1 OmicsProcessing records for biosample gold:Gb0195861
INFO:root:Added legacy omics processing ID to gold_sequencing_project_identifiers: gold:Gp0344840
INFO:root:Getting new ID for nmdc:OmicsProcessing gold:Gp0344840
INFO:root:Found new ID in identifiers_map: nmdc:omprc-11-19zgat23
INFO:root:Added new biosample ID to has_input: nmdc:bsm-11-bw7qb106
INFO:root:Added new study ID to part_of: nmdc:sty-11-076c9980
INFO:root:Added legacy biosample ID to gold_biosample_identifiers: gold:Gb0195862
INFO:root:Getting new ID for nmdc:Biosample gold:Gb0195862
INFO:root:Found new ID in identifiers_map: nmdc:bsm-11-dcq9a530
INFO:root:Found 1 OmicsProcessing records for biosample gold:Gb0195862
INFO:root:Added legacy omics processing ID to gold_sequencing_project_identifiers: gold:Gp0344841
INFO:root:Getting new ID for nmdc:OmicsProcessing gold:Gp0344841
INFO:root:Found new ID in identifiers_map: nmdc:omprc-11-0hw85g62
INFO:root:Added new biosample ID to has_input: nmdc:bsm-11-dcq9a530
INFO:root:Added new study ID to part_of: nmdc:sty-11-076c9980
INFO:root:Added legacy biosample ID to gold_biosample_identifiers: gold:Gb0195865
INFO:root:Getting new ID for nmdc:Biosample gold:Gb0195865
INFO:root:Found new ID in identifiers_map: nmdc:bsm-11-v3yms260
INFO:root:Found 1 OmicsProcessing records for biosample gold:Gb0195865
INFO:root:Added legacy omics processing ID to gold_sequencing_project_identifiers: gold:Gp0344844
INFO:root:Getting new ID for nmdc:OmicsProcessing gold:Gp0344844
INFO:root:Found new ID in identifiers_map: nmdc:omprc-11-e5dwhb25
INFO:root:Added new biosample ID to has_input: nmdc:bsm-11-v3yms260
INFO:root:Added new study ID to part_of: nmdc:sty-11-076c9980
INFO:root:Added legacy biosample ID to gold_biosample_identifiers: gold:Gb0195866
INFO:root:Getting new ID for nmdc:Biosample gold:Gb0195866
INFO:root:Found new ID in identifiers_map: nmdc:bsm-11-a9890910
INFO:root:Found 1 OmicsProcessing records for biosample gold:Gb0195866
INFO:root:Added legacy omics processing ID to gold_sequencing_project_identifiers: gold:Gp0344845
INFO:root:Getting new ID for nmdc:OmicsProcessing gold:Gp0344845
INFO:root:Found new ID in identifiers_map: nmdc:omprc-11-d3xrax51
INFO:root:Added new biosample ID to has_input: nmdc:bsm-11-a9890910
INFO:root:Added new study ID to part_of: nmdc:sty-11-076c9980
INFO:root:Added legacy biosample ID to gold_biosample_identifiers: gold:Gb0195867
INFO:root:Getting new ID for nmdc:Biosample gold:Gb0195867
INFO:root:Found new ID in identifiers_map: nmdc:bsm-11-68nk8576
INFO:root:Found 1 OmicsProcessing records for biosample gold:Gb0195867
INFO:root:Added legacy omics processing ID to gold_sequencing_project_identifiers: gold:Gp0344846
INFO:root:Getting new ID for nmdc:OmicsProcessing gold:Gp0344846
INFO:root:Found new ID in identifiers_map: nmdc:omprc-11-khfs6j13
INFO:root:Added new biosample ID to has_input: nmdc:bsm-11-68nk8576
INFO:root:Added new study ID to part_of: nmdc:sty-11-076c9980
INFO:root:Added legacy biosample ID to gold_biosample_identifiers: gold:Gb0195869
INFO:root:Getting new ID for nmdc:Biosample gold:Gb0195869
INFO:root:Found new ID in identifiers_map: nmdc:bsm-11-pp7xvm40
INFO:root:Found 1 OmicsProcessing records for biosample gold:Gb0195869
INFO:root:Added legacy omics processing ID to gold_sequencing_project_identifiers: gold:Gp0344848
INFO:root:Getting new ID for nmdc:OmicsProcessing gold:Gp0344848
INFO:root:Found new ID in identifiers_map: nmdc:omprc-11-wrc6gd69
INFO:root:Added new biosample ID to has_input: nmdc:bsm-11-pp7xvm40
INFO:root:Added new study ID to part_of: nmdc:sty-11-076c9980
INFO:root:Added legacy biosample ID to gold_biosample_identifiers: gold:Gb0195870
INFO:root:Getting new ID for nmdc:Biosample gold:Gb0195870
INFO:root:Found new ID in identifiers_map: nmdc:bsm-11-0p3waw07
INFO:root:Found 1 OmicsProcessing records for biosample gold:Gb0195870
INFO:root:Added legacy omics processing ID to gold_sequencing_project_identifiers: gold:Gp0344849
INFO:root:Getting new ID for nmdc:OmicsProcessing gold:Gp0344849
INFO:root:Found new ID in identifiers_map: nmdc:omprc-11-pke6bt90
INFO:root:Added new biosample ID to has_input: nmdc:bsm-11-0p3waw07
INFO:root:Added new study ID to part_of: nmdc:sty-11-076c9980
INFO:root:Added legacy biosample ID to gold_biosample_identifiers: gold:Gb0195868
INFO:root:Getting new ID for nmdc:Biosample gold:Gb0195868
INFO:root:Found new ID in identifiers_map: nmdc:bsm-11-s10a8h22
INFO:root:Found 1 OmicsProcessing records for biosample gold:Gb0195868
INFO:root:Added legacy omics processing ID to gold_sequencing_project_identifiers: gold:Gp0344847
INFO:root:Getting new ID for nmdc:OmicsProcessing gold:Gp0344847
INFO:root:Found new ID in identifiers_map: nmdc:omprc-11-05he4t39
INFO:root:Added new biosample ID to has_input: nmdc:bsm-11-s10a8h22
INFO:root:Added new study ID to part_of: nmdc:sty-11-076c9980
INFO:root:Added legacy biosample ID to gold_biosample_identifiers: gold:Gb0195871
INFO:root:Getting new ID for nmdc:Biosample gold:Gb0195871
INFO:root:Found new ID in identifiers_map: nmdc:bsm-11-05m5kp37
INFO:root:Found 1 OmicsProcessing records for biosample gold:Gb0195871
INFO:root:Added legacy omics processing ID to gold_sequencing_project_identifiers: gold:Gp0344850
INFO:root:Getting new ID for nmdc:OmicsProcessing gold:Gp0344850
INFO:root:Found new ID in identifiers_map: nmdc:omprc-11-yvz6xe93
INFO:root:Added new biosample ID to has_input: nmdc:bsm-11-05m5kp37
INFO:root:Added new study ID to part_of: nmdc:sty-11-076c9980
INFO:root:Added legacy biosample ID to gold_biosample_identifiers: gold:Gb0195875
INFO:root:Getting new ID for nmdc:Biosample gold:Gb0195875
INFO:root:Found new ID in identifiers_map: nmdc:bsm-11-0xs3cz68
INFO:root:Found 1 OmicsProcessing records for biosample gold:Gb0195875
INFO:root:Added legacy omics processing ID to gold_sequencing_project_identifiers: gold:Gp0344855
INFO:root:Getting new ID for nmdc:OmicsProcessing gold:Gp0344855
INFO:root:Found new ID in identifiers_map: nmdc:omprc-11-8ceve109
INFO:root:Added new biosample ID to has_input: nmdc:bsm-11-0xs3cz68
INFO:root:Added new study ID to part_of: nmdc:sty-11-076c9980
INFO:root:Added legacy biosample ID to gold_biosample_identifiers: gold:Gb0195873
INFO:root:Getting new ID for nmdc:Biosample gold:Gb0195873
INFO:root:Found new ID in identifiers_map: nmdc:bsm-11-jpqqa343
INFO:root:Found 1 OmicsProcessing records for biosample gold:Gb0195873
INFO:root:Added legacy omics processing ID to gold_sequencing_project_identifiers: gold:Gp0344853
INFO:root:Getting new ID for nmdc:OmicsProcessing gold:Gp0344853
INFO:root:Found new ID in identifiers_map: nmdc:omprc-11-54b81z38
INFO:root:Added new biosample ID to has_input: nmdc:bsm-11-jpqqa343
INFO:root:Added new study ID to part_of: nmdc:sty-11-076c9980
INFO:root:Added legacy biosample ID to gold_biosample_identifiers: gold:Gb0195872
INFO:root:Getting new ID for nmdc:Biosample gold:Gb0195872
INFO:root:Found new ID in identifiers_map: nmdc:bsm-11-en87qp29
INFO:root:Found 1 OmicsProcessing records for biosample gold:Gb0195872
INFO:root:Added legacy omics processing ID to gold_sequencing_project_identifiers: gold:Gp0344851
INFO:root:Getting new ID for nmdc:OmicsProcessing gold:Gp0344851
INFO:root:Found new ID in identifiers_map: nmdc:omprc-11-p9fzw928
INFO:root:Added new biosample ID to has_input: nmdc:bsm-11-en87qp29
INFO:root:Added new study ID to part_of: nmdc:sty-11-076c9980
INFO:root:Added legacy biosample ID to gold_biosample_identifiers: gold:Gb0195876
INFO:root:Getting new ID for nmdc:Biosample gold:Gb0195876
INFO:root:Found new ID in identifiers_map: nmdc:bsm-11-h3434947
INFO:root:Found 1 OmicsProcessing records for biosample gold:Gb0195876
INFO:root:Added legacy omics processing ID to gold_sequencing_project_identifiers: gold:Gp0344856
INFO:root:Getting new ID for nmdc:OmicsProcessing gold:Gp0344856
INFO:root:Found new ID in identifiers_map: nmdc:omprc-11-2sv5a415
INFO:root:Added new biosample ID to has_input: nmdc:bsm-11-h3434947
INFO:root:Added new study ID to part_of: nmdc:sty-11-076c9980
INFO:root:Added legacy biosample ID to gold_biosample_identifiers: gold:Gb0195874
INFO:root:Getting new ID for nmdc:Biosample gold:Gb0195874
INFO:root:Found new ID in identifiers_map: nmdc:bsm-11-2pdqgg53
INFO:root:Found 1 OmicsProcessing records for biosample gold:Gb0195874
INFO:root:Added legacy omics processing ID to gold_sequencing_project_identifiers: gold:Gp0344854
INFO:root:Getting new ID for nmdc:OmicsProcessing gold:Gp0344854
INFO:root:Found new ID in identifiers_map: nmdc:omprc-11-4gw22g06
INFO:root:Added new biosample ID to has_input: nmdc:bsm-11-2pdqgg53
INFO:root:Added new study ID to part_of: nmdc:sty-11-076c9980
INFO:root:Added legacy biosample ID to gold_biosample_identifiers: gold:Gb0195878
INFO:root:Getting new ID for nmdc:Biosample gold:Gb0195878
INFO:root:Found new ID in identifiers_map: nmdc:bsm-11-pzezjj26
INFO:root:Found 1 OmicsProcessing records for biosample gold:Gb0195878
INFO:root:Added legacy omics processing ID to gold_sequencing_project_identifiers: gold:Gp0344858
INFO:root:Getting new ID for nmdc:OmicsProcessing gold:Gp0344858
INFO:root:Found new ID in identifiers_map: nmdc:omprc-11-4hg1hd11
INFO:root:Added new biosample ID to has_input: nmdc:bsm-11-pzezjj26
INFO:root:Added new study ID to part_of: nmdc:sty-11-076c9980
INFO:root:Added legacy biosample ID to gold_biosample_identifiers: gold:Gb0195877
INFO:root:Getting new ID for nmdc:Biosample gold:Gb0195877
INFO:root:Found new ID in identifiers_map: nmdc:bsm-11-957njq91
INFO:root:Found 1 OmicsProcessing records for biosample gold:Gb0195877
INFO:root:Added legacy omics processing ID to gold_sequencing_project_identifiers: gold:Gp0344857
INFO:root:Getting new ID for nmdc:OmicsProcessing gold:Gp0344857
INFO:root:Found new ID in identifiers_map: nmdc:omprc-11-8bawbk77
INFO:root:Added new biosample ID to has_input: nmdc:bsm-11-957njq91
INFO:root:Added new study ID to part_of: nmdc:sty-11-076c9980
INFO:root:Added legacy biosample ID to gold_biosample_identifiers: gold:Gb0195881
INFO:root:Getting new ID for nmdc:Biosample gold:Gb0195881
INFO:root:Found new ID in identifiers_map: nmdc:bsm-11-szyy9j91
INFO:root:Found 1 OmicsProcessing records for biosample gold:Gb0195881
INFO:root:Added legacy omics processing ID to gold_sequencing_project_identifiers: gold:Gp0344861
INFO:root:Getting new ID for nmdc:OmicsProcessing gold:Gp0344861
INFO:root:Found new ID in identifiers_map: nmdc:omprc-11-24aket55
INFO:root:Added new biosample ID to has_input: nmdc:bsm-11-szyy9j91
INFO:root:Added new study ID to part_of: nmdc:sty-11-076c9980
INFO:root:Added legacy biosample ID to gold_biosample_identifiers: gold:Gb0195879
INFO:root:Getting new ID for nmdc:Biosample gold:Gb0195879
INFO:root:Found new ID in identifiers_map: nmdc:bsm-11-vk5d5609
INFO:root:Found 1 OmicsProcessing records for biosample gold:Gb0195879
INFO:root:Added legacy omics processing ID to gold_sequencing_project_identifiers: gold:Gp0344859
INFO:root:Getting new ID for nmdc:OmicsProcessing gold:Gp0344859
INFO:root:Found new ID in identifiers_map: nmdc:omprc-11-1nrt5b80
INFO:root:Added new biosample ID to has_input: nmdc:bsm-11-vk5d5609
INFO:root:Added new study ID to part_of: nmdc:sty-11-076c9980
INFO:root:Added legacy biosample ID to gold_biosample_identifiers: gold:Gb0195882
INFO:root:Getting new ID for nmdc:Biosample gold:Gb0195882
INFO:root:Found new ID in identifiers_map: nmdc:bsm-11-wgm2gc35
INFO:root:Found 1 OmicsProcessing records for biosample gold:Gb0195882
INFO:root:Added legacy omics processing ID to gold_sequencing_project_identifiers: gold:Gp0344862
INFO:root:Getting new ID for nmdc:OmicsProcessing gold:Gp0344862
INFO:root:Found new ID in identifiers_map: nmdc:omprc-11-jbwc5g18
INFO:root:Added new biosample ID to has_input: nmdc:bsm-11-wgm2gc35
INFO:root:Added new study ID to part_of: nmdc:sty-11-076c9980
INFO:root:Added legacy biosample ID to gold_biosample_identifiers: gold:Gb0195880
INFO:root:Getting new ID for nmdc:Biosample gold:Gb0195880
INFO:root:Found new ID in identifiers_map: nmdc:bsm-11-kzmqz337
INFO:root:Found 1 OmicsProcessing records for biosample gold:Gb0195880
INFO:root:Added legacy omics processing ID to gold_sequencing_project_identifiers: gold:Gp0344860
INFO:root:Getting new ID for nmdc:OmicsProcessing gold:Gp0344860
INFO:root:Found new ID in identifiers_map: nmdc:omprc-11-q54tec08
INFO:root:Added new biosample ID to has_input: nmdc:bsm-11-kzmqz337
INFO:root:Added new study ID to part_of: nmdc:sty-11-076c9980
INFO:root:Added legacy biosample ID to gold_biosample_identifiers: gold:Gb0195884
INFO:root:Getting new ID for nmdc:Biosample gold:Gb0195884
INFO:root:Found new ID in identifiers_map: nmdc:bsm-11-95x0ph47
INFO:root:Found 1 OmicsProcessing records for biosample gold:Gb0195884
INFO:root:Added legacy omics processing ID to gold_sequencing_project_identifiers: gold:Gp0344864
INFO:root:Getting new ID for nmdc:OmicsProcessing gold:Gp0344864
INFO:root:Found new ID in identifiers_map: nmdc:omprc-11-bnk1qk34
INFO:root:Added new biosample ID to has_input: nmdc:bsm-11-95x0ph47
INFO:root:Added new study ID to part_of: nmdc:sty-11-076c9980
INFO:root:Added legacy biosample ID to gold_biosample_identifiers: gold:Gb0195888
INFO:root:Getting new ID for nmdc:Biosample gold:Gb0195888
INFO:root:Found new ID in identifiers_map: nmdc:bsm-11-9n514080
INFO:root:Found 1 OmicsProcessing records for biosample gold:Gb0195888
INFO:root:Added legacy omics processing ID to gold_sequencing_project_identifiers: gold:Gp0344868
INFO:root:Getting new ID for nmdc:OmicsProcessing gold:Gp0344868
INFO:root:Found new ID in identifiers_map: nmdc:omprc-11-m353bh05
INFO:root:Added new biosample ID to has_input: nmdc:bsm-11-9n514080
INFO:root:Added new study ID to part_of: nmdc:sty-11-076c9980
INFO:root:Added legacy biosample ID to gold_biosample_identifiers: gold:Gb0195887
INFO:root:Getting new ID for nmdc:Biosample gold:Gb0195887
INFO:root:Found new ID in identifiers_map: nmdc:bsm-11-mq7ehd26
INFO:root:Found 1 OmicsProcessing records for biosample gold:Gb0195887
INFO:root:Added legacy omics processing ID to gold_sequencing_project_identifiers: gold:Gp0344867
INFO:root:Getting new ID for nmdc:OmicsProcessing gold:Gp0344867
INFO:root:Found new ID in identifiers_map: nmdc:omprc-11-ms5c6234
INFO:root:Added new biosample ID to has_input: nmdc:bsm-11-mq7ehd26
INFO:root:Added new study ID to part_of: nmdc:sty-11-076c9980
INFO:root:Added legacy biosample ID to gold_biosample_identifiers: gold:Gb0195885
INFO:root:Getting new ID for nmdc:Biosample gold:Gb0195885
INFO:root:Found new ID in identifiers_map: nmdc:bsm-11-x02hcv79
INFO:root:Found 1 OmicsProcessing records for biosample gold:Gb0195885
INFO:root:Added legacy omics processing ID to gold_sequencing_project_identifiers: gold:Gp0344865
INFO:root:Getting new ID for nmdc:OmicsProcessing gold:Gp0344865
INFO:root:Found new ID in identifiers_map: nmdc:omprc-11-5vt7bd78
INFO:root:Added new biosample ID to has_input: nmdc:bsm-11-x02hcv79
INFO:root:Added new study ID to part_of: nmdc:sty-11-076c9980
INFO:root:Added legacy biosample ID to gold_biosample_identifiers: gold:Gb0195890
INFO:root:Getting new ID for nmdc:Biosample gold:Gb0195890
INFO:root:Found new ID in identifiers_map: nmdc:bsm-11-a57zjt20
INFO:root:Found 1 OmicsProcessing records for biosample gold:Gb0195890
INFO:root:Added legacy omics processing ID to gold_sequencing_project_identifiers: gold:Gp0344870
INFO:root:Getting new ID for nmdc:OmicsProcessing gold:Gp0344870
INFO:root:Found new ID in identifiers_map: nmdc:omprc-11-f5w4hr34
INFO:root:Added new biosample ID to has_input: nmdc:bsm-11-a57zjt20
INFO:root:Added new study ID to part_of: nmdc:sty-11-076c9980
INFO:root:Added legacy biosample ID to gold_biosample_identifiers: gold:Gb0195886
INFO:root:Getting new ID for nmdc:Biosample gold:Gb0195886
INFO:root:Found new ID in identifiers_map: nmdc:bsm-11-ce456m46
INFO:root:Found 1 OmicsProcessing records for biosample gold:Gb0195886
INFO:root:Added legacy omics processing ID to gold_sequencing_project_identifiers: gold:Gp0344866
INFO:root:Getting new ID for nmdc:OmicsProcessing gold:Gp0344866
INFO:root:Found new ID in identifiers_map: nmdc:omprc-11-4a5t7857
INFO:root:Added new biosample ID to has_input: nmdc:bsm-11-ce456m46
INFO:root:Added new study ID to part_of: nmdc:sty-11-076c9980
INFO:root:Added legacy biosample ID to gold_biosample_identifiers: gold:Gb0195891
INFO:root:Getting new ID for nmdc:Biosample gold:Gb0195891
INFO:root:Found new ID in identifiers_map: nmdc:bsm-11-xrhyqf47
INFO:root:Found 1 OmicsProcessing records for biosample gold:Gb0195891
INFO:root:Added legacy omics processing ID to gold_sequencing_project_identifiers: gold:Gp0344871
INFO:root:Getting new ID for nmdc:OmicsProcessing gold:Gp0344871
INFO:root:Found new ID in identifiers_map: nmdc:omprc-11-r3nv1v69
INFO:root:Added new biosample ID to has_input: nmdc:bsm-11-xrhyqf47
INFO:root:Added new study ID to part_of: nmdc:sty-11-076c9980
INFO:root:Added legacy biosample ID to gold_biosample_identifiers: gold:Gb0195889
INFO:root:Getting new ID for nmdc:Biosample gold:Gb0195889
INFO:root:Found new ID in identifiers_map: nmdc:bsm-11-pn4k7a71
INFO:root:Found 1 OmicsProcessing records for biosample gold:Gb0195889
INFO:root:Added legacy omics processing ID to gold_sequencing_project_identifiers: gold:Gp0344869
INFO:root:Getting new ID for nmdc:OmicsProcessing gold:Gp0344869
INFO:root:Found new ID in identifiers_map: nmdc:omprc-11-k9z68s06
INFO:root:Added new biosample ID to has_input: nmdc:bsm-11-pn4k7a71
INFO:root:Added new study ID to part_of: nmdc:sty-11-076c9980
INFO:root:Added legacy biosample ID to gold_biosample_identifiers: gold:Gb0195892
INFO:root:Getting new ID for nmdc:Biosample gold:Gb0195892
INFO:root:Found new ID in identifiers_map: nmdc:bsm-11-f6tpj848
INFO:root:Found 1 OmicsProcessing records for biosample gold:Gb0195892
INFO:root:Added legacy omics processing ID to gold_sequencing_project_identifiers: gold:Gp0344872
INFO:root:Getting new ID for nmdc:OmicsProcessing gold:Gp0344872
INFO:root:Found new ID in identifiers_map: nmdc:omprc-11-xekagw37
INFO:root:Added new biosample ID to has_input: nmdc:bsm-11-f6tpj848
INFO:root:Added new study ID to part_of: nmdc:sty-11-076c9980
INFO:root:Added legacy biosample ID to gold_biosample_identifiers: gold:Gb0195902
INFO:root:Getting new ID for nmdc:Biosample gold:Gb0195902
INFO:root:Found new ID in identifiers_map: nmdc:bsm-11-6tgze178
INFO:root:Found 1 OmicsProcessing records for biosample gold:Gb0195902
INFO:root:Added legacy omics processing ID to gold_sequencing_project_identifiers: gold:Gp0344882
INFO:root:Getting new ID for nmdc:OmicsProcessing gold:Gp0344882
INFO:root:Found new ID in identifiers_map: nmdc:omprc-11-7vmjtx85
INFO:root:Added new biosample ID to has_input: nmdc:bsm-11-6tgze178
INFO:root:Added new study ID to part_of: nmdc:sty-11-076c9980
INFO:root:Added legacy biosample ID to gold_biosample_identifiers: gold:Gb0195903
INFO:root:Getting new ID for nmdc:Biosample gold:Gb0195903
INFO:root:Found new ID in identifiers_map: nmdc:bsm-11-h131y406
INFO:root:Found 1 OmicsProcessing records for biosample gold:Gb0195903
INFO:root:Added legacy omics processing ID to gold_sequencing_project_identifiers: gold:Gp0344883
INFO:root:Getting new ID for nmdc:OmicsProcessing gold:Gp0344883
INFO:root:Found new ID in identifiers_map: nmdc:omprc-11-2e3pne24
INFO:root:Added new biosample ID to has_input: nmdc:bsm-11-h131y406
INFO:root:Added new study ID to part_of: nmdc:sty-11-076c9980
INFO:root:Added legacy biosample ID to gold_biosample_identifiers: gold:Gb0195904
INFO:root:Getting new ID for nmdc:Biosample gold:Gb0195904
INFO:root:Found new ID in identifiers_map: nmdc:bsm-11-xytt5x43
INFO:root:Found 1 OmicsProcessing records for biosample gold:Gb0195904
INFO:root:Added legacy omics processing ID to gold_sequencing_project_identifiers: gold:Gp0344884
INFO:root:Getting new ID for nmdc:OmicsProcessing gold:Gp0344884
INFO:root:Found new ID in identifiers_map: nmdc:omprc-11-dwjptm53
INFO:root:Added new biosample ID to has_input: nmdc:bsm-11-xytt5x43
INFO:root:Added new study ID to part_of: nmdc:sty-11-076c9980
INFO:root:Added legacy biosample ID to gold_biosample_identifiers: gold:Gb0195900
INFO:root:Getting new ID for nmdc:Biosample gold:Gb0195900
INFO:root:Found new ID in identifiers_map: nmdc:bsm-11-ce0k8x59
INFO:root:Found 1 OmicsProcessing records for biosample gold:Gb0195900
INFO:root:Added legacy omics processing ID to gold_sequencing_project_identifiers: gold:Gp0344880
INFO:root:Getting new ID for nmdc:OmicsProcessing gold:Gp0344880
INFO:root:Found new ID in identifiers_map: nmdc:omprc-11-pjff1712
INFO:root:Added new biosample ID to has_input: nmdc:bsm-11-ce0k8x59
INFO:root:Added new study ID to part_of: nmdc:sty-11-076c9980
INFO:root:Added legacy biosample ID to gold_biosample_identifiers: gold:Gb0195906
INFO:root:Getting new ID for nmdc:Biosample gold:Gb0195906
INFO:root:Found new ID in identifiers_map: nmdc:bsm-11-7xmfgy37
INFO:root:Found 1 OmicsProcessing records for biosample gold:Gb0195906
INFO:root:Added legacy omics processing ID to gold_sequencing_project_identifiers: gold:Gp0344886
INFO:root:Getting new ID for nmdc:OmicsProcessing gold:Gp0344886
INFO:root:Found new ID in identifiers_map: nmdc:omprc-11-qn4rtq23
INFO:root:Added new biosample ID to has_input: nmdc:bsm-11-7xmfgy37
INFO:root:Added new study ID to part_of: nmdc:sty-11-076c9980
INFO:root:Added legacy biosample ID to gold_biosample_identifiers: gold:Gb0195901
INFO:root:Getting new ID for nmdc:Biosample gold:Gb0195901
INFO:root:Found new ID in identifiers_map: nmdc:bsm-11-e6zvzn58
INFO:root:Found 1 OmicsProcessing records for biosample gold:Gb0195901
INFO:root:Added legacy omics processing ID to gold_sequencing_project_identifiers: gold:Gp0344881
INFO:root:Getting new ID for nmdc:OmicsProcessing gold:Gp0344881
INFO:root:Found new ID in identifiers_map: nmdc:omprc-11-rpm3b257
INFO:root:Added new biosample ID to has_input: nmdc:bsm-11-e6zvzn58
INFO:root:Added new study ID to part_of: nmdc:sty-11-076c9980
INFO:root:Added legacy biosample ID to gold_biosample_identifiers: gold:Gb0195905
INFO:root:Getting new ID for nmdc:Biosample gold:Gb0195905
INFO:root:Found new ID in identifiers_map: nmdc:bsm-11-z6mynx16
INFO:root:Found 1 OmicsProcessing records for biosample gold:Gb0195905
INFO:root:Added legacy omics processing ID to gold_sequencing_project_identifiers: gold:Gp0344885
INFO:root:Getting new ID for nmdc:OmicsProcessing gold:Gp0344885
INFO:root:Found new ID in identifiers_map: nmdc:omprc-11-3ardd497
INFO:root:Added new biosample ID to has_input: nmdc:bsm-11-z6mynx16
INFO:root:Added new study ID to part_of: nmdc:sty-11-076c9980
INFO:root:Added legacy biosample ID to gold_biosample_identifiers: gold:Gb0195910
INFO:root:Getting new ID for nmdc:Biosample gold:Gb0195910
INFO:root:Found new ID in identifiers_map: nmdc:bsm-11-1ze4mb29
INFO:root:Found 1 OmicsProcessing records for biosample gold:Gb0195910
INFO:root:Added legacy omics processing ID to gold_sequencing_project_identifiers: gold:Gp0344890
INFO:root:Getting new ID for nmdc:OmicsProcessing gold:Gp0344890
INFO:root:Found new ID in identifiers_map: nmdc:omprc-11-0vf05524
INFO:root:Added new biosample ID to has_input: nmdc:bsm-11-1ze4mb29
INFO:root:Added new study ID to part_of: nmdc:sty-11-076c9980
INFO:root:Added legacy biosample ID to gold_biosample_identifiers: gold:Gb0195909
INFO:root:Getting new ID for nmdc:Biosample gold:Gb0195909
INFO:root:Found new ID in identifiers_map: nmdc:bsm-11-6a20rt08
INFO:root:Found 1 OmicsProcessing records for biosample gold:Gb0195909
INFO:root:Added legacy omics processing ID to gold_sequencing_project_identifiers: gold:Gp0344889
INFO:root:Getting new ID for nmdc:OmicsProcessing gold:Gp0344889
INFO:root:Found new ID in identifiers_map: nmdc:omprc-11-f9kgjv46
INFO:root:Added new biosample ID to has_input: nmdc:bsm-11-6a20rt08
INFO:root:Added new study ID to part_of: nmdc:sty-11-076c9980
INFO:root:Added legacy biosample ID to gold_biosample_identifiers: gold:Gb0195908
INFO:root:Getting new ID for nmdc:Biosample gold:Gb0195908
INFO:root:Found new ID in identifiers_map: nmdc:bsm-11-m1vpz356
INFO:root:Found 1 OmicsProcessing records for biosample gold:Gb0195908
INFO:root:Added legacy omics processing ID to gold_sequencing_project_identifiers: gold:Gp0344888
INFO:root:Getting new ID for nmdc:OmicsProcessing gold:Gp0344888
INFO:root:Found new ID in identifiers_map: nmdc:omprc-11-vx26jb23
INFO:root:Added new biosample ID to has_input: nmdc:bsm-11-m1vpz356
INFO:root:Added new study ID to part_of: nmdc:sty-11-076c9980
INFO:root:Added legacy biosample ID to gold_biosample_identifiers: gold:Gb0195912
INFO:root:Getting new ID for nmdc:Biosample gold:Gb0195912
INFO:root:Found new ID in identifiers_map: nmdc:bsm-11-0dvkcy09
INFO:root:Found 1 OmicsProcessing records for biosample gold:Gb0195912
INFO:root:Added legacy omics processing ID to gold_sequencing_project_identifiers: gold:Gp0344892
INFO:root:Getting new ID for nmdc:OmicsProcessing gold:Gp0344892
INFO:root:Found new ID in identifiers_map: nmdc:omprc-11-mebjse52
INFO:root:Added new biosample ID to has_input: nmdc:bsm-11-0dvkcy09
INFO:root:Added new study ID to part_of: nmdc:sty-11-076c9980
INFO:root:Added legacy biosample ID to gold_biosample_identifiers: gold:Gb0195907
INFO:root:Getting new ID for nmdc:Biosample gold:Gb0195907
INFO:root:Found new ID in identifiers_map: nmdc:bsm-11-92cr2g31
INFO:root:Found 1 OmicsProcessing records for biosample gold:Gb0195907
INFO:root:Added legacy omics processing ID to gold_sequencing_project_identifiers: gold:Gp0344887
INFO:root:Getting new ID for nmdc:OmicsProcessing gold:Gp0344887
INFO:root:Found new ID in identifiers_map: nmdc:omprc-11-a783tq32
INFO:root:Added new biosample ID to has_input: nmdc:bsm-11-92cr2g31
INFO:root:Added new study ID to part_of: nmdc:sty-11-076c9980
INFO:root:Added legacy biosample ID to gold_biosample_identifiers: gold:Gb0195911
INFO:root:Getting new ID for nmdc:Biosample gold:Gb0195911
INFO:root:Found new ID in identifiers_map: nmdc:bsm-11-4jp9g708
INFO:root:Found 1 OmicsProcessing records for biosample gold:Gb0195911
INFO:root:Added legacy omics processing ID to gold_sequencing_project_identifiers: gold:Gp0344891
INFO:root:Getting new ID for nmdc:OmicsProcessing gold:Gp0344891
INFO:root:Found new ID in identifiers_map: nmdc:omprc-11-9cdxha98
INFO:root:Added new biosample ID to has_input: nmdc:bsm-11-4jp9g708
INFO:root:Added new study ID to part_of: nmdc:sty-11-076c9980
INFO:root:Added legacy biosample ID to gold_biosample_identifiers: gold:Gb0195914
INFO:root:Getting new ID for nmdc:Biosample gold:Gb0195914
INFO:root:Found new ID in identifiers_map: nmdc:bsm-11-p6mjjm87
INFO:root:Found 1 OmicsProcessing records for biosample gold:Gb0195914
INFO:root:Added legacy omics processing ID to gold_sequencing_project_identifiers: gold:Gp0344894
INFO:root:Getting new ID for nmdc:OmicsProcessing gold:Gp0344894
INFO:root:Found new ID in identifiers_map: nmdc:omprc-11-tmz1s073
INFO:root:Added new biosample ID to has_input: nmdc:bsm-11-p6mjjm87
INFO:root:Added new study ID to part_of: nmdc:sty-11-076c9980
INFO:root:Added legacy biosample ID to gold_biosample_identifiers: gold:Gb0195916
INFO:root:Getting new ID for nmdc:Biosample gold:Gb0195916
INFO:root:Found new ID in identifiers_map: nmdc:bsm-11-9qr9ap05
INFO:root:Found 1 OmicsProcessing records for biosample gold:Gb0195916
INFO:root:Added legacy omics processing ID to gold_sequencing_project_identifiers: gold:Gp0344896
INFO:root:Getting new ID for nmdc:OmicsProcessing gold:Gp0344896
INFO:root:Found new ID in identifiers_map: nmdc:omprc-11-7tv84614
INFO:root:Added new biosample ID to has_input: nmdc:bsm-11-9qr9ap05
INFO:root:Added new study ID to part_of: nmdc:sty-11-076c9980
INFO:root:Added legacy biosample ID to gold_biosample_identifiers: gold:Gb0195915
INFO:root:Getting new ID for nmdc:Biosample gold:Gb0195915
INFO:root:Found new ID in identifiers_map: nmdc:bsm-11-d3pceb26
INFO:root:Found 1 OmicsProcessing records for biosample gold:Gb0195915
INFO:root:Added legacy omics processing ID to gold_sequencing_project_identifiers: gold:Gp0344895
INFO:root:Getting new ID for nmdc:OmicsProcessing gold:Gp0344895
INFO:root:Found new ID in identifiers_map: nmdc:omprc-11-c32fkr69
INFO:root:Added new biosample ID to has_input: nmdc:bsm-11-d3pceb26
INFO:root:Added new study ID to part_of: nmdc:sty-11-076c9980
INFO:root:Added legacy biosample ID to gold_biosample_identifiers: gold:Gb0195919
INFO:root:Getting new ID for nmdc:Biosample gold:Gb0195919
INFO:root:Found new ID in identifiers_map: nmdc:bsm-11-6mrqvx97
INFO:root:Found 1 OmicsProcessing records for biosample gold:Gb0195919
INFO:root:Added legacy omics processing ID to gold_sequencing_project_identifiers: gold:Gp0344899
INFO:root:Getting new ID for nmdc:OmicsProcessing gold:Gp0344899
INFO:root:Found new ID in identifiers_map: nmdc:omprc-11-tb28vk02
INFO:root:Added new biosample ID to has_input: nmdc:bsm-11-6mrqvx97
INFO:root:Added new study ID to part_of: nmdc:sty-11-076c9980
INFO:root:Added legacy biosample ID to gold_biosample_identifiers: gold:Gb0195913
INFO:root:Getting new ID for nmdc:Biosample gold:Gb0195913
INFO:root:Found new ID in identifiers_map: nmdc:bsm-11-4zj9gc28
INFO:root:Found 1 OmicsProcessing records for biosample gold:Gb0195913
INFO:root:Added legacy omics processing ID to gold_sequencing_project_identifiers: gold:Gp0344893
INFO:root:Getting new ID for nmdc:OmicsProcessing gold:Gp0344893
INFO:root:Found new ID in identifiers_map: nmdc:omprc-11-h449t464
INFO:root:Added new biosample ID to has_input: nmdc:bsm-11-4zj9gc28
INFO:root:Added new study ID to part_of: nmdc:sty-11-076c9980
INFO:root:Added legacy biosample ID to gold_biosample_identifiers: gold:Gb0195918
INFO:root:Getting new ID for nmdc:Biosample gold:Gb0195918
INFO:root:Found new ID in identifiers_map: nmdc:bsm-11-xk49fy68
INFO:root:Found 1 OmicsProcessing records for biosample gold:Gb0195918
INFO:root:Added legacy omics processing ID to gold_sequencing_project_identifiers: gold:Gp0344898
INFO:root:Getting new ID for nmdc:OmicsProcessing gold:Gp0344898
INFO:root:Found new ID in identifiers_map: nmdc:omprc-11-w6yqzq51
INFO:root:Added new biosample ID to has_input: nmdc:bsm-11-xk49fy68
INFO:root:Added new study ID to part_of: nmdc:sty-11-076c9980
INFO:root:Added legacy biosample ID to gold_biosample_identifiers: gold:Gb0195917
INFO:root:Getting new ID for nmdc:Biosample gold:Gb0195917
INFO:root:Found new ID in identifiers_map: nmdc:bsm-11-epes9h39
INFO:root:Found 1 OmicsProcessing records for biosample gold:Gb0195917
INFO:root:Added legacy omics processing ID to gold_sequencing_project_identifiers: gold:Gp0344897
INFO:root:Getting new ID for nmdc:OmicsProcessing gold:Gp0344897
INFO:root:Found new ID in identifiers_map: nmdc:omprc-11-wrhxv834
INFO:root:Added new biosample ID to has_input: nmdc:bsm-11-epes9h39
INFO:root:Added new study ID to part_of: nmdc:sty-11-076c9980
INFO:root:Added legacy biosample ID to gold_biosample_identifiers: gold:Gb0195883
INFO:root:Getting new ID for nmdc:Biosample gold:Gb0195883
INFO:root:Found new ID in identifiers_map: nmdc:bsm-11-j6hv1q66
INFO:root:Found 0 OmicsProcessing records for biosample gold:Gb0195883
INFO:root:Added legacy biosample ID to gold_biosample_identifiers: gold:Gb0195920
INFO:root:Getting new ID for nmdc:Biosample gold:Gb0195920
INFO:root:Found new ID in identifiers_map: nmdc:bsm-11-88kssc71
INFO:root:Found 1 OmicsProcessing records for biosample gold:Gb0195920
INFO:root:Added legacy omics processing ID to gold_sequencing_project_identifiers: gold:Gp0344900
INFO:root:Getting new ID for nmdc:OmicsProcessing gold:Gp0344900
INFO:root:Found new ID in identifiers_map: nmdc:omprc-11-kg0c9h72
INFO:root:Added new biosample ID to has_input: nmdc:bsm-11-88kssc71
INFO:root:Added new study ID to part_of: nmdc:sty-11-076c9980
INFO:root:Added legacy biosample ID to gold_biosample_identifiers: gold:Gb0195893
INFO:root:Getting new ID for nmdc:Biosample gold:Gb0195893
INFO:root:Found new ID in identifiers_map: nmdc:bsm-11-9fphtz92
INFO:root:Found 1 OmicsProcessing records for biosample gold:Gb0195893
INFO:root:Added legacy omics processing ID to gold_sequencing_project_identifiers: gold:Gp0344873
INFO:root:Getting new ID for nmdc:OmicsProcessing gold:Gp0344873
INFO:root:Found new ID in identifiers_map: nmdc:omprc-11-vxnmqb47
INFO:root:Added new biosample ID to has_input: nmdc:bsm-11-9fphtz92
INFO:root:Added new study ID to part_of: nmdc:sty-11-076c9980
INFO:root:Added legacy biosample ID to gold_biosample_identifiers: gold:Gb0195894
INFO:root:Getting new ID for nmdc:Biosample gold:Gb0195894
INFO:root:Found new ID in identifiers_map: nmdc:bsm-11-2jcr6626
INFO:root:Found 1 OmicsProcessing records for biosample gold:Gb0195894
INFO:root:Added legacy omics processing ID to gold_sequencing_project_identifiers: gold:Gp0344874
INFO:root:Getting new ID for nmdc:OmicsProcessing gold:Gp0344874
INFO:root:Found new ID in identifiers_map: nmdc:omprc-11-5mnxwh61
INFO:root:Added new biosample ID to has_input: nmdc:bsm-11-2jcr6626
INFO:root:Added new study ID to part_of: nmdc:sty-11-076c9980
INFO:root:Added legacy biosample ID to gold_biosample_identifiers: gold:Gb0195895
INFO:root:Getting new ID for nmdc:Biosample gold:Gb0195895
INFO:root:Found new ID in identifiers_map: nmdc:bsm-11-dmwkrw33
INFO:root:Found 1 OmicsProcessing records for biosample gold:Gb0195895
INFO:root:Added legacy omics processing ID to gold_sequencing_project_identifiers: gold:Gp0344875
INFO:root:Getting new ID for nmdc:OmicsProcessing gold:Gp0344875
INFO:root:Found new ID in identifiers_map: nmdc:omprc-11-dc1n4205
INFO:root:Added new biosample ID to has_input: nmdc:bsm-11-dmwkrw33
INFO:root:Added new study ID to part_of: nmdc:sty-11-076c9980
INFO:root:Added legacy biosample ID to gold_biosample_identifiers: gold:Gb0195896
INFO:root:Getting new ID for nmdc:Biosample gold:Gb0195896
INFO:root:Found new ID in identifiers_map: nmdc:bsm-11-qv5c7702
INFO:root:Found 1 OmicsProcessing records for biosample gold:Gb0195896
INFO:root:Added legacy omics processing ID to gold_sequencing_project_identifiers: gold:Gp0344876
INFO:root:Getting new ID for nmdc:OmicsProcessing gold:Gp0344876
INFO:root:Found new ID in identifiers_map: nmdc:omprc-11-k2nayp42
INFO:root:Added new biosample ID to has_input: nmdc:bsm-11-qv5c7702
INFO:root:Added new study ID to part_of: nmdc:sty-11-076c9980
INFO:root:Added legacy biosample ID to gold_biosample_identifiers: gold:Gb0195897
INFO:root:Getting new ID for nmdc:Biosample gold:Gb0195897
INFO:root:Found new ID in identifiers_map: nmdc:bsm-11-v826p438
INFO:root:Found 1 OmicsProcessing records for biosample gold:Gb0195897
INFO:root:Added legacy omics processing ID to gold_sequencing_project_identifiers: gold:Gp0344877
INFO:root:Getting new ID for nmdc:OmicsProcessing gold:Gp0344877
INFO:root:Found new ID in identifiers_map: nmdc:omprc-11-ep6thn23
INFO:root:Added new biosample ID to has_input: nmdc:bsm-11-v826p438
INFO:root:Added new study ID to part_of: nmdc:sty-11-076c9980
INFO:root:Added legacy biosample ID to gold_biosample_identifiers: gold:Gb0195898
INFO:root:Getting new ID for nmdc:Biosample gold:Gb0195898
INFO:root:Found new ID in identifiers_map: nmdc:bsm-11-qpp1j108
INFO:root:Found 1 OmicsProcessing records for biosample gold:Gb0195898
INFO:root:Added legacy omics processing ID to gold_sequencing_project_identifiers: gold:Gp0344878
INFO:root:Getting new ID for nmdc:OmicsProcessing gold:Gp0344878
INFO:root:Found new ID in identifiers_map: nmdc:omprc-11-qnbdmj58
INFO:root:Added new biosample ID to has_input: nmdc:bsm-11-qpp1j108
INFO:root:Added new study ID to part_of: nmdc:sty-11-076c9980
INFO:root:Added legacy biosample ID to gold_biosample_identifiers: gold:Gb0195899
INFO:root:Getting new ID for nmdc:Biosample gold:Gb0195899
INFO:root:Found new ID in identifiers_map: nmdc:bsm-11-f8bv7d15
INFO:root:Found 1 OmicsProcessing records for biosample gold:Gb0195899
INFO:root:Added legacy omics processing ID to gold_sequencing_project_identifiers: gold:Gp0344879
INFO:root:Getting new ID for nmdc:OmicsProcessing gold:Gp0344879
INFO:root:Found new ID in identifiers_map: nmdc:omprc-11-b5wtbx14
INFO:root:Added new biosample ID to has_input: nmdc:bsm-11-f8bv7d15
INFO:root:Added new study ID to part_of: nmdc:sty-11-076c9980
INFO:root:Added legacy biosample ID to gold_biosample_identifiers: gold:Gb0195921
INFO:root:Getting new ID for nmdc:Biosample gold:Gb0195921
INFO:root:Found new ID in identifiers_map: nmdc:bsm-11-bpf71y34
INFO:root:Found 1 OmicsProcessing records for biosample gold:Gb0195921
INFO:root:Added legacy omics processing ID to gold_sequencing_project_identifiers: gold:Gp0344901
INFO:root:Getting new ID for nmdc:OmicsProcessing gold:Gp0344901
INFO:root:Found new ID in identifiers_map: nmdc:omprc-11-9z0v7853
INFO:root:Added new biosample ID to has_input: nmdc:bsm-11-bpf71y34
INFO:root:Added new study ID to part_of: nmdc:sty-11-076c9980
INFO:root:Updating the database
INFO:root:Database update successful
INFO:root:Updated 1 records in study_set
INFO:root:Updated 105 records in biosample_set
INFO:root:Updated 103 records in omics_processing_set
INFO:root:Updated 0 records in data_object_set
INFO:root:Updated 0 records in metabolomics_analysis_activity_set
INFO:root:Updated 0 records in nom_analysis_activity_set
INFO:root:Deleted 0 records in omics_processing_set
INFO:root:Deleted 0 records in data_object_set
INFO:root:Writing updates and updated record identifiers to files
INFO:root:Writing 6 updates to /Users/MBThornton/Documents/code/nmdc_automation/nmdc_automation/re_iding/scripts/data/nmdc:sty-11-076c9980/nmdc:sty-11-076c9980_updates.tsv
INFO:root:Creating new file: /Users/MBThornton/Documents/code/nmdc_automation/nmdc_automation/re_iding/scripts/data/nmdc:sty-11-076c9980/nmdc:sty-11-076c9980_updates.tsv
INFO:root:Appending to existing file: /Users/MBThornton/Documents/code/nmdc_automation/nmdc_automation/re_iding/scripts/data/nmdc:sty-11-076c9980/nmdc:sty-11-076c9980_updated_record_identifiers.tsv
INFO:root:Writing 209 updated record identifiers to /Users/MBThornton/Documents/code/nmdc_automation/nmdc_automation/re_iding/scripts/data/nmdc:sty-11-076c9980/nmdc:sty-11-076c9980_updated_record_identifiers.tsv
INFO:root:Writing 2 deletions to /Users/MBThornton/Documents/code/nmdc_automation/nmdc_automation/re_iding/scripts/data/nmdc:sty-11-076c9980/nmdc:sty-11-076c9980_deletions.tsv
INFO:root:Creating new file: /Users/MBThornton/Documents/code/nmdc_automation/nmdc_automation/re_iding/scripts/data/nmdc:sty-11-076c9980/nmdc:sty-11-076c9980_deletions.tsv
INFO:root:Elapsed time: 9.368027687072754
