/Users/MBThornton/Library/Caches/pypoetry/virtualenvs/nmdc-automation-VEpwcKpc-py3.9/lib/python3.9/site-packages/urllib3/__init__.py:35: NotOpenSSLWarning: urllib3 v2 only supports OpenSSL 1.1.1+, currently the 'ssl' module is compiled with 'LibreSSL 2.8.3'. See: https://github.com/urllib3/urllib3/issues/3020
  warnings.warn(
INFO:root:Using NAPA config: ../../../configs/.local_napa_user_config.toml
INFO:root:Updating NMDC study with legacy ID: gold:Gs0110138
INFO:root:Updating NMDC study with ID: nmdc:sty-11-33fbta56
INFO:root:Using 422 identifiers from data/nmdc:sty-11-33fbta56/nmdc:sty-11-33fbta56_updated_record_identifiers.tsv
INFO:pymongo.serverSelection:{"message": "Waiting for suitable server to become available", "selector": "Primary()", "operation": "listDatabases", "topologyDescription": "<TopologyDescription id: 664f819f1b6e782d13793662, topology_type: Single, servers: [<ServerDescription ('localhost', 27777) server_type: Unknown, rtt: None>]>", "clientId": {"$oid": "664f819f1b6e782d13793662"}, "remainingTimeMS": 4}
INFO:root:Found 1 OmicsProcessing records for biosample nmdc:bsm-13-fcz67681
INFO:root:Found 1 OmicsProcessing records for biosample nmdc:bsm-13-5perne71
INFO:root:Found 1 OmicsProcessing records for biosample nmdc:bsm-13-bbvmxw69
INFO:root:Found 1 OmicsProcessing records for biosample nmdc:bsm-13-sx4w7069
INFO:root:Found 1 OmicsProcessing records for biosample nmdc:bsm-13-4y3pzr19
INFO:root:Found 1 OmicsProcessing records for biosample nmdc:bsm-13-x1ma5j53
INFO:root:Found 1 OmicsProcessing records for biosample nmdc:bsm-13-s6pqdh86
INFO:root:Found 1 OmicsProcessing records for biosample nmdc:bsm-13-y2s5yw49
INFO:root:Found 1 OmicsProcessing records for biosample nmdc:bsm-13-xr2vxh14
INFO:root:Found 1 OmicsProcessing records for biosample nmdc:bsm-13-bn7xy734
INFO:root:Found 1 OmicsProcessing records for biosample nmdc:bsm-13-h2xfde47
INFO:root:Found 1 OmicsProcessing records for biosample nmdc:bsm-13-8wbdgs11
INFO:root:Found 1 OmicsProcessing records for biosample nmdc:bsm-13-kbv59d50
INFO:root:Found 1 OmicsProcessing records for biosample nmdc:bsm-13-hrpm2628
INFO:root:Found 1 OmicsProcessing records for biosample nmdc:bsm-13-x70fwn09
INFO:root:Found 1 OmicsProcessing records for biosample nmdc:bsm-13-ddp65a36
INFO:root:Found 1 OmicsProcessing records for biosample nmdc:bsm-13-ybh49n05
INFO:root:Found 1 OmicsProcessing records for biosample nmdc:bsm-13-6k2c1f46
INFO:root:Found 1 OmicsProcessing records for biosample nmdc:bsm-13-smf6g033
INFO:root:Found 1 OmicsProcessing records for biosample nmdc:bsm-13-8kyy6k05
INFO:root:Found 1 OmicsProcessing records for biosample nmdc:bsm-13-ejzgt033
INFO:root:Found 1 OmicsProcessing records for biosample nmdc:bsm-13-2cv2tj30
INFO:root:Found 1 OmicsProcessing records for biosample nmdc:bsm-13-86c1zk13
INFO:root:Found 1 OmicsProcessing records for biosample nmdc:bsm-13-arf84s42
INFO:root:Found 1 OmicsProcessing records for biosample nmdc:bsm-13-hg452k39
INFO:root:Found 1 OmicsProcessing records for biosample nmdc:bsm-13-6p3pkb08
INFO:root:Found 1 OmicsProcessing records for biosample nmdc:bsm-13-zvz59s14
INFO:root:Found 1 OmicsProcessing records for biosample nmdc:bsm-13-fss46f13
INFO:root:Found 1 OmicsProcessing records for biosample nmdc:bsm-13-h5cw6h57
INFO:root:Found 1 OmicsProcessing records for biosample nmdc:bsm-13-c1f8fv85
INFO:root:Found 1 OmicsProcessing records for biosample nmdc:bsm-13-k80gq797
INFO:root:Found 1 OmicsProcessing records for biosample nmdc:bsm-13-d573mh44
INFO:root:Found 1 OmicsProcessing records for biosample nmdc:bsm-13-d49z5h81
INFO:root:Found 1 OmicsProcessing records for biosample nmdc:bsm-13-yvpfes41
INFO:root:Found 1 OmicsProcessing records for biosample nmdc:bsm-13-25fmb123
INFO:root:Found 1 OmicsProcessing records for biosample nmdc:bsm-13-gre72d26
INFO:root:Found 1 OmicsProcessing records for biosample nmdc:bsm-13-2fc16720
INFO:root:Found 1 OmicsProcessing records for biosample nmdc:bsm-13-ekpga968
INFO:root:Found 3 OmicsProcessing records for biosample nmdc:bsm-13-bgefg837
INFO:root:Found 2 OmicsProcessing records for biosample nmdc:bsm-13-7q44hn24
INFO:root:Found 1 OmicsProcessing records for biosample nmdc:bsm-13-cdt43113
INFO:root:Found 1 OmicsProcessing records for biosample nmdc:bsm-13-7ft8an22
INFO:root:Found 1 OmicsProcessing records for biosample nmdc:bsm-13-hvsnrm51
INFO:root:Found 2 OmicsProcessing records for biosample nmdc:bsm-13-9tv9as07
INFO:root:Found 1 OmicsProcessing records for biosample nmdc:bsm-13-dccq0665
INFO:root:Found 1 OmicsProcessing records for biosample nmdc:bsm-13-bc5wy465
INFO:root:Found 2 OmicsProcessing records for biosample nmdc:bsm-13-6v96jy60
INFO:root:Found 2 OmicsProcessing records for biosample nmdc:bsm-13-tya3bn07
INFO:root:Found 1 OmicsProcessing records for biosample nmdc:bsm-13-prke7n52
INFO:root:Found 1 OmicsProcessing records for biosample nmdc:bsm-13-mn6sjr37
INFO:root:Found 1 OmicsProcessing records for biosample nmdc:bsm-13-0x5ra236
INFO:root:Found 2 OmicsProcessing records for biosample nmdc:bsm-13-w3sk3718
INFO:root:Found 2 OmicsProcessing records for biosample nmdc:bsm-13-cc36m716
INFO:root:Found 2 OmicsProcessing records for biosample nmdc:bsm-13-23jcak07
INFO:root:Found 1 OmicsProcessing records for biosample nmdc:bsm-13-p0q6k325
INFO:root:Found 2 OmicsProcessing records for biosample nmdc:bsm-13-5230tp20
INFO:root:Found 1 OmicsProcessing records for biosample nmdc:bsm-13-ckbyrj91
INFO:root:Found 3 OmicsProcessing records for biosample nmdc:bsm-13-h3hs0w34
INFO:root:Found 1 OmicsProcessing records for biosample nmdc:bsm-13-zfww4292
INFO:root:Found 2 OmicsProcessing records for biosample nmdc:bsm-13-n5tfa767
INFO:root:Found 2 OmicsProcessing records for biosample nmdc:bsm-13-q6yr9d61
INFO:root:Found 2 OmicsProcessing records for biosample nmdc:bsm-13-3atx8142
INFO:root:Found 2 OmicsProcessing records for biosample nmdc:bsm-13-n4jyv365
INFO:root:Found 1 OmicsProcessing records for biosample nmdc:bsm-13-qkk3ns89
INFO:root:Found 1 OmicsProcessing records for biosample nmdc:bsm-13-h067tp29
INFO:root:Found 1 OmicsProcessing records for biosample nmdc:bsm-13-p59ske45
INFO:root:Found 1 OmicsProcessing records for biosample nmdc:bsm-13-ppt4wr61
INFO:root:Found 1 OmicsProcessing records for biosample nmdc:bsm-13-fkxhez34
INFO:root:Found 1 OmicsProcessing records for biosample nmdc:bsm-13-x943jb19
INFO:root:Found 2 OmicsProcessing records for biosample nmdc:bsm-13-gea2kg32
INFO:root:Found 2 OmicsProcessing records for biosample nmdc:bsm-13-dfbvpp59
INFO:root:Found 1 OmicsProcessing records for biosample nmdc:bsm-13-6sdt9548
INFO:root:Found 2 OmicsProcessing records for biosample nmdc:bsm-13-z9ejh210
INFO:root:Found 1 OmicsProcessing records for biosample nmdc:bsm-13-54dpnv44
INFO:root:Found 1 OmicsProcessing records for biosample nmdc:bsm-13-kggfns50
INFO:root:Found 1 OmicsProcessing records for biosample nmdc:bsm-13-t4gewc31
INFO:root:Found 1 OmicsProcessing records for biosample nmdc:bsm-13-44tv5m32
INFO:root:Found 1 OmicsProcessing records for biosample nmdc:bsm-13-4g22tp63
INFO:root:Found 1 OmicsProcessing records for biosample nmdc:bsm-13-0nman268
INFO:root:Found 1 OmicsProcessing records for biosample nmdc:bsm-13-awxce842
INFO:root:Found 1 OmicsProcessing records for biosample nmdc:bsm-13-psbb1e06
INFO:root:Found 1 OmicsProcessing records for biosample nmdc:bsm-13-7m4gmy50
INFO:root:Found 1 OmicsProcessing records for biosample nmdc:bsm-13-cz7spq64
INFO:root:Found 3 OmicsProcessing records for biosample nmdc:bsm-13-ty48qe70
INFO:root:Found 1 Records for nom_analysis_activity_set
INFO:root:Getting new ID for nmdc:NomAnalysisActivity nmdc:wfnom-13-2vzcvh09.1
INFO:root:Minted new ID: nmdc:wfnom-13-fche6e41.1
INFO:root:Updating data object: nmdc:dobj-13-9zwcxk07
INFO:root:was_generated_by: nmdc:wfnom-13-fche6e41.1
INFO:root:Found 1 Records for nom_analysis_activity_set
INFO:root:Getting new ID for nmdc:NomAnalysisActivity nmdc:wfnom-13-s1tgjk70.1
INFO:root:Minted new ID: nmdc:wfnom-13-9j7m0h19.1
INFO:root:Updating data object: nmdc:dobj-13-egq9fs06
INFO:root:was_generated_by: nmdc:wfnom-13-9j7m0h19.1
INFO:root:Found 1 Records for nom_analysis_activity_set
INFO:root:Getting new ID for nmdc:NomAnalysisActivity nmdc:wfnom-13-vt7fa951.1
INFO:root:Minted new ID: nmdc:wfnom-13-cnmwh136.1
INFO:root:Updating data object: nmdc:dobj-13-h5b2rq44
INFO:root:was_generated_by: nmdc:wfnom-13-cnmwh136.1
INFO:root:Found 3 OmicsProcessing records for biosample nmdc:bsm-13-g2pjd092
INFO:root:Found 1 Records for nom_analysis_activity_set
INFO:root:Getting new ID for nmdc:NomAnalysisActivity nmdc:wfnom-13-n94hex70.1
INFO:root:Minted new ID: nmdc:wfnom-13-mdnfmd27.1
INFO:root:Updating data object: nmdc:dobj-13-jda54f49
INFO:root:was_generated_by: nmdc:wfnom-13-mdnfmd27.1
INFO:root:Found 1 Records for nom_analysis_activity_set
INFO:root:Getting new ID for nmdc:NomAnalysisActivity nmdc:wfnom-13-pt69rt29.1
INFO:root:Minted new ID: nmdc:wfnom-13-dhtdjq87.1
INFO:root:Updating data object: nmdc:dobj-13-bh4xmr77
INFO:root:was_generated_by: nmdc:wfnom-13-dhtdjq87.1
INFO:root:Found 1 Records for nom_analysis_activity_set
INFO:root:Getting new ID for nmdc:NomAnalysisActivity nmdc:wfnom-13-c2xfca28.1
INFO:root:Minted new ID: nmdc:wfnom-13-ntk1n835.1
INFO:root:Updating data object: nmdc:dobj-13-cj6bwt84
INFO:root:was_generated_by: nmdc:wfnom-13-ntk1n835.1
INFO:root:Found 2 OmicsProcessing records for biosample nmdc:bsm-13-p9zqbp95
INFO:root:Found 1 Records for nom_analysis_activity_set
INFO:root:Getting new ID for nmdc:NomAnalysisActivity nmdc:wfnom-13-65eghz72.1
INFO:root:Minted new ID: nmdc:wfnom-13-he2w8d48.1
INFO:root:Updating data object: nmdc:dobj-13-yw3xee60
INFO:root:was_generated_by: nmdc:wfnom-13-he2w8d48.1
INFO:root:Found 1 Records for nom_analysis_activity_set
INFO:root:Getting new ID for nmdc:NomAnalysisActivity nmdc:wfnom-13-p3kqhh61.1
INFO:root:Minted new ID: nmdc:wfnom-13-cwssrj40.1
INFO:root:Updating data object: nmdc:dobj-13-dbftws21
INFO:root:was_generated_by: nmdc:wfnom-13-cwssrj40.1
INFO:root:Found 3 OmicsProcessing records for biosample nmdc:bsm-13-gfj46v76
INFO:root:Found 1 Records for nom_analysis_activity_set
INFO:root:Getting new ID for nmdc:NomAnalysisActivity nmdc:wfnom-13-ce2mm395.1
INFO:root:Minted new ID: nmdc:wfnom-13-rrgf8289.1
INFO:root:Updating data object: nmdc:dobj-13-wm64e954
INFO:root:was_generated_by: nmdc:wfnom-13-rrgf8289.1
INFO:root:Found 1 Records for nom_analysis_activity_set
INFO:root:Getting new ID for nmdc:NomAnalysisActivity nmdc:wfnom-13-60qada30.1
INFO:root:Minted new ID: nmdc:wfnom-13-zkpmny52.1
INFO:root:Updating data object: nmdc:dobj-13-4gm1h866
INFO:root:was_generated_by: nmdc:wfnom-13-zkpmny52.1
INFO:root:Found 1 Records for nom_analysis_activity_set
INFO:root:Getting new ID for nmdc:NomAnalysisActivity nmdc:wfnom-13-1ykje598.1
INFO:root:Minted new ID: nmdc:wfnom-13-4324gv45.1
INFO:root:Updating data object: nmdc:dobj-13-epbyxy18
INFO:root:was_generated_by: nmdc:wfnom-13-4324gv45.1
INFO:root:Found 2 OmicsProcessing records for biosample nmdc:bsm-13-zaezdc83
INFO:root:Found 1 Records for nom_analysis_activity_set
INFO:root:Getting new ID for nmdc:NomAnalysisActivity nmdc:wfnom-13-cpfh4744.1
INFO:root:Minted new ID: nmdc:wfnom-13-rfat2s10.1
INFO:root:Updating data object: nmdc:dobj-13-pda3gp97
INFO:root:was_generated_by: nmdc:wfnom-13-rfat2s10.1
INFO:root:Found 1 Records for nom_analysis_activity_set
INFO:root:Getting new ID for nmdc:NomAnalysisActivity nmdc:wfnom-13-74s8xb21.1
INFO:root:Minted new ID: nmdc:wfnom-13-yk81en60.1
INFO:root:Updating data object: nmdc:dobj-13-fpjqzn13
INFO:root:was_generated_by: nmdc:wfnom-13-yk81en60.1
INFO:root:Found 6 OmicsProcessing records for biosample nmdc:bsm-13-d8z0bz72
INFO:root:Found 1 Records for nom_analysis_activity_set
INFO:root:Getting new ID for nmdc:NomAnalysisActivity nmdc:wfnom-13-3h0pbb07.1
INFO:root:Minted new ID: nmdc:wfnom-13-a55z2c35.1
INFO:root:Updating data object: nmdc:dobj-13-e927cz77
INFO:root:was_generated_by: nmdc:wfnom-13-a55z2c35.1
INFO:root:Found 1 Records for nom_analysis_activity_set
INFO:root:Getting new ID for nmdc:NomAnalysisActivity nmdc:wfnom-13-84wag952.1
INFO:root:Minted new ID: nmdc:wfnom-13-wnbrw890.1
INFO:root:Updating data object: nmdc:dobj-13-1c0ggc89
INFO:root:was_generated_by: nmdc:wfnom-13-wnbrw890.1
INFO:root:Found 1 Records for nom_analysis_activity_set
INFO:root:Getting new ID for nmdc:NomAnalysisActivity nmdc:wfnom-13-eg4htp32.1
INFO:root:Minted new ID: nmdc:wfnom-13-tfw3fg07.1
INFO:root:Updating data object: nmdc:dobj-13-r3ytyh97
INFO:root:was_generated_by: nmdc:wfnom-13-tfw3fg07.1
INFO:root:Found 1 Records for nom_analysis_activity_set
INFO:root:Getting new ID for nmdc:NomAnalysisActivity nmdc:wfnom-13-befd5z80.1
INFO:root:Minted new ID: nmdc:wfnom-13-3pgram41.1
INFO:root:Updating data object: nmdc:dobj-13-639hdv72
INFO:root:was_generated_by: nmdc:wfnom-13-3pgram41.1
INFO:root:Found 1 Records for nom_analysis_activity_set
INFO:root:Getting new ID for nmdc:NomAnalysisActivity nmdc:wfnom-13-k9tdtt72.1
INFO:root:Minted new ID: nmdc:wfnom-13-5c2dhn02.1
INFO:root:Updating data object: nmdc:dobj-13-zkgr9031
INFO:root:was_generated_by: nmdc:wfnom-13-5c2dhn02.1
INFO:root:Found 1 Records for nom_analysis_activity_set
INFO:root:Getting new ID for nmdc:NomAnalysisActivity nmdc:wfnom-13-frt40706.1
INFO:root:Minted new ID: nmdc:wfnom-13-1e8e6f14.1
INFO:root:Updating data object: nmdc:dobj-13-mfm2y928
INFO:root:was_generated_by: nmdc:wfnom-13-1e8e6f14.1
INFO:root:Found 3 OmicsProcessing records for biosample nmdc:bsm-13-qvf5e055
INFO:root:Found 1 Records for nom_analysis_activity_set
INFO:root:Getting new ID for nmdc:NomAnalysisActivity nmdc:wfnom-13-bdwkkz36.1
INFO:root:Minted new ID: nmdc:wfnom-13-47ytyt72.1
INFO:root:Updating data object: nmdc:dobj-13-13mme329
INFO:root:was_generated_by: nmdc:wfnom-13-47ytyt72.1
INFO:root:Found 1 Records for nom_analysis_activity_set
INFO:root:Getting new ID for nmdc:NomAnalysisActivity nmdc:wfnom-13-mda54q37.1
INFO:root:Minted new ID: nmdc:wfnom-13-t1v85209.1
INFO:root:Updating data object: nmdc:dobj-13-5rakzk42
INFO:root:was_generated_by: nmdc:wfnom-13-t1v85209.1
INFO:root:Found 1 Records for nom_analysis_activity_set
INFO:root:Getting new ID for nmdc:NomAnalysisActivity nmdc:wfnom-13-ey516047.1
INFO:root:Minted new ID: nmdc:wfnom-13-z73z4g07.1
INFO:root:Updating data object: nmdc:dobj-13-kjvtn259
INFO:root:was_generated_by: nmdc:wfnom-13-z73z4g07.1
INFO:root:Found 2 OmicsProcessing records for biosample nmdc:bsm-13-tk2ebg43
INFO:root:Found 1 Records for nom_analysis_activity_set
INFO:root:Getting new ID for nmdc:NomAnalysisActivity nmdc:wfnom-13-2w27bd07.1
INFO:root:Minted new ID: nmdc:wfnom-13-eb5p2960.1
INFO:root:Updating data object: nmdc:dobj-13-n2g0fg49
INFO:root:was_generated_by: nmdc:wfnom-13-eb5p2960.1
INFO:root:Found 1 Records for nom_analysis_activity_set
INFO:root:Getting new ID for nmdc:NomAnalysisActivity nmdc:wfnom-13-4pva8736.1
INFO:root:Minted new ID: nmdc:wfnom-13-zygt4n23.1
INFO:root:Updating data object: nmdc:dobj-13-t7bfec16
INFO:root:was_generated_by: nmdc:wfnom-13-zygt4n23.1
INFO:root:Found 2 OmicsProcessing records for biosample nmdc:bsm-13-gxb7yg84
INFO:root:Found 1 Records for nom_analysis_activity_set
INFO:root:Getting new ID for nmdc:NomAnalysisActivity nmdc:wfnom-13-1rh7cp81.1
INFO:root:Minted new ID: nmdc:wfnom-13-aw1pex48.1
INFO:root:Updating data object: nmdc:dobj-13-4ag2r312
INFO:root:was_generated_by: nmdc:wfnom-13-aw1pex48.1
INFO:root:Found 1 Records for nom_analysis_activity_set
INFO:root:Getting new ID for nmdc:NomAnalysisActivity nmdc:wfnom-13-e0tw7258.1
INFO:root:Minted new ID: nmdc:wfnom-13-z0c04z67.1
INFO:root:Updating data object: nmdc:dobj-13-nk4aj145
INFO:root:was_generated_by: nmdc:wfnom-13-z0c04z67.1
INFO:root:Found 3 OmicsProcessing records for biosample nmdc:bsm-13-pwrd7087
INFO:root:Found 1 Records for nom_analysis_activity_set
INFO:root:Getting new ID for nmdc:NomAnalysisActivity nmdc:wfnom-13-fmevq695.1
INFO:root:Minted new ID: nmdc:wfnom-13-mcm33d75.1
INFO:root:Updating data object: nmdc:dobj-13-wdr7zv47
INFO:root:was_generated_by: nmdc:wfnom-13-mcm33d75.1
INFO:root:Found 1 Records for nom_analysis_activity_set
INFO:root:Getting new ID for nmdc:NomAnalysisActivity nmdc:wfnom-13-zfvwvn04.1
INFO:root:Minted new ID: nmdc:wfnom-13-df71fn74.1
INFO:root:Updating data object: nmdc:dobj-13-mnw6p887
INFO:root:was_generated_by: nmdc:wfnom-13-df71fn74.1
INFO:root:Found 1 Records for nom_analysis_activity_set
INFO:root:Getting new ID for nmdc:NomAnalysisActivity nmdc:wfnom-13-z7n77j14.1
INFO:root:Minted new ID: nmdc:wfnom-13-6nzj6945.1
INFO:root:Updating data object: nmdc:dobj-13-jv7g5324
INFO:root:was_generated_by: nmdc:wfnom-13-6nzj6945.1
INFO:root:Found 2 OmicsProcessing records for biosample nmdc:bsm-13-95fnbw16
INFO:root:Found 1 Records for nom_analysis_activity_set
INFO:root:Getting new ID for nmdc:NomAnalysisActivity nmdc:wfnom-13-y4e34092.1
INFO:root:Minted new ID: nmdc:wfnom-13-ymtbrv65.1
INFO:root:Updating data object: nmdc:dobj-13-9gfrtv29
INFO:root:was_generated_by: nmdc:wfnom-13-ymtbrv65.1
INFO:root:Found 1 Records for nom_analysis_activity_set
INFO:root:Getting new ID for nmdc:NomAnalysisActivity nmdc:wfnom-13-4ydy1y88.1
INFO:root:Minted new ID: nmdc:wfnom-13-cjdcs181.1
INFO:root:Updating data object: nmdc:dobj-13-cc4eas68
INFO:root:was_generated_by: nmdc:wfnom-13-cjdcs181.1
INFO:root:Found 3 OmicsProcessing records for biosample nmdc:bsm-13-tax21v72
INFO:root:Found 1 Records for nom_analysis_activity_set
INFO:root:Getting new ID for nmdc:NomAnalysisActivity nmdc:wfnom-13-hkr54a27.1
INFO:root:Minted new ID: nmdc:wfnom-13-shkmk172.1
INFO:root:Updating data object: nmdc:dobj-13-8x4p0t78
INFO:root:was_generated_by: nmdc:wfnom-13-shkmk172.1
INFO:root:Found 1 Records for nom_analysis_activity_set
INFO:root:Getting new ID for nmdc:NomAnalysisActivity nmdc:wfnom-13-2c5kgp43.1
INFO:root:Minted new ID: nmdc:wfnom-13-y23nw425.1
INFO:root:Updating data object: nmdc:dobj-13-annrzk07
INFO:root:was_generated_by: nmdc:wfnom-13-y23nw425.1
INFO:root:Found 1 Records for nom_analysis_activity_set
INFO:root:Getting new ID for nmdc:NomAnalysisActivity nmdc:wfnom-13-k381q936.1
INFO:root:Minted new ID: nmdc:wfnom-13-pgjtwe83.1
INFO:root:Updating data object: nmdc:dobj-13-jw7x6n78
INFO:root:was_generated_by: nmdc:wfnom-13-pgjtwe83.1
INFO:root:Found 2 OmicsProcessing records for biosample nmdc:bsm-13-ncs25r94
INFO:root:Found 1 Records for nom_analysis_activity_set
INFO:root:Getting new ID for nmdc:NomAnalysisActivity nmdc:wfnom-13-qhhq5z41.1
INFO:root:Minted new ID: nmdc:wfnom-13-a59sef62.1
INFO:root:Updating data object: nmdc:dobj-13-mw495z33
INFO:root:was_generated_by: nmdc:wfnom-13-a59sef62.1
INFO:root:Found 1 Records for nom_analysis_activity_set
INFO:root:Getting new ID for nmdc:NomAnalysisActivity nmdc:wfnom-13-5kd16w54.1
INFO:root:Minted new ID: nmdc:wfnom-13-r3b4sa32.1
INFO:root:Updating data object: nmdc:dobj-13-371fx262
INFO:root:was_generated_by: nmdc:wfnom-13-r3b4sa32.1
INFO:root:Found 2 OmicsProcessing records for biosample nmdc:bsm-13-zr9dcy94
INFO:root:Found 1 Records for nom_analysis_activity_set
INFO:root:Getting new ID for nmdc:NomAnalysisActivity nmdc:wfnom-13-yaj2wy05.1
INFO:root:Minted new ID: nmdc:wfnom-13-pgmapb70.1
INFO:root:Updating data object: nmdc:dobj-13-4k8vqy39
INFO:root:was_generated_by: nmdc:wfnom-13-pgmapb70.1
INFO:root:Found 1 Records for nom_analysis_activity_set
INFO:root:Getting new ID for nmdc:NomAnalysisActivity nmdc:wfnom-13-qzp5q758.1
INFO:root:Minted new ID: nmdc:wfnom-13-zrwtp763.1
INFO:root:Updating data object: nmdc:dobj-13-5f09m942
INFO:root:was_generated_by: nmdc:wfnom-13-zrwtp763.1
INFO:root:Found 3 OmicsProcessing records for biosample nmdc:bsm-13-zxqyyz58
INFO:root:Found 1 Records for nom_analysis_activity_set
INFO:root:Getting new ID for nmdc:NomAnalysisActivity nmdc:wfnom-13-qv60fv08.1
INFO:root:Minted new ID: nmdc:wfnom-13-ywz79p63.1
INFO:root:Updating data object: nmdc:dobj-13-hy6n1463
INFO:root:was_generated_by: nmdc:wfnom-13-ywz79p63.1
INFO:root:Found 1 Records for nom_analysis_activity_set
INFO:root:Getting new ID for nmdc:NomAnalysisActivity nmdc:wfnom-13-s9ez8969.1
INFO:root:Minted new ID: nmdc:wfnom-13-yxyega64.1
INFO:root:Updating data object: nmdc:dobj-13-jmv5e702
INFO:root:was_generated_by: nmdc:wfnom-13-yxyega64.1
INFO:root:Found 1 Records for nom_analysis_activity_set
INFO:root:Getting new ID for nmdc:NomAnalysisActivity nmdc:wfnom-13-tc8xjr83.1
INFO:root:Minted new ID: nmdc:wfnom-13-xaqa2298.1
INFO:root:Updating data object: nmdc:dobj-13-j0nwnf78
INFO:root:was_generated_by: nmdc:wfnom-13-xaqa2298.1
INFO:root:Found 6 OmicsProcessing records for biosample nmdc:bsm-13-4bfysc34
INFO:root:Found 1 Records for nom_analysis_activity_set
INFO:root:Getting new ID for nmdc:NomAnalysisActivity nmdc:wfnom-13-3zkhzb59.1
INFO:root:Minted new ID: nmdc:wfnom-13-jk17qe26.1
INFO:root:Updating data object: nmdc:dobj-13-k6nnrx04
INFO:root:was_generated_by: nmdc:wfnom-13-jk17qe26.1
INFO:root:Found 1 Records for nom_analysis_activity_set
INFO:root:Getting new ID for nmdc:NomAnalysisActivity nmdc:wfnom-13-jr6ae044.1
INFO:root:Minted new ID: nmdc:wfnom-13-3dfz4524.1
INFO:root:Updating data object: nmdc:dobj-13-nxv2mc44
INFO:root:was_generated_by: nmdc:wfnom-13-3dfz4524.1
INFO:root:Found 1 Records for nom_analysis_activity_set
INFO:root:Getting new ID for nmdc:NomAnalysisActivity nmdc:wfnom-13-n3cp9t95.1
INFO:root:Minted new ID: nmdc:wfnom-13-3kzyv204.1
INFO:root:Updating data object: nmdc:dobj-13-mftdjx50
INFO:root:was_generated_by: nmdc:wfnom-13-3kzyv204.1
INFO:root:Found 1 Records for nom_analysis_activity_set
INFO:root:Getting new ID for nmdc:NomAnalysisActivity nmdc:wfnom-13-vwbcwp17.1
INFO:root:Minted new ID: nmdc:wfnom-13-e9r7cp31.1
INFO:root:Updating data object: nmdc:dobj-13-jvdfzz64
INFO:root:was_generated_by: nmdc:wfnom-13-e9r7cp31.1
INFO:root:Found 1 Records for nom_analysis_activity_set
INFO:root:Getting new ID for nmdc:NomAnalysisActivity nmdc:wfnom-13-eb5f8063.1
INFO:root:Minted new ID: nmdc:wfnom-13-pf3q7r17.1
INFO:root:Updating data object: nmdc:dobj-13-xstcrm22
INFO:root:was_generated_by: nmdc:wfnom-13-pf3q7r17.1
INFO:root:Found 1 Records for nom_analysis_activity_set
INFO:root:Getting new ID for nmdc:NomAnalysisActivity nmdc:wfnom-13-mc9n1t16.1
INFO:root:Minted new ID: nmdc:wfnom-13-56qbb461.1
INFO:root:Updating data object: nmdc:dobj-13-ndcybr82
INFO:root:was_generated_by: nmdc:wfnom-13-56qbb461.1
INFO:root:Found 3 OmicsProcessing records for biosample nmdc:bsm-13-t8meze75
INFO:root:Found 1 Records for nom_analysis_activity_set
INFO:root:Getting new ID for nmdc:NomAnalysisActivity nmdc:wfnom-13-h80r3b18.1
INFO:root:Minted new ID: nmdc:wfnom-13-vbtte081.1
INFO:root:Updating data object: nmdc:dobj-13-654kxg73
INFO:root:was_generated_by: nmdc:wfnom-13-vbtte081.1
INFO:root:Found 1 Records for nom_analysis_activity_set
INFO:root:Getting new ID for nmdc:NomAnalysisActivity nmdc:wfnom-13-j7eknx20.1
INFO:root:Minted new ID: nmdc:wfnom-13-eh7wfe56.1
INFO:root:Updating data object: nmdc:dobj-13-a1qzj743
INFO:root:was_generated_by: nmdc:wfnom-13-eh7wfe56.1
INFO:root:Found 1 Records for nom_analysis_activity_set
INFO:root:Getting new ID for nmdc:NomAnalysisActivity nmdc:wfnom-13-qp25nd90.1
INFO:root:Minted new ID: nmdc:wfnom-13-xm8ztz08.1
INFO:root:Updating data object: nmdc:dobj-13-mftyrb72
INFO:root:was_generated_by: nmdc:wfnom-13-xm8ztz08.1
INFO:root:Found 2 OmicsProcessing records for biosample nmdc:bsm-12-8s9qew72
INFO:root:Added legacy omics processing ID to gold_sequencing_project_identifiers: gold:Gp0208366
INFO:root:Getting new ID for nmdc:OmicsProcessing gold:Gp0208366
INFO:root:Minted new ID: nmdc:omprc-13-raec4p73
INFO:root:Added new biosample ID to has_input: nmdc:bsm-12-8s9qew72
INFO:root:Added new study ID to part_of: nmdc:sty-11-33fbta56
INFO:root:Found 1 OmicsProcessing records for biosample nmdc:bsm-12-7ay9p920
INFO:root:Added legacy omics processing ID to gold_sequencing_project_identifiers: gold:Gp0208367
INFO:root:Getting new ID for nmdc:OmicsProcessing gold:Gp0208367
INFO:root:Minted new ID: nmdc:omprc-13-tyegt911
INFO:root:Added new biosample ID to has_input: nmdc:bsm-12-7ay9p920
INFO:root:Added new study ID to part_of: nmdc:sty-11-33fbta56
INFO:root:Found 2 OmicsProcessing records for biosample nmdc:bsm-12-zxhe0n95
INFO:root:Added legacy omics processing ID to gold_sequencing_project_identifiers: gold:Gp0208362
INFO:root:Getting new ID for nmdc:OmicsProcessing gold:Gp0208362
INFO:root:Minted new ID: nmdc:omprc-13-7fawd058
INFO:root:Added new biosample ID to has_input: nmdc:bsm-12-zxhe0n95
INFO:root:Added new study ID to part_of: nmdc:sty-11-33fbta56
INFO:root:Found 2 OmicsProcessing records for biosample nmdc:bsm-12-wady4q34
INFO:root:Added legacy omics processing ID to gold_sequencing_project_identifiers: gold:Gp0208381
INFO:root:Getting new ID for nmdc:OmicsProcessing gold:Gp0208381
INFO:root:Minted new ID: nmdc:omprc-13-0wqa9e56
INFO:root:Added new biosample ID to has_input: nmdc:bsm-12-wady4q34
INFO:root:Added new study ID to part_of: nmdc:sty-11-33fbta56
INFO:root:Found 1 OmicsProcessing records for biosample nmdc:bsm-12-hd1n0692
INFO:root:Added legacy omics processing ID to gold_sequencing_project_identifiers: gold:Gp0208370
INFO:root:Getting new ID for nmdc:OmicsProcessing gold:Gp0208370
INFO:root:Minted new ID: nmdc:omprc-13-wt52a627
INFO:root:Added new biosample ID to has_input: nmdc:bsm-12-hd1n0692
INFO:root:Added new study ID to part_of: nmdc:sty-11-33fbta56
INFO:root:Found 2 OmicsProcessing records for biosample nmdc:bsm-12-kynkbj13
INFO:root:Added legacy omics processing ID to gold_sequencing_project_identifiers: gold:Gp0208368
INFO:root:Getting new ID for nmdc:OmicsProcessing gold:Gp0208368
INFO:root:Minted new ID: nmdc:omprc-13-gg3se785
INFO:root:Added new biosample ID to has_input: nmdc:bsm-12-kynkbj13
INFO:root:Added new study ID to part_of: nmdc:sty-11-33fbta56
INFO:root:Found 2 OmicsProcessing records for biosample nmdc:bsm-12-xtn73s23
INFO:root:Added legacy omics processing ID to gold_sequencing_project_identifiers: gold:Gp0208375
INFO:root:Getting new ID for nmdc:OmicsProcessing gold:Gp0208375
INFO:root:Minted new ID: nmdc:omprc-13-qygpy809
INFO:root:Added new biosample ID to has_input: nmdc:bsm-12-xtn73s23
INFO:root:Added new study ID to part_of: nmdc:sty-11-33fbta56
INFO:root:Found 1 OmicsProcessing records for biosample nmdc:bsm-12-a9h01527
INFO:root:Added legacy omics processing ID to gold_sequencing_project_identifiers: gold:Gp0208382
INFO:root:Getting new ID for nmdc:OmicsProcessing gold:Gp0208382
INFO:root:Minted new ID: nmdc:omprc-13-pyrq2463
INFO:root:Added new biosample ID to has_input: nmdc:bsm-12-a9h01527
INFO:root:Added new study ID to part_of: nmdc:sty-11-33fbta56
INFO:root:Found 2 OmicsProcessing records for biosample nmdc:bsm-12-a6yx8957
INFO:root:Added legacy omics processing ID to gold_sequencing_project_identifiers: gold:Gp0208365
INFO:root:Getting new ID for nmdc:OmicsProcessing gold:Gp0208365
INFO:root:Minted new ID: nmdc:omprc-13-8jt97v82
INFO:root:Added new biosample ID to has_input: nmdc:bsm-12-a6yx8957
INFO:root:Added new study ID to part_of: nmdc:sty-11-33fbta56
INFO:root:Found 1 OmicsProcessing records for biosample nmdc:bsm-12-q21a1x03
INFO:root:Added legacy omics processing ID to gold_sequencing_project_identifiers: gold:Gp0208361
INFO:root:Getting new ID for nmdc:OmicsProcessing gold:Gp0208361
INFO:root:Minted new ID: nmdc:omprc-13-zeb8dd80
INFO:root:Added new biosample ID to has_input: nmdc:bsm-12-q21a1x03
INFO:root:Added new study ID to part_of: nmdc:sty-11-33fbta56
INFO:root:Found 2 OmicsProcessing records for biosample nmdc:bsm-12-csykqn65
INFO:root:Added legacy omics processing ID to gold_sequencing_project_identifiers: gold:Gp0208378
INFO:root:Getting new ID for nmdc:OmicsProcessing gold:Gp0208378
INFO:root:Minted new ID: nmdc:omprc-13-0y3nv322
INFO:root:Added new biosample ID to has_input: nmdc:bsm-12-csykqn65
INFO:root:Added new study ID to part_of: nmdc:sty-11-33fbta56
INFO:root:Found 2 OmicsProcessing records for biosample nmdc:bsm-12-zyae7e18
INFO:root:Added legacy omics processing ID to gold_sequencing_project_identifiers: gold:Gp0208363
INFO:root:Getting new ID for nmdc:OmicsProcessing gold:Gp0208363
INFO:root:Minted new ID: nmdc:omprc-13-v5bkf320
INFO:root:Added new biosample ID to has_input: nmdc:bsm-12-zyae7e18
INFO:root:Added new study ID to part_of: nmdc:sty-11-33fbta56
INFO:root:Found 2 OmicsProcessing records for biosample nmdc:bsm-12-hhscy494
INFO:root:Added legacy omics processing ID to gold_sequencing_project_identifiers: gold:Gp0208374
INFO:root:Getting new ID for nmdc:OmicsProcessing gold:Gp0208374
INFO:root:Minted new ID: nmdc:omprc-13-5y0shh63
INFO:root:Added new biosample ID to has_input: nmdc:bsm-12-hhscy494
INFO:root:Added new study ID to part_of: nmdc:sty-11-33fbta56
INFO:root:Found 2 OmicsProcessing records for biosample nmdc:bsm-12-apwavf24
INFO:root:Added legacy omics processing ID to gold_sequencing_project_identifiers: gold:Gp0208380
INFO:root:Getting new ID for nmdc:OmicsProcessing gold:Gp0208380
INFO:root:Minted new ID: nmdc:omprc-13-bje6kq59
INFO:root:Added new biosample ID to has_input: nmdc:bsm-12-apwavf24
INFO:root:Added new study ID to part_of: nmdc:sty-11-33fbta56
INFO:root:Found 1 OmicsProcessing records for biosample nmdc:bsm-12-jpst4g08
INFO:root:Added legacy omics processing ID to gold_sequencing_project_identifiers: gold:Gp0208373
INFO:root:Getting new ID for nmdc:OmicsProcessing gold:Gp0208373
INFO:root:Minted new ID: nmdc:omprc-13-b1mn8a33
INFO:root:Added new biosample ID to has_input: nmdc:bsm-12-jpst4g08
INFO:root:Added new study ID to part_of: nmdc:sty-11-33fbta56
INFO:root:Found 1 OmicsProcessing records for biosample nmdc:bsm-12-5vpcg357
INFO:root:Added legacy omics processing ID to gold_sequencing_project_identifiers: gold:Gp0208376
INFO:root:Getting new ID for nmdc:OmicsProcessing gold:Gp0208376
INFO:root:Minted new ID: nmdc:omprc-13-fmhrks03
INFO:root:Added new biosample ID to has_input: nmdc:bsm-12-5vpcg357
INFO:root:Added new study ID to part_of: nmdc:sty-11-33fbta56
INFO:root:Found 2 OmicsProcessing records for biosample nmdc:bsm-12-y9xv8p63
INFO:root:Added legacy omics processing ID to gold_sequencing_project_identifiers: gold:Gp0208371
INFO:root:Getting new ID for nmdc:OmicsProcessing gold:Gp0208371
INFO:root:Minted new ID: nmdc:omprc-13-yknbcp10
INFO:root:Added new biosample ID to has_input: nmdc:bsm-12-y9xv8p63
INFO:root:Added new study ID to part_of: nmdc:sty-11-33fbta56
INFO:root:Found 2 OmicsProcessing records for biosample nmdc:bsm-12-qctyr565
INFO:root:Added legacy omics processing ID to gold_sequencing_project_identifiers: gold:Gp0208377
INFO:root:Getting new ID for nmdc:OmicsProcessing gold:Gp0208377
INFO:root:Minted new ID: nmdc:omprc-13-nd44rc31
INFO:root:Added new biosample ID to has_input: nmdc:bsm-12-qctyr565
INFO:root:Added new study ID to part_of: nmdc:sty-11-33fbta56
INFO:root:Found 1 OmicsProcessing records for biosample nmdc:bsm-12-jg6cyv90
INFO:root:Added legacy omics processing ID to gold_sequencing_project_identifiers: gold:Gp0208364
INFO:root:Getting new ID for nmdc:OmicsProcessing gold:Gp0208364
INFO:root:Minted new ID: nmdc:omprc-13-sxf5rw54
INFO:root:Added new biosample ID to has_input: nmdc:bsm-12-jg6cyv90
INFO:root:Added new study ID to part_of: nmdc:sty-11-33fbta56
INFO:root:Found 2 OmicsProcessing records for biosample nmdc:bsm-12-g4j6b812
INFO:root:Added legacy omics processing ID to gold_sequencing_project_identifiers: gold:Gp0208359
INFO:root:Getting new ID for nmdc:OmicsProcessing gold:Gp0208359
INFO:root:Minted new ID: nmdc:omprc-13-8tp1p823
INFO:root:Added new biosample ID to has_input: nmdc:bsm-12-g4j6b812
INFO:root:Added new study ID to part_of: nmdc:sty-11-33fbta56
INFO:root:Found 2 OmicsProcessing records for biosample nmdc:bsm-12-zm5skn77
INFO:root:Added legacy omics processing ID to gold_sequencing_project_identifiers: gold:Gp0208360
INFO:root:Getting new ID for nmdc:OmicsProcessing gold:Gp0208360
INFO:root:Minted new ID: nmdc:omprc-13-xe7k8b11
INFO:root:Added new biosample ID to has_input: nmdc:bsm-12-zm5skn77
INFO:root:Added new study ID to part_of: nmdc:sty-11-33fbta56
INFO:root:Found 2 OmicsProcessing records for biosample nmdc:bsm-12-kprgwc64
INFO:root:Added legacy omics processing ID to gold_sequencing_project_identifiers: gold:Gp0208369
INFO:root:Getting new ID for nmdc:OmicsProcessing gold:Gp0208369
INFO:root:Minted new ID: nmdc:omprc-13-73svg764
INFO:root:Added new biosample ID to has_input: nmdc:bsm-12-kprgwc64
INFO:root:Added new study ID to part_of: nmdc:sty-11-33fbta56
INFO:root:Found 2 OmicsProcessing records for biosample nmdc:bsm-12-012qca33
INFO:root:Added legacy omics processing ID to gold_sequencing_project_identifiers: gold:Gp0208372
INFO:root:Getting new ID for nmdc:OmicsProcessing gold:Gp0208372
INFO:root:Minted new ID: nmdc:omprc-13-r4c8yc98
INFO:root:Added new biosample ID to has_input: nmdc:bsm-12-012qca33
INFO:root:Added new study ID to part_of: nmdc:sty-11-33fbta56
INFO:root:Found 1 OmicsProcessing records for biosample nmdc:bsm-12-6qdzd845
INFO:root:Added legacy omics processing ID to gold_sequencing_project_identifiers: gold:Gp0208379
INFO:root:Getting new ID for nmdc:OmicsProcessing gold:Gp0208379
INFO:root:Minted new ID: nmdc:omprc-13-n10k2e95
INFO:root:Added new biosample ID to has_input: nmdc:bsm-12-6qdzd845
INFO:root:Added new study ID to part_of: nmdc:sty-11-33fbta56
INFO:root:Updating the database
INFO:root:Database update successful
INFO:root:Updated 0 records in study_set
INFO:root:Updated 0 records in biosample_set
INFO:root:Updated 24 records in omics_processing_set
INFO:root:Updated 50 records in data_object_set
INFO:root:Updated 0 records in metabolomics_analysis_activity_set
INFO:root:Updated 50 records in nom_analysis_activity_set
INFO:root:Deleted 0 records in omics_processing_set
INFO:root:Deleted 0 records in data_object_set
INFO:root:Writing updates and updated record identifiers to files
INFO:root:Writing 6 updates to /Users/MBThornton/Documents/code/nmdc_automation/nmdc_automation/re_iding/scripts/data/nmdc:sty-11-33fbta56/nmdc:sty-11-33fbta56_updates.tsv
INFO:root:Appending to existing file: /Users/MBThornton/Documents/code/nmdc_automation/nmdc_automation/re_iding/scripts/data/nmdc:sty-11-33fbta56/nmdc:sty-11-33fbta56_updates.tsv
INFO:root:Appending to existing file: /Users/MBThornton/Documents/code/nmdc_automation/nmdc_automation/re_iding/scripts/data/nmdc:sty-11-33fbta56/nmdc:sty-11-33fbta56_updated_record_identifiers.tsv
INFO:root:Writing 199 updated record identifiers to /Users/MBThornton/Documents/code/nmdc_automation/nmdc_automation/re_iding/scripts/data/nmdc:sty-11-33fbta56/nmdc:sty-11-33fbta56_updated_record_identifiers.tsv
INFO:root:Writing 2 deletions to /Users/MBThornton/Documents/code/nmdc_automation/nmdc_automation/re_iding/scripts/data/nmdc:sty-11-33fbta56/nmdc:sty-11-33fbta56_deletions.tsv
INFO:root:Creating new file: /Users/MBThornton/Documents/code/nmdc_automation/nmdc_automation/re_iding/scripts/data/nmdc:sty-11-33fbta56/nmdc:sty-11-33fbta56_deletions.tsv
INFO:root:Elapsed time: 55.893229722976685
