/Users/MBThornton/Library/Caches/pypoetry/virtualenvs/nmdc-automation-VEpwcKpc-py3.9/lib/python3.9/site-packages/urllib3/__init__.py:35: NotOpenSSLWarning: urllib3 v2 only supports OpenSSL 1.1.1+, currently the 'ssl' module is compiled with 'LibreSSL 2.8.3'. See: https://github.com/urllib3/urllib3/issues/3020
  warnings.warn(
INFO:root:Using NAPA config: ../../../configs/.local_napa_user_config.toml
INFO:root:Deleting old objects found in : data/nmdc:sty-11-dcqce727/nmdc:sty-11-dcqce727_associated_record_dump.json
INFO:pymongo.serverSelection:{"message": "Waiting for suitable server to become available", "selector": "Primary()", "operation": "listDatabases", "topologyDescription": "<TopologyDescription id: 66424eb72e15439c8a5379ab, topology_type: Single, servers: [<ServerDescription ('localhost', 27777) server_type: Unknown, rtt: None>]>", "clientId": {"$oid": "66424eb72e15439c8a5379ab"}, "remainingTimeMS": 4}
INFO:root:Deleting 35 records from data_object_set
INFO:root:Deleted 34 records from data_object_set
INFO:root:Deleting 1 records from mags_activity_set
INFO:root:Deleted 1 records from mags_activity_set
INFO:root:Deleting 1 records from metagenome_annotation_activity_set
INFO:root:Deleted 1 records from metagenome_annotation_activity_set
INFO:root:Deleting 1 records from metagenome_assembly_set
INFO:root:Deleted 1 records from metagenome_assembly_set
INFO:root:Deleting 1 records from read_qc_analysis_activity_set
INFO:root:Deleted 1 records from read_qc_analysis_activity_set
INFO:root:Deleting 1 records from read_based_taxonomy_analysis_activity_set
INFO:root:Deleted 1 records from read_based_taxonomy_analysis_activity_set
INFO:root:Deleting 35 records from data_object_set
INFO:root:Deleted 34 records from data_object_set
INFO:root:Deleting 1 records from mags_activity_set
INFO:root:Deleted 1 records from mags_activity_set
INFO:root:Deleting 1 records from metagenome_annotation_activity_set
INFO:root:Deleted 1 records from metagenome_annotation_activity_set
INFO:root:Deleting 1 records from metagenome_assembly_set
INFO:root:Deleted 1 records from metagenome_assembly_set
INFO:root:Deleting 1 records from read_qc_analysis_activity_set
INFO:root:Deleted 1 records from read_qc_analysis_activity_set
INFO:root:Deleting 1 records from read_based_taxonomy_analysis_activity_set
INFO:root:Deleted 1 records from read_based_taxonomy_analysis_activity_set
INFO:root:Deleting 35 records from data_object_set
INFO:root:Deleted 34 records from data_object_set
INFO:root:Deleting 1 records from mags_activity_set
INFO:root:Deleted 1 records from mags_activity_set
INFO:root:Deleting 1 records from metagenome_annotation_activity_set
INFO:root:Deleted 1 records from metagenome_annotation_activity_set
INFO:root:Deleting 1 records from metagenome_assembly_set
INFO:root:Deleted 1 records from metagenome_assembly_set
INFO:root:Deleting 1 records from read_qc_analysis_activity_set
INFO:root:Deleted 1 records from read_qc_analysis_activity_set
INFO:root:Deleting 1 records from read_based_taxonomy_analysis_activity_set
INFO:root:Deleted 1 records from read_based_taxonomy_analysis_activity_set
INFO:root:Deleting 35 records from data_object_set
INFO:root:Deleted 34 records from data_object_set
INFO:root:Deleting 1 records from mags_activity_set
INFO:root:Deleted 1 records from mags_activity_set
INFO:root:Deleting 1 records from metagenome_annotation_activity_set
INFO:root:Deleted 1 records from metagenome_annotation_activity_set
INFO:root:Deleting 1 records from metagenome_assembly_set
INFO:root:Deleted 1 records from metagenome_assembly_set
INFO:root:Deleting 1 records from read_qc_analysis_activity_set
INFO:root:Deleted 1 records from read_qc_analysis_activity_set
INFO:root:Deleting 1 records from read_based_taxonomy_analysis_activity_set
INFO:root:Deleted 1 records from read_based_taxonomy_analysis_activity_set
INFO:root:Deleting 35 records from data_object_set
INFO:root:Deleted 34 records from data_object_set
INFO:root:Deleting 1 records from mags_activity_set
INFO:root:Deleted 1 records from mags_activity_set
INFO:root:Deleting 1 records from metagenome_annotation_activity_set
INFO:root:Deleted 1 records from metagenome_annotation_activity_set
INFO:root:Deleting 1 records from metagenome_assembly_set
INFO:root:Deleted 1 records from metagenome_assembly_set
INFO:root:Deleting 1 records from read_qc_analysis_activity_set
INFO:root:Deleted 1 records from read_qc_analysis_activity_set
INFO:root:Deleting 1 records from read_based_taxonomy_analysis_activity_set
INFO:root:Deleted 1 records from read_based_taxonomy_analysis_activity_set
INFO:root:Deleting 35 records from data_object_set
INFO:root:Deleted 34 records from data_object_set
INFO:root:Deleting 1 records from mags_activity_set
INFO:root:Deleted 1 records from mags_activity_set
INFO:root:Deleting 1 records from metagenome_annotation_activity_set
INFO:root:Deleted 1 records from metagenome_annotation_activity_set
INFO:root:Deleting 1 records from metagenome_assembly_set
INFO:root:Deleted 1 records from metagenome_assembly_set
INFO:root:Deleting 1 records from read_qc_analysis_activity_set
INFO:root:Deleted 1 records from read_qc_analysis_activity_set
INFO:root:Deleting 1 records from read_based_taxonomy_analysis_activity_set
INFO:root:Deleted 1 records from read_based_taxonomy_analysis_activity_set
INFO:root:Deleting 35 records from data_object_set
INFO:root:Deleted 34 records from data_object_set
INFO:root:Deleting 1 records from mags_activity_set
INFO:root:Deleted 1 records from mags_activity_set
INFO:root:Deleting 1 records from metagenome_annotation_activity_set
INFO:root:Deleted 1 records from metagenome_annotation_activity_set
INFO:root:Deleting 1 records from metagenome_assembly_set
INFO:root:Deleted 1 records from metagenome_assembly_set
INFO:root:Deleting 1 records from read_qc_analysis_activity_set
INFO:root:Deleted 1 records from read_qc_analysis_activity_set
INFO:root:Deleting 1 records from read_based_taxonomy_analysis_activity_set
INFO:root:Deleted 1 records from read_based_taxonomy_analysis_activity_set
INFO:root:Deleting 35 records from data_object_set
INFO:root:Deleted 34 records from data_object_set
INFO:root:Deleting 1 records from mags_activity_set
INFO:root:Deleted 1 records from mags_activity_set
INFO:root:Deleting 1 records from metagenome_annotation_activity_set
INFO:root:Deleted 1 records from metagenome_annotation_activity_set
INFO:root:Deleting 1 records from metagenome_assembly_set
INFO:root:Deleted 1 records from metagenome_assembly_set
INFO:root:Deleting 1 records from read_qc_analysis_activity_set
INFO:root:Deleted 1 records from read_qc_analysis_activity_set
INFO:root:Deleting 1 records from read_based_taxonomy_analysis_activity_set
INFO:root:Deleted 1 records from read_based_taxonomy_analysis_activity_set
INFO:root:Deleting 35 records from data_object_set
INFO:root:Deleted 34 records from data_object_set
INFO:root:Deleting 1 records from mags_activity_set
INFO:root:Deleted 1 records from mags_activity_set
INFO:root:Deleting 1 records from metagenome_annotation_activity_set
INFO:root:Deleted 1 records from metagenome_annotation_activity_set
INFO:root:Deleting 1 records from metagenome_assembly_set
INFO:root:Deleted 1 records from metagenome_assembly_set
INFO:root:Deleting 1 records from read_qc_analysis_activity_set
INFO:root:Deleted 1 records from read_qc_analysis_activity_set
INFO:root:Deleting 1 records from read_based_taxonomy_analysis_activity_set
INFO:root:Deleted 1 records from read_based_taxonomy_analysis_activity_set
INFO:root:Deleting 35 records from data_object_set
INFO:root:Deleted 34 records from data_object_set
INFO:root:Deleting 1 records from mags_activity_set
INFO:root:Deleted 1 records from mags_activity_set
INFO:root:Deleting 1 records from metagenome_annotation_activity_set
INFO:root:Deleted 1 records from metagenome_annotation_activity_set
INFO:root:Deleting 1 records from metagenome_assembly_set
INFO:root:Deleted 1 records from metagenome_assembly_set
INFO:root:Deleting 1 records from read_qc_analysis_activity_set
INFO:root:Deleted 1 records from read_qc_analysis_activity_set
INFO:root:Deleting 1 records from read_based_taxonomy_analysis_activity_set
INFO:root:Deleted 1 records from read_based_taxonomy_analysis_activity_set
INFO:root:Deleting 35 records from data_object_set
INFO:root:Deleted 34 records from data_object_set
INFO:root:Deleting 1 records from mags_activity_set
INFO:root:Deleted 1 records from mags_activity_set
INFO:root:Deleting 1 records from metagenome_annotation_activity_set
INFO:root:Deleted 1 records from metagenome_annotation_activity_set
INFO:root:Deleting 1 records from metagenome_assembly_set
INFO:root:Deleted 1 records from metagenome_assembly_set
INFO:root:Deleting 1 records from read_qc_analysis_activity_set
INFO:root:Deleted 1 records from read_qc_analysis_activity_set
INFO:root:Deleting 1 records from read_based_taxonomy_analysis_activity_set
INFO:root:Deleted 1 records from read_based_taxonomy_analysis_activity_set
INFO:root:Deleting 35 records from data_object_set
INFO:root:Deleted 34 records from data_object_set
INFO:root:Deleting 1 records from mags_activity_set
INFO:root:Deleted 1 records from mags_activity_set
INFO:root:Deleting 1 records from metagenome_annotation_activity_set
INFO:root:Deleted 1 records from metagenome_annotation_activity_set
INFO:root:Deleting 1 records from metagenome_assembly_set
INFO:root:Deleted 1 records from metagenome_assembly_set
INFO:root:Deleting 1 records from read_qc_analysis_activity_set
INFO:root:Deleted 1 records from read_qc_analysis_activity_set
INFO:root:Deleting 1 records from read_based_taxonomy_analysis_activity_set
INFO:root:Deleted 1 records from read_based_taxonomy_analysis_activity_set
INFO:root:Deleting 35 records from data_object_set
INFO:root:Deleted 34 records from data_object_set
INFO:root:Deleting 1 records from mags_activity_set
INFO:root:Deleted 1 records from mags_activity_set
INFO:root:Deleting 1 records from metagenome_annotation_activity_set
INFO:root:Deleted 1 records from metagenome_annotation_activity_set
INFO:root:Deleting 1 records from metagenome_assembly_set
INFO:root:Deleted 1 records from metagenome_assembly_set
INFO:root:Deleting 1 records from read_qc_analysis_activity_set
INFO:root:Deleted 1 records from read_qc_analysis_activity_set
INFO:root:Deleting 1 records from read_based_taxonomy_analysis_activity_set
INFO:root:Deleted 1 records from read_based_taxonomy_analysis_activity_set
INFO:root:Deleting 35 records from data_object_set
INFO:root:Deleted 34 records from data_object_set
INFO:root:Deleting 1 records from mags_activity_set
INFO:root:Deleted 1 records from mags_activity_set
INFO:root:Deleting 1 records from metagenome_annotation_activity_set
INFO:root:Deleted 1 records from metagenome_annotation_activity_set
INFO:root:Deleting 1 records from metagenome_assembly_set
INFO:root:Deleted 1 records from metagenome_assembly_set
INFO:root:Deleting 1 records from read_qc_analysis_activity_set
INFO:root:Deleted 1 records from read_qc_analysis_activity_set
INFO:root:Deleting 1 records from read_based_taxonomy_analysis_activity_set
INFO:root:Deleted 1 records from read_based_taxonomy_analysis_activity_set
INFO:root:Deleting 35 records from data_object_set
INFO:root:Deleted 34 records from data_object_set
INFO:root:Deleting 1 records from mags_activity_set
INFO:root:Deleted 1 records from mags_activity_set
INFO:root:Deleting 1 records from metagenome_annotation_activity_set
INFO:root:Deleted 1 records from metagenome_annotation_activity_set
INFO:root:Deleting 1 records from metagenome_assembly_set
INFO:root:Deleted 1 records from metagenome_assembly_set
INFO:root:Deleting 1 records from read_qc_analysis_activity_set
INFO:root:Deleted 1 records from read_qc_analysis_activity_set
INFO:root:Deleting 1 records from read_based_taxonomy_analysis_activity_set
INFO:root:Deleted 1 records from read_based_taxonomy_analysis_activity_set
INFO:root:Deleting 35 records from data_object_set
INFO:root:Deleted 34 records from data_object_set
INFO:root:Deleting 1 records from mags_activity_set
INFO:root:Deleted 1 records from mags_activity_set
INFO:root:Deleting 1 records from metagenome_annotation_activity_set
INFO:root:Deleted 1 records from metagenome_annotation_activity_set
INFO:root:Deleting 1 records from metagenome_assembly_set
INFO:root:Deleted 1 records from metagenome_assembly_set
INFO:root:Deleting 1 records from read_qc_analysis_activity_set
INFO:root:Deleted 1 records from read_qc_analysis_activity_set
INFO:root:Deleting 1 records from read_based_taxonomy_analysis_activity_set
INFO:root:Deleted 1 records from read_based_taxonomy_analysis_activity_set
INFO:root:Deleting 35 records from data_object_set
INFO:root:Deleted 34 records from data_object_set
INFO:root:Deleting 1 records from mags_activity_set
INFO:root:Deleted 1 records from mags_activity_set
INFO:root:Deleting 1 records from metagenome_annotation_activity_set
INFO:root:Deleted 1 records from metagenome_annotation_activity_set
INFO:root:Deleting 1 records from metagenome_assembly_set
INFO:root:Deleted 1 records from metagenome_assembly_set
INFO:root:Deleting 1 records from read_qc_analysis_activity_set
INFO:root:Deleted 1 records from read_qc_analysis_activity_set
INFO:root:Deleting 1 records from read_based_taxonomy_analysis_activity_set
INFO:root:Deleted 1 records from read_based_taxonomy_analysis_activity_set
INFO:root:Deleting 35 records from data_object_set
INFO:root:Deleted 34 records from data_object_set
INFO:root:Deleting 1 records from mags_activity_set
INFO:root:Deleted 1 records from mags_activity_set
INFO:root:Deleting 1 records from metagenome_annotation_activity_set
INFO:root:Deleted 1 records from metagenome_annotation_activity_set
INFO:root:Deleting 1 records from metagenome_assembly_set
INFO:root:Deleted 1 records from metagenome_assembly_set
INFO:root:Deleting 1 records from read_qc_analysis_activity_set
INFO:root:Deleted 1 records from read_qc_analysis_activity_set
INFO:root:Deleting 1 records from read_based_taxonomy_analysis_activity_set
INFO:root:Deleted 1 records from read_based_taxonomy_analysis_activity_set
INFO:root:Deleting 35 records from data_object_set
INFO:root:Deleted 34 records from data_object_set
INFO:root:Deleting 1 records from mags_activity_set
INFO:root:Deleted 1 records from mags_activity_set
INFO:root:Deleting 1 records from metagenome_annotation_activity_set
INFO:root:Deleted 1 records from metagenome_annotation_activity_set
INFO:root:Deleting 1 records from metagenome_assembly_set
INFO:root:Deleted 1 records from metagenome_assembly_set
INFO:root:Deleting 1 records from read_qc_analysis_activity_set
INFO:root:Deleted 1 records from read_qc_analysis_activity_set
INFO:root:Deleting 1 records from read_based_taxonomy_analysis_activity_set
INFO:root:Deleted 1 records from read_based_taxonomy_analysis_activity_set
INFO:root:Deleting 35 records from data_object_set
INFO:root:Deleted 34 records from data_object_set
INFO:root:Deleting 1 records from mags_activity_set
INFO:root:Deleted 1 records from mags_activity_set
INFO:root:Deleting 1 records from metagenome_annotation_activity_set
INFO:root:Deleted 1 records from metagenome_annotation_activity_set
INFO:root:Deleting 1 records from metagenome_assembly_set
INFO:root:Deleted 1 records from metagenome_assembly_set
INFO:root:Deleting 1 records from read_qc_analysis_activity_set
INFO:root:Deleted 1 records from read_qc_analysis_activity_set
INFO:root:Deleting 1 records from read_based_taxonomy_analysis_activity_set
INFO:root:Deleted 1 records from read_based_taxonomy_analysis_activity_set
INFO:root:Deleting 35 records from data_object_set
INFO:root:Deleted 34 records from data_object_set
INFO:root:Deleting 1 records from mags_activity_set
INFO:root:Deleted 1 records from mags_activity_set
INFO:root:Deleting 1 records from metagenome_annotation_activity_set
INFO:root:Deleted 1 records from metagenome_annotation_activity_set
INFO:root:Deleting 1 records from metagenome_assembly_set
INFO:root:Deleted 1 records from metagenome_assembly_set
INFO:root:Deleting 1 records from read_qc_analysis_activity_set
INFO:root:Deleted 1 records from read_qc_analysis_activity_set
INFO:root:Deleting 1 records from read_based_taxonomy_analysis_activity_set
INFO:root:Deleted 1 records from read_based_taxonomy_analysis_activity_set
INFO:root:Deleting 35 records from data_object_set
INFO:root:Deleted 34 records from data_object_set
INFO:root:Deleting 1 records from mags_activity_set
INFO:root:Deleted 1 records from mags_activity_set
INFO:root:Deleting 1 records from metagenome_annotation_activity_set
INFO:root:Deleted 1 records from metagenome_annotation_activity_set
INFO:root:Deleting 1 records from metagenome_assembly_set
INFO:root:Deleted 1 records from metagenome_assembly_set
INFO:root:Deleting 1 records from read_qc_analysis_activity_set
INFO:root:Deleted 1 records from read_qc_analysis_activity_set
INFO:root:Deleting 1 records from read_based_taxonomy_analysis_activity_set
INFO:root:Deleted 1 records from read_based_taxonomy_analysis_activity_set
INFO:root:Deleting 35 records from data_object_set
INFO:root:Deleted 34 records from data_object_set
INFO:root:Deleting 1 records from mags_activity_set
INFO:root:Deleted 1 records from mags_activity_set
INFO:root:Deleting 1 records from metagenome_annotation_activity_set
INFO:root:Deleted 1 records from metagenome_annotation_activity_set
INFO:root:Deleting 1 records from metagenome_assembly_set
INFO:root:Deleted 1 records from metagenome_assembly_set
INFO:root:Deleting 1 records from read_qc_analysis_activity_set
INFO:root:Deleted 1 records from read_qc_analysis_activity_set
INFO:root:Deleting 1 records from read_based_taxonomy_analysis_activity_set
INFO:root:Deleted 1 records from read_based_taxonomy_analysis_activity_set
INFO:root:Deleting 35 records from data_object_set
INFO:root:Deleted 34 records from data_object_set
INFO:root:Deleting 1 records from mags_activity_set
INFO:root:Deleted 1 records from mags_activity_set
INFO:root:Deleting 1 records from metagenome_annotation_activity_set
INFO:root:Deleted 1 records from metagenome_annotation_activity_set
INFO:root:Deleting 1 records from metagenome_assembly_set
INFO:root:Deleted 1 records from metagenome_assembly_set
INFO:root:Deleting 1 records from read_qc_analysis_activity_set
INFO:root:Deleted 1 records from read_qc_analysis_activity_set
INFO:root:Deleting 1 records from read_based_taxonomy_analysis_activity_set
INFO:root:Deleted 1 records from read_based_taxonomy_analysis_activity_set
INFO:root:Deleting 35 records from data_object_set
INFO:root:Deleted 34 records from data_object_set
INFO:root:Deleting 1 records from mags_activity_set
INFO:root:Deleted 1 records from mags_activity_set
INFO:root:Deleting 1 records from metagenome_annotation_activity_set
INFO:root:Deleted 1 records from metagenome_annotation_activity_set
INFO:root:Deleting 1 records from metagenome_assembly_set
INFO:root:Deleted 1 records from metagenome_assembly_set
INFO:root:Deleting 1 records from read_qc_analysis_activity_set
INFO:root:Deleted 1 records from read_qc_analysis_activity_set
INFO:root:Deleting 1 records from read_based_taxonomy_analysis_activity_set
INFO:root:Deleted 1 records from read_based_taxonomy_analysis_activity_set
INFO:root:Deleting 35 records from data_object_set
INFO:root:Deleted 34 records from data_object_set
INFO:root:Deleting 1 records from mags_activity_set
INFO:root:Deleted 1 records from mags_activity_set
INFO:root:Deleting 1 records from metagenome_annotation_activity_set
INFO:root:Deleted 1 records from metagenome_annotation_activity_set
INFO:root:Deleting 1 records from metagenome_assembly_set
INFO:root:Deleted 1 records from metagenome_assembly_set
INFO:root:Deleting 1 records from read_qc_analysis_activity_set
INFO:root:Deleted 1 records from read_qc_analysis_activity_set
INFO:root:Deleting 1 records from read_based_taxonomy_analysis_activity_set
INFO:root:Deleted 1 records from read_based_taxonomy_analysis_activity_set
INFO:root:Deleting 35 records from data_object_set
INFO:root:Deleted 34 records from data_object_set
INFO:root:Deleting 1 records from mags_activity_set
INFO:root:Deleted 1 records from mags_activity_set
INFO:root:Deleting 1 records from metagenome_annotation_activity_set
INFO:root:Deleted 1 records from metagenome_annotation_activity_set
INFO:root:Deleting 1 records from metagenome_assembly_set
INFO:root:Deleted 1 records from metagenome_assembly_set
INFO:root:Deleting 1 records from read_qc_analysis_activity_set
INFO:root:Deleted 1 records from read_qc_analysis_activity_set
INFO:root:Deleting 1 records from read_based_taxonomy_analysis_activity_set
INFO:root:Deleted 1 records from read_based_taxonomy_analysis_activity_set
INFO:root:Deleting 35 records from data_object_set
INFO:root:Deleted 34 records from data_object_set
INFO:root:Deleting 1 records from mags_activity_set
INFO:root:Deleted 1 records from mags_activity_set
INFO:root:Deleting 1 records from metagenome_annotation_activity_set
INFO:root:Deleted 1 records from metagenome_annotation_activity_set
INFO:root:Deleting 1 records from metagenome_assembly_set
INFO:root:Deleted 1 records from metagenome_assembly_set
INFO:root:Deleting 1 records from read_qc_analysis_activity_set
INFO:root:Deleted 1 records from read_qc_analysis_activity_set
INFO:root:Deleting 1 records from read_based_taxonomy_analysis_activity_set
INFO:root:Deleted 1 records from read_based_taxonomy_analysis_activity_set
INFO:root:Deleting 35 records from data_object_set
INFO:root:Deleted 34 records from data_object_set
INFO:root:Deleting 1 records from mags_activity_set
INFO:root:Deleted 1 records from mags_activity_set
INFO:root:Deleting 1 records from metagenome_annotation_activity_set
INFO:root:Deleted 1 records from metagenome_annotation_activity_set
INFO:root:Deleting 1 records from metagenome_assembly_set
INFO:root:Deleted 1 records from metagenome_assembly_set
INFO:root:Deleting 1 records from read_qc_analysis_activity_set
INFO:root:Deleted 1 records from read_qc_analysis_activity_set
INFO:root:Deleting 1 records from read_based_taxonomy_analysis_activity_set
INFO:root:Deleted 1 records from read_based_taxonomy_analysis_activity_set
INFO:root:Deleting 35 records from data_object_set
INFO:root:Deleted 34 records from data_object_set
INFO:root:Deleting 1 records from mags_activity_set
INFO:root:Deleted 1 records from mags_activity_set
INFO:root:Deleting 1 records from metagenome_annotation_activity_set
INFO:root:Deleted 1 records from metagenome_annotation_activity_set
INFO:root:Deleting 1 records from metagenome_assembly_set
INFO:root:Deleted 1 records from metagenome_assembly_set
INFO:root:Deleting 1 records from read_qc_analysis_activity_set
INFO:root:Deleted 1 records from read_qc_analysis_activity_set
INFO:root:Deleting 1 records from read_based_taxonomy_analysis_activity_set
INFO:root:Deleted 1 records from read_based_taxonomy_analysis_activity_set
INFO:root:Deleting 35 records from data_object_set
INFO:root:Deleted 34 records from data_object_set
INFO:root:Deleting 1 records from mags_activity_set
INFO:root:Deleted 1 records from mags_activity_set
INFO:root:Deleting 1 records from metagenome_annotation_activity_set
INFO:root:Deleted 1 records from metagenome_annotation_activity_set
INFO:root:Deleting 1 records from metagenome_assembly_set
INFO:root:Deleted 1 records from metagenome_assembly_set
INFO:root:Deleting 1 records from read_qc_analysis_activity_set
INFO:root:Deleted 1 records from read_qc_analysis_activity_set
INFO:root:Deleting 1 records from read_based_taxonomy_analysis_activity_set
INFO:root:Deleted 1 records from read_based_taxonomy_analysis_activity_set
INFO:root:Deleting 35 records from data_object_set
INFO:root:Deleted 34 records from data_object_set
INFO:root:Deleting 1 records from mags_activity_set
INFO:root:Deleted 1 records from mags_activity_set
INFO:root:Deleting 1 records from metagenome_annotation_activity_set
INFO:root:Deleted 1 records from metagenome_annotation_activity_set
INFO:root:Deleting 1 records from metagenome_assembly_set
INFO:root:Deleted 1 records from metagenome_assembly_set
INFO:root:Deleting 1 records from read_qc_analysis_activity_set
INFO:root:Deleted 1 records from read_qc_analysis_activity_set
INFO:root:Deleting 1 records from read_based_taxonomy_analysis_activity_set
INFO:root:Deleted 1 records from read_based_taxonomy_analysis_activity_set
INFO:root:Deleting 35 records from data_object_set
INFO:root:Deleted 34 records from data_object_set
INFO:root:Deleting 1 records from mags_activity_set
INFO:root:Deleted 1 records from mags_activity_set
INFO:root:Deleting 1 records from metagenome_annotation_activity_set
INFO:root:Deleted 1 records from metagenome_annotation_activity_set
INFO:root:Deleting 1 records from metagenome_assembly_set
INFO:root:Deleted 1 records from metagenome_assembly_set
INFO:root:Deleting 1 records from read_qc_analysis_activity_set
INFO:root:Deleted 1 records from read_qc_analysis_activity_set
INFO:root:Deleting 1 records from read_based_taxonomy_analysis_activity_set
INFO:root:Deleted 1 records from read_based_taxonomy_analysis_activity_set
INFO:root:Deleting 35 records from data_object_set
INFO:root:Deleted 34 records from data_object_set
INFO:root:Deleting 1 records from mags_activity_set
INFO:root:Deleted 1 records from mags_activity_set
INFO:root:Deleting 1 records from metagenome_annotation_activity_set
INFO:root:Deleted 1 records from metagenome_annotation_activity_set
INFO:root:Deleting 1 records from metagenome_assembly_set
INFO:root:Deleted 1 records from metagenome_assembly_set
INFO:root:Deleting 1 records from read_qc_analysis_activity_set
INFO:root:Deleted 1 records from read_qc_analysis_activity_set
INFO:root:Deleting 1 records from read_based_taxonomy_analysis_activity_set
INFO:root:Deleted 1 records from read_based_taxonomy_analysis_activity_set
INFO:root:Deleting 35 records from data_object_set
INFO:root:Deleted 34 records from data_object_set
INFO:root:Deleting 1 records from mags_activity_set
INFO:root:Deleted 1 records from mags_activity_set
INFO:root:Deleting 1 records from metagenome_annotation_activity_set
INFO:root:Deleted 1 records from metagenome_annotation_activity_set
INFO:root:Deleting 1 records from metagenome_assembly_set
INFO:root:Deleted 1 records from metagenome_assembly_set
INFO:root:Deleting 1 records from read_qc_analysis_activity_set
INFO:root:Deleted 1 records from read_qc_analysis_activity_set
INFO:root:Deleting 1 records from read_based_taxonomy_analysis_activity_set
INFO:root:Deleted 1 records from read_based_taxonomy_analysis_activity_set
INFO:root:Deleting 35 records from data_object_set
INFO:root:Deleted 34 records from data_object_set
INFO:root:Deleting 1 records from mags_activity_set
INFO:root:Deleted 1 records from mags_activity_set
INFO:root:Deleting 1 records from metagenome_annotation_activity_set
INFO:root:Deleted 1 records from metagenome_annotation_activity_set
INFO:root:Deleting 1 records from metagenome_assembly_set
INFO:root:Deleted 1 records from metagenome_assembly_set
INFO:root:Deleting 1 records from read_qc_analysis_activity_set
INFO:root:Deleted 1 records from read_qc_analysis_activity_set
INFO:root:Deleting 1 records from read_based_taxonomy_analysis_activity_set
INFO:root:Deleted 1 records from read_based_taxonomy_analysis_activity_set
INFO:root:Deleting 35 records from data_object_set
INFO:root:Deleted 34 records from data_object_set
INFO:root:Deleting 1 records from mags_activity_set
INFO:root:Deleted 1 records from mags_activity_set
INFO:root:Deleting 1 records from metagenome_annotation_activity_set
INFO:root:Deleted 1 records from metagenome_annotation_activity_set
INFO:root:Deleting 1 records from metagenome_assembly_set
INFO:root:Deleted 1 records from metagenome_assembly_set
INFO:root:Deleting 1 records from read_qc_analysis_activity_set
INFO:root:Deleted 1 records from read_qc_analysis_activity_set
INFO:root:Deleting 1 records from read_based_taxonomy_analysis_activity_set
INFO:root:Deleted 1 records from read_based_taxonomy_analysis_activity_set
INFO:root:Deleting 31 records from data_object_set
INFO:root:Deleted 31 records from data_object_set
INFO:root:Deleting 1 records from mags_activity_set
INFO:root:Deleted 1 records from mags_activity_set
INFO:root:Deleting 1 records from metagenome_annotation_activity_set
INFO:root:Deleted 1 records from metagenome_annotation_activity_set
INFO:root:Deleting 1 records from metagenome_assembly_set
INFO:root:Deleted 1 records from metagenome_assembly_set
INFO:root:Deleting 1 records from read_qc_analysis_activity_set
INFO:root:Deleted 1 records from read_qc_analysis_activity_set
INFO:root:Deleting 1 records from read_based_taxonomy_analysis_activity_set
INFO:root:Deleted 1 records from read_based_taxonomy_analysis_activity_set
INFO:root:Deleting 35 records from data_object_set
INFO:root:Deleted 34 records from data_object_set
INFO:root:Deleting 1 records from mags_activity_set
INFO:root:Deleted 1 records from mags_activity_set
INFO:root:Deleting 1 records from metagenome_annotation_activity_set
INFO:root:Deleted 1 records from metagenome_annotation_activity_set
INFO:root:Deleting 1 records from metagenome_assembly_set
INFO:root:Deleted 1 records from metagenome_assembly_set
INFO:root:Deleting 1 records from read_qc_analysis_activity_set
INFO:root:Deleted 1 records from read_qc_analysis_activity_set
INFO:root:Deleting 1 records from read_based_taxonomy_analysis_activity_set
INFO:root:Deleted 1 records from read_based_taxonomy_analysis_activity_set
INFO:root:Deleting 31 records from data_object_set
INFO:root:Deleted 31 records from data_object_set
INFO:root:Deleting 1 records from mags_activity_set
INFO:root:Deleted 1 records from mags_activity_set
INFO:root:Deleting 1 records from metagenome_annotation_activity_set
INFO:root:Deleted 1 records from metagenome_annotation_activity_set
INFO:root:Deleting 1 records from metagenome_assembly_set
INFO:root:Deleted 1 records from metagenome_assembly_set
INFO:root:Deleting 1 records from read_qc_analysis_activity_set
INFO:root:Deleted 1 records from read_qc_analysis_activity_set
INFO:root:Deleting 1 records from read_based_taxonomy_analysis_activity_set
INFO:root:Deleted 1 records from read_based_taxonomy_analysis_activity_set
INFO:root:Deleting 31 records from data_object_set
INFO:root:Deleted 31 records from data_object_set
INFO:root:Deleting 1 records from mags_activity_set
INFO:root:Deleted 1 records from mags_activity_set
INFO:root:Deleting 1 records from metagenome_annotation_activity_set
INFO:root:Deleted 1 records from metagenome_annotation_activity_set
INFO:root:Deleting 1 records from metagenome_assembly_set
INFO:root:Deleted 1 records from metagenome_assembly_set
INFO:root:Deleting 1 records from read_qc_analysis_activity_set
INFO:root:Deleted 1 records from read_qc_analysis_activity_set
INFO:root:Deleting 1 records from read_based_taxonomy_analysis_activity_set
INFO:root:Deleted 1 records from read_based_taxonomy_analysis_activity_set
INFO:root:Deleting 31 records from data_object_set
INFO:root:Deleted 31 records from data_object_set
INFO:root:Deleting 1 records from mags_activity_set
INFO:root:Deleted 1 records from mags_activity_set
INFO:root:Deleting 1 records from metagenome_annotation_activity_set
INFO:root:Deleted 1 records from metagenome_annotation_activity_set
INFO:root:Deleting 1 records from metagenome_assembly_set
INFO:root:Deleted 1 records from metagenome_assembly_set
INFO:root:Deleting 1 records from read_qc_analysis_activity_set
INFO:root:Deleted 1 records from read_qc_analysis_activity_set
INFO:root:Deleting 1 records from read_based_taxonomy_analysis_activity_set
INFO:root:Deleted 1 records from read_based_taxonomy_analysis_activity_set
INFO:root:Deleting 31 records from data_object_set
INFO:root:Deleted 31 records from data_object_set
INFO:root:Deleting 1 records from mags_activity_set
INFO:root:Deleted 1 records from mags_activity_set
INFO:root:Deleting 1 records from metagenome_annotation_activity_set
INFO:root:Deleted 1 records from metagenome_annotation_activity_set
INFO:root:Deleting 1 records from metagenome_assembly_set
INFO:root:Deleted 1 records from metagenome_assembly_set
INFO:root:Deleting 1 records from read_qc_analysis_activity_set
INFO:root:Deleted 1 records from read_qc_analysis_activity_set
INFO:root:Deleting 1 records from read_based_taxonomy_analysis_activity_set
INFO:root:Deleted 1 records from read_based_taxonomy_analysis_activity_set
INFO:root:Deleting 31 records from data_object_set
INFO:root:Deleted 31 records from data_object_set
INFO:root:Deleting 1 records from mags_activity_set
INFO:root:Deleted 1 records from mags_activity_set
INFO:root:Deleting 1 records from metagenome_annotation_activity_set
INFO:root:Deleted 1 records from metagenome_annotation_activity_set
INFO:root:Deleting 1 records from metagenome_assembly_set
INFO:root:Deleted 1 records from metagenome_assembly_set
INFO:root:Deleting 1 records from read_qc_analysis_activity_set
INFO:root:Deleted 1 records from read_qc_analysis_activity_set
INFO:root:Deleting 1 records from read_based_taxonomy_analysis_activity_set
INFO:root:Deleted 1 records from read_based_taxonomy_analysis_activity_set
INFO:root:Deleting 1 records from data_object_set
INFO:root:Deleted 1 records from data_object_set
INFO:root:Deleting 8 records from data_object_set
INFO:root:Deleted 8 records from data_object_set
INFO:root:Deleting 1 records from metagenome_annotation_activity_set
INFO:root:Deleted 1 records from metagenome_annotation_activity_set
INFO:root:Deleting 1 records from read_qc_analysis_activity_set
INFO:root:Deleted 1 records from read_qc_analysis_activity_set
INFO:root:Deleting 35 records from data_object_set
INFO:root:Deleted 34 records from data_object_set
INFO:root:Deleting 1 records from mags_activity_set
INFO:root:Deleted 1 records from mags_activity_set
INFO:root:Deleting 1 records from metagenome_annotation_activity_set
INFO:root:Deleted 1 records from metagenome_annotation_activity_set
INFO:root:Deleting 1 records from metagenome_assembly_set
INFO:root:Deleted 1 records from metagenome_assembly_set
INFO:root:Deleting 1 records from read_qc_analysis_activity_set
INFO:root:Deleted 1 records from read_qc_analysis_activity_set
INFO:root:Deleting 1 records from read_based_taxonomy_analysis_activity_set
INFO:root:Deleted 1 records from read_based_taxonomy_analysis_activity_set
INFO:root:Deleting 31 records from data_object_set
INFO:root:Deleted 31 records from data_object_set
INFO:root:Deleting 1 records from mags_activity_set
INFO:root:Deleted 1 records from mags_activity_set
INFO:root:Deleting 1 records from metagenome_annotation_activity_set
INFO:root:Deleted 1 records from metagenome_annotation_activity_set
INFO:root:Deleting 1 records from metagenome_assembly_set
INFO:root:Deleted 1 records from metagenome_assembly_set
INFO:root:Deleting 1 records from read_qc_analysis_activity_set
INFO:root:Deleted 1 records from read_qc_analysis_activity_set
INFO:root:Deleting 1 records from read_based_taxonomy_analysis_activity_set
INFO:root:Deleted 1 records from read_based_taxonomy_analysis_activity_set
INFO:root:Deleting 31 records from data_object_set
INFO:root:Deleted 31 records from data_object_set
INFO:root:Deleting 1 records from mags_activity_set
INFO:root:Deleted 1 records from mags_activity_set
INFO:root:Deleting 1 records from metagenome_annotation_activity_set
INFO:root:Deleted 1 records from metagenome_annotation_activity_set
INFO:root:Deleting 1 records from metagenome_assembly_set
INFO:root:Deleted 1 records from metagenome_assembly_set
INFO:root:Deleting 1 records from read_qc_analysis_activity_set
INFO:root:Deleted 1 records from read_qc_analysis_activity_set
INFO:root:Deleting 1 records from read_based_taxonomy_analysis_activity_set
INFO:root:Deleted 1 records from read_based_taxonomy_analysis_activity_set
INFO:root:Deleting 8 records from data_object_set
INFO:root:Deleted 8 records from data_object_set
INFO:root:Deleting 1 records from metagenome_annotation_activity_set
INFO:root:Deleted 1 records from metagenome_annotation_activity_set
INFO:root:Deleting 1 records from read_qc_analysis_activity_set
INFO:root:Deleted 1 records from read_qc_analysis_activity_set
INFO:root:Deleting 8 records from data_object_set
INFO:root:Deleted 8 records from data_object_set
INFO:root:Deleting 1 records from metagenome_annotation_activity_set
INFO:root:Deleted 1 records from metagenome_annotation_activity_set
INFO:root:Deleting 1 records from read_qc_analysis_activity_set
INFO:root:Deleted 1 records from read_qc_analysis_activity_set
INFO:root:Deleting 3 records from data_object_set
INFO:root:Deleted 3 records from data_object_set
INFO:root:Deleting 1 records from read_qc_analysis_activity_set
INFO:root:Deleted 1 records from read_qc_analysis_activity_set
INFO:root:Deleting 8 records from data_object_set
INFO:root:Deleted 8 records from data_object_set
INFO:root:Deleting 1 records from metagenome_annotation_activity_set
INFO:root:Deleted 1 records from metagenome_annotation_activity_set
INFO:root:Deleting 1 records from read_qc_analysis_activity_set
INFO:root:Deleted 1 records from read_qc_analysis_activity_set
INFO:root:Deleting 35 records from data_object_set
INFO:root:Deleted 34 records from data_object_set
INFO:root:Deleting 1 records from mags_activity_set
INFO:root:Deleted 1 records from mags_activity_set
INFO:root:Deleting 1 records from metagenome_annotation_activity_set
INFO:root:Deleted 1 records from metagenome_annotation_activity_set
INFO:root:Deleting 1 records from metagenome_assembly_set
INFO:root:Deleted 1 records from metagenome_assembly_set
INFO:root:Deleting 1 records from read_qc_analysis_activity_set
INFO:root:Deleted 1 records from read_qc_analysis_activity_set
INFO:root:Deleting 1 records from read_based_taxonomy_analysis_activity_set
INFO:root:Deleted 1 records from read_based_taxonomy_analysis_activity_set
INFO:root:Deleting 8 records from data_object_set
INFO:root:Deleted 8 records from data_object_set
INFO:root:Deleting 1 records from metagenome_annotation_activity_set
INFO:root:Deleted 1 records from metagenome_annotation_activity_set
INFO:root:Deleting 1 records from read_qc_analysis_activity_set
INFO:root:Deleted 1 records from read_qc_analysis_activity_set
INFO:root:Deleting 8 records from data_object_set
INFO:root:Deleted 8 records from data_object_set
INFO:root:Deleting 1 records from metagenome_annotation_activity_set
INFO:root:Deleted 1 records from metagenome_annotation_activity_set
INFO:root:Deleting 1 records from read_qc_analysis_activity_set
INFO:root:Deleted 1 records from read_qc_analysis_activity_set
INFO:root:Deleting 8 records from data_object_set
INFO:root:Deleted 8 records from data_object_set
INFO:root:Deleting 1 records from metagenome_annotation_activity_set
INFO:root:Deleted 1 records from metagenome_annotation_activity_set
INFO:root:Deleting 1 records from read_qc_analysis_activity_set
INFO:root:Deleted 1 records from read_qc_analysis_activity_set
INFO:root:Deleting 8 records from data_object_set
INFO:root:Deleted 8 records from data_object_set
INFO:root:Deleting 1 records from metagenome_annotation_activity_set
INFO:root:Deleted 1 records from metagenome_annotation_activity_set
INFO:root:Deleting 1 records from read_qc_analysis_activity_set
INFO:root:Deleted 1 records from read_qc_analysis_activity_set
INFO:root:Deleting 8 records from data_object_set
INFO:root:Deleted 8 records from data_object_set
INFO:root:Deleting 1 records from metagenome_annotation_activity_set
INFO:root:Deleted 1 records from metagenome_annotation_activity_set
INFO:root:Deleting 1 records from read_qc_analysis_activity_set
INFO:root:Deleted 1 records from read_qc_analysis_activity_set
INFO:root:Deleting 8 records from data_object_set
INFO:root:Deleted 8 records from data_object_set
INFO:root:Deleting 1 records from metagenome_annotation_activity_set
INFO:root:Deleted 1 records from metagenome_annotation_activity_set
INFO:root:Deleting 1 records from read_qc_analysis_activity_set
INFO:root:Deleted 1 records from read_qc_analysis_activity_set
INFO:root:Deleting 8 records from data_object_set
INFO:root:Deleted 8 records from data_object_set
INFO:root:Deleting 1 records from metagenome_annotation_activity_set
INFO:root:Deleted 1 records from metagenome_annotation_activity_set
INFO:root:Deleting 1 records from read_qc_analysis_activity_set
INFO:root:Deleted 1 records from read_qc_analysis_activity_set
INFO:root:Deleting 8 records from data_object_set
INFO:root:Deleted 8 records from data_object_set
INFO:root:Deleting 1 records from metagenome_annotation_activity_set
INFO:root:Deleted 1 records from metagenome_annotation_activity_set
INFO:root:Deleting 1 records from read_qc_analysis_activity_set
INFO:root:Deleted 1 records from read_qc_analysis_activity_set
INFO:root:Deleting 8 records from data_object_set
INFO:root:Deleted 8 records from data_object_set
INFO:root:Deleting 1 records from metagenome_annotation_activity_set
INFO:root:Deleted 1 records from metagenome_annotation_activity_set
INFO:root:Deleting 1 records from read_qc_analysis_activity_set
INFO:root:Deleted 1 records from read_qc_analysis_activity_set
INFO:root:Deleting 8 records from data_object_set
INFO:root:Deleted 8 records from data_object_set
INFO:root:Deleting 1 records from metagenome_annotation_activity_set
INFO:root:Deleted 1 records from metagenome_annotation_activity_set
INFO:root:Deleting 1 records from read_qc_analysis_activity_set
INFO:root:Deleted 1 records from read_qc_analysis_activity_set
INFO:root:Deleting 8 records from data_object_set
INFO:root:Deleted 8 records from data_object_set
INFO:root:Deleting 1 records from metagenome_annotation_activity_set
INFO:root:Deleted 1 records from metagenome_annotation_activity_set
INFO:root:Deleting 1 records from read_qc_analysis_activity_set
INFO:root:Deleted 1 records from read_qc_analysis_activity_set
INFO:root:Deleting 3 records from data_object_set
INFO:root:Deleted 3 records from data_object_set
INFO:root:Deleting 1 records from read_qc_analysis_activity_set
INFO:root:Deleted 1 records from read_qc_analysis_activity_set
INFO:root:Deleting 8 records from data_object_set
INFO:root:Deleted 8 records from data_object_set
INFO:root:Deleting 1 records from metagenome_annotation_activity_set
INFO:root:Deleted 1 records from metagenome_annotation_activity_set
INFO:root:Deleting 1 records from read_qc_analysis_activity_set
INFO:root:Deleted 1 records from read_qc_analysis_activity_set
INFO:root:Deleting 8 records from data_object_set
INFO:root:Deleted 8 records from data_object_set
INFO:root:Deleting 1 records from metagenome_annotation_activity_set
INFO:root:Deleted 1 records from metagenome_annotation_activity_set
INFO:root:Deleting 1 records from read_qc_analysis_activity_set
INFO:root:Deleted 1 records from read_qc_analysis_activity_set
INFO:root:Deleting 8 records from data_object_set
INFO:root:Deleted 8 records from data_object_set
INFO:root:Deleting 1 records from metagenome_annotation_activity_set
INFO:root:Deleted 1 records from metagenome_annotation_activity_set
INFO:root:Deleting 1 records from read_qc_analysis_activity_set
INFO:root:Deleted 1 records from read_qc_analysis_activity_set
INFO:root:Deleting 8 records from data_object_set
INFO:root:Deleted 8 records from data_object_set
INFO:root:Deleting 1 records from metagenome_annotation_activity_set
INFO:root:Deleted 1 records from metagenome_annotation_activity_set
INFO:root:Deleting 1 records from read_qc_analysis_activity_set
INFO:root:Deleted 1 records from read_qc_analysis_activity_set
INFO:root:Deleting 8 records from data_object_set
INFO:root:Deleted 8 records from data_object_set
INFO:root:Deleting 1 records from metagenome_annotation_activity_set
INFO:root:Deleted 1 records from metagenome_annotation_activity_set
INFO:root:Deleting 1 records from read_qc_analysis_activity_set
INFO:root:Deleted 1 records from read_qc_analysis_activity_set
INFO:root:Deleting 8 records from data_object_set
INFO:root:Deleted 8 records from data_object_set
INFO:root:Deleting 1 records from metagenome_annotation_activity_set
INFO:root:Deleted 1 records from metagenome_annotation_activity_set
INFO:root:Deleting 1 records from read_qc_analysis_activity_set
INFO:root:Deleted 1 records from read_qc_analysis_activity_set
INFO:root:Deleting 8 records from data_object_set
INFO:root:Deleted 8 records from data_object_set
INFO:root:Deleting 1 records from metagenome_annotation_activity_set
INFO:root:Deleted 1 records from metagenome_annotation_activity_set
INFO:root:Deleting 1 records from read_qc_analysis_activity_set
INFO:root:Deleted 1 records from read_qc_analysis_activity_set
INFO:root:Deleting 8 records from data_object_set
INFO:root:Deleted 8 records from data_object_set
INFO:root:Deleting 1 records from metagenome_annotation_activity_set
INFO:root:Deleted 1 records from metagenome_annotation_activity_set
INFO:root:Deleting 1 records from read_qc_analysis_activity_set
INFO:root:Deleted 1 records from read_qc_analysis_activity_set
INFO:root:Deleting 8 records from data_object_set
INFO:root:Deleted 8 records from data_object_set
INFO:root:Deleting 1 records from metagenome_annotation_activity_set
INFO:root:Deleted 1 records from metagenome_annotation_activity_set
INFO:root:Deleting 1 records from read_qc_analysis_activity_set
INFO:root:Deleted 1 records from read_qc_analysis_activity_set
INFO:root:Deleting 8 records from data_object_set
INFO:root:Deleted 8 records from data_object_set
INFO:root:Deleting 1 records from metagenome_annotation_activity_set
INFO:root:Deleted 1 records from metagenome_annotation_activity_set
INFO:root:Deleting 1 records from read_qc_analysis_activity_set
INFO:root:Deleted 1 records from read_qc_analysis_activity_set
INFO:root:Deleting 8 records from data_object_set
INFO:root:Deleted 8 records from data_object_set
INFO:root:Deleting 1 records from metagenome_annotation_activity_set
INFO:root:Deleted 1 records from metagenome_annotation_activity_set
INFO:root:Deleting 1 records from read_qc_analysis_activity_set
INFO:root:Deleted 1 records from read_qc_analysis_activity_set
INFO:root:Deleting 8 records from data_object_set
INFO:root:Deleted 8 records from data_object_set
INFO:root:Deleting 1 records from metagenome_annotation_activity_set
INFO:root:Deleted 1 records from metagenome_annotation_activity_set
INFO:root:Deleting 1 records from read_qc_analysis_activity_set
INFO:root:Deleted 1 records from read_qc_analysis_activity_set
INFO:root:Deleting 8 records from data_object_set
INFO:root:Deleted 8 records from data_object_set
INFO:root:Deleting 1 records from metagenome_annotation_activity_set
INFO:root:Deleted 1 records from metagenome_annotation_activity_set
INFO:root:Deleting 1 records from read_qc_analysis_activity_set
INFO:root:Deleted 1 records from read_qc_analysis_activity_set
INFO:root:Deleting 8 records from data_object_set
INFO:root:Deleted 8 records from data_object_set
INFO:root:Deleting 1 records from metagenome_annotation_activity_set
INFO:root:Deleted 1 records from metagenome_annotation_activity_set
INFO:root:Deleting 1 records from read_qc_analysis_activity_set
INFO:root:Deleted 1 records from read_qc_analysis_activity_set
INFO:root:Deleting 8 records from data_object_set
INFO:root:Deleted 8 records from data_object_set
INFO:root:Deleting 1 records from metagenome_annotation_activity_set
INFO:root:Deleted 1 records from metagenome_annotation_activity_set
INFO:root:Deleting 1 records from read_qc_analysis_activity_set
INFO:root:Deleted 1 records from read_qc_analysis_activity_set
INFO:root:Deleting 8 records from data_object_set
INFO:root:Deleted 8 records from data_object_set
INFO:root:Deleting 1 records from metagenome_annotation_activity_set
INFO:root:Deleted 1 records from metagenome_annotation_activity_set
INFO:root:Deleting 1 records from read_qc_analysis_activity_set
INFO:root:Deleted 1 records from read_qc_analysis_activity_set
INFO:root:Deleting 8 records from data_object_set
INFO:root:Deleted 8 records from data_object_set
INFO:root:Deleting 1 records from metagenome_annotation_activity_set
INFO:root:Deleted 1 records from metagenome_annotation_activity_set
INFO:root:Deleting 1 records from read_qc_analysis_activity_set
INFO:root:Deleted 1 records from read_qc_analysis_activity_set
INFO:root:Deleting 8 records from data_object_set
INFO:root:Deleted 8 records from data_object_set
INFO:root:Deleting 1 records from metagenome_annotation_activity_set
INFO:root:Deleted 1 records from metagenome_annotation_activity_set
INFO:root:Deleting 1 records from read_qc_analysis_activity_set
INFO:root:Deleted 1 records from read_qc_analysis_activity_set
INFO:root:Deleting 8 records from data_object_set
INFO:root:Deleted 8 records from data_object_set
INFO:root:Deleting 1 records from metagenome_annotation_activity_set
INFO:root:Deleted 1 records from metagenome_annotation_activity_set
INFO:root:Deleting 1 records from read_qc_analysis_activity_set
INFO:root:Deleted 1 records from read_qc_analysis_activity_set
INFO:root:Deleting 8 records from data_object_set
INFO:root:Deleted 8 records from data_object_set
INFO:root:Deleting 1 records from metagenome_annotation_activity_set
INFO:root:Deleted 1 records from metagenome_annotation_activity_set
INFO:root:Deleting 1 records from read_qc_analysis_activity_set
INFO:root:Deleted 1 records from read_qc_analysis_activity_set
INFO:root:Deleting 1 records from data_object_set
INFO:root:Deleted 1 records from data_object_set
INFO:root:Deleting 8 records from data_object_set
INFO:root:Deleted 8 records from data_object_set
INFO:root:Deleting 1 records from metagenome_annotation_activity_set
INFO:root:Deleted 1 records from metagenome_annotation_activity_set
INFO:root:Deleting 1 records from read_qc_analysis_activity_set
INFO:root:Deleted 1 records from read_qc_analysis_activity_set
INFO:root:Deleting 8 records from data_object_set
INFO:root:Deleted 8 records from data_object_set
INFO:root:Deleting 1 records from metagenome_annotation_activity_set
INFO:root:Deleted 1 records from metagenome_annotation_activity_set
INFO:root:Deleting 1 records from read_qc_analysis_activity_set
INFO:root:Deleted 1 records from read_qc_analysis_activity_set
INFO:root:Deleting 8 records from data_object_set
INFO:root:Deleted 8 records from data_object_set
INFO:root:Deleting 1 records from metagenome_annotation_activity_set
INFO:root:Deleted 1 records from metagenome_annotation_activity_set
INFO:root:Deleting 1 records from read_qc_analysis_activity_set
INFO:root:Deleted 1 records from read_qc_analysis_activity_set
INFO:root:Deleting 8 records from data_object_set
INFO:root:Deleted 8 records from data_object_set
INFO:root:Deleting 1 records from metagenome_annotation_activity_set
INFO:root:Deleted 1 records from metagenome_annotation_activity_set
INFO:root:Deleting 1 records from read_qc_analysis_activity_set
INFO:root:Deleted 1 records from read_qc_analysis_activity_set
INFO:root:Deleting 8 records from data_object_set
INFO:root:Deleted 8 records from data_object_set
INFO:root:Deleting 1 records from metagenome_annotation_activity_set
INFO:root:Deleted 1 records from metagenome_annotation_activity_set
INFO:root:Deleting 1 records from read_qc_analysis_activity_set
INFO:root:Deleted 1 records from read_qc_analysis_activity_set
INFO:root:Deleting 8 records from data_object_set
INFO:root:Deleted 8 records from data_object_set
INFO:root:Deleting 1 records from metagenome_annotation_activity_set
INFO:root:Deleted 1 records from metagenome_annotation_activity_set
INFO:root:Deleting 1 records from read_qc_analysis_activity_set
INFO:root:Deleted 1 records from read_qc_analysis_activity_set
INFO:root:Deleting 89 functional annotation records
INFO:root:Deleted 0 functional annotation records
INFO:root:Writing 2308 deleted record identifiers to /Users/MBThornton/Documents/code/nmdc_automation/nmdc_automation/re_iding/scripts/data/nmdc:sty-11-dcqce727_deleted_record_identifiers.tsv
INFO:root:Elapsed time: 9.720110654830933
