/Users/MBThornton/Library/Caches/pypoetry/virtualenvs/nmdc-automation-VEpwcKpc-py3.9/lib/python3.9/site-packages/urllib3/__init__.py:35: NotOpenSSLWarning: urllib3 v2 only supports OpenSSL 1.1.1+, currently the 'ssl' module is compiled with 'LibreSSL 2.8.3'. See: https://github.com/urllib3/urllib3/issues/3020
  warnings.warn(
INFO:root:Using NAPA config: ../../../configs/.local_napa_user_config.toml
INFO:root:Deleting old objects found in : data/nmdc:sty-11-547rwq94/nmdc:sty-11-547rwq94_failed_record_dump.json
INFO:pymongo.serverSelection:{"message": "Waiting for suitable server to become available", "selector": "Primary()", "operation": "listDatabases", "topologyDescription": "<TopologyDescription id: 6642513f680336a788af29bb, topology_type: Single, servers: [<ServerDescription ('localhost', 27777) server_type: Unknown, rtt: None>]>", "clientId": {"$oid": "6642513f680336a788af29bb"}, "remainingTimeMS": 4}
INFO:root:Deleting 118 records from data_object_set
INFO:root:Deleted 105 records from data_object_set
INFO:root:Deleting 6 records from mags_activity_set
INFO:root:Deleted 3 records from mags_activity_set
INFO:root:Deleting 6 records from metagenome_annotation_activity_set
INFO:root:Deleted 3 records from metagenome_annotation_activity_set
INFO:root:Deleting 6 records from metagenome_assembly_set
INFO:root:Deleted 3 records from metagenome_assembly_set
INFO:root:Deleting 6 records from read_qc_analysis_activity_set
INFO:root:Deleted 3 records from read_qc_analysis_activity_set
INFO:root:Deleting 6 records from read_based_taxonomy_analysis_activity_set
INFO:root:Deleted 3 records from read_based_taxonomy_analysis_activity_set
INFO:root:Deleting 3 functional annotation records
INFO:root:Deleted 0 functional annotation records
INFO:root:Writing 148 deleted record identifiers to /Users/MBThornton/Documents/code/nmdc_automation/nmdc_automation/re_iding/scripts/data/nmdc:sty-11-547rwq94_deleted_record_identifiers.tsv
INFO:root:Elapsed time: 0.31894493103027344
