/Users/MBThornton/Library/Caches/pypoetry/virtualenvs/nmdc-automation-VEpwcKpc-py3.9/lib/python3.9/site-packages/urllib3/__init__.py:35: NotOpenSSLWarning: urllib3 v2 only supports OpenSSL 1.1.1+, currently the 'ssl' module is compiled with 'LibreSSL 2.8.3'. See: https://github.com/urllib3/urllib3/issues/3020
  warnings.warn(
INFO:root:Using NAPA config: ../../../configs/.local_napa_user_config.toml
INFO:root:Updating NMDC study with legacy ID: gold:Gs0154244
INFO:root:Updating NMDC study with ID: nmdc:sty-11-547rwq94
INFO:root:Using 3713 identifiers from data/nmdc:sty-11-547rwq94/nmdc:sty-11-547rwq94_updated_record_identifiers.tsv
INFO:pymongo.serverSelection:{"message": "Waiting for suitable server to become available", "selector": "Primary()", "operation": "listDatabases", "topologyDescription": "<TopologyDescription id: 6647b36d86ed2f57dcd5ca2d, topology_type: Single, servers: [<ServerDescription ('localhost', 27777) server_type: Unknown, rtt: None>]>", "clientId": {"$oid": "6647b36d86ed2f57dcd5ca2d"}, "remainingTimeMS": 4}
INFO:root:Getting new ID for nmdc:Biosample gold:Gb0239918
INFO:root:Found new ID in identifiers_map: nmdc:bsm-11-mrymeq51
INFO:root:Found 1 OmicsProcessing records for biosample gold:Gb0239918
INFO:root:Getting new ID for nmdc:OmicsProcessing gold:Gp0452544
INFO:root:Found new ID in identifiers_map: nmdc:omprc-11-g54wdz69
INFO:root:Added new biosample ID to has_input: nmdc:bsm-11-mrymeq51
INFO:root:Added new study ID to part_of: nmdc:sty-11-547rwq94
INFO:root:Getting new ID for nmdc:Biosample gold:Gb0239921
INFO:root:Found new ID in identifiers_map: nmdc:bsm-11-kd6btp32
INFO:root:Found 1 OmicsProcessing records for biosample gold:Gb0239921
INFO:root:Getting new ID for nmdc:OmicsProcessing gold:Gp0452547
INFO:root:Found new ID in identifiers_map: nmdc:omprc-11-xxv2qg83
INFO:root:Added new biosample ID to has_input: nmdc:bsm-11-kd6btp32
INFO:root:Added new study ID to part_of: nmdc:sty-11-547rwq94
INFO:root:Getting new ID for nmdc:Biosample gold:Gb0240065
INFO:root:Found new ID in identifiers_map: nmdc:bsm-11-hncxy943
INFO:root:Found 1 OmicsProcessing records for biosample gold:Gb0240065
INFO:root:Getting new ID for nmdc:OmicsProcessing gold:Gp0452691
INFO:root:Found new ID in identifiers_map: nmdc:omprc-11-z7g65c19
INFO:root:Added new biosample ID to has_input: nmdc:bsm-11-hncxy943
INFO:root:Added new study ID to part_of: nmdc:sty-11-547rwq94
INFO:root:Getting new ID for nmdc:Biosample gold:Gb0239940
INFO:root:Found new ID in identifiers_map: nmdc:bsm-11-8s8j4g78
INFO:root:Found 1 OmicsProcessing records for biosample gold:Gb0239940
INFO:root:Getting new ID for nmdc:OmicsProcessing gold:Gp0452566
INFO:root:Found new ID in identifiers_map: nmdc:omprc-11-pahs5t46
INFO:root:Added new biosample ID to has_input: nmdc:bsm-11-8s8j4g78
INFO:root:Added new study ID to part_of: nmdc:sty-11-547rwq94
INFO:root:Getting new ID for nmdc:Biosample gold:Gb0240046
INFO:root:Found new ID in identifiers_map: nmdc:bsm-11-vbchye78
INFO:root:Found 1 OmicsProcessing records for biosample gold:Gb0240046
INFO:root:Getting new ID for nmdc:OmicsProcessing gold:Gp0452672
INFO:root:Found new ID in identifiers_map: nmdc:omprc-11-hpqn7z80
INFO:root:Added new biosample ID to has_input: nmdc:bsm-11-vbchye78
INFO:root:Added new study ID to part_of: nmdc:sty-11-547rwq94
INFO:root:Getting new ID for nmdc:Biosample gold:Gb0240028
INFO:root:Found new ID in identifiers_map: nmdc:bsm-11-mczws366
INFO:root:Found 1 OmicsProcessing records for biosample gold:Gb0240028
INFO:root:Getting new ID for nmdc:OmicsProcessing gold:Gp0452654
INFO:root:Found new ID in identifiers_map: nmdc:omprc-11-cnw2fp56
INFO:root:Added new biosample ID to has_input: nmdc:bsm-11-mczws366
INFO:root:Added new study ID to part_of: nmdc:sty-11-547rwq94
INFO:root:Getting new ID for nmdc:Biosample gold:Gb0240026
INFO:root:Found new ID in identifiers_map: nmdc:bsm-11-p2h9n451
INFO:root:Found 1 OmicsProcessing records for biosample gold:Gb0240026
INFO:root:Getting new ID for nmdc:OmicsProcessing gold:Gp0452652
INFO:root:Found new ID in identifiers_map: nmdc:omprc-11-8em16430
INFO:root:Added new biosample ID to has_input: nmdc:bsm-11-p2h9n451
INFO:root:Added new study ID to part_of: nmdc:sty-11-547rwq94
INFO:root:Getting new ID for nmdc:Biosample gold:Gb0240039
INFO:root:Found new ID in identifiers_map: nmdc:bsm-11-gfghc374
INFO:root:Found 1 OmicsProcessing records for biosample gold:Gb0240039
INFO:root:Getting new ID for nmdc:OmicsProcessing gold:Gp0452665
INFO:root:Found new ID in identifiers_map: nmdc:omprc-11-azzp1136
INFO:root:Added new biosample ID to has_input: nmdc:bsm-11-gfghc374
INFO:root:Added new study ID to part_of: nmdc:sty-11-547rwq94
INFO:root:Getting new ID for nmdc:Biosample gold:Gb0240032
INFO:root:Found new ID in identifiers_map: nmdc:bsm-11-3kpex275
INFO:root:Found 1 OmicsProcessing records for biosample gold:Gb0240032
INFO:root:Getting new ID for nmdc:OmicsProcessing gold:Gp0452658
INFO:root:Found new ID in identifiers_map: nmdc:omprc-11-wkttpa18
INFO:root:Added new biosample ID to has_input: nmdc:bsm-11-3kpex275
INFO:root:Added new study ID to part_of: nmdc:sty-11-547rwq94
INFO:root:Getting new ID for nmdc:Biosample gold:Gb0240054
INFO:root:Found new ID in identifiers_map: nmdc:bsm-11-vkyfya78
INFO:root:Found 1 OmicsProcessing records for biosample gold:Gb0240054
INFO:root:Getting new ID for nmdc:OmicsProcessing gold:Gp0452680
INFO:root:Found new ID in identifiers_map: nmdc:omprc-11-bsaz5j33
INFO:root:Added new biosample ID to has_input: nmdc:bsm-11-vkyfya78
INFO:root:Added new study ID to part_of: nmdc:sty-11-547rwq94
INFO:root:Getting new ID for nmdc:Biosample gold:Gb0240041
INFO:root:Found new ID in identifiers_map: nmdc:bsm-11-3h3w1c57
INFO:root:Found 1 OmicsProcessing records for biosample gold:Gb0240041
INFO:root:Getting new ID for nmdc:OmicsProcessing gold:Gp0452667
INFO:root:Found new ID in identifiers_map: nmdc:omprc-11-d68k4p76
INFO:root:Added new biosample ID to has_input: nmdc:bsm-11-3h3w1c57
INFO:root:Added new study ID to part_of: nmdc:sty-11-547rwq94
INFO:root:Getting new ID for nmdc:Biosample gold:Gb0239920
INFO:root:Found new ID in identifiers_map: nmdc:bsm-11-c6kr7990
INFO:root:Found 1 OmicsProcessing records for biosample gold:Gb0239920
INFO:root:Getting new ID for nmdc:OmicsProcessing gold:Gp0452546
INFO:root:Found new ID in identifiers_map: nmdc:omprc-11-yf5ckp33
INFO:root:Added new biosample ID to has_input: nmdc:bsm-11-c6kr7990
INFO:root:Added new study ID to part_of: nmdc:sty-11-547rwq94
INFO:root:Getting new ID for nmdc:Biosample gold:Gb0240098
INFO:root:Found new ID in identifiers_map: nmdc:bsm-11-p2gqa640
INFO:root:Found 1 OmicsProcessing records for biosample gold:Gb0240098
INFO:root:Getting new ID for nmdc:OmicsProcessing gold:Gp0452724
INFO:root:Found new ID in identifiers_map: nmdc:omprc-11-b4gxmw74
INFO:root:Added new biosample ID to has_input: nmdc:bsm-11-p2gqa640
INFO:root:Added new study ID to part_of: nmdc:sty-11-547rwq94
INFO:root:Getting new ID for nmdc:Biosample gold:Gb0240037
INFO:root:Found new ID in identifiers_map: nmdc:bsm-11-z4vyvy45
INFO:root:Found 1 OmicsProcessing records for biosample gold:Gb0240037
INFO:root:Getting new ID for nmdc:OmicsProcessing gold:Gp0452663
INFO:root:Found new ID in identifiers_map: nmdc:omprc-11-nhsw6r61
INFO:root:Added new biosample ID to has_input: nmdc:bsm-11-z4vyvy45
INFO:root:Added new study ID to part_of: nmdc:sty-11-547rwq94
INFO:root:Getting new ID for nmdc:Biosample gold:Gb0240108
INFO:root:Found new ID in identifiers_map: nmdc:bsm-11-8r7d4q55
INFO:root:Found 1 OmicsProcessing records for biosample gold:Gb0240108
INFO:root:Getting new ID for nmdc:OmicsProcessing gold:Gp0452734
INFO:root:Found new ID in identifiers_map: nmdc:omprc-11-e7mgqr47
INFO:root:Added new biosample ID to has_input: nmdc:bsm-11-8r7d4q55
INFO:root:Added new study ID to part_of: nmdc:sty-11-547rwq94
INFO:root:Getting new ID for nmdc:Biosample gold:Gb0240031
INFO:root:Found new ID in identifiers_map: nmdc:bsm-11-a1mb8028
INFO:root:Found 1 OmicsProcessing records for biosample gold:Gb0240031
INFO:root:Getting new ID for nmdc:OmicsProcessing gold:Gp0452657
INFO:root:Found new ID in identifiers_map: nmdc:omprc-11-skyref32
INFO:root:Added new biosample ID to has_input: nmdc:bsm-11-a1mb8028
INFO:root:Added new study ID to part_of: nmdc:sty-11-547rwq94
INFO:root:Getting new ID for nmdc:Biosample gold:Gb0240033
INFO:root:Found new ID in identifiers_map: nmdc:bsm-11-p37dc885
INFO:root:Found 1 OmicsProcessing records for biosample gold:Gb0240033
INFO:root:Getting new ID for nmdc:OmicsProcessing gold:Gp0452659
INFO:root:Found new ID in identifiers_map: nmdc:omprc-11-95c5gn47
INFO:root:Added new biosample ID to has_input: nmdc:bsm-11-p37dc885
INFO:root:Added new study ID to part_of: nmdc:sty-11-547rwq94
INFO:root:Getting new ID for nmdc:Biosample gold:Gb0240019
INFO:root:Found new ID in identifiers_map: nmdc:bsm-11-2hv7wn93
INFO:root:Found 1 OmicsProcessing records for biosample gold:Gb0240019
INFO:root:Getting new ID for nmdc:OmicsProcessing gold:Gp0452645
INFO:root:Found new ID in identifiers_map: nmdc:omprc-11-5qvtsn26
INFO:root:Added new biosample ID to has_input: nmdc:bsm-11-2hv7wn93
INFO:root:Added new study ID to part_of: nmdc:sty-11-547rwq94
INFO:root:Getting new ID for nmdc:Biosample gold:Gb0240038
INFO:root:Found new ID in identifiers_map: nmdc:bsm-11-eq4z3z13
INFO:root:Found 1 OmicsProcessing records for biosample gold:Gb0240038
INFO:root:Getting new ID for nmdc:OmicsProcessing gold:Gp0452664
INFO:root:Found new ID in identifiers_map: nmdc:omprc-11-7q4fw450
INFO:root:Added new biosample ID to has_input: nmdc:bsm-11-eq4z3z13
INFO:root:Added new study ID to part_of: nmdc:sty-11-547rwq94
INFO:root:Getting new ID for nmdc:Biosample gold:Gb0239935
INFO:root:Found new ID in identifiers_map: nmdc:bsm-11-e1wey408
INFO:root:Found 1 OmicsProcessing records for biosample gold:Gb0239935
INFO:root:Getting new ID for nmdc:OmicsProcessing gold:Gp0452561
INFO:root:Found new ID in identifiers_map: nmdc:omprc-11-45cx9453
INFO:root:Added new biosample ID to has_input: nmdc:bsm-11-e1wey408
INFO:root:Added new study ID to part_of: nmdc:sty-11-547rwq94
INFO:root:Getting new ID for nmdc:Biosample gold:Gb0240030
INFO:root:Found new ID in identifiers_map: nmdc:bsm-11-khwjc066
INFO:root:Found 1 OmicsProcessing records for biosample gold:Gb0240030
INFO:root:Getting new ID for nmdc:OmicsProcessing gold:Gp0452656
INFO:root:Found new ID in identifiers_map: nmdc:omprc-11-8204t070
INFO:root:Added new biosample ID to has_input: nmdc:bsm-11-khwjc066
INFO:root:Added new study ID to part_of: nmdc:sty-11-547rwq94
INFO:root:Getting new ID for nmdc:Biosample gold:Gb0240012
INFO:root:Found new ID in identifiers_map: nmdc:bsm-11-e90czr72
INFO:root:Found 1 OmicsProcessing records for biosample gold:Gb0240012
INFO:root:Getting new ID for nmdc:OmicsProcessing gold:Gp0452638
INFO:root:Found new ID in identifiers_map: nmdc:omprc-11-fqj82b98
INFO:root:Added new biosample ID to has_input: nmdc:bsm-11-e90czr72
INFO:root:Added new study ID to part_of: nmdc:sty-11-547rwq94
INFO:root:Getting new ID for nmdc:Biosample gold:Gb0240095
INFO:root:Found new ID in identifiers_map: nmdc:bsm-11-xm82q819
INFO:root:Found 1 OmicsProcessing records for biosample gold:Gb0240095
INFO:root:Getting new ID for nmdc:OmicsProcessing gold:Gp0452721
INFO:root:Found new ID in identifiers_map: nmdc:omprc-11-020bkw58
INFO:root:Added new biosample ID to has_input: nmdc:bsm-11-xm82q819
INFO:root:Added new study ID to part_of: nmdc:sty-11-547rwq94
INFO:root:Getting new ID for nmdc:Biosample gold:Gb0239991
INFO:root:Found new ID in identifiers_map: nmdc:bsm-11-pmbpyr59
INFO:root:Found 1 OmicsProcessing records for biosample gold:Gb0239991
INFO:root:Getting new ID for nmdc:OmicsProcessing gold:Gp0452617
INFO:root:Found new ID in identifiers_map: nmdc:omprc-11-4e682h13
INFO:root:Added new biosample ID to has_input: nmdc:bsm-11-pmbpyr59
INFO:root:Added new study ID to part_of: nmdc:sty-11-547rwq94
INFO:root:Getting new ID for nmdc:Biosample gold:Gb0240043
INFO:root:Found new ID in identifiers_map: nmdc:bsm-11-eh777b64
INFO:root:Found 1 OmicsProcessing records for biosample gold:Gb0240043
INFO:root:Getting new ID for nmdc:OmicsProcessing gold:Gp0452669
INFO:root:Found new ID in identifiers_map: nmdc:omprc-11-apq9g920
INFO:root:Added new biosample ID to has_input: nmdc:bsm-11-eh777b64
INFO:root:Added new study ID to part_of: nmdc:sty-11-547rwq94
INFO:root:Getting new ID for nmdc:Biosample gold:Gb0239924
INFO:root:Found new ID in identifiers_map: nmdc:bsm-11-30npyx54
INFO:root:Found 1 OmicsProcessing records for biosample gold:Gb0239924
INFO:root:Getting new ID for nmdc:OmicsProcessing gold:Gp0452550
INFO:root:Found new ID in identifiers_map: nmdc:omprc-11-02tp7916
INFO:root:Added new biosample ID to has_input: nmdc:bsm-11-30npyx54
INFO:root:Added new study ID to part_of: nmdc:sty-11-547rwq94
INFO:root:Getting new ID for nmdc:Biosample gold:Gb0239925
INFO:root:Found new ID in identifiers_map: nmdc:bsm-11-5p55d563
INFO:root:Found 1 OmicsProcessing records for biosample gold:Gb0239925
INFO:root:Getting new ID for nmdc:OmicsProcessing gold:Gp0452551
INFO:root:Found new ID in identifiers_map: nmdc:omprc-11-964wyz26
INFO:root:Added new biosample ID to has_input: nmdc:bsm-11-5p55d563
INFO:root:Added new study ID to part_of: nmdc:sty-11-547rwq94
INFO:root:Getting new ID for nmdc:Biosample gold:Gb0239936
INFO:root:Found new ID in identifiers_map: nmdc:bsm-11-407zcq77
INFO:root:Found 1 OmicsProcessing records for biosample gold:Gb0239936
INFO:root:Getting new ID for nmdc:OmicsProcessing gold:Gp0452562
INFO:root:Found new ID in identifiers_map: nmdc:omprc-11-39mj2m97
INFO:root:Added new biosample ID to has_input: nmdc:bsm-11-407zcq77
INFO:root:Added new study ID to part_of: nmdc:sty-11-547rwq94
INFO:root:Getting new ID for nmdc:Biosample gold:Gb0239937
INFO:root:Found new ID in identifiers_map: nmdc:bsm-11-5pcpjc96
INFO:root:Found 1 OmicsProcessing records for biosample gold:Gb0239937
INFO:root:Getting new ID for nmdc:OmicsProcessing gold:Gp0452563
INFO:root:Found new ID in identifiers_map: nmdc:omprc-11-czceq925
INFO:root:Added new biosample ID to has_input: nmdc:bsm-11-5pcpjc96
INFO:root:Added new study ID to part_of: nmdc:sty-11-547rwq94
INFO:root:Getting new ID for nmdc:Biosample gold:Gb0240087
INFO:root:Found new ID in identifiers_map: nmdc:bsm-11-wm11tw31
INFO:root:Found 1 OmicsProcessing records for biosample gold:Gb0240087
INFO:root:Getting new ID for nmdc:OmicsProcessing gold:Gp0452713
INFO:root:Found new ID in identifiers_map: nmdc:omprc-11-s9btdm10
INFO:root:Added new biosample ID to has_input: nmdc:bsm-11-wm11tw31
INFO:root:Added new study ID to part_of: nmdc:sty-11-547rwq94
INFO:root:Getting new ID for nmdc:Biosample gold:Gb0240036
INFO:root:Found new ID in identifiers_map: nmdc:bsm-11-vnzzyc20
INFO:root:Found 1 OmicsProcessing records for biosample gold:Gb0240036
INFO:root:Getting new ID for nmdc:OmicsProcessing gold:Gp0452662
INFO:root:Found new ID in identifiers_map: nmdc:omprc-11-etm7ez66
INFO:root:Added new biosample ID to has_input: nmdc:bsm-11-vnzzyc20
INFO:root:Added new study ID to part_of: nmdc:sty-11-547rwq94
INFO:root:Getting new ID for nmdc:Biosample gold:Gb0240018
INFO:root:Found new ID in identifiers_map: nmdc:bsm-11-6f7spm34
INFO:root:Found 1 OmicsProcessing records for biosample gold:Gb0240018
INFO:root:Getting new ID for nmdc:OmicsProcessing gold:Gp0452644
INFO:root:Found new ID in identifiers_map: nmdc:omprc-11-434m3q82
INFO:root:Added new biosample ID to has_input: nmdc:bsm-11-6f7spm34
INFO:root:Added new study ID to part_of: nmdc:sty-11-547rwq94
INFO:root:Getting new ID for nmdc:Biosample gold:Gb0240025
INFO:root:Found new ID in identifiers_map: nmdc:bsm-11-9macc146
INFO:root:Found 1 OmicsProcessing records for biosample gold:Gb0240025
INFO:root:Getting new ID for nmdc:OmicsProcessing gold:Gp0452651
INFO:root:Found new ID in identifiers_map: nmdc:omprc-11-t18snp65
INFO:root:Added new biosample ID to has_input: nmdc:bsm-11-9macc146
INFO:root:Added new study ID to part_of: nmdc:sty-11-547rwq94
INFO:root:Getting new ID for nmdc:Biosample gold:Gb0240017
INFO:root:Found new ID in identifiers_map: nmdc:bsm-11-823zf212
INFO:root:Found 1 OmicsProcessing records for biosample gold:Gb0240017
INFO:root:Getting new ID for nmdc:OmicsProcessing gold:Gp0452643
INFO:root:Found new ID in identifiers_map: nmdc:omprc-11-6r88g697
INFO:root:Added new biosample ID to has_input: nmdc:bsm-11-823zf212
INFO:root:Added new study ID to part_of: nmdc:sty-11-547rwq94
INFO:root:Getting new ID for nmdc:Biosample gold:Gb0239939
INFO:root:Found new ID in identifiers_map: nmdc:bsm-11-zq2aws57
INFO:root:Found 1 OmicsProcessing records for biosample gold:Gb0239939
INFO:root:Getting new ID for nmdc:OmicsProcessing gold:Gp0452565
INFO:root:Found new ID in identifiers_map: nmdc:omprc-11-kv9cp812
INFO:root:Added new biosample ID to has_input: nmdc:bsm-11-zq2aws57
INFO:root:Added new study ID to part_of: nmdc:sty-11-547rwq94
INFO:root:Getting new ID for nmdc:Biosample gold:Gb0240024
INFO:root:Found new ID in identifiers_map: nmdc:bsm-11-ky8xb849
INFO:root:Found 1 OmicsProcessing records for biosample gold:Gb0240024
INFO:root:Getting new ID for nmdc:OmicsProcessing gold:Gp0452650
INFO:root:Found new ID in identifiers_map: nmdc:omprc-11-heyj8r43
INFO:root:Added new biosample ID to has_input: nmdc:bsm-11-ky8xb849
INFO:root:Added new study ID to part_of: nmdc:sty-11-547rwq94
INFO:root:Getting new ID for nmdc:Biosample gold:Gb0240045
INFO:root:Found new ID in identifiers_map: nmdc:bsm-11-heazh042
INFO:root:Found 1 OmicsProcessing records for biosample gold:Gb0240045
INFO:root:Getting new ID for nmdc:OmicsProcessing gold:Gp0452671
INFO:root:Found new ID in identifiers_map: nmdc:omprc-11-q17q2c37
INFO:root:Added new biosample ID to has_input: nmdc:bsm-11-heazh042
INFO:root:Added new study ID to part_of: nmdc:sty-11-547rwq94
INFO:root:Getting new ID for nmdc:Biosample gold:Gb0240034
INFO:root:Found new ID in identifiers_map: nmdc:bsm-11-2ah5z651
INFO:root:Found 1 OmicsProcessing records for biosample gold:Gb0240034
INFO:root:Getting new ID for nmdc:OmicsProcessing gold:Gp0452660
INFO:root:Found new ID in identifiers_map: nmdc:omprc-11-rvdk9c69
INFO:root:Added new biosample ID to has_input: nmdc:bsm-11-2ah5z651
INFO:root:Added new study ID to part_of: nmdc:sty-11-547rwq94
INFO:root:Getting new ID for nmdc:Biosample gold:Gb0240002
INFO:root:Found new ID in identifiers_map: nmdc:bsm-11-cp8crw45
INFO:root:Found 1 OmicsProcessing records for biosample gold:Gb0240002
INFO:root:Getting new ID for nmdc:OmicsProcessing gold:Gp0452628
INFO:root:Found new ID in identifiers_map: nmdc:omprc-11-ck3tb736
INFO:root:Added new biosample ID to has_input: nmdc:bsm-11-cp8crw45
INFO:root:Added new study ID to part_of: nmdc:sty-11-547rwq94
INFO:root:Getting new ID for nmdc:Biosample gold:Gb0239922
INFO:root:Found new ID in identifiers_map: nmdc:bsm-11-r4pd6g83
INFO:root:Found 1 OmicsProcessing records for biosample gold:Gb0239922
INFO:root:Getting new ID for nmdc:OmicsProcessing gold:Gp0452548
INFO:root:Found new ID in identifiers_map: nmdc:omprc-11-p47adm33
INFO:root:Added new biosample ID to has_input: nmdc:bsm-11-r4pd6g83
INFO:root:Added new study ID to part_of: nmdc:sty-11-547rwq94
INFO:root:Getting new ID for nmdc:Biosample gold:Gb0240101
INFO:root:Found new ID in identifiers_map: nmdc:bsm-11-39qcw250
INFO:root:Found 1 OmicsProcessing records for biosample gold:Gb0240101
INFO:root:Getting new ID for nmdc:OmicsProcessing gold:Gp0452727
INFO:root:Found new ID in identifiers_map: nmdc:omprc-11-3msswm31
INFO:root:Added new biosample ID to has_input: nmdc:bsm-11-39qcw250
INFO:root:Added new study ID to part_of: nmdc:sty-11-547rwq94
INFO:root:Getting new ID for nmdc:Biosample gold:Gb0240050
INFO:root:Found new ID in identifiers_map: nmdc:bsm-11-h3zgtk70
INFO:root:Found 1 OmicsProcessing records for biosample gold:Gb0240050
INFO:root:Getting new ID for nmdc:OmicsProcessing gold:Gp0452676
INFO:root:Found new ID in identifiers_map: nmdc:omprc-11-nzcs4v67
INFO:root:Added new biosample ID to has_input: nmdc:bsm-11-h3zgtk70
INFO:root:Added new study ID to part_of: nmdc:sty-11-547rwq94
INFO:root:Getting new ID for nmdc:Biosample gold:Gb0240015
INFO:root:Found new ID in identifiers_map: nmdc:bsm-11-89q03t84
INFO:root:Found 1 OmicsProcessing records for biosample gold:Gb0240015
INFO:root:Getting new ID for nmdc:OmicsProcessing gold:Gp0452641
INFO:root:Found new ID in identifiers_map: nmdc:omprc-11-n2qsee68
INFO:root:Added new biosample ID to has_input: nmdc:bsm-11-89q03t84
INFO:root:Added new study ID to part_of: nmdc:sty-11-547rwq94
INFO:root:Getting new ID for nmdc:Biosample gold:Gb0240013
INFO:root:Found new ID in identifiers_map: nmdc:bsm-11-ctzkss91
INFO:root:Found 1 OmicsProcessing records for biosample gold:Gb0240013
INFO:root:Getting new ID for nmdc:OmicsProcessing gold:Gp0452639
INFO:root:Found new ID in identifiers_map: nmdc:omprc-11-bnhaje30
INFO:root:Added new biosample ID to has_input: nmdc:bsm-11-ctzkss91
INFO:root:Added new study ID to part_of: nmdc:sty-11-547rwq94
INFO:root:Getting new ID for nmdc:Biosample gold:Gb0240048
INFO:root:Found new ID in identifiers_map: nmdc:bsm-11-dkcmr758
INFO:root:Found 1 OmicsProcessing records for biosample gold:Gb0240048
INFO:root:Getting new ID for nmdc:OmicsProcessing gold:Gp0452674
INFO:root:Found new ID in identifiers_map: nmdc:omprc-11-am0dza21
INFO:root:Added new biosample ID to has_input: nmdc:bsm-11-dkcmr758
INFO:root:Added new study ID to part_of: nmdc:sty-11-547rwq94
INFO:root:Getting new ID for nmdc:Biosample gold:Gb0240042
INFO:root:Found new ID in identifiers_map: nmdc:bsm-11-r6r22s63
INFO:root:Found 1 OmicsProcessing records for biosample gold:Gb0240042
INFO:root:Getting new ID for nmdc:OmicsProcessing gold:Gp0452668
INFO:root:Found new ID in identifiers_map: nmdc:omprc-11-79w7qq19
INFO:root:Added new biosample ID to has_input: nmdc:bsm-11-r6r22s63
INFO:root:Added new study ID to part_of: nmdc:sty-11-547rwq94
INFO:root:Getting new ID for nmdc:Biosample gold:Gb0240100
INFO:root:Found new ID in identifiers_map: nmdc:bsm-11-b5sgas28
INFO:root:Found 1 OmicsProcessing records for biosample gold:Gb0240100
INFO:root:Getting new ID for nmdc:OmicsProcessing gold:Gp0452726
INFO:root:Found new ID in identifiers_map: nmdc:omprc-11-fs032224
INFO:root:Added new biosample ID to has_input: nmdc:bsm-11-b5sgas28
INFO:root:Added new study ID to part_of: nmdc:sty-11-547rwq94
INFO:root:Getting new ID for nmdc:Biosample gold:Gb0240121
INFO:root:Found new ID in identifiers_map: nmdc:bsm-11-anbvsb66
INFO:root:Found 1 OmicsProcessing records for biosample gold:Gb0240121
INFO:root:Getting new ID for nmdc:OmicsProcessing gold:Gp0452747
INFO:root:Found new ID in identifiers_map: nmdc:omprc-11-zza37w91
INFO:root:Added new biosample ID to has_input: nmdc:bsm-11-anbvsb66
INFO:root:Added new study ID to part_of: nmdc:sty-11-547rwq94
INFO:root:Getting new ID for nmdc:Biosample gold:Gb0239926
INFO:root:Found new ID in identifiers_map: nmdc:bsm-11-ysrg0a54
INFO:root:Found 1 OmicsProcessing records for biosample gold:Gb0239926
INFO:root:Getting new ID for nmdc:OmicsProcessing gold:Gp0452552
INFO:root:Found new ID in identifiers_map: nmdc:omprc-11-90w41h93
INFO:root:Added new biosample ID to has_input: nmdc:bsm-11-ysrg0a54
INFO:root:Added new study ID to part_of: nmdc:sty-11-547rwq94
INFO:root:Getting new ID for nmdc:Biosample gold:Gb0240086
INFO:root:Found new ID in identifiers_map: nmdc:bsm-11-snsgsr36
INFO:root:Found 1 OmicsProcessing records for biosample gold:Gb0240086
INFO:root:Getting new ID for nmdc:OmicsProcessing gold:Gp0452712
INFO:root:Found new ID in identifiers_map: nmdc:omprc-11-21m54d36
INFO:root:Added new biosample ID to has_input: nmdc:bsm-11-snsgsr36
INFO:root:Added new study ID to part_of: nmdc:sty-11-547rwq94
INFO:root:Getting new ID for nmdc:Biosample gold:Gb0315661
INFO:root:Found new ID in identifiers_map: nmdc:bsm-11-c9hs3y87
INFO:root:Found 1 OmicsProcessing records for biosample gold:Gb0315661
INFO:root:Getting new ID for nmdc:OmicsProcessing gold:Gp0618755
INFO:root:Found new ID in identifiers_map: nmdc:omprc-11-3zf24533
INFO:root:Added new biosample ID to has_input: nmdc:bsm-11-c9hs3y87
INFO:root:Added new study ID to part_of: nmdc:sty-11-547rwq94
INFO:root:Getting new ID for nmdc:Biosample gold:Gb0239951
INFO:root:Found new ID in identifiers_map: nmdc:bsm-11-exzatp62
INFO:root:Found 1 OmicsProcessing records for biosample gold:Gb0239951
INFO:root:Getting new ID for nmdc:OmicsProcessing gold:Gp0452577
INFO:root:Found new ID in identifiers_map: nmdc:omprc-11-gcfqfy91
INFO:root:Added new biosample ID to has_input: nmdc:bsm-11-exzatp62
INFO:root:Added new study ID to part_of: nmdc:sty-11-547rwq94
INFO:root:Getting new ID for nmdc:Biosample gold:Gb0240022
INFO:root:Found new ID in identifiers_map: nmdc:bsm-11-j9v5kc93
INFO:root:Found 1 OmicsProcessing records for biosample gold:Gb0240022
INFO:root:Getting new ID for nmdc:OmicsProcessing gold:Gp0452648
INFO:root:Found new ID in identifiers_map: nmdc:omprc-11-pq95x588
INFO:root:Added new biosample ID to has_input: nmdc:bsm-11-j9v5kc93
INFO:root:Added new study ID to part_of: nmdc:sty-11-547rwq94
INFO:root:Getting new ID for nmdc:Biosample gold:Gb0240029
INFO:root:Found new ID in identifiers_map: nmdc:bsm-11-yrksyx63
INFO:root:Found 1 OmicsProcessing records for biosample gold:Gb0240029
INFO:root:Getting new ID for nmdc:OmicsProcessing gold:Gp0452655
INFO:root:Found new ID in identifiers_map: nmdc:omprc-11-hx4gh423
INFO:root:Added new biosample ID to has_input: nmdc:bsm-11-yrksyx63
INFO:root:Added new study ID to part_of: nmdc:sty-11-547rwq94
INFO:root:Getting new ID for nmdc:Biosample gold:Gb0240035
INFO:root:Found new ID in identifiers_map: nmdc:bsm-11-dbr4yn11
INFO:root:Found 1 OmicsProcessing records for biosample gold:Gb0240035
INFO:root:Getting new ID for nmdc:OmicsProcessing gold:Gp0452661
INFO:root:Found new ID in identifiers_map: nmdc:omprc-11-ww1e2654
INFO:root:Added new biosample ID to has_input: nmdc:bsm-11-dbr4yn11
INFO:root:Added new study ID to part_of: nmdc:sty-11-547rwq94
INFO:root:Getting new ID for nmdc:Biosample gold:Gb0240067
INFO:root:Found new ID in identifiers_map: nmdc:bsm-11-tsm65m51
INFO:root:Found 1 OmicsProcessing records for biosample gold:Gb0240067
INFO:root:Getting new ID for nmdc:OmicsProcessing gold:Gp0452693
INFO:root:Found new ID in identifiers_map: nmdc:omprc-11-0nftn704
INFO:root:Added new biosample ID to has_input: nmdc:bsm-11-tsm65m51
INFO:root:Added new study ID to part_of: nmdc:sty-11-547rwq94
INFO:root:Getting new ID for nmdc:Biosample gold:Gb0240122
INFO:root:Found new ID in identifiers_map: nmdc:bsm-11-4b8h0j70
INFO:root:Found 1 OmicsProcessing records for biosample gold:Gb0240122
INFO:root:Getting new ID for nmdc:OmicsProcessing gold:Gp0452748
INFO:root:Found new ID in identifiers_map: nmdc:omprc-11-2xcx1k41
INFO:root:Added new biosample ID to has_input: nmdc:bsm-11-4b8h0j70
INFO:root:Added new study ID to part_of: nmdc:sty-11-547rwq94
INFO:root:Getting new ID for nmdc:Biosample gold:Gb0239950
INFO:root:Found new ID in identifiers_map: nmdc:bsm-11-mc6pwt10
INFO:root:Found 1 OmicsProcessing records for biosample gold:Gb0239950
INFO:root:Getting new ID for nmdc:OmicsProcessing gold:Gp0452576
INFO:root:Found new ID in identifiers_map: nmdc:omprc-11-mz5pzb50
INFO:root:Added new biosample ID to has_input: nmdc:bsm-11-mc6pwt10
INFO:root:Added new study ID to part_of: nmdc:sty-11-547rwq94
INFO:root:Getting new ID for nmdc:Biosample gold:Gb0240049
INFO:root:Found new ID in identifiers_map: nmdc:bsm-11-1am9vt77
INFO:root:Found 1 OmicsProcessing records for biosample gold:Gb0240049
INFO:root:Getting new ID for nmdc:OmicsProcessing gold:Gp0452675
INFO:root:Found new ID in identifiers_map: nmdc:omprc-11-gppw1n74
INFO:root:Added new biosample ID to has_input: nmdc:bsm-11-1am9vt77
INFO:root:Added new study ID to part_of: nmdc:sty-11-547rwq94
INFO:root:Getting new ID for nmdc:Biosample gold:Gb0240047
INFO:root:Found new ID in identifiers_map: nmdc:bsm-11-h78mhv15
INFO:root:Found 1 OmicsProcessing records for biosample gold:Gb0240047
INFO:root:Getting new ID for nmdc:OmicsProcessing gold:Gp0452673
INFO:root:Found new ID in identifiers_map: nmdc:omprc-11-1kt9xf80
INFO:root:Added new biosample ID to has_input: nmdc:bsm-11-h78mhv15
INFO:root:Added new study ID to part_of: nmdc:sty-11-547rwq94
INFO:root:Getting new ID for nmdc:Biosample gold:Gb0240085
INFO:root:Found new ID in identifiers_map: nmdc:bsm-11-bx86p094
INFO:root:Found 1 OmicsProcessing records for biosample gold:Gb0240085
INFO:root:Getting new ID for nmdc:OmicsProcessing gold:Gp0452711
INFO:root:Found new ID in identifiers_map: nmdc:omprc-11-gfcn2a52
INFO:root:Added new biosample ID to has_input: nmdc:bsm-11-bx86p094
INFO:root:Added new study ID to part_of: nmdc:sty-11-547rwq94
INFO:root:Getting new ID for nmdc:Biosample gold:Gb0240040
INFO:root:Found new ID in identifiers_map: nmdc:bsm-11-48q3sx90
INFO:root:Found 1 OmicsProcessing records for biosample gold:Gb0240040
INFO:root:Getting new ID for nmdc:OmicsProcessing gold:Gp0452666
INFO:root:Found new ID in identifiers_map: nmdc:omprc-11-hf969g84
INFO:root:Added new biosample ID to has_input: nmdc:bsm-11-48q3sx90
INFO:root:Added new study ID to part_of: nmdc:sty-11-547rwq94
INFO:root:Getting new ID for nmdc:Biosample gold:Gb0240084
INFO:root:Found new ID in identifiers_map: nmdc:bsm-11-cr68f527
INFO:root:Found 1 OmicsProcessing records for biosample gold:Gb0240084
INFO:root:Getting new ID for nmdc:OmicsProcessing gold:Gp0452710
INFO:root:Found new ID in identifiers_map: nmdc:omprc-11-qne98f89
INFO:root:Added new biosample ID to has_input: nmdc:bsm-11-cr68f527
INFO:root:Added new study ID to part_of: nmdc:sty-11-547rwq94
INFO:root:Getting new ID for nmdc:Biosample gold:Gb0239938
INFO:root:Found new ID in identifiers_map: nmdc:bsm-11-06pa9m89
INFO:root:Found 1 OmicsProcessing records for biosample gold:Gb0239938
INFO:root:Getting new ID for nmdc:OmicsProcessing gold:Gp0452564
INFO:root:Found new ID in identifiers_map: nmdc:omprc-11-nz0hh615
INFO:root:Added new biosample ID to has_input: nmdc:bsm-11-06pa9m89
INFO:root:Added new study ID to part_of: nmdc:sty-11-547rwq94
INFO:root:Getting new ID for nmdc:Biosample gold:Gb0240094
INFO:root:Found new ID in identifiers_map: nmdc:bsm-11-1302r041
INFO:root:Found 1 OmicsProcessing records for biosample gold:Gb0240094
INFO:root:Getting new ID for nmdc:OmicsProcessing gold:Gp0452720
INFO:root:Found new ID in identifiers_map: nmdc:omprc-11-5bqjsn61
INFO:root:Added new biosample ID to has_input: nmdc:bsm-11-1302r041
INFO:root:Added new study ID to part_of: nmdc:sty-11-547rwq94
INFO:root:Getting new ID for nmdc:Biosample gold:Gb0315665
INFO:root:Found new ID in identifiers_map: nmdc:bsm-11-vg29tb70
INFO:root:Found 1 OmicsProcessing records for biosample gold:Gb0315665
INFO:root:Getting new ID for nmdc:OmicsProcessing gold:Gp0618759
INFO:root:Found new ID in identifiers_map: nmdc:omprc-11-cfaemn69
INFO:root:Added new biosample ID to has_input: nmdc:bsm-11-vg29tb70
INFO:root:Added new study ID to part_of: nmdc:sty-11-547rwq94
INFO:root:Getting new ID for nmdc:Biosample gold:Gb0240010
INFO:root:Found new ID in identifiers_map: nmdc:bsm-11-915df738
INFO:root:Found 1 OmicsProcessing records for biosample gold:Gb0240010
INFO:root:Getting new ID for nmdc:OmicsProcessing gold:Gp0452636
INFO:root:Found new ID in identifiers_map: nmdc:omprc-11-pfxhrs79
INFO:root:Added new biosample ID to has_input: nmdc:bsm-11-915df738
INFO:root:Added new study ID to part_of: nmdc:sty-11-547rwq94
INFO:root:Getting new ID for nmdc:Biosample gold:Gb0240051
INFO:root:Found new ID in identifiers_map: nmdc:bsm-11-cv6r0n34
INFO:root:Found 1 OmicsProcessing records for biosample gold:Gb0240051
INFO:root:Getting new ID for nmdc:OmicsProcessing gold:Gp0452677
INFO:root:Found new ID in identifiers_map: nmdc:omprc-11-0ft7ex25
INFO:root:Added new biosample ID to has_input: nmdc:bsm-11-cv6r0n34
INFO:root:Added new study ID to part_of: nmdc:sty-11-547rwq94
INFO:root:Getting new ID for nmdc:Biosample gold:Gb0240014
INFO:root:Found new ID in identifiers_map: nmdc:bsm-11-frjk4h28
INFO:root:Found 1 OmicsProcessing records for biosample gold:Gb0240014
INFO:root:Getting new ID for nmdc:OmicsProcessing gold:Gp0452640
INFO:root:Found new ID in identifiers_map: nmdc:omprc-11-n6f97445
INFO:root:Added new biosample ID to has_input: nmdc:bsm-11-frjk4h28
INFO:root:Added new study ID to part_of: nmdc:sty-11-547rwq94
INFO:root:Getting new ID for nmdc:Biosample gold:Gb0240044
INFO:root:Found new ID in identifiers_map: nmdc:bsm-11-vy7hej20
INFO:root:Found 1 OmicsProcessing records for biosample gold:Gb0240044
INFO:root:Getting new ID for nmdc:OmicsProcessing gold:Gp0452670
INFO:root:Found new ID in identifiers_map: nmdc:omprc-11-b4k09q88
INFO:root:Added new biosample ID to has_input: nmdc:bsm-11-vy7hej20
INFO:root:Added new study ID to part_of: nmdc:sty-11-547rwq94
INFO:root:Getting new ID for nmdc:Biosample gold:Gb0240016
INFO:root:Found new ID in identifiers_map: nmdc:bsm-11-72f2yc02
INFO:root:Found 1 OmicsProcessing records for biosample gold:Gb0240016
INFO:root:Getting new ID for nmdc:OmicsProcessing gold:Gp0452642
INFO:root:Found new ID in identifiers_map: nmdc:omprc-11-fcvjqs14
INFO:root:Added new biosample ID to has_input: nmdc:bsm-11-72f2yc02
INFO:root:Added new study ID to part_of: nmdc:sty-11-547rwq94
INFO:root:Getting new ID for nmdc:Biosample gold:Gb0240021
INFO:root:Found new ID in identifiers_map: nmdc:bsm-11-jyywj745
INFO:root:Found 1 OmicsProcessing records for biosample gold:Gb0240021
INFO:root:Getting new ID for nmdc:OmicsProcessing gold:Gp0452647
INFO:root:Found new ID in identifiers_map: nmdc:omprc-11-n8er5a27
INFO:root:Added new biosample ID to has_input: nmdc:bsm-11-jyywj745
INFO:root:Added new study ID to part_of: nmdc:sty-11-547rwq94
INFO:root:Getting new ID for nmdc:Biosample gold:Gb0239919
INFO:root:Found new ID in identifiers_map: nmdc:bsm-11-yqbvt475
INFO:root:Found 1 OmicsProcessing records for biosample gold:Gb0239919
INFO:root:Getting new ID for nmdc:OmicsProcessing gold:Gp0452545
INFO:root:Found new ID in identifiers_map: nmdc:omprc-11-xe3jtv24
INFO:root:Added new biosample ID to has_input: nmdc:bsm-11-yqbvt475
INFO:root:Added new study ID to part_of: nmdc:sty-11-547rwq94
INFO:root:Getting new ID for nmdc:Biosample gold:Gb0240053
INFO:root:Found new ID in identifiers_map: nmdc:bsm-11-j7mtz083
INFO:root:Found 1 OmicsProcessing records for biosample gold:Gb0240053
INFO:root:Getting new ID for nmdc:OmicsProcessing gold:Gp0452679
INFO:root:Found new ID in identifiers_map: nmdc:omprc-11-rac6f723
INFO:root:Added new biosample ID to has_input: nmdc:bsm-11-j7mtz083
INFO:root:Added new study ID to part_of: nmdc:sty-11-547rwq94
INFO:root:Getting new ID for nmdc:Biosample gold:Gb0240119
INFO:root:Found new ID in identifiers_map: nmdc:bsm-11-jpc5bt66
INFO:root:Found 1 OmicsProcessing records for biosample gold:Gb0240119
INFO:root:Getting new ID for nmdc:OmicsProcessing gold:Gp0452745
INFO:root:Found new ID in identifiers_map: nmdc:omprc-11-1xns4938
INFO:root:Added new biosample ID to has_input: nmdc:bsm-11-jpc5bt66
INFO:root:Added new study ID to part_of: nmdc:sty-11-547rwq94
INFO:root:Getting new ID for nmdc:Biosample gold:Gb0240115
INFO:root:Found new ID in identifiers_map: nmdc:bsm-11-zk8a4504
INFO:root:Found 1 OmicsProcessing records for biosample gold:Gb0240115
INFO:root:Getting new ID for nmdc:OmicsProcessing gold:Gp0452741
INFO:root:Found new ID in identifiers_map: nmdc:omprc-11-eapvyz51
INFO:root:Added new biosample ID to has_input: nmdc:bsm-11-zk8a4504
INFO:root:Added new study ID to part_of: nmdc:sty-11-547rwq94
INFO:root:Getting new ID for nmdc:Biosample gold:Gb0239927
INFO:root:Found new ID in identifiers_map: nmdc:bsm-11-q72ew015
INFO:root:Found 1 OmicsProcessing records for biosample gold:Gb0239927
INFO:root:Getting new ID for nmdc:OmicsProcessing gold:Gp0452553
INFO:root:Found new ID in identifiers_map: nmdc:omprc-11-nymrx203
INFO:root:Added new biosample ID to has_input: nmdc:bsm-11-q72ew015
INFO:root:Added new study ID to part_of: nmdc:sty-11-547rwq94
INFO:root:Getting new ID for nmdc:Biosample gold:Gb0240052
INFO:root:Found new ID in identifiers_map: nmdc:bsm-11-v5a4db42
INFO:root:Found 1 OmicsProcessing records for biosample gold:Gb0240052
INFO:root:Getting new ID for nmdc:OmicsProcessing gold:Gp0452678
INFO:root:Found new ID in identifiers_map: nmdc:omprc-11-whcgrk20
INFO:root:Added new biosample ID to has_input: nmdc:bsm-11-v5a4db42
INFO:root:Added new study ID to part_of: nmdc:sty-11-547rwq94
INFO:root:Getting new ID for nmdc:Biosample gold:Gb0240020
INFO:root:Found new ID in identifiers_map: nmdc:bsm-11-wx2twq61
INFO:root:Found 1 OmicsProcessing records for biosample gold:Gb0240020
INFO:root:Getting new ID for nmdc:OmicsProcessing gold:Gp0452646
INFO:root:Found new ID in identifiers_map: nmdc:omprc-11-9pgnfp77
INFO:root:Added new biosample ID to has_input: nmdc:bsm-11-wx2twq61
INFO:root:Added new study ID to part_of: nmdc:sty-11-547rwq94
INFO:root:Getting new ID for nmdc:Biosample gold:Gb0239923
INFO:root:Found new ID in identifiers_map: nmdc:bsm-11-n0kmyd38
INFO:root:Found 1 OmicsProcessing records for biosample gold:Gb0239923
INFO:root:Getting new ID for nmdc:OmicsProcessing gold:Gp0452549
INFO:root:Found new ID in identifiers_map: nmdc:omprc-11-c2d67p96
INFO:root:Added new biosample ID to has_input: nmdc:bsm-11-n0kmyd38
INFO:root:Added new study ID to part_of: nmdc:sty-11-547rwq94
INFO:root:Updating the database
INFO:root:Database update successful
INFO:root:Updated 1 records in study_set
INFO:root:Updated 80 records in biosample_set
INFO:root:Updated 80 records in omics_processing_set
INFO:root:Updated 0 records in data_object_set
INFO:root:Updated 0 records in metabolomics_analysis_activity_set
INFO:root:Updated 0 records in nom_analysis_activity_set
INFO:root:Deleted 0 records in omics_processing_set
INFO:root:Deleted 0 records in data_object_set
INFO:root:Writing updates and updated record identifiers to files
INFO:root:Writing 6 updates to /Users/MBThornton/Documents/code/nmdc_automation/nmdc_automation/re_iding/scripts/data/nmdc:sty-11-547rwq94/nmdc:sty-11-547rwq94_updates.tsv
INFO:root:Creating new file: /Users/MBThornton/Documents/code/nmdc_automation/nmdc_automation/re_iding/scripts/data/nmdc:sty-11-547rwq94/nmdc:sty-11-547rwq94_updates.tsv
INFO:root:Appending to existing file: /Users/MBThornton/Documents/code/nmdc_automation/nmdc_automation/re_iding/scripts/data/nmdc:sty-11-547rwq94/nmdc:sty-11-547rwq94_updated_record_identifiers.tsv
INFO:root:Writing 161 updated record identifiers to /Users/MBThornton/Documents/code/nmdc_automation/nmdc_automation/re_iding/scripts/data/nmdc:sty-11-547rwq94/nmdc:sty-11-547rwq94_updated_record_identifiers.tsv
INFO:root:Writing 2 deletions to /Users/MBThornton/Documents/code/nmdc_automation/nmdc_automation/re_iding/scripts/data/nmdc:sty-11-547rwq94/nmdc:sty-11-547rwq94_deletions.tsv
INFO:root:Creating new file: /Users/MBThornton/Documents/code/nmdc_automation/nmdc_automation/re_iding/scripts/data/nmdc:sty-11-547rwq94/nmdc:sty-11-547rwq94_deletions.tsv
INFO:root:Elapsed time: 7.746817111968994
