/Users/MBThornton/Library/Caches/pypoetry/virtualenvs/nmdc-automation-VEpwcKpc-py3.9/lib/python3.9/site-packages/urllib3/__init__.py:35: NotOpenSSLWarning: urllib3 v2 only supports OpenSSL 1.1.1+, currently the 'ssl' module is compiled with 'LibreSSL 2.8.3'. See: https://github.com/urllib3/urllib3/issues/3020
  warnings.warn(
INFO:root:Using NAPA config: ../../../configs/.local_napa_user_config.toml
INFO:root:Deleting old objects found in : data/nmdc:sty-11-547rwq94/nmdc:sty-11-547rwq94_associated_record_dump.json
INFO:pymongo.serverSelection:{"message": "Waiting for suitable server to become available", "selector": "Primary()", "operation": "listDatabases", "topologyDescription": "<TopologyDescription id: 664250b8ca4c5e75849ad714, topology_type: Single, servers: [<ServerDescription ('localhost', 27777) server_type: Unknown, rtt: None>]>", "clientId": {"$oid": "664250b8ca4c5e75849ad714"}, "remainingTimeMS": 4}
INFO:root:Deleting 123 records from data_object_set
INFO:root:Deleted 123 records from data_object_set
INFO:root:Deleting 3 records from mags_activity_set
INFO:root:Deleted 3 records from mags_activity_set
INFO:root:Deleting 3 records from metagenome_annotation_activity_set
INFO:root:Deleted 3 records from metagenome_annotation_activity_set
INFO:root:Deleting 3 records from metagenome_assembly_set
INFO:root:Deleted 3 records from metagenome_assembly_set
INFO:root:Deleting 3 records from read_qc_analysis_activity_set
INFO:root:Deleted 3 records from read_qc_analysis_activity_set
INFO:root:Deleting 3 records from read_based_taxonomy_analysis_activity_set
INFO:root:Deleted 3 records from read_based_taxonomy_analysis_activity_set
INFO:root:Deleting 123 records from data_object_set
INFO:root:Deleted 123 records from data_object_set
INFO:root:Deleting 3 records from mags_activity_set
INFO:root:Deleted 3 records from mags_activity_set
INFO:root:Deleting 3 records from metagenome_annotation_activity_set
INFO:root:Deleted 3 records from metagenome_annotation_activity_set
INFO:root:Deleting 3 records from metagenome_assembly_set
INFO:root:Deleted 3 records from metagenome_assembly_set
INFO:root:Deleting 3 records from read_qc_analysis_activity_set
INFO:root:Deleted 3 records from read_qc_analysis_activity_set
INFO:root:Deleting 3 records from read_based_taxonomy_analysis_activity_set
INFO:root:Deleted 3 records from read_based_taxonomy_analysis_activity_set
INFO:root:Deleting 73 records from data_object_set
INFO:root:Deleted 65 records from data_object_set
INFO:root:Deleting 2 records from mags_activity_set
INFO:root:Deleted 2 records from mags_activity_set
INFO:root:Deleting 2 records from metagenome_annotation_activity_set
INFO:root:Deleted 2 records from metagenome_annotation_activity_set
INFO:root:Deleting 2 records from metagenome_assembly_set
INFO:root:Deleted 2 records from metagenome_assembly_set
INFO:root:Deleting 2 records from read_qc_analysis_activity_set
INFO:root:Deleted 2 records from read_qc_analysis_activity_set
INFO:root:Deleting 2 records from read_based_taxonomy_analysis_activity_set
INFO:root:Deleted 2 records from read_based_taxonomy_analysis_activity_set
INFO:root:Deleting 162 records from data_object_set
INFO:root:Deleted 154 records from data_object_set
INFO:root:Deleting 4 records from mags_activity_set
INFO:root:Deleted 4 records from mags_activity_set
INFO:root:Deleting 4 records from metagenome_annotation_activity_set
INFO:root:Deleted 4 records from metagenome_annotation_activity_set
INFO:root:Deleting 4 records from metagenome_assembly_set
INFO:root:Deleted 4 records from metagenome_assembly_set
INFO:root:Deleting 4 records from read_qc_analysis_activity_set
INFO:root:Deleted 4 records from read_qc_analysis_activity_set
INFO:root:Deleting 4 records from read_based_taxonomy_analysis_activity_set
INFO:root:Deleted 4 records from read_based_taxonomy_analysis_activity_set
INFO:root:Deleting 41 records from data_object_set
INFO:root:Deleted 40 records from data_object_set
INFO:root:Deleting 1 records from mags_activity_set
INFO:root:Deleted 1 records from mags_activity_set
INFO:root:Deleting 1 records from metagenome_annotation_activity_set
INFO:root:Deleted 1 records from metagenome_annotation_activity_set
INFO:root:Deleting 1 records from metagenome_assembly_set
INFO:root:Deleted 1 records from metagenome_assembly_set
INFO:root:Deleting 1 records from read_qc_analysis_activity_set
INFO:root:Deleted 1 records from read_qc_analysis_activity_set
INFO:root:Deleting 1 records from read_based_taxonomy_analysis_activity_set
INFO:root:Deleted 1 records from read_based_taxonomy_analysis_activity_set
INFO:root:Deleting 115 records from data_object_set
INFO:root:Deleted 106 records from data_object_set
INFO:root:Deleting 3 records from mags_activity_set
INFO:root:Deleted 3 records from mags_activity_set
INFO:root:Deleting 3 records from metagenome_annotation_activity_set
INFO:root:Deleted 3 records from metagenome_annotation_activity_set
INFO:root:Deleting 3 records from metagenome_assembly_set
INFO:root:Deleted 3 records from metagenome_assembly_set
INFO:root:Deleting 3 records from read_qc_analysis_activity_set
INFO:root:Deleted 3 records from read_qc_analysis_activity_set
INFO:root:Deleting 3 records from read_based_taxonomy_analysis_activity_set
INFO:root:Deleted 3 records from read_based_taxonomy_analysis_activity_set
INFO:root:Deleting 122 records from data_object_set
INFO:root:Deleted 118 records from data_object_set
INFO:root:Deleting 3 records from mags_activity_set
INFO:root:Deleted 3 records from mags_activity_set
INFO:root:Deleting 3 records from metagenome_annotation_activity_set
INFO:root:Deleted 3 records from metagenome_annotation_activity_set
INFO:root:Deleting 3 records from metagenome_assembly_set
INFO:root:Deleted 3 records from metagenome_assembly_set
INFO:root:Deleting 3 records from read_qc_analysis_activity_set
INFO:root:Deleted 3 records from read_qc_analysis_activity_set
INFO:root:Deleting 3 records from read_based_taxonomy_analysis_activity_set
INFO:root:Deleted 3 records from read_based_taxonomy_analysis_activity_set
INFO:root:Deleting 40 records from data_object_set
INFO:root:Deleted 38 records from data_object_set
INFO:root:Deleting 1 records from mags_activity_set
INFO:root:Deleted 1 records from mags_activity_set
INFO:root:Deleting 1 records from metagenome_annotation_activity_set
INFO:root:Deleted 1 records from metagenome_annotation_activity_set
INFO:root:Deleting 1 records from metagenome_assembly_set
INFO:root:Deleted 1 records from metagenome_assembly_set
INFO:root:Deleting 1 records from read_qc_analysis_activity_set
INFO:root:Deleted 1 records from read_qc_analysis_activity_set
INFO:root:Deleting 1 records from read_based_taxonomy_analysis_activity_set
INFO:root:Deleted 1 records from read_based_taxonomy_analysis_activity_set
INFO:root:Deleting 116 records from data_object_set
INFO:root:Deleted 108 records from data_object_set
INFO:root:Deleting 3 records from mags_activity_set
INFO:root:Deleted 3 records from mags_activity_set
INFO:root:Deleting 3 records from metagenome_annotation_activity_set
INFO:root:Deleted 3 records from metagenome_annotation_activity_set
INFO:root:Deleting 3 records from metagenome_assembly_set
INFO:root:Deleted 3 records from metagenome_assembly_set
INFO:root:Deleting 3 records from read_qc_analysis_activity_set
INFO:root:Deleted 3 records from read_qc_analysis_activity_set
INFO:root:Deleting 3 records from read_based_taxonomy_analysis_activity_set
INFO:root:Deleted 3 records from read_based_taxonomy_analysis_activity_set
INFO:root:Deleting 36 records from data_object_set
INFO:root:Deleted 32 records from data_object_set
INFO:root:Deleting 1 records from mags_activity_set
INFO:root:Deleted 1 records from mags_activity_set
INFO:root:Deleting 1 records from metagenome_annotation_activity_set
INFO:root:Deleted 1 records from metagenome_annotation_activity_set
INFO:root:Deleting 1 records from metagenome_assembly_set
INFO:root:Deleted 1 records from metagenome_assembly_set
INFO:root:Deleting 1 records from read_qc_analysis_activity_set
INFO:root:Deleted 1 records from read_qc_analysis_activity_set
INFO:root:Deleting 1 records from read_based_taxonomy_analysis_activity_set
INFO:root:Deleted 1 records from read_based_taxonomy_analysis_activity_set
INFO:root:Deleting 81 records from data_object_set
INFO:root:Deleted 78 records from data_object_set
INFO:root:Deleting 2 records from mags_activity_set
INFO:root:Deleted 2 records from mags_activity_set
INFO:root:Deleting 2 records from metagenome_annotation_activity_set
INFO:root:Deleted 2 records from metagenome_annotation_activity_set
INFO:root:Deleting 2 records from metagenome_assembly_set
INFO:root:Deleted 2 records from metagenome_assembly_set
INFO:root:Deleting 2 records from read_qc_analysis_activity_set
INFO:root:Deleted 2 records from read_qc_analysis_activity_set
INFO:root:Deleting 2 records from read_based_taxonomy_analysis_activity_set
INFO:root:Deleted 2 records from read_based_taxonomy_analysis_activity_set
INFO:root:Deleting 41 records from data_object_set
INFO:root:Deleted 40 records from data_object_set
INFO:root:Deleting 1 records from mags_activity_set
INFO:root:Deleted 1 records from mags_activity_set
INFO:root:Deleting 1 records from metagenome_annotation_activity_set
INFO:root:Deleted 1 records from metagenome_annotation_activity_set
INFO:root:Deleting 1 records from metagenome_assembly_set
INFO:root:Deleted 1 records from metagenome_assembly_set
INFO:root:Deleting 1 records from read_qc_analysis_activity_set
INFO:root:Deleted 1 records from read_qc_analysis_activity_set
INFO:root:Deleting 1 records from read_based_taxonomy_analysis_activity_set
INFO:root:Deleted 1 records from read_based_taxonomy_analysis_activity_set
INFO:root:Deleting 70 records from data_object_set
INFO:root:Deleted 64 records from data_object_set
INFO:root:Deleting 2 records from mags_activity_set
INFO:root:Deleted 2 records from mags_activity_set
INFO:root:Deleting 2 records from metagenome_annotation_activity_set
INFO:root:Deleted 2 records from metagenome_annotation_activity_set
INFO:root:Deleting 2 records from metagenome_assembly_set
INFO:root:Deleted 2 records from metagenome_assembly_set
INFO:root:Deleting 2 records from read_qc_analysis_activity_set
INFO:root:Deleted 2 records from read_qc_analysis_activity_set
INFO:root:Deleting 2 records from read_based_taxonomy_analysis_activity_set
INFO:root:Deleted 2 records from read_based_taxonomy_analysis_activity_set
INFO:root:Deleting 80 records from data_object_set
INFO:root:Deleted 77 records from data_object_set
INFO:root:Deleting 2 records from mags_activity_set
INFO:root:Deleted 2 records from mags_activity_set
INFO:root:Deleting 2 records from metagenome_annotation_activity_set
INFO:root:Deleted 2 records from metagenome_annotation_activity_set
INFO:root:Deleting 2 records from metagenome_assembly_set
INFO:root:Deleted 2 records from metagenome_assembly_set
INFO:root:Deleting 2 records from read_qc_analysis_activity_set
INFO:root:Deleted 2 records from read_qc_analysis_activity_set
INFO:root:Deleting 2 records from read_based_taxonomy_analysis_activity_set
INFO:root:Deleted 2 records from read_based_taxonomy_analysis_activity_set
INFO:root:Deleting 122 records from data_object_set
INFO:root:Deleted 118 records from data_object_set
INFO:root:Deleting 3 records from mags_activity_set
INFO:root:Deleted 3 records from mags_activity_set
INFO:root:Deleting 3 records from metagenome_annotation_activity_set
INFO:root:Deleted 3 records from metagenome_annotation_activity_set
INFO:root:Deleting 3 records from metagenome_assembly_set
INFO:root:Deleted 3 records from metagenome_assembly_set
INFO:root:Deleting 3 records from read_qc_analysis_activity_set
INFO:root:Deleted 3 records from read_qc_analysis_activity_set
INFO:root:Deleting 3 records from read_based_taxonomy_analysis_activity_set
INFO:root:Deleted 3 records from read_based_taxonomy_analysis_activity_set
INFO:root:Deleting 31 records from data_object_set
INFO:root:Deleted 27 records from data_object_set
INFO:root:Deleting 1 records from mags_activity_set
INFO:root:Deleted 1 records from mags_activity_set
INFO:root:Deleting 1 records from metagenome_annotation_activity_set
INFO:root:Deleted 1 records from metagenome_annotation_activity_set
INFO:root:Deleting 1 records from metagenome_assembly_set
INFO:root:Deleted 1 records from metagenome_assembly_set
INFO:root:Deleting 1 records from read_qc_analysis_activity_set
INFO:root:Deleted 1 records from read_qc_analysis_activity_set
INFO:root:Deleting 1 records from read_based_taxonomy_analysis_activity_set
INFO:root:Deleted 1 records from read_based_taxonomy_analysis_activity_set
INFO:root:Deleting 82 records from data_object_set
INFO:root:Deleted 80 records from data_object_set
INFO:root:Deleting 2 records from mags_activity_set
INFO:root:Deleted 2 records from mags_activity_set
INFO:root:Deleting 2 records from metagenome_annotation_activity_set
INFO:root:Deleted 2 records from metagenome_annotation_activity_set
INFO:root:Deleting 2 records from metagenome_assembly_set
INFO:root:Deleted 2 records from metagenome_assembly_set
INFO:root:Deleting 2 records from read_qc_analysis_activity_set
INFO:root:Deleted 2 records from read_qc_analysis_activity_set
INFO:root:Deleting 2 records from read_based_taxonomy_analysis_activity_set
INFO:root:Deleted 2 records from read_based_taxonomy_analysis_activity_set
INFO:root:Deleting 80 records from data_object_set
INFO:root:Deleted 76 records from data_object_set
INFO:root:Deleting 2 records from mags_activity_set
INFO:root:Deleted 2 records from mags_activity_set
INFO:root:Deleting 2 records from metagenome_annotation_activity_set
INFO:root:Deleted 2 records from metagenome_annotation_activity_set
INFO:root:Deleting 2 records from metagenome_assembly_set
INFO:root:Deleted 2 records from metagenome_assembly_set
INFO:root:Deleting 2 records from read_qc_analysis_activity_set
INFO:root:Deleted 2 records from read_qc_analysis_activity_set
INFO:root:Deleting 2 records from read_based_taxonomy_analysis_activity_set
INFO:root:Deleted 2 records from read_based_taxonomy_analysis_activity_set
INFO:root:Deleting 158 records from data_object_set
INFO:root:Deleted 151 records from data_object_set
INFO:root:Deleting 4 records from mags_activity_set
INFO:root:Deleted 4 records from mags_activity_set
INFO:root:Deleting 4 records from metagenome_annotation_activity_set
INFO:root:Deleted 4 records from metagenome_annotation_activity_set
INFO:root:Deleting 4 records from metagenome_assembly_set
INFO:root:Deleted 4 records from metagenome_assembly_set
INFO:root:Deleting 4 records from read_qc_analysis_activity_set
INFO:root:Deleted 4 records from read_qc_analysis_activity_set
INFO:root:Deleting 4 records from read_based_taxonomy_analysis_activity_set
INFO:root:Deleted 4 records from read_based_taxonomy_analysis_activity_set
INFO:root:Deleting 82 records from data_object_set
INFO:root:Deleted 82 records from data_object_set
INFO:root:Deleting 2 records from mags_activity_set
INFO:root:Deleted 2 records from mags_activity_set
INFO:root:Deleting 2 records from metagenome_annotation_activity_set
INFO:root:Deleted 2 records from metagenome_annotation_activity_set
INFO:root:Deleting 2 records from metagenome_assembly_set
INFO:root:Deleted 2 records from metagenome_assembly_set
INFO:root:Deleting 2 records from read_qc_analysis_activity_set
INFO:root:Deleted 2 records from read_qc_analysis_activity_set
INFO:root:Deleting 2 records from read_based_taxonomy_analysis_activity_set
INFO:root:Deleted 2 records from read_based_taxonomy_analysis_activity_set
INFO:root:Deleting 82 records from data_object_set
INFO:root:Deleted 81 records from data_object_set
INFO:root:Deleting 2 records from mags_activity_set
INFO:root:Deleted 2 records from mags_activity_set
INFO:root:Deleting 2 records from metagenome_annotation_activity_set
INFO:root:Deleted 2 records from metagenome_annotation_activity_set
INFO:root:Deleting 2 records from metagenome_assembly_set
INFO:root:Deleted 2 records from metagenome_assembly_set
INFO:root:Deleting 2 records from read_qc_analysis_activity_set
INFO:root:Deleted 2 records from read_qc_analysis_activity_set
INFO:root:Deleting 2 records from read_based_taxonomy_analysis_activity_set
INFO:root:Deleted 2 records from read_based_taxonomy_analysis_activity_set
INFO:root:Deleting 121 records from data_object_set
INFO:root:Deleted 110 records from data_object_set
INFO:root:Deleting 3 records from mags_activity_set
INFO:root:Deleted 3 records from mags_activity_set
INFO:root:Deleting 3 records from metagenome_annotation_activity_set
INFO:root:Deleted 3 records from metagenome_annotation_activity_set
INFO:root:Deleting 3 records from metagenome_assembly_set
INFO:root:Deleted 3 records from metagenome_assembly_set
INFO:root:Deleting 3 records from read_qc_analysis_activity_set
INFO:root:Deleted 3 records from read_qc_analysis_activity_set
INFO:root:Deleting 3 records from read_based_taxonomy_analysis_activity_set
INFO:root:Deleted 3 records from read_based_taxonomy_analysis_activity_set
INFO:root:Deleting 120 records from data_object_set
INFO:root:Deleted 114 records from data_object_set
INFO:root:Deleting 3 records from mags_activity_set
INFO:root:Deleted 3 records from mags_activity_set
INFO:root:Deleting 3 records from metagenome_annotation_activity_set
INFO:root:Deleted 3 records from metagenome_annotation_activity_set
INFO:root:Deleting 3 records from metagenome_assembly_set
INFO:root:Deleted 3 records from metagenome_assembly_set
INFO:root:Deleting 3 records from read_qc_analysis_activity_set
INFO:root:Deleted 3 records from read_qc_analysis_activity_set
INFO:root:Deleting 3 records from read_based_taxonomy_analysis_activity_set
INFO:root:Deleted 3 records from read_based_taxonomy_analysis_activity_set
INFO:root:Deleting 76 records from data_object_set
INFO:root:Deleted 68 records from data_object_set
INFO:root:Deleting 2 records from mags_activity_set
INFO:root:Deleted 2 records from mags_activity_set
INFO:root:Deleting 2 records from metagenome_annotation_activity_set
INFO:root:Deleted 2 records from metagenome_annotation_activity_set
INFO:root:Deleting 2 records from metagenome_assembly_set
INFO:root:Deleted 2 records from metagenome_assembly_set
INFO:root:Deleting 2 records from read_qc_analysis_activity_set
INFO:root:Deleted 2 records from read_qc_analysis_activity_set
INFO:root:Deleting 2 records from read_based_taxonomy_analysis_activity_set
INFO:root:Deleted 2 records from read_based_taxonomy_analysis_activity_set
INFO:root:Deleting 77 records from data_object_set
INFO:root:Deleted 71 records from data_object_set
INFO:root:Deleting 2 records from mags_activity_set
INFO:root:Deleted 2 records from mags_activity_set
INFO:root:Deleting 2 records from metagenome_annotation_activity_set
INFO:root:Deleted 2 records from metagenome_annotation_activity_set
INFO:root:Deleting 2 records from metagenome_assembly_set
INFO:root:Deleted 2 records from metagenome_assembly_set
INFO:root:Deleting 2 records from read_qc_analysis_activity_set
INFO:root:Deleted 2 records from read_qc_analysis_activity_set
INFO:root:Deleting 2 records from read_based_taxonomy_analysis_activity_set
INFO:root:Deleted 2 records from read_based_taxonomy_analysis_activity_set
INFO:root:Deleting 82 records from data_object_set
INFO:root:Deleted 78 records from data_object_set
INFO:root:Deleting 2 records from mags_activity_set
INFO:root:Deleted 2 records from mags_activity_set
INFO:root:Deleting 2 records from metagenome_annotation_activity_set
INFO:root:Deleted 2 records from metagenome_annotation_activity_set
INFO:root:Deleting 2 records from metagenome_assembly_set
INFO:root:Deleted 2 records from metagenome_assembly_set
INFO:root:Deleting 2 records from read_qc_analysis_activity_set
INFO:root:Deleted 2 records from read_qc_analysis_activity_set
INFO:root:Deleting 2 records from read_based_taxonomy_analysis_activity_set
INFO:root:Deleted 2 records from read_based_taxonomy_analysis_activity_set
INFO:root:Deleting 34 records from data_object_set
INFO:root:Deleted 30 records from data_object_set
INFO:root:Deleting 1 records from mags_activity_set
INFO:root:Deleted 1 records from mags_activity_set
INFO:root:Deleting 1 records from metagenome_annotation_activity_set
INFO:root:Deleted 1 records from metagenome_annotation_activity_set
INFO:root:Deleting 1 records from metagenome_assembly_set
INFO:root:Deleted 1 records from metagenome_assembly_set
INFO:root:Deleting 1 records from read_qc_analysis_activity_set
INFO:root:Deleted 1 records from read_qc_analysis_activity_set
INFO:root:Deleting 1 records from read_based_taxonomy_analysis_activity_set
INFO:root:Deleted 1 records from read_based_taxonomy_analysis_activity_set
INFO:root:Deleting 158 records from data_object_set
INFO:root:Deleted 150 records from data_object_set
INFO:root:Deleting 4 records from mags_activity_set
INFO:root:Deleted 4 records from mags_activity_set
INFO:root:Deleting 4 records from metagenome_annotation_activity_set
INFO:root:Deleted 4 records from metagenome_annotation_activity_set
INFO:root:Deleting 4 records from metagenome_assembly_set
INFO:root:Deleted 4 records from metagenome_assembly_set
INFO:root:Deleting 4 records from read_qc_analysis_activity_set
INFO:root:Deleted 4 records from read_qc_analysis_activity_set
INFO:root:Deleting 4 records from read_based_taxonomy_analysis_activity_set
INFO:root:Deleted 4 records from read_based_taxonomy_analysis_activity_set
INFO:root:Deleting 40 records from data_object_set
INFO:root:Deleted 37 records from data_object_set
INFO:root:Deleting 1 records from mags_activity_set
INFO:root:Deleted 1 records from mags_activity_set
INFO:root:Deleting 1 records from metagenome_annotation_activity_set
INFO:root:Deleted 1 records from metagenome_annotation_activity_set
INFO:root:Deleting 1 records from metagenome_assembly_set
INFO:root:Deleted 1 records from metagenome_assembly_set
INFO:root:Deleting 1 records from read_qc_analysis_activity_set
INFO:root:Deleted 1 records from read_qc_analysis_activity_set
INFO:root:Deleting 1 records from read_based_taxonomy_analysis_activity_set
INFO:root:Deleted 1 records from read_based_taxonomy_analysis_activity_set
INFO:root:Deleting 82 records from data_object_set
INFO:root:Deleted 80 records from data_object_set
INFO:root:Deleting 2 records from mags_activity_set
INFO:root:Deleted 2 records from mags_activity_set
INFO:root:Deleting 2 records from metagenome_annotation_activity_set
INFO:root:Deleted 2 records from metagenome_annotation_activity_set
INFO:root:Deleting 2 records from metagenome_assembly_set
INFO:root:Deleted 2 records from metagenome_assembly_set
INFO:root:Deleting 2 records from read_qc_analysis_activity_set
INFO:root:Deleted 2 records from read_qc_analysis_activity_set
INFO:root:Deleting 2 records from read_based_taxonomy_analysis_activity_set
INFO:root:Deleted 2 records from read_based_taxonomy_analysis_activity_set
INFO:root:Deleting 120 records from data_object_set
INFO:root:Deleted 111 records from data_object_set
INFO:root:Deleting 3 records from mags_activity_set
INFO:root:Deleted 3 records from mags_activity_set
INFO:root:Deleting 3 records from metagenome_annotation_activity_set
INFO:root:Deleted 3 records from metagenome_annotation_activity_set
INFO:root:Deleting 3 records from metagenome_assembly_set
INFO:root:Deleted 3 records from metagenome_assembly_set
INFO:root:Deleting 3 records from read_qc_analysis_activity_set
INFO:root:Deleted 3 records from read_qc_analysis_activity_set
INFO:root:Deleting 3 records from read_based_taxonomy_analysis_activity_set
INFO:root:Deleted 3 records from read_based_taxonomy_analysis_activity_set
INFO:root:Deleting 80 records from data_object_set
INFO:root:Deleted 77 records from data_object_set
INFO:root:Deleting 2 records from mags_activity_set
INFO:root:Deleted 2 records from mags_activity_set
INFO:root:Deleting 2 records from metagenome_annotation_activity_set
INFO:root:Deleted 2 records from metagenome_annotation_activity_set
INFO:root:Deleting 2 records from metagenome_assembly_set
INFO:root:Deleted 2 records from metagenome_assembly_set
INFO:root:Deleting 2 records from read_qc_analysis_activity_set
INFO:root:Deleted 2 records from read_qc_analysis_activity_set
INFO:root:Deleting 2 records from read_based_taxonomy_analysis_activity_set
INFO:root:Deleted 2 records from read_based_taxonomy_analysis_activity_set
INFO:root:Deleting 121 records from data_object_set
INFO:root:Deleted 112 records from data_object_set
INFO:root:Deleting 3 records from mags_activity_set
INFO:root:Deleted 3 records from mags_activity_set
INFO:root:Deleting 3 records from metagenome_annotation_activity_set
INFO:root:Deleted 3 records from metagenome_annotation_activity_set
INFO:root:Deleting 3 records from metagenome_assembly_set
INFO:root:Deleted 3 records from metagenome_assembly_set
INFO:root:Deleting 3 records from read_qc_analysis_activity_set
INFO:root:Deleted 3 records from read_qc_analysis_activity_set
INFO:root:Deleting 3 records from read_based_taxonomy_analysis_activity_set
INFO:root:Deleted 3 records from read_based_taxonomy_analysis_activity_set
INFO:root:Deleting 117 records from data_object_set
INFO:root:Deleted 106 records from data_object_set
INFO:root:Deleting 3 records from mags_activity_set
INFO:root:Deleted 3 records from mags_activity_set
INFO:root:Deleting 3 records from metagenome_annotation_activity_set
INFO:root:Deleted 3 records from metagenome_annotation_activity_set
INFO:root:Deleting 3 records from metagenome_assembly_set
INFO:root:Deleted 3 records from metagenome_assembly_set
INFO:root:Deleting 3 records from read_qc_analysis_activity_set
INFO:root:Deleted 3 records from read_qc_analysis_activity_set
INFO:root:Deleting 3 records from read_based_taxonomy_analysis_activity_set
INFO:root:Deleted 3 records from read_based_taxonomy_analysis_activity_set
INFO:root:Deleting 118 records from data_object_set
INFO:root:Deleted 110 records from data_object_set
INFO:root:Deleting 3 records from mags_activity_set
INFO:root:Deleted 3 records from mags_activity_set
INFO:root:Deleting 3 records from metagenome_annotation_activity_set
INFO:root:Deleted 3 records from metagenome_annotation_activity_set
INFO:root:Deleting 3 records from metagenome_assembly_set
INFO:root:Deleted 3 records from metagenome_assembly_set
INFO:root:Deleting 3 records from read_qc_analysis_activity_set
INFO:root:Deleted 3 records from read_qc_analysis_activity_set
INFO:root:Deleting 3 records from read_based_taxonomy_analysis_activity_set
INFO:root:Deleted 3 records from read_based_taxonomy_analysis_activity_set
INFO:root:Deleting 76 records from data_object_set
INFO:root:Deleted 68 records from data_object_set
INFO:root:Deleting 2 records from mags_activity_set
INFO:root:Deleted 2 records from mags_activity_set
INFO:root:Deleting 2 records from metagenome_annotation_activity_set
INFO:root:Deleted 2 records from metagenome_annotation_activity_set
INFO:root:Deleting 2 records from metagenome_assembly_set
INFO:root:Deleted 2 records from metagenome_assembly_set
INFO:root:Deleting 2 records from read_qc_analysis_activity_set
INFO:root:Deleted 2 records from read_qc_analysis_activity_set
INFO:root:Deleting 2 records from read_based_taxonomy_analysis_activity_set
INFO:root:Deleted 2 records from read_based_taxonomy_analysis_activity_set
INFO:root:Deleting 41 records from data_object_set
INFO:root:Deleted 38 records from data_object_set
INFO:root:Deleting 1 records from mags_activity_set
INFO:root:Deleted 1 records from mags_activity_set
INFO:root:Deleting 1 records from metagenome_annotation_activity_set
INFO:root:Deleted 1 records from metagenome_annotation_activity_set
INFO:root:Deleting 1 records from metagenome_assembly_set
INFO:root:Deleted 1 records from metagenome_assembly_set
INFO:root:Deleting 1 records from read_qc_analysis_activity_set
INFO:root:Deleted 1 records from read_qc_analysis_activity_set
INFO:root:Deleting 1 records from read_based_taxonomy_analysis_activity_set
INFO:root:Deleted 1 records from read_based_taxonomy_analysis_activity_set
INFO:root:Deleting 41 records from data_object_set
INFO:root:Deleted 40 records from data_object_set
INFO:root:Deleting 1 records from mags_activity_set
INFO:root:Deleted 1 records from mags_activity_set
INFO:root:Deleting 1 records from metagenome_annotation_activity_set
INFO:root:Deleted 1 records from metagenome_annotation_activity_set
INFO:root:Deleting 1 records from metagenome_assembly_set
INFO:root:Deleted 1 records from metagenome_assembly_set
INFO:root:Deleting 1 records from read_qc_analysis_activity_set
INFO:root:Deleted 1 records from read_qc_analysis_activity_set
INFO:root:Deleting 1 records from read_based_taxonomy_analysis_activity_set
INFO:root:Deleted 1 records from read_based_taxonomy_analysis_activity_set
INFO:root:Deleting 33 records from data_object_set
INFO:root:Deleted 29 records from data_object_set
INFO:root:Deleting 1 records from mags_activity_set
INFO:root:Deleted 1 records from mags_activity_set
INFO:root:Deleting 1 records from metagenome_annotation_activity_set
INFO:root:Deleted 1 records from metagenome_annotation_activity_set
INFO:root:Deleting 1 records from metagenome_assembly_set
INFO:root:Deleted 1 records from metagenome_assembly_set
INFO:root:Deleting 1 records from read_qc_analysis_activity_set
INFO:root:Deleted 1 records from read_qc_analysis_activity_set
INFO:root:Deleting 1 records from read_based_taxonomy_analysis_activity_set
INFO:root:Deleted 1 records from read_based_taxonomy_analysis_activity_set
INFO:root:Deleting 118 records from data_object_set
INFO:root:Deleted 110 records from data_object_set
INFO:root:Deleting 3 records from mags_activity_set
INFO:root:Deleted 3 records from mags_activity_set
INFO:root:Deleting 3 records from metagenome_annotation_activity_set
INFO:root:Deleted 3 records from metagenome_annotation_activity_set
INFO:root:Deleting 3 records from metagenome_assembly_set
INFO:root:Deleted 3 records from metagenome_assembly_set
INFO:root:Deleting 3 records from read_qc_analysis_activity_set
INFO:root:Deleted 3 records from read_qc_analysis_activity_set
INFO:root:Deleting 3 records from read_based_taxonomy_analysis_activity_set
INFO:root:Deleted 3 records from read_based_taxonomy_analysis_activity_set
INFO:root:Deleting 115 records from data_object_set
INFO:root:Deleted 103 records from data_object_set
INFO:root:Deleting 3 records from mags_activity_set
INFO:root:Deleted 3 records from mags_activity_set
INFO:root:Deleting 3 records from metagenome_annotation_activity_set
INFO:root:Deleted 3 records from metagenome_annotation_activity_set
INFO:root:Deleting 3 records from metagenome_assembly_set
INFO:root:Deleted 3 records from metagenome_assembly_set
INFO:root:Deleting 3 records from read_qc_analysis_activity_set
INFO:root:Deleted 3 records from read_qc_analysis_activity_set
INFO:root:Deleting 3 records from read_based_taxonomy_analysis_activity_set
INFO:root:Deleted 3 records from read_based_taxonomy_analysis_activity_set
INFO:root:Deleting 121 records from data_object_set
INFO:root:Deleted 113 records from data_object_set
INFO:root:Deleting 3 records from mags_activity_set
INFO:root:Deleted 3 records from mags_activity_set
INFO:root:Deleting 3 records from metagenome_annotation_activity_set
INFO:root:Deleted 3 records from metagenome_annotation_activity_set
INFO:root:Deleting 3 records from metagenome_assembly_set
INFO:root:Deleted 3 records from metagenome_assembly_set
INFO:root:Deleting 3 records from read_qc_analysis_activity_set
INFO:root:Deleted 3 records from read_qc_analysis_activity_set
INFO:root:Deleting 3 records from read_based_taxonomy_analysis_activity_set
INFO:root:Deleted 3 records from read_based_taxonomy_analysis_activity_set
INFO:root:Deleting 156 records from data_object_set
INFO:root:Deleted 146 records from data_object_set
INFO:root:Deleting 4 records from mags_activity_set
INFO:root:Deleted 4 records from mags_activity_set
INFO:root:Deleting 4 records from metagenome_annotation_activity_set
INFO:root:Deleted 4 records from metagenome_annotation_activity_set
INFO:root:Deleting 4 records from metagenome_assembly_set
INFO:root:Deleted 4 records from metagenome_assembly_set
INFO:root:Deleting 4 records from read_qc_analysis_activity_set
INFO:root:Deleted 4 records from read_qc_analysis_activity_set
INFO:root:Deleting 4 records from read_based_taxonomy_analysis_activity_set
INFO:root:Deleted 4 records from read_based_taxonomy_analysis_activity_set
INFO:root:Deleting 78 records from data_object_set
INFO:root:Deleted 73 records from data_object_set
INFO:root:Deleting 2 records from mags_activity_set
INFO:root:Deleted 2 records from mags_activity_set
INFO:root:Deleting 2 records from metagenome_annotation_activity_set
INFO:root:Deleted 2 records from metagenome_annotation_activity_set
INFO:root:Deleting 2 records from metagenome_assembly_set
INFO:root:Deleted 2 records from metagenome_assembly_set
INFO:root:Deleting 2 records from read_qc_analysis_activity_set
INFO:root:Deleted 2 records from read_qc_analysis_activity_set
INFO:root:Deleting 2 records from read_based_taxonomy_analysis_activity_set
INFO:root:Deleted 2 records from read_based_taxonomy_analysis_activity_set
INFO:root:Deleting 108 records from data_object_set
INFO:root:Deleted 100 records from data_object_set
INFO:root:Deleting 3 records from mags_activity_set
INFO:root:Deleted 3 records from mags_activity_set
INFO:root:Deleting 3 records from metagenome_annotation_activity_set
INFO:root:Deleted 3 records from metagenome_annotation_activity_set
INFO:root:Deleting 3 records from metagenome_assembly_set
INFO:root:Deleted 3 records from metagenome_assembly_set
INFO:root:Deleting 3 records from read_qc_analysis_activity_set
INFO:root:Deleted 3 records from read_qc_analysis_activity_set
INFO:root:Deleting 3 records from read_based_taxonomy_analysis_activity_set
INFO:root:Deleted 3 records from read_based_taxonomy_analysis_activity_set
INFO:root:Deleting 120 records from data_object_set
INFO:root:Deleted 115 records from data_object_set
INFO:root:Deleting 3 records from mags_activity_set
INFO:root:Deleted 3 records from mags_activity_set
INFO:root:Deleting 3 records from metagenome_annotation_activity_set
INFO:root:Deleted 3 records from metagenome_annotation_activity_set
INFO:root:Deleting 3 records from metagenome_assembly_set
INFO:root:Deleted 3 records from metagenome_assembly_set
INFO:root:Deleting 3 records from read_qc_analysis_activity_set
INFO:root:Deleted 3 records from read_qc_analysis_activity_set
INFO:root:Deleting 3 records from read_based_taxonomy_analysis_activity_set
INFO:root:Deleted 3 records from read_based_taxonomy_analysis_activity_set
INFO:root:Deleting 162 records from data_object_set
INFO:root:Deleted 151 records from data_object_set
INFO:root:Deleting 4 records from mags_activity_set
INFO:root:Deleted 4 records from mags_activity_set
INFO:root:Deleting 4 records from metagenome_annotation_activity_set
INFO:root:Deleted 4 records from metagenome_annotation_activity_set
INFO:root:Deleting 4 records from metagenome_assembly_set
INFO:root:Deleted 4 records from metagenome_assembly_set
INFO:root:Deleting 4 records from read_qc_analysis_activity_set
INFO:root:Deleted 4 records from read_qc_analysis_activity_set
INFO:root:Deleting 4 records from read_based_taxonomy_analysis_activity_set
INFO:root:Deleted 4 records from read_based_taxonomy_analysis_activity_set
INFO:root:Deleting 163 records from data_object_set
INFO:root:Deleted 148 records from data_object_set
INFO:root:Deleting 4 records from mags_activity_set
INFO:root:Deleted 4 records from mags_activity_set
INFO:root:Deleting 4 records from metagenome_annotation_activity_set
INFO:root:Deleted 4 records from metagenome_annotation_activity_set
INFO:root:Deleting 4 records from metagenome_assembly_set
INFO:root:Deleted 4 records from metagenome_assembly_set
INFO:root:Deleting 4 records from read_qc_analysis_activity_set
INFO:root:Deleted 4 records from read_qc_analysis_activity_set
INFO:root:Deleting 4 records from read_based_taxonomy_analysis_activity_set
INFO:root:Deleted 4 records from read_based_taxonomy_analysis_activity_set
INFO:root:Deleting 81 records from data_object_set
INFO:root:Deleted 79 records from data_object_set
INFO:root:Deleting 2 records from mags_activity_set
INFO:root:Deleted 2 records from mags_activity_set
INFO:root:Deleting 2 records from metagenome_annotation_activity_set
INFO:root:Deleted 2 records from metagenome_annotation_activity_set
INFO:root:Deleting 2 records from metagenome_assembly_set
INFO:root:Deleted 2 records from metagenome_assembly_set
INFO:root:Deleting 2 records from read_qc_analysis_activity_set
INFO:root:Deleted 2 records from read_qc_analysis_activity_set
INFO:root:Deleting 2 records from read_based_taxonomy_analysis_activity_set
INFO:root:Deleted 2 records from read_based_taxonomy_analysis_activity_set
INFO:root:Deleting 41 records from data_object_set
INFO:root:Deleted 41 records from data_object_set
INFO:root:Deleting 1 records from mags_activity_set
INFO:root:Deleted 1 records from mags_activity_set
INFO:root:Deleting 1 records from metagenome_annotation_activity_set
INFO:root:Deleted 1 records from metagenome_annotation_activity_set
INFO:root:Deleting 1 records from metagenome_assembly_set
INFO:root:Deleted 1 records from metagenome_assembly_set
INFO:root:Deleting 1 records from read_qc_analysis_activity_set
INFO:root:Deleted 1 records from read_qc_analysis_activity_set
INFO:root:Deleting 1 records from read_based_taxonomy_analysis_activity_set
INFO:root:Deleted 1 records from read_based_taxonomy_analysis_activity_set
INFO:root:Deleting 158 records from data_object_set
INFO:root:Deleted 146 records from data_object_set
INFO:root:Deleting 4 records from mags_activity_set
INFO:root:Deleted 4 records from mags_activity_set
INFO:root:Deleting 4 records from metagenome_annotation_activity_set
INFO:root:Deleted 4 records from metagenome_annotation_activity_set
INFO:root:Deleting 4 records from metagenome_assembly_set
INFO:root:Deleted 4 records from metagenome_assembly_set
INFO:root:Deleting 4 records from read_qc_analysis_activity_set
INFO:root:Deleted 4 records from read_qc_analysis_activity_set
INFO:root:Deleting 4 records from read_based_taxonomy_analysis_activity_set
INFO:root:Deleted 4 records from read_based_taxonomy_analysis_activity_set
INFO:root:Deleting 36 records from data_object_set
INFO:root:Deleted 32 records from data_object_set
INFO:root:Deleting 1 records from mags_activity_set
INFO:root:Deleted 1 records from mags_activity_set
INFO:root:Deleting 1 records from metagenome_annotation_activity_set
INFO:root:Deleted 1 records from metagenome_annotation_activity_set
INFO:root:Deleting 1 records from metagenome_assembly_set
INFO:root:Deleted 1 records from metagenome_assembly_set
INFO:root:Deleting 1 records from read_qc_analysis_activity_set
INFO:root:Deleted 1 records from read_qc_analysis_activity_set
INFO:root:Deleting 1 records from read_based_taxonomy_analysis_activity_set
INFO:root:Deleted 1 records from read_based_taxonomy_analysis_activity_set
INFO:root:Deleting 81 records from data_object_set
INFO:root:Deleted 78 records from data_object_set
INFO:root:Deleting 2 records from mags_activity_set
INFO:root:Deleted 2 records from mags_activity_set
INFO:root:Deleting 2 records from metagenome_annotation_activity_set
INFO:root:Deleted 2 records from metagenome_annotation_activity_set
INFO:root:Deleting 2 records from metagenome_assembly_set
INFO:root:Deleted 2 records from metagenome_assembly_set
INFO:root:Deleting 2 records from read_qc_analysis_activity_set
INFO:root:Deleted 2 records from read_qc_analysis_activity_set
INFO:root:Deleting 2 records from read_based_taxonomy_analysis_activity_set
INFO:root:Deleted 2 records from read_based_taxonomy_analysis_activity_set
INFO:root:Deleting 113 records from data_object_set
INFO:root:Deleted 101 records from data_object_set
INFO:root:Deleting 3 records from mags_activity_set
INFO:root:Deleted 3 records from mags_activity_set
INFO:root:Deleting 3 records from metagenome_annotation_activity_set
INFO:root:Deleted 3 records from metagenome_annotation_activity_set
INFO:root:Deleting 3 records from metagenome_assembly_set
INFO:root:Deleted 3 records from metagenome_assembly_set
INFO:root:Deleting 3 records from read_qc_analysis_activity_set
INFO:root:Deleted 3 records from read_qc_analysis_activity_set
INFO:root:Deleting 3 records from read_based_taxonomy_analysis_activity_set
INFO:root:Deleted 3 records from read_based_taxonomy_analysis_activity_set
INFO:root:Deleting 82 records from data_object_set
INFO:root:Deleted 79 records from data_object_set
INFO:root:Deleting 2 records from mags_activity_set
INFO:root:Deleted 2 records from mags_activity_set
INFO:root:Deleting 2 records from metagenome_annotation_activity_set
INFO:root:Deleted 2 records from metagenome_annotation_activity_set
INFO:root:Deleting 2 records from metagenome_assembly_set
INFO:root:Deleted 2 records from metagenome_assembly_set
INFO:root:Deleting 2 records from read_qc_analysis_activity_set
INFO:root:Deleted 2 records from read_qc_analysis_activity_set
INFO:root:Deleting 2 records from read_based_taxonomy_analysis_activity_set
INFO:root:Deleted 2 records from read_based_taxonomy_analysis_activity_set
INFO:root:Deleting 160 records from data_object_set
INFO:root:Deleted 152 records from data_object_set
INFO:root:Deleting 4 records from mags_activity_set
INFO:root:Deleted 4 records from mags_activity_set
INFO:root:Deleting 4 records from metagenome_annotation_activity_set
INFO:root:Deleted 4 records from metagenome_annotation_activity_set
INFO:root:Deleting 4 records from metagenome_assembly_set
INFO:root:Deleted 4 records from metagenome_assembly_set
INFO:root:Deleting 4 records from read_qc_analysis_activity_set
INFO:root:Deleted 4 records from read_qc_analysis_activity_set
INFO:root:Deleting 4 records from read_based_taxonomy_analysis_activity_set
INFO:root:Deleted 4 records from read_based_taxonomy_analysis_activity_set
INFO:root:Deleting 120 records from data_object_set
INFO:root:Deleted 109 records from data_object_set
INFO:root:Deleting 3 records from mags_activity_set
INFO:root:Deleted 3 records from mags_activity_set
INFO:root:Deleting 3 records from metagenome_annotation_activity_set
INFO:root:Deleted 3 records from metagenome_annotation_activity_set
INFO:root:Deleting 3 records from metagenome_assembly_set
INFO:root:Deleted 3 records from metagenome_assembly_set
INFO:root:Deleting 3 records from read_qc_analysis_activity_set
INFO:root:Deleted 3 records from read_qc_analysis_activity_set
INFO:root:Deleting 3 records from read_based_taxonomy_analysis_activity_set
INFO:root:Deleted 3 records from read_based_taxonomy_analysis_activity_set
INFO:root:Deleting 122 records from data_object_set
INFO:root:Deleted 118 records from data_object_set
INFO:root:Deleting 3 records from mags_activity_set
INFO:root:Deleted 3 records from mags_activity_set
INFO:root:Deleting 3 records from metagenome_annotation_activity_set
INFO:root:Deleted 3 records from metagenome_annotation_activity_set
INFO:root:Deleting 3 records from metagenome_assembly_set
INFO:root:Deleted 3 records from metagenome_assembly_set
INFO:root:Deleting 3 records from read_qc_analysis_activity_set
INFO:root:Deleted 3 records from read_qc_analysis_activity_set
INFO:root:Deleting 3 records from read_based_taxonomy_analysis_activity_set
INFO:root:Deleted 3 records from read_based_taxonomy_analysis_activity_set
INFO:root:Deleting 120 records from data_object_set
INFO:root:Deleted 116 records from data_object_set
INFO:root:Deleting 3 records from mags_activity_set
INFO:root:Deleted 3 records from mags_activity_set
INFO:root:Deleting 3 records from metagenome_annotation_activity_set
INFO:root:Deleted 3 records from metagenome_annotation_activity_set
INFO:root:Deleting 3 records from metagenome_assembly_set
INFO:root:Deleted 3 records from metagenome_assembly_set
INFO:root:Deleting 3 records from read_qc_analysis_activity_set
INFO:root:Deleted 3 records from read_qc_analysis_activity_set
INFO:root:Deleting 3 records from read_based_taxonomy_analysis_activity_set
INFO:root:Deleted 3 records from read_based_taxonomy_analysis_activity_set
INFO:root:Deleting 158 records from data_object_set
INFO:root:Deleted 148 records from data_object_set
INFO:root:Deleting 4 records from mags_activity_set
INFO:root:Deleted 4 records from mags_activity_set
INFO:root:Deleting 4 records from metagenome_annotation_activity_set
INFO:root:Deleted 4 records from metagenome_annotation_activity_set
INFO:root:Deleting 4 records from metagenome_assembly_set
INFO:root:Deleted 4 records from metagenome_assembly_set
INFO:root:Deleting 4 records from read_qc_analysis_activity_set
INFO:root:Deleted 4 records from read_qc_analysis_activity_set
INFO:root:Deleting 4 records from read_based_taxonomy_analysis_activity_set
INFO:root:Deleted 4 records from read_based_taxonomy_analysis_activity_set
INFO:root:Deleting 155 records from data_object_set
INFO:root:Deleted 144 records from data_object_set
INFO:root:Deleting 4 records from mags_activity_set
INFO:root:Deleted 4 records from mags_activity_set
INFO:root:Deleting 4 records from metagenome_annotation_activity_set
INFO:root:Deleted 4 records from metagenome_annotation_activity_set
INFO:root:Deleting 4 records from metagenome_assembly_set
INFO:root:Deleted 4 records from metagenome_assembly_set
INFO:root:Deleting 4 records from read_qc_analysis_activity_set
INFO:root:Deleted 4 records from read_qc_analysis_activity_set
INFO:root:Deleting 4 records from read_based_taxonomy_analysis_activity_set
INFO:root:Deleted 4 records from read_based_taxonomy_analysis_activity_set
INFO:root:Deleting 139 records from data_object_set
INFO:root:Deleted 123 records from data_object_set
INFO:root:Deleting 4 records from mags_activity_set
INFO:root:Deleted 4 records from mags_activity_set
INFO:root:Deleting 4 records from metagenome_annotation_activity_set
INFO:root:Deleted 4 records from metagenome_annotation_activity_set
INFO:root:Deleting 4 records from metagenome_assembly_set
INFO:root:Deleted 4 records from metagenome_assembly_set
INFO:root:Deleting 4 records from read_qc_analysis_activity_set
INFO:root:Deleted 4 records from read_qc_analysis_activity_set
INFO:root:Deleting 4 records from read_based_taxonomy_analysis_activity_set
INFO:root:Deleted 4 records from read_based_taxonomy_analysis_activity_set
INFO:root:Deleting 71 records from data_object_set
INFO:root:Deleted 63 records from data_object_set
INFO:root:Deleting 2 records from mags_activity_set
INFO:root:Deleted 2 records from mags_activity_set
INFO:root:Deleting 2 records from metagenome_annotation_activity_set
INFO:root:Deleted 2 records from metagenome_annotation_activity_set
INFO:root:Deleting 2 records from metagenome_assembly_set
INFO:root:Deleted 2 records from metagenome_assembly_set
INFO:root:Deleting 2 records from read_qc_analysis_activity_set
INFO:root:Deleted 2 records from read_qc_analysis_activity_set
INFO:root:Deleting 2 records from read_based_taxonomy_analysis_activity_set
INFO:root:Deleted 2 records from read_based_taxonomy_analysis_activity_set
INFO:root:Deleting 82 records from data_object_set
INFO:root:Deleted 79 records from data_object_set
INFO:root:Deleting 2 records from mags_activity_set
INFO:root:Deleted 2 records from mags_activity_set
INFO:root:Deleting 2 records from metagenome_annotation_activity_set
INFO:root:Deleted 2 records from metagenome_annotation_activity_set
INFO:root:Deleting 2 records from metagenome_assembly_set
INFO:root:Deleted 2 records from metagenome_assembly_set
INFO:root:Deleting 2 records from read_qc_analysis_activity_set
INFO:root:Deleted 2 records from read_qc_analysis_activity_set
INFO:root:Deleting 2 records from read_based_taxonomy_analysis_activity_set
INFO:root:Deleted 2 records from read_based_taxonomy_analysis_activity_set
INFO:root:Deleting 122 records from data_object_set
INFO:root:Deleted 118 records from data_object_set
INFO:root:Deleting 3 records from mags_activity_set
INFO:root:Deleted 3 records from mags_activity_set
INFO:root:Deleting 3 records from metagenome_annotation_activity_set
INFO:root:Deleted 3 records from metagenome_annotation_activity_set
INFO:root:Deleting 3 records from metagenome_assembly_set
INFO:root:Deleted 3 records from metagenome_assembly_set
INFO:root:Deleting 3 records from read_qc_analysis_activity_set
INFO:root:Deleted 3 records from read_qc_analysis_activity_set
INFO:root:Deleting 3 records from read_based_taxonomy_analysis_activity_set
INFO:root:Deleted 3 records from read_based_taxonomy_analysis_activity_set
INFO:root:Deleting 81 records from data_object_set
INFO:root:Deleted 79 records from data_object_set
INFO:root:Deleting 2 records from mags_activity_set
INFO:root:Deleted 2 records from mags_activity_set
INFO:root:Deleting 2 records from metagenome_annotation_activity_set
INFO:root:Deleted 2 records from metagenome_annotation_activity_set
INFO:root:Deleting 2 records from metagenome_assembly_set
INFO:root:Deleted 2 records from metagenome_assembly_set
INFO:root:Deleting 2 records from read_qc_analysis_activity_set
INFO:root:Deleted 2 records from read_qc_analysis_activity_set
INFO:root:Deleting 2 records from read_based_taxonomy_analysis_activity_set
INFO:root:Deleted 2 records from read_based_taxonomy_analysis_activity_set
INFO:root:Deleting 34 records from data_object_set
INFO:root:Deleted 30 records from data_object_set
INFO:root:Deleting 1 records from mags_activity_set
INFO:root:Deleted 1 records from mags_activity_set
INFO:root:Deleting 1 records from metagenome_annotation_activity_set
INFO:root:Deleted 1 records from metagenome_annotation_activity_set
INFO:root:Deleting 1 records from metagenome_assembly_set
INFO:root:Deleted 1 records from metagenome_assembly_set
INFO:root:Deleting 1 records from read_qc_analysis_activity_set
INFO:root:Deleted 1 records from read_qc_analysis_activity_set
INFO:root:Deleting 1 records from read_based_taxonomy_analysis_activity_set
INFO:root:Deleted 1 records from read_based_taxonomy_analysis_activity_set
INFO:root:Deleting 160 records from data_object_set
INFO:root:Deleted 149 records from data_object_set
INFO:root:Deleting 4 records from mags_activity_set
INFO:root:Deleted 4 records from mags_activity_set
INFO:root:Deleting 4 records from metagenome_annotation_activity_set
INFO:root:Deleted 4 records from metagenome_annotation_activity_set
INFO:root:Deleting 4 records from metagenome_assembly_set
INFO:root:Deleted 4 records from metagenome_assembly_set
INFO:root:Deleting 4 records from read_qc_analysis_activity_set
INFO:root:Deleted 4 records from read_qc_analysis_activity_set
INFO:root:Deleting 4 records from read_based_taxonomy_analysis_activity_set
INFO:root:Deleted 4 records from read_based_taxonomy_analysis_activity_set
INFO:root:Deleting 78 records from data_object_set
INFO:root:Deleted 72 records from data_object_set
INFO:root:Deleting 2 records from mags_activity_set
INFO:root:Deleted 2 records from mags_activity_set
INFO:root:Deleting 2 records from metagenome_annotation_activity_set
INFO:root:Deleted 2 records from metagenome_annotation_activity_set
INFO:root:Deleting 2 records from metagenome_assembly_set
INFO:root:Deleted 2 records from metagenome_assembly_set
INFO:root:Deleting 2 records from read_qc_analysis_activity_set
INFO:root:Deleted 2 records from read_qc_analysis_activity_set
INFO:root:Deleting 2 records from read_based_taxonomy_analysis_activity_set
INFO:root:Deleted 2 records from read_based_taxonomy_analysis_activity_set
INFO:root:Deleting 33 records from data_object_set
INFO:root:Deleted 28 records from data_object_set
INFO:root:Deleting 1 records from mags_activity_set
INFO:root:Deleted 1 records from mags_activity_set
INFO:root:Deleting 1 records from metagenome_annotation_activity_set
INFO:root:Deleted 1 records from metagenome_annotation_activity_set
INFO:root:Deleting 1 records from metagenome_assembly_set
INFO:root:Deleted 1 records from metagenome_assembly_set
INFO:root:Deleting 1 records from read_qc_analysis_activity_set
INFO:root:Deleted 1 records from read_qc_analysis_activity_set
INFO:root:Deleting 1 records from read_based_taxonomy_analysis_activity_set
INFO:root:Deleted 1 records from read_based_taxonomy_analysis_activity_set
INFO:root:Deleting 36 records from data_object_set
INFO:root:Deleted 32 records from data_object_set
INFO:root:Deleting 1 records from mags_activity_set
INFO:root:Deleted 1 records from mags_activity_set
INFO:root:Deleting 1 records from metagenome_annotation_activity_set
INFO:root:Deleted 1 records from metagenome_annotation_activity_set
INFO:root:Deleting 1 records from metagenome_assembly_set
INFO:root:Deleted 1 records from metagenome_assembly_set
INFO:root:Deleting 1 records from read_qc_analysis_activity_set
INFO:root:Deleted 1 records from read_qc_analysis_activity_set
INFO:root:Deleting 1 records from read_based_taxonomy_analysis_activity_set
INFO:root:Deleted 1 records from read_based_taxonomy_analysis_activity_set
INFO:root:Deleting 82 records from data_object_set
INFO:root:Deleted 78 records from data_object_set
INFO:root:Deleting 2 records from mags_activity_set
INFO:root:Deleted 2 records from mags_activity_set
INFO:root:Deleting 2 records from metagenome_annotation_activity_set
INFO:root:Deleted 2 records from metagenome_annotation_activity_set
INFO:root:Deleting 2 records from metagenome_assembly_set
INFO:root:Deleted 2 records from metagenome_assembly_set
INFO:root:Deleting 2 records from read_qc_analysis_activity_set
INFO:root:Deleted 2 records from read_qc_analysis_activity_set
INFO:root:Deleting 2 records from read_based_taxonomy_analysis_activity_set
INFO:root:Deleted 2 records from read_based_taxonomy_analysis_activity_set
INFO:root:Deleting 81 records from data_object_set
INFO:root:Deleted 78 records from data_object_set
INFO:root:Deleting 2 records from mags_activity_set
INFO:root:Deleted 2 records from mags_activity_set
INFO:root:Deleting 2 records from metagenome_annotation_activity_set
INFO:root:Deleted 2 records from metagenome_annotation_activity_set
INFO:root:Deleting 2 records from metagenome_assembly_set
INFO:root:Deleted 2 records from metagenome_assembly_set
INFO:root:Deleting 2 records from read_qc_analysis_activity_set
INFO:root:Deleted 2 records from read_qc_analysis_activity_set
INFO:root:Deleting 2 records from read_based_taxonomy_analysis_activity_set
INFO:root:Deleted 2 records from read_based_taxonomy_analysis_activity_set
INFO:root:Deleting 77 records from data_object_set
INFO:root:Deleted 71 records from data_object_set
INFO:root:Deleting 2 records from mags_activity_set
INFO:root:Deleted 2 records from mags_activity_set
INFO:root:Deleting 2 records from metagenome_annotation_activity_set
INFO:root:Deleted 2 records from metagenome_annotation_activity_set
INFO:root:Deleting 2 records from metagenome_assembly_set
INFO:root:Deleted 2 records from metagenome_assembly_set
INFO:root:Deleting 2 records from read_qc_analysis_activity_set
INFO:root:Deleted 2 records from read_qc_analysis_activity_set
INFO:root:Deleting 2 records from read_based_taxonomy_analysis_activity_set
INFO:root:Deleted 2 records from read_based_taxonomy_analysis_activity_set
INFO:root:Deleting 74 records from data_object_set
INFO:root:Deleted 66 records from data_object_set
INFO:root:Deleting 2 records from mags_activity_set
INFO:root:Deleted 2 records from mags_activity_set
INFO:root:Deleting 2 records from metagenome_annotation_activity_set
INFO:root:Deleted 2 records from metagenome_annotation_activity_set
INFO:root:Deleting 2 records from metagenome_assembly_set
INFO:root:Deleted 2 records from metagenome_assembly_set
INFO:root:Deleting 2 records from read_qc_analysis_activity_set
INFO:root:Deleted 2 records from read_qc_analysis_activity_set
INFO:root:Deleting 2 records from read_based_taxonomy_analysis_activity_set
INFO:root:Deleted 2 records from read_based_taxonomy_analysis_activity_set
INFO:root:Deleting 118 records from data_object_set
INFO:root:Deleted 107 records from data_object_set
INFO:root:Deleting 3 records from mags_activity_set
INFO:root:Deleted 3 records from mags_activity_set
INFO:root:Deleting 3 records from metagenome_annotation_activity_set
INFO:root:Deleted 3 records from metagenome_annotation_activity_set
INFO:root:Deleting 3 records from metagenome_assembly_set
INFO:root:Deleted 3 records from metagenome_assembly_set
INFO:root:Deleting 3 records from read_qc_analysis_activity_set
INFO:root:Deleted 3 records from read_qc_analysis_activity_set
INFO:root:Deleting 3 records from read_based_taxonomy_analysis_activity_set
INFO:root:Deleted 3 records from read_based_taxonomy_analysis_activity_set
INFO:root:Deleting 80 records from data_object_set
INFO:root:Deleted 77 records from data_object_set
INFO:root:Deleting 2 records from mags_activity_set
INFO:root:Deleted 2 records from mags_activity_set
INFO:root:Deleting 2 records from metagenome_annotation_activity_set
INFO:root:Deleted 2 records from metagenome_annotation_activity_set
INFO:root:Deleting 2 records from metagenome_assembly_set
INFO:root:Deleted 2 records from metagenome_assembly_set
INFO:root:Deleting 2 records from read_qc_analysis_activity_set
INFO:root:Deleted 2 records from read_qc_analysis_activity_set
INFO:root:Deleting 2 records from read_based_taxonomy_analysis_activity_set
INFO:root:Deleted 2 records from read_based_taxonomy_analysis_activity_set
INFO:root:Deleting 81 records from data_object_set
INFO:root:Deleted 78 records from data_object_set
INFO:root:Deleting 2 records from mags_activity_set
INFO:root:Deleted 2 records from mags_activity_set
INFO:root:Deleting 2 records from metagenome_annotation_activity_set
INFO:root:Deleted 2 records from metagenome_annotation_activity_set
INFO:root:Deleting 2 records from metagenome_assembly_set
INFO:root:Deleted 2 records from metagenome_assembly_set
INFO:root:Deleting 2 records from read_qc_analysis_activity_set
INFO:root:Deleted 2 records from read_qc_analysis_activity_set
INFO:root:Deleting 2 records from read_based_taxonomy_analysis_activity_set
INFO:root:Deleted 2 records from read_based_taxonomy_analysis_activity_set
INFO:root:Deleting 80 records from data_object_set
INFO:root:Deleted 75 records from data_object_set
INFO:root:Deleting 2 records from mags_activity_set
INFO:root:Deleted 2 records from mags_activity_set
INFO:root:Deleting 2 records from metagenome_annotation_activity_set
INFO:root:Deleted 2 records from metagenome_annotation_activity_set
INFO:root:Deleting 2 records from metagenome_assembly_set
INFO:root:Deleted 2 records from metagenome_assembly_set
INFO:root:Deleting 2 records from read_qc_analysis_activity_set
INFO:root:Deleted 2 records from read_qc_analysis_activity_set
INFO:root:Deleting 2 records from read_based_taxonomy_analysis_activity_set
INFO:root:Deleted 2 records from read_based_taxonomy_analysis_activity_set
INFO:root:Deleting 190 functional annotation records
INFO:root:Deleted 0 functional annotation records
INFO:root:Writing 8424 deleted record identifiers to /Users/MBThornton/Documents/code/nmdc_automation/nmdc_automation/re_iding/scripts/data/nmdc:sty-11-547rwq94_deleted_record_identifiers.tsv
INFO:root:Elapsed time: 11.431092023849487
