/Users/MBThornton/Library/Caches/pypoetry/virtualenvs/nmdc-automation-VEpwcKpc-py3.9/lib/python3.9/site-packages/urllib3/__init__.py:34: NotOpenSSLWarning: urllib3 v2 only supports OpenSSL 1.1.1+, currently the 'ssl' module is compiled with 'LibreSSL 2.8.3'. See: https://github.com/urllib3/urllib3/issues/3020
  warnings.warn(
INFO:root:Submitting re id'd records from : ./data/nmdc:sty-11-dcqce727_re_ided_record_dump.json
INFO:root:Using MongoDB URI: mongodb://mbthornton-napa:wildlife-nutrient-radiator@localhost:37020
INFO:root:Connected to MongoDB server at mongodb://mbthornton-napa:wildlife-nutrient-radiator@localhost:37020
INFO:root:omics_processing_id: nmdc:omprc-11-2b4p5w74
INFO:root:Updated 0 omics_processing_set records
INFO:root:DB Record validated - submitting to API
INFO:root:Inserting 17 records into data_object_set
INFO:root:Inserted 17 records into data_object_set
INFO:root:Inserting 1 records into metagenome_assembly_set
INFO:root:Inserted 1 records into metagenome_assembly_set
INFO:root:Inserting 1 records into read_qc_analysis_activity_set
INFO:root:Inserted 1 records into read_qc_analysis_activity_set
INFO:root:Inserting 1 records into read_based_taxonomy_analysis_activity_set
INFO:root:Inserted 1 records into read_based_taxonomy_analysis_activity_set
INFO:root:omics_processing_id: nmdc:omprc-11-c8aj0c39
INFO:root:Updated 0 omics_processing_set records
INFO:root:DB Record validated - submitting to API
INFO:root:Inserting 17 records into data_object_set
INFO:root:Inserted 17 records into data_object_set
INFO:root:Inserting 1 records into metagenome_assembly_set
INFO:root:Inserted 1 records into metagenome_assembly_set
INFO:root:Inserting 1 records into read_qc_analysis_activity_set
INFO:root:Inserted 1 records into read_qc_analysis_activity_set
INFO:root:Inserting 1 records into read_based_taxonomy_analysis_activity_set
INFO:root:Inserted 1 records into read_based_taxonomy_analysis_activity_set
INFO:root:omics_processing_id: nmdc:omprc-11-73zj8f68
INFO:root:Updated 0 omics_processing_set records
INFO:root:DB Record validated - submitting to API
INFO:root:Inserting 17 records into data_object_set
INFO:root:Inserted 17 records into data_object_set
INFO:root:Inserting 1 records into metagenome_assembly_set
INFO:root:Inserted 1 records into metagenome_assembly_set
INFO:root:Inserting 1 records into read_qc_analysis_activity_set
INFO:root:Inserted 1 records into read_qc_analysis_activity_set
INFO:root:Inserting 1 records into read_based_taxonomy_analysis_activity_set
INFO:root:Inserted 1 records into read_based_taxonomy_analysis_activity_set
INFO:root:omics_processing_id: nmdc:omprc-11-d09vf280
INFO:root:Updated 0 omics_processing_set records
INFO:root:DB Record validated - submitting to API
INFO:root:Inserting 17 records into data_object_set
INFO:root:Inserted 17 records into data_object_set
INFO:root:Inserting 1 records into metagenome_assembly_set
INFO:root:Inserted 1 records into metagenome_assembly_set
INFO:root:Inserting 1 records into read_qc_analysis_activity_set
INFO:root:Inserted 1 records into read_qc_analysis_activity_set
INFO:root:Inserting 1 records into read_based_taxonomy_analysis_activity_set
INFO:root:Inserted 1 records into read_based_taxonomy_analysis_activity_set
INFO:root:omics_processing_id: nmdc:omprc-11-1wva5e80
INFO:root:Updated 0 omics_processing_set records
INFO:root:DB Record validated - submitting to API
INFO:root:Inserting 17 records into data_object_set
INFO:root:Inserted 17 records into data_object_set
INFO:root:Inserting 1 records into metagenome_assembly_set
INFO:root:Inserted 1 records into metagenome_assembly_set
INFO:root:Inserting 1 records into read_qc_analysis_activity_set
INFO:root:Inserted 1 records into read_qc_analysis_activity_set
INFO:root:Inserting 1 records into read_based_taxonomy_analysis_activity_set
INFO:root:Inserted 1 records into read_based_taxonomy_analysis_activity_set
INFO:root:omics_processing_id: nmdc:omprc-11-8gwr1y12
INFO:root:Updated 0 omics_processing_set records
INFO:root:DB Record validated - submitting to API
INFO:root:Inserting 17 records into data_object_set
INFO:root:Inserted 17 records into data_object_set
INFO:root:Inserting 1 records into metagenome_assembly_set
INFO:root:Inserted 1 records into metagenome_assembly_set
INFO:root:Inserting 1 records into read_qc_analysis_activity_set
INFO:root:Inserted 1 records into read_qc_analysis_activity_set
INFO:root:Inserting 1 records into read_based_taxonomy_analysis_activity_set
INFO:root:Inserted 1 records into read_based_taxonomy_analysis_activity_set
INFO:root:omics_processing_id: nmdc:omprc-11-zf0v3n42
INFO:root:Updated 0 omics_processing_set records
INFO:root:DB Record validated - submitting to API
INFO:root:Inserting 17 records into data_object_set
INFO:root:Inserted 17 records into data_object_set
INFO:root:Inserting 1 records into metagenome_assembly_set
INFO:root:Inserted 1 records into metagenome_assembly_set
INFO:root:Inserting 1 records into read_qc_analysis_activity_set
INFO:root:Inserted 1 records into read_qc_analysis_activity_set
INFO:root:Inserting 1 records into read_based_taxonomy_analysis_activity_set
INFO:root:Inserted 1 records into read_based_taxonomy_analysis_activity_set
INFO:root:omics_processing_id: nmdc:omprc-11-8n61h723
INFO:root:Updated 0 omics_processing_set records
INFO:root:DB Record validated - submitting to API
INFO:root:Inserting 17 records into data_object_set
INFO:root:Inserted 17 records into data_object_set
INFO:root:Inserting 1 records into metagenome_assembly_set
INFO:root:Inserted 1 records into metagenome_assembly_set
INFO:root:Inserting 1 records into read_qc_analysis_activity_set
INFO:root:Inserted 1 records into read_qc_analysis_activity_set
INFO:root:Inserting 1 records into read_based_taxonomy_analysis_activity_set
INFO:root:Inserted 1 records into read_based_taxonomy_analysis_activity_set
INFO:root:omics_processing_id: nmdc:omprc-11-x7kvdr37
INFO:root:Updated 0 omics_processing_set records
INFO:root:DB Record validated - submitting to API
INFO:root:Inserting 17 records into data_object_set
INFO:root:Inserted 17 records into data_object_set
INFO:root:Inserting 1 records into metagenome_assembly_set
INFO:root:Inserted 1 records into metagenome_assembly_set
INFO:root:Inserting 1 records into read_qc_analysis_activity_set
INFO:root:Inserted 1 records into read_qc_analysis_activity_set
INFO:root:Inserting 1 records into read_based_taxonomy_analysis_activity_set
INFO:root:Inserted 1 records into read_based_taxonomy_analysis_activity_set
INFO:root:omics_processing_id: nmdc:omprc-11-p57kmg31
INFO:root:Updated 0 omics_processing_set records
INFO:root:DB Record validated - submitting to API
INFO:root:Inserting 17 records into data_object_set
INFO:root:Inserted 17 records into data_object_set
INFO:root:Inserting 1 records into metagenome_assembly_set
INFO:root:Inserted 1 records into metagenome_assembly_set
INFO:root:Inserting 1 records into read_qc_analysis_activity_set
INFO:root:Inserted 1 records into read_qc_analysis_activity_set
INFO:root:Inserting 1 records into read_based_taxonomy_analysis_activity_set
INFO:root:Inserted 1 records into read_based_taxonomy_analysis_activity_set
INFO:root:omics_processing_id: nmdc:omprc-11-dy188w64
INFO:root:Updated 0 omics_processing_set records
INFO:root:DB Record validated - submitting to API
INFO:root:Inserting 17 records into data_object_set
INFO:root:Inserted 17 records into data_object_set
INFO:root:Inserting 1 records into metagenome_assembly_set
INFO:root:Inserted 1 records into metagenome_assembly_set
INFO:root:Inserting 1 records into read_qc_analysis_activity_set
INFO:root:Inserted 1 records into read_qc_analysis_activity_set
INFO:root:Inserting 1 records into read_based_taxonomy_analysis_activity_set
INFO:root:Inserted 1 records into read_based_taxonomy_analysis_activity_set
INFO:root:omics_processing_id: nmdc:omprc-11-r2t38w78
INFO:root:Updated 0 omics_processing_set records
INFO:root:DB Record validated - submitting to API
INFO:root:Inserting 17 records into data_object_set
INFO:root:Inserted 17 records into data_object_set
INFO:root:Inserting 1 records into metagenome_assembly_set
INFO:root:Inserted 1 records into metagenome_assembly_set
INFO:root:Inserting 1 records into read_qc_analysis_activity_set
INFO:root:Inserted 1 records into read_qc_analysis_activity_set
INFO:root:Inserting 1 records into read_based_taxonomy_analysis_activity_set
INFO:root:Inserted 1 records into read_based_taxonomy_analysis_activity_set
INFO:root:omics_processing_id: nmdc:omprc-11-86c56h25
INFO:root:Updated 0 omics_processing_set records
INFO:root:DB Record validated - submitting to API
INFO:root:Inserting 17 records into data_object_set
INFO:root:Inserted 17 records into data_object_set
INFO:root:Inserting 1 records into metagenome_assembly_set
INFO:root:Inserted 1 records into metagenome_assembly_set
INFO:root:Inserting 1 records into read_qc_analysis_activity_set
INFO:root:Inserted 1 records into read_qc_analysis_activity_set
INFO:root:Inserting 1 records into read_based_taxonomy_analysis_activity_set
INFO:root:Inserted 1 records into read_based_taxonomy_analysis_activity_set
INFO:root:omics_processing_id: nmdc:omprc-11-cytf1e18
INFO:root:Updated 0 omics_processing_set records
INFO:root:DB Record validated - submitting to API
INFO:root:Inserting 17 records into data_object_set
INFO:root:Inserted 17 records into data_object_set
INFO:root:Inserting 1 records into metagenome_assembly_set
INFO:root:Inserted 1 records into metagenome_assembly_set
INFO:root:Inserting 1 records into read_qc_analysis_activity_set
INFO:root:Inserted 1 records into read_qc_analysis_activity_set
INFO:root:Inserting 1 records into read_based_taxonomy_analysis_activity_set
INFO:root:Inserted 1 records into read_based_taxonomy_analysis_activity_set
INFO:root:omics_processing_id: nmdc:omprc-11-m0fem526
INFO:root:Updated 0 omics_processing_set records
INFO:root:DB Record validated - submitting to API
INFO:root:Inserting 17 records into data_object_set
INFO:root:Inserted 17 records into data_object_set
INFO:root:Inserting 1 records into metagenome_assembly_set
INFO:root:Inserted 1 records into metagenome_assembly_set
INFO:root:Inserting 1 records into read_qc_analysis_activity_set
INFO:root:Inserted 1 records into read_qc_analysis_activity_set
INFO:root:Inserting 1 records into read_based_taxonomy_analysis_activity_set
INFO:root:Inserted 1 records into read_based_taxonomy_analysis_activity_set
INFO:root:omics_processing_id: nmdc:omprc-11-4kznfd65
INFO:root:Updated 0 omics_processing_set records
INFO:root:DB Record validated - submitting to API
INFO:root:Inserting 17 records into data_object_set
INFO:root:Inserted 17 records into data_object_set
INFO:root:Inserting 1 records into metagenome_assembly_set
INFO:root:Inserted 1 records into metagenome_assembly_set
INFO:root:Inserting 1 records into read_qc_analysis_activity_set
INFO:root:Inserted 1 records into read_qc_analysis_activity_set
INFO:root:Inserting 1 records into read_based_taxonomy_analysis_activity_set
INFO:root:Inserted 1 records into read_based_taxonomy_analysis_activity_set
INFO:root:omics_processing_id: nmdc:omprc-11-rbz91067
INFO:root:Updated 0 omics_processing_set records
INFO:root:DB Record validated - submitting to API
INFO:root:Inserting 17 records into data_object_set
INFO:root:Inserted 17 records into data_object_set
INFO:root:Inserting 1 records into metagenome_assembly_set
INFO:root:Inserted 1 records into metagenome_assembly_set
INFO:root:Inserting 1 records into read_qc_analysis_activity_set
INFO:root:Inserted 1 records into read_qc_analysis_activity_set
INFO:root:Inserting 1 records into read_based_taxonomy_analysis_activity_set
INFO:root:Inserted 1 records into read_based_taxonomy_analysis_activity_set
INFO:root:omics_processing_id: nmdc:omprc-11-8wq76j90
INFO:root:Updated 0 omics_processing_set records
INFO:root:DB Record validated - submitting to API
INFO:root:Inserting 17 records into data_object_set
INFO:root:Inserted 17 records into data_object_set
INFO:root:Inserting 1 records into metagenome_assembly_set
INFO:root:Inserted 1 records into metagenome_assembly_set
INFO:root:Inserting 1 records into read_qc_analysis_activity_set
INFO:root:Inserted 1 records into read_qc_analysis_activity_set
INFO:root:Inserting 1 records into read_based_taxonomy_analysis_activity_set
INFO:root:Inserted 1 records into read_based_taxonomy_analysis_activity_set
INFO:root:omics_processing_id: nmdc:omprc-11-vkp93136
INFO:root:Updated 0 omics_processing_set records
INFO:root:DB Record validated - submitting to API
INFO:root:Inserting 17 records into data_object_set
INFO:root:Inserted 17 records into data_object_set
INFO:root:Inserting 1 records into metagenome_assembly_set
INFO:root:Inserted 1 records into metagenome_assembly_set
INFO:root:Inserting 1 records into read_qc_analysis_activity_set
INFO:root:Inserted 1 records into read_qc_analysis_activity_set
INFO:root:Inserting 1 records into read_based_taxonomy_analysis_activity_set
INFO:root:Inserted 1 records into read_based_taxonomy_analysis_activity_set
INFO:root:omics_processing_id: nmdc:omprc-11-gjr6tz30
INFO:root:Updated 0 omics_processing_set records
INFO:root:DB Record validated - submitting to API
INFO:root:Inserting 17 records into data_object_set
INFO:root:Inserted 17 records into data_object_set
INFO:root:Inserting 1 records into metagenome_assembly_set
INFO:root:Inserted 1 records into metagenome_assembly_set
INFO:root:Inserting 1 records into read_qc_analysis_activity_set
INFO:root:Inserted 1 records into read_qc_analysis_activity_set
INFO:root:Inserting 1 records into read_based_taxonomy_analysis_activity_set
INFO:root:Inserted 1 records into read_based_taxonomy_analysis_activity_set
INFO:root:omics_processing_id: nmdc:omprc-11-9c749r88
INFO:root:Updated 0 omics_processing_set records
INFO:root:DB Record validated - submitting to API
INFO:root:Inserting 17 records into data_object_set
INFO:root:Inserted 17 records into data_object_set
INFO:root:Inserting 1 records into metagenome_assembly_set
INFO:root:Inserted 1 records into metagenome_assembly_set
INFO:root:Inserting 1 records into read_qc_analysis_activity_set
INFO:root:Inserted 1 records into read_qc_analysis_activity_set
INFO:root:Inserting 1 records into read_based_taxonomy_analysis_activity_set
INFO:root:Inserted 1 records into read_based_taxonomy_analysis_activity_set
INFO:root:omics_processing_id: nmdc:omprc-11-zsbm5782
INFO:root:Updated 0 omics_processing_set records
INFO:root:DB Record validated - submitting to API
INFO:root:Inserting 17 records into data_object_set
INFO:root:Inserted 17 records into data_object_set
INFO:root:Inserting 1 records into metagenome_assembly_set
INFO:root:Inserted 1 records into metagenome_assembly_set
INFO:root:Inserting 1 records into read_qc_analysis_activity_set
INFO:root:Inserted 1 records into read_qc_analysis_activity_set
INFO:root:Inserting 1 records into read_based_taxonomy_analysis_activity_set
INFO:root:Inserted 1 records into read_based_taxonomy_analysis_activity_set
INFO:root:omics_processing_id: nmdc:omprc-11-mzk6by23
INFO:root:Updated 0 omics_processing_set records
INFO:root:DB Record validated - submitting to API
INFO:root:Inserting 17 records into data_object_set
INFO:root:Inserted 17 records into data_object_set
INFO:root:Inserting 1 records into metagenome_assembly_set
INFO:root:Inserted 1 records into metagenome_assembly_set
INFO:root:Inserting 1 records into read_qc_analysis_activity_set
INFO:root:Inserted 1 records into read_qc_analysis_activity_set
INFO:root:Inserting 1 records into read_based_taxonomy_analysis_activity_set
INFO:root:Inserted 1 records into read_based_taxonomy_analysis_activity_set
INFO:root:omics_processing_id: nmdc:omprc-11-khgaac94
INFO:root:Updated 0 omics_processing_set records
INFO:root:DB Record validated - submitting to API
INFO:root:Inserting 17 records into data_object_set
INFO:root:Inserted 17 records into data_object_set
INFO:root:Inserting 1 records into metagenome_assembly_set
INFO:root:Inserted 1 records into metagenome_assembly_set
INFO:root:Inserting 1 records into read_qc_analysis_activity_set
INFO:root:Inserted 1 records into read_qc_analysis_activity_set
INFO:root:Inserting 1 records into read_based_taxonomy_analysis_activity_set
INFO:root:Inserted 1 records into read_based_taxonomy_analysis_activity_set
INFO:root:omics_processing_id: nmdc:omprc-11-m00yak64
INFO:root:Updated 0 omics_processing_set records
INFO:root:DB Record validated - submitting to API
INFO:root:Inserting 17 records into data_object_set
INFO:root:Inserted 17 records into data_object_set
INFO:root:Inserting 1 records into metagenome_assembly_set
INFO:root:Inserted 1 records into metagenome_assembly_set
INFO:root:Inserting 1 records into read_qc_analysis_activity_set
INFO:root:Inserted 1 records into read_qc_analysis_activity_set
INFO:root:Inserting 1 records into read_based_taxonomy_analysis_activity_set
INFO:root:Inserted 1 records into read_based_taxonomy_analysis_activity_set
INFO:root:omics_processing_id: nmdc:omprc-11-v4rgxw98
INFO:root:Updated 0 omics_processing_set records
INFO:root:DB Record validated - submitting to API
INFO:root:Inserting 17 records into data_object_set
INFO:root:Inserted 17 records into data_object_set
INFO:root:Inserting 1 records into metagenome_assembly_set
INFO:root:Inserted 1 records into metagenome_assembly_set
INFO:root:Inserting 1 records into read_qc_analysis_activity_set
INFO:root:Inserted 1 records into read_qc_analysis_activity_set
INFO:root:Inserting 1 records into read_based_taxonomy_analysis_activity_set
INFO:root:Inserted 1 records into read_based_taxonomy_analysis_activity_set
INFO:root:omics_processing_id: nmdc:omprc-11-p9tfam59
INFO:root:Updated 0 omics_processing_set records
INFO:root:DB Record validated - submitting to API
INFO:root:Inserting 17 records into data_object_set
INFO:root:Inserted 17 records into data_object_set
INFO:root:Inserting 1 records into metagenome_assembly_set
INFO:root:Inserted 1 records into metagenome_assembly_set
INFO:root:Inserting 1 records into read_qc_analysis_activity_set
INFO:root:Inserted 1 records into read_qc_analysis_activity_set
INFO:root:Inserting 1 records into read_based_taxonomy_analysis_activity_set
INFO:root:Inserted 1 records into read_based_taxonomy_analysis_activity_set
INFO:root:omics_processing_id: nmdc:omprc-11-zvtmqd80
INFO:root:Updated 0 omics_processing_set records
INFO:root:DB Record validated - submitting to API
INFO:root:Inserting 17 records into data_object_set
INFO:root:Inserted 17 records into data_object_set
INFO:root:Inserting 1 records into metagenome_assembly_set
INFO:root:Inserted 1 records into metagenome_assembly_set
INFO:root:Inserting 1 records into read_qc_analysis_activity_set
INFO:root:Inserted 1 records into read_qc_analysis_activity_set
INFO:root:Inserting 1 records into read_based_taxonomy_analysis_activity_set
INFO:root:Inserted 1 records into read_based_taxonomy_analysis_activity_set
INFO:root:omics_processing_id: nmdc:omprc-11-7keedq73
INFO:root:Updated 0 omics_processing_set records
INFO:root:DB Record validated - submitting to API
INFO:root:Inserting 17 records into data_object_set
INFO:root:Inserted 17 records into data_object_set
INFO:root:Inserting 1 records into metagenome_assembly_set
INFO:root:Inserted 1 records into metagenome_assembly_set
INFO:root:Inserting 1 records into read_qc_analysis_activity_set
INFO:root:Inserted 1 records into read_qc_analysis_activity_set
INFO:root:Inserting 1 records into read_based_taxonomy_analysis_activity_set
INFO:root:Inserted 1 records into read_based_taxonomy_analysis_activity_set
INFO:root:omics_processing_id: nmdc:omprc-11-03ayck44
INFO:root:Updated 0 omics_processing_set records
INFO:root:DB Record validated - submitting to API
INFO:root:Inserting 17 records into data_object_set
INFO:root:Inserted 17 records into data_object_set
INFO:root:Inserting 1 records into metagenome_assembly_set
INFO:root:Inserted 1 records into metagenome_assembly_set
INFO:root:Inserting 1 records into read_qc_analysis_activity_set
INFO:root:Inserted 1 records into read_qc_analysis_activity_set
INFO:root:Inserting 1 records into read_based_taxonomy_analysis_activity_set
INFO:root:Inserted 1 records into read_based_taxonomy_analysis_activity_set
INFO:root:omics_processing_id: nmdc:omprc-11-g9npvr79
INFO:root:Updated 0 omics_processing_set records
INFO:root:DB Record validated - submitting to API
INFO:root:Inserting 17 records into data_object_set
INFO:root:Inserted 17 records into data_object_set
INFO:root:Inserting 1 records into metagenome_assembly_set
INFO:root:Inserted 1 records into metagenome_assembly_set
INFO:root:Inserting 1 records into read_qc_analysis_activity_set
INFO:root:Inserted 1 records into read_qc_analysis_activity_set
INFO:root:Inserting 1 records into read_based_taxonomy_analysis_activity_set
INFO:root:Inserted 1 records into read_based_taxonomy_analysis_activity_set
INFO:root:omics_processing_id: nmdc:omprc-11-abj20g75
INFO:root:Updated 0 omics_processing_set records
INFO:root:DB Record validated - submitting to API
INFO:root:Inserting 17 records into data_object_set
INFO:root:Inserted 17 records into data_object_set
INFO:root:Inserting 1 records into metagenome_assembly_set
INFO:root:Inserted 1 records into metagenome_assembly_set
INFO:root:Inserting 1 records into read_qc_analysis_activity_set
INFO:root:Inserted 1 records into read_qc_analysis_activity_set
INFO:root:Inserting 1 records into read_based_taxonomy_analysis_activity_set
INFO:root:Inserted 1 records into read_based_taxonomy_analysis_activity_set
INFO:root:omics_processing_id: nmdc:omprc-11-6z3pwp16
INFO:root:Updated 0 omics_processing_set records
INFO:root:DB Record validated - submitting to API
INFO:root:Inserting 17 records into data_object_set
INFO:root:Inserted 17 records into data_object_set
INFO:root:Inserting 1 records into metagenome_assembly_set
INFO:root:Inserted 1 records into metagenome_assembly_set
INFO:root:Inserting 1 records into read_qc_analysis_activity_set
INFO:root:Inserted 1 records into read_qc_analysis_activity_set
INFO:root:Inserting 1 records into read_based_taxonomy_analysis_activity_set
INFO:root:Inserted 1 records into read_based_taxonomy_analysis_activity_set
INFO:root:omics_processing_id: nmdc:omprc-11-keenj824
INFO:root:Updated 0 omics_processing_set records
INFO:root:DB Record validated - submitting to API
INFO:root:Inserting 17 records into data_object_set
INFO:root:Inserted 17 records into data_object_set
INFO:root:Inserting 1 records into metagenome_assembly_set
INFO:root:Inserted 1 records into metagenome_assembly_set
INFO:root:Inserting 1 records into read_qc_analysis_activity_set
INFO:root:Inserted 1 records into read_qc_analysis_activity_set
INFO:root:Inserting 1 records into read_based_taxonomy_analysis_activity_set
INFO:root:Inserted 1 records into read_based_taxonomy_analysis_activity_set
INFO:root:omics_processing_id: nmdc:omprc-11-0t04n652
INFO:root:Updated 0 omics_processing_set records
INFO:root:DB Record validated - submitting to API
INFO:root:Inserting 17 records into data_object_set
INFO:root:Inserted 17 records into data_object_set
INFO:root:Inserting 1 records into metagenome_assembly_set
INFO:root:Inserted 1 records into metagenome_assembly_set
INFO:root:Inserting 1 records into read_qc_analysis_activity_set
INFO:root:Inserted 1 records into read_qc_analysis_activity_set
INFO:root:Inserting 1 records into read_based_taxonomy_analysis_activity_set
INFO:root:Inserted 1 records into read_based_taxonomy_analysis_activity_set
INFO:root:omics_processing_id: nmdc:omprc-11-9bvyt264
INFO:root:Updated 0 omics_processing_set records
INFO:root:DB Record validated - submitting to API
INFO:root:Inserting 17 records into data_object_set
INFO:root:Inserted 17 records into data_object_set
INFO:root:Inserting 1 records into metagenome_assembly_set
INFO:root:Inserted 1 records into metagenome_assembly_set
INFO:root:Inserting 1 records into read_qc_analysis_activity_set
INFO:root:Inserted 1 records into read_qc_analysis_activity_set
INFO:root:Inserting 1 records into read_based_taxonomy_analysis_activity_set
INFO:root:Inserted 1 records into read_based_taxonomy_analysis_activity_set
INFO:root:omics_processing_id: nmdc:omprc-11-q17x6w88
INFO:root:Updated 0 omics_processing_set records
INFO:root:DB Record validated - submitting to API
INFO:root:Inserting 17 records into data_object_set
INFO:root:Inserted 17 records into data_object_set
INFO:root:Inserting 1 records into metagenome_assembly_set
INFO:root:Inserted 1 records into metagenome_assembly_set
INFO:root:Inserting 1 records into read_qc_analysis_activity_set
INFO:root:Inserted 1 records into read_qc_analysis_activity_set
INFO:root:Inserting 1 records into read_based_taxonomy_analysis_activity_set
INFO:root:Inserted 1 records into read_based_taxonomy_analysis_activity_set
INFO:root:omics_processing_id: nmdc:omprc-11-09vha881
INFO:root:Updated 0 omics_processing_set records
INFO:root:DB Record validated - submitting to API
INFO:root:Inserting 17 records into data_object_set
INFO:root:Inserted 17 records into data_object_set
INFO:root:Inserting 1 records into metagenome_assembly_set
INFO:root:Inserted 1 records into metagenome_assembly_set
INFO:root:Inserting 1 records into read_qc_analysis_activity_set
INFO:root:Inserted 1 records into read_qc_analysis_activity_set
INFO:root:Inserting 1 records into read_based_taxonomy_analysis_activity_set
INFO:root:Inserted 1 records into read_based_taxonomy_analysis_activity_set
INFO:root:omics_processing_id: nmdc:omprc-11-yp178c35
INFO:root:Updated 0 omics_processing_set records
INFO:root:DB Record validated - submitting to API
INFO:root:Inserting 17 records into data_object_set
INFO:root:Inserted 17 records into data_object_set
INFO:root:Inserting 1 records into metagenome_assembly_set
INFO:root:Inserted 1 records into metagenome_assembly_set
INFO:root:Inserting 1 records into read_qc_analysis_activity_set
INFO:root:Inserted 1 records into read_qc_analysis_activity_set
INFO:root:Inserting 1 records into read_based_taxonomy_analysis_activity_set
INFO:root:Inserted 1 records into read_based_taxonomy_analysis_activity_set
INFO:root:omics_processing_id: nmdc:omprc-11-9jw2cy65
INFO:root:Updated 0 omics_processing_set records
INFO:root:DB Record validated - submitting to API
INFO:root:Inserting 17 records into data_object_set
INFO:root:Inserted 17 records into data_object_set
INFO:root:Inserting 1 records into metagenome_assembly_set
INFO:root:Inserted 1 records into metagenome_assembly_set
INFO:root:Inserting 1 records into read_qc_analysis_activity_set
INFO:root:Inserted 1 records into read_qc_analysis_activity_set
INFO:root:Inserting 1 records into read_based_taxonomy_analysis_activity_set
INFO:root:Inserted 1 records into read_based_taxonomy_analysis_activity_set
INFO:root:omics_processing_id: nmdc:omprc-11-zaxsm356
INFO:root:Updated 0 omics_processing_set records
INFO:root:DB Record validated - submitting to API
INFO:root:Inserting 17 records into data_object_set
INFO:root:Inserted 17 records into data_object_set
INFO:root:Inserting 1 records into metagenome_assembly_set
INFO:root:Inserted 1 records into metagenome_assembly_set
INFO:root:Inserting 1 records into read_qc_analysis_activity_set
INFO:root:Inserted 1 records into read_qc_analysis_activity_set
INFO:root:Inserting 1 records into read_based_taxonomy_analysis_activity_set
INFO:root:Inserted 1 records into read_based_taxonomy_analysis_activity_set
INFO:root:omics_processing_id: nmdc:omprc-11-ht6zfn30
INFO:root:Updated 0 omics_processing_set records
INFO:root:DB Record validated - submitting to API
INFO:root:Inserting 17 records into data_object_set
INFO:root:Inserted 17 records into data_object_set
INFO:root:Inserting 1 records into metagenome_assembly_set
INFO:root:Inserted 1 records into metagenome_assembly_set
INFO:root:Inserting 1 records into read_qc_analysis_activity_set
INFO:root:Inserted 1 records into read_qc_analysis_activity_set
INFO:root:Inserting 1 records into read_based_taxonomy_analysis_activity_set
INFO:root:Inserted 1 records into read_based_taxonomy_analysis_activity_set
INFO:root:omics_processing_id: nmdc:omprc-11-szqrn945
INFO:root:Updated 0 omics_processing_set records
INFO:root:DB Record validated - submitting to API
INFO:root:Inserting 17 records into data_object_set
INFO:root:Inserted 17 records into data_object_set
INFO:root:Inserting 1 records into metagenome_assembly_set
INFO:root:Inserted 1 records into metagenome_assembly_set
INFO:root:Inserting 1 records into read_qc_analysis_activity_set
INFO:root:Inserted 1 records into read_qc_analysis_activity_set
INFO:root:Inserting 1 records into read_based_taxonomy_analysis_activity_set
INFO:root:Inserted 1 records into read_based_taxonomy_analysis_activity_set
INFO:root:omics_processing_id: nmdc:omprc-11-tzzm8x88
INFO:root:Updated 0 omics_processing_set records
INFO:root:DB Record validated - submitting to API
INFO:root:Inserting 17 records into data_object_set
INFO:root:Inserted 17 records into data_object_set
INFO:root:Inserting 1 records into metagenome_assembly_set
INFO:root:Inserted 1 records into metagenome_assembly_set
INFO:root:Inserting 1 records into read_qc_analysis_activity_set
INFO:root:Inserted 1 records into read_qc_analysis_activity_set
INFO:root:Inserting 1 records into read_based_taxonomy_analysis_activity_set
INFO:root:Inserted 1 records into read_based_taxonomy_analysis_activity_set
INFO:root:omics_processing_id: nmdc:omprc-11-7hs0fa05
INFO:root:Updated 0 omics_processing_set records
INFO:root:DB Record validated - submitting to API
INFO:root:Inserting 1 records into data_object_set
INFO:root:Inserted 1 records into data_object_set
INFO:root:omics_processing_id: nmdc:omprc-11-j3p6wr33
INFO:root:Updated 0 omics_processing_set records
INFO:root:DB Record validated - submitting to API
INFO:root:Inserting 3 records into data_object_set
INFO:root:Inserted 3 records into data_object_set
INFO:root:Inserting 1 records into read_qc_analysis_activity_set
INFO:root:Inserted 1 records into read_qc_analysis_activity_set
INFO:root:omics_processing_id: nmdc:omprc-11-nq045s62
INFO:root:Updated 0 omics_processing_set records
INFO:root:DB Record validated - submitting to API
INFO:root:Inserting 17 records into data_object_set
INFO:root:Inserted 17 records into data_object_set
INFO:root:Inserting 1 records into metagenome_assembly_set
INFO:root:Inserted 1 records into metagenome_assembly_set
INFO:root:Inserting 1 records into read_qc_analysis_activity_set
INFO:root:Inserted 1 records into read_qc_analysis_activity_set
INFO:root:Inserting 1 records into read_based_taxonomy_analysis_activity_set
INFO:root:Inserted 1 records into read_based_taxonomy_analysis_activity_set
INFO:root:omics_processing_id: nmdc:omprc-11-555y6a80
INFO:root:Updated 0 omics_processing_set records
INFO:root:DB Record validated - submitting to API
INFO:root:Inserting 17 records into data_object_set
INFO:root:Inserted 17 records into data_object_set
INFO:root:Inserting 1 records into metagenome_assembly_set
INFO:root:Inserted 1 records into metagenome_assembly_set
INFO:root:Inserting 1 records into read_qc_analysis_activity_set
INFO:root:Inserted 1 records into read_qc_analysis_activity_set
INFO:root:Inserting 1 records into read_based_taxonomy_analysis_activity_set
INFO:root:Inserted 1 records into read_based_taxonomy_analysis_activity_set
INFO:root:omics_processing_id: nmdc:omprc-11-j73sfq18
INFO:root:Updated 0 omics_processing_set records
INFO:root:DB Record validated - submitting to API
INFO:root:Inserting 17 records into data_object_set
INFO:root:Inserted 17 records into data_object_set
INFO:root:Inserting 1 records into metagenome_assembly_set
INFO:root:Inserted 1 records into metagenome_assembly_set
INFO:root:Inserting 1 records into read_qc_analysis_activity_set
INFO:root:Inserted 1 records into read_qc_analysis_activity_set
INFO:root:Inserting 1 records into read_based_taxonomy_analysis_activity_set
INFO:root:Inserted 1 records into read_based_taxonomy_analysis_activity_set
INFO:root:omics_processing_id: nmdc:omprc-11-rykwdc49
INFO:root:Updated 0 omics_processing_set records
INFO:root:DB Record validated - submitting to API
INFO:root:Inserting 3 records into data_object_set
INFO:root:Inserted 3 records into data_object_set
INFO:root:Inserting 1 records into read_qc_analysis_activity_set
INFO:root:Inserted 1 records into read_qc_analysis_activity_set
INFO:root:omics_processing_id: nmdc:omprc-11-d70pma65
INFO:root:Updated 0 omics_processing_set records
INFO:root:DB Record validated - submitting to API
INFO:root:Inserting 3 records into data_object_set
INFO:root:Inserted 3 records into data_object_set
INFO:root:Inserting 1 records into read_qc_analysis_activity_set
INFO:root:Inserted 1 records into read_qc_analysis_activity_set
INFO:root:omics_processing_id: nmdc:omprc-11-n7a6q756
INFO:root:Updated 0 omics_processing_set records
INFO:root:DB Record validated - submitting to API
INFO:root:Inserting 3 records into data_object_set
INFO:root:Inserted 3 records into data_object_set
INFO:root:Inserting 1 records into read_qc_analysis_activity_set
INFO:root:Inserted 1 records into read_qc_analysis_activity_set
INFO:root:omics_processing_id: nmdc:omprc-11-jfmda763
INFO:root:Updated 0 omics_processing_set records
INFO:root:DB Record validated - submitting to API
INFO:root:Inserting 3 records into data_object_set
INFO:root:Inserted 3 records into data_object_set
INFO:root:Inserting 1 records into read_qc_analysis_activity_set
INFO:root:Inserted 1 records into read_qc_analysis_activity_set
INFO:root:omics_processing_id: nmdc:omprc-11-syptzp44
INFO:root:Updated 0 omics_processing_set records
INFO:root:DB Record validated - submitting to API
INFO:root:Inserting 17 records into data_object_set
INFO:root:Inserted 17 records into data_object_set
INFO:root:Inserting 1 records into metagenome_assembly_set
INFO:root:Inserted 1 records into metagenome_assembly_set
INFO:root:Inserting 1 records into read_qc_analysis_activity_set
INFO:root:Inserted 1 records into read_qc_analysis_activity_set
INFO:root:Inserting 1 records into read_based_taxonomy_analysis_activity_set
INFO:root:Inserted 1 records into read_based_taxonomy_analysis_activity_set
INFO:root:omics_processing_id: nmdc:omprc-11-4rcmsj76
INFO:root:Updated 0 omics_processing_set records
INFO:root:DB Record validated - submitting to API
INFO:root:Inserting 3 records into data_object_set
INFO:root:Inserted 3 records into data_object_set
INFO:root:Inserting 1 records into read_qc_analysis_activity_set
INFO:root:Inserted 1 records into read_qc_analysis_activity_set
INFO:root:omics_processing_id: nmdc:omprc-11-5011mw53
INFO:root:Updated 0 omics_processing_set records
INFO:root:DB Record validated - submitting to API
INFO:root:Inserting 3 records into data_object_set
INFO:root:Inserted 3 records into data_object_set
INFO:root:Inserting 1 records into read_qc_analysis_activity_set
INFO:root:Inserted 1 records into read_qc_analysis_activity_set
INFO:root:omics_processing_id: nmdc:omprc-11-ba6mgx04
INFO:root:Updated 0 omics_processing_set records
INFO:root:DB Record validated - submitting to API
INFO:root:Inserting 3 records into data_object_set
INFO:root:Inserted 3 records into data_object_set
INFO:root:Inserting 1 records into read_qc_analysis_activity_set
INFO:root:Inserted 1 records into read_qc_analysis_activity_set
INFO:root:omics_processing_id: nmdc:omprc-11-y4ee1829
INFO:root:Updated 0 omics_processing_set records
INFO:root:DB Record validated - submitting to API
INFO:root:Inserting 3 records into data_object_set
INFO:root:Inserted 3 records into data_object_set
INFO:root:Inserting 1 records into read_qc_analysis_activity_set
INFO:root:Inserted 1 records into read_qc_analysis_activity_set
INFO:root:omics_processing_id: nmdc:omprc-11-7ar08g52
INFO:root:Updated 0 omics_processing_set records
INFO:root:DB Record validated - submitting to API
INFO:root:Inserting 3 records into data_object_set
INFO:root:Inserted 3 records into data_object_set
INFO:root:Inserting 1 records into read_qc_analysis_activity_set
INFO:root:Inserted 1 records into read_qc_analysis_activity_set
INFO:root:omics_processing_id: nmdc:omprc-11-w0h23x97
INFO:root:Updated 0 omics_processing_set records
INFO:root:DB Record validated - submitting to API
INFO:root:Inserting 3 records into data_object_set
INFO:root:Inserted 3 records into data_object_set
INFO:root:Inserting 1 records into read_qc_analysis_activity_set
INFO:root:Inserted 1 records into read_qc_analysis_activity_set
INFO:root:omics_processing_id: nmdc:omprc-11-z1s54m71
INFO:root:Updated 0 omics_processing_set records
INFO:root:DB Record validated - submitting to API
INFO:root:Inserting 3 records into data_object_set
INFO:root:Inserted 3 records into data_object_set
INFO:root:Inserting 1 records into read_qc_analysis_activity_set
INFO:root:Inserted 1 records into read_qc_analysis_activity_set
INFO:root:omics_processing_id: nmdc:omprc-11-mxb1jp80
INFO:root:Updated 0 omics_processing_set records
INFO:root:DB Record validated - submitting to API
INFO:root:Inserting 3 records into data_object_set
INFO:root:Inserted 3 records into data_object_set
INFO:root:Inserting 1 records into read_qc_analysis_activity_set
INFO:root:Inserted 1 records into read_qc_analysis_activity_set
INFO:root:omics_processing_id: nmdc:omprc-11-qb8k6k57
INFO:root:Updated 0 omics_processing_set records
INFO:root:DB Record validated - submitting to API
INFO:root:Inserting 3 records into data_object_set
INFO:root:Inserted 3 records into data_object_set
INFO:root:Inserting 1 records into read_qc_analysis_activity_set
INFO:root:Inserted 1 records into read_qc_analysis_activity_set
INFO:root:omics_processing_id: nmdc:omprc-11-54pp5g62
INFO:root:Updated 0 omics_processing_set records
INFO:root:DB Record validated - submitting to API
INFO:root:Inserting 3 records into data_object_set
INFO:root:Inserted 3 records into data_object_set
INFO:root:Inserting 1 records into read_qc_analysis_activity_set
INFO:root:Inserted 1 records into read_qc_analysis_activity_set
INFO:root:omics_processing_id: nmdc:omprc-11-q1m33136
INFO:root:Updated 0 omics_processing_set records
INFO:root:DB Record validated - submitting to API
INFO:root:Inserting 3 records into data_object_set
INFO:root:Inserted 3 records into data_object_set
INFO:root:Inserting 1 records into read_qc_analysis_activity_set
INFO:root:Inserted 1 records into read_qc_analysis_activity_set
INFO:root:omics_processing_id: nmdc:omprc-11-gdddv135
INFO:root:Updated 0 omics_processing_set records
INFO:root:DB Record validated - submitting to API
INFO:root:Inserting 3 records into data_object_set
INFO:root:Inserted 3 records into data_object_set
INFO:root:Inserting 1 records into read_qc_analysis_activity_set
INFO:root:Inserted 1 records into read_qc_analysis_activity_set
INFO:root:omics_processing_id: nmdc:omprc-11-3c97ej85
INFO:root:Updated 0 omics_processing_set records
INFO:root:DB Record validated - submitting to API
INFO:root:Inserting 3 records into data_object_set
INFO:root:Inserted 3 records into data_object_set
INFO:root:Inserting 1 records into read_qc_analysis_activity_set
INFO:root:Inserted 1 records into read_qc_analysis_activity_set
INFO:root:omics_processing_id: nmdc:omprc-11-9ym4dz61
INFO:root:Updated 0 omics_processing_set records
INFO:root:DB Record validated - submitting to API
INFO:root:Inserting 3 records into data_object_set
INFO:root:Inserted 3 records into data_object_set
INFO:root:Inserting 1 records into read_qc_analysis_activity_set
INFO:root:Inserted 1 records into read_qc_analysis_activity_set
INFO:root:omics_processing_id: nmdc:omprc-11-rmc37633
INFO:root:Updated 0 omics_processing_set records
INFO:root:DB Record validated - submitting to API
INFO:root:Inserting 3 records into data_object_set
INFO:root:Inserted 3 records into data_object_set
INFO:root:Inserting 1 records into read_qc_analysis_activity_set
INFO:root:Inserted 1 records into read_qc_analysis_activity_set
INFO:root:omics_processing_id: nmdc:omprc-11-cqfz4c71
INFO:root:Updated 0 omics_processing_set records
INFO:root:DB Record validated - submitting to API
INFO:root:Inserting 3 records into data_object_set
INFO:root:Inserted 3 records into data_object_set
INFO:root:Inserting 1 records into read_qc_analysis_activity_set
INFO:root:Inserted 1 records into read_qc_analysis_activity_set
INFO:root:omics_processing_id: nmdc:omprc-11-4gg8sk49
INFO:root:Updated 0 omics_processing_set records
INFO:root:DB Record validated - submitting to API
INFO:root:Inserting 3 records into data_object_set
INFO:root:Inserted 3 records into data_object_set
INFO:root:Inserting 1 records into read_qc_analysis_activity_set
INFO:root:Inserted 1 records into read_qc_analysis_activity_set
INFO:root:omics_processing_id: nmdc:omprc-11-rycc3349
INFO:root:Updated 0 omics_processing_set records
INFO:root:DB Record validated - submitting to API
INFO:root:Inserting 3 records into data_object_set
INFO:root:Inserted 3 records into data_object_set
INFO:root:Inserting 1 records into read_qc_analysis_activity_set
INFO:root:Inserted 1 records into read_qc_analysis_activity_set
INFO:root:omics_processing_id: nmdc:omprc-11-38taxr04
INFO:root:Updated 0 omics_processing_set records
INFO:root:DB Record validated - submitting to API
INFO:root:Inserting 3 records into data_object_set
INFO:root:Inserted 3 records into data_object_set
INFO:root:Inserting 1 records into read_qc_analysis_activity_set
INFO:root:Inserted 1 records into read_qc_analysis_activity_set
INFO:root:omics_processing_id: nmdc:omprc-11-vxewmh98
INFO:root:Updated 0 omics_processing_set records
INFO:root:DB Record validated - submitting to API
INFO:root:Inserting 3 records into data_object_set
INFO:root:Inserted 3 records into data_object_set
INFO:root:Inserting 1 records into read_qc_analysis_activity_set
INFO:root:Inserted 1 records into read_qc_analysis_activity_set
INFO:root:omics_processing_id: nmdc:omprc-11-m49gbh37
INFO:root:Updated 0 omics_processing_set records
INFO:root:DB Record validated - submitting to API
INFO:root:Inserting 3 records into data_object_set
INFO:root:Inserted 3 records into data_object_set
INFO:root:Inserting 1 records into read_qc_analysis_activity_set
INFO:root:Inserted 1 records into read_qc_analysis_activity_set
INFO:root:omics_processing_id: nmdc:omprc-11-3g2hs408
INFO:root:Updated 0 omics_processing_set records
INFO:root:DB Record validated - submitting to API
INFO:root:Inserting 3 records into data_object_set
INFO:root:Inserted 3 records into data_object_set
INFO:root:Inserting 1 records into read_qc_analysis_activity_set
INFO:root:Inserted 1 records into read_qc_analysis_activity_set
INFO:root:omics_processing_id: nmdc:omprc-11-bk19ns13
INFO:root:Updated 0 omics_processing_set records
INFO:root:DB Record validated - submitting to API
INFO:root:Inserting 3 records into data_object_set
INFO:root:Inserted 3 records into data_object_set
INFO:root:Inserting 1 records into read_qc_analysis_activity_set
INFO:root:Inserted 1 records into read_qc_analysis_activity_set
INFO:root:omics_processing_id: nmdc:omprc-11-1gn83433
INFO:root:Updated 0 omics_processing_set records
INFO:root:DB Record validated - submitting to API
INFO:root:Inserting 3 records into data_object_set
INFO:root:Inserted 3 records into data_object_set
INFO:root:Inserting 1 records into read_qc_analysis_activity_set
INFO:root:Inserted 1 records into read_qc_analysis_activity_set
INFO:root:omics_processing_id: nmdc:omprc-11-wtzqsw15
INFO:root:Updated 0 omics_processing_set records
INFO:root:DB Record validated - submitting to API
INFO:root:Inserting 3 records into data_object_set
INFO:root:Inserted 3 records into data_object_set
INFO:root:Inserting 1 records into read_qc_analysis_activity_set
INFO:root:Inserted 1 records into read_qc_analysis_activity_set
INFO:root:omics_processing_id: nmdc:omprc-11-jy9db676
INFO:root:Updated 0 omics_processing_set records
INFO:root:DB Record validated - submitting to API
INFO:root:Inserting 3 records into data_object_set
INFO:root:Inserted 3 records into data_object_set
INFO:root:Inserting 1 records into read_qc_analysis_activity_set
INFO:root:Inserted 1 records into read_qc_analysis_activity_set
INFO:root:omics_processing_id: nmdc:omprc-11-b8tcxf46
INFO:root:Updated 0 omics_processing_set records
INFO:root:DB Record validated - submitting to API
INFO:root:Inserting 3 records into data_object_set
INFO:root:Inserted 3 records into data_object_set
INFO:root:Inserting 1 records into read_qc_analysis_activity_set
INFO:root:Inserted 1 records into read_qc_analysis_activity_set
INFO:root:omics_processing_id: nmdc:omprc-11-c5b9k496
INFO:root:Updated 0 omics_processing_set records
INFO:root:DB Record validated - submitting to API
INFO:root:Inserting 3 records into data_object_set
INFO:root:Inserted 3 records into data_object_set
INFO:root:Inserting 1 records into read_qc_analysis_activity_set
INFO:root:Inserted 1 records into read_qc_analysis_activity_set
INFO:root:omics_processing_id: nmdc:omprc-11-88r8wq58
INFO:root:Updated 0 omics_processing_set records
INFO:root:DB Record validated - submitting to API
INFO:root:Inserting 3 records into data_object_set
INFO:root:Inserted 3 records into data_object_set
INFO:root:Inserting 1 records into read_qc_analysis_activity_set
INFO:root:Inserted 1 records into read_qc_analysis_activity_set
INFO:root:omics_processing_id: nmdc:omprc-11-ns758c90
INFO:root:Updated 0 omics_processing_set records
INFO:root:DB Record validated - submitting to API
INFO:root:Inserting 3 records into data_object_set
INFO:root:Inserted 3 records into data_object_set
INFO:root:Inserting 1 records into read_qc_analysis_activity_set
INFO:root:Inserted 1 records into read_qc_analysis_activity_set
INFO:root:omics_processing_id: nmdc:omprc-11-9tn03g94
INFO:root:Updated 0 omics_processing_set records
INFO:root:DB Record validated - submitting to API
INFO:root:Inserting 3 records into data_object_set
INFO:root:Inserted 3 records into data_object_set
INFO:root:Inserting 1 records into read_qc_analysis_activity_set
INFO:root:Inserted 1 records into read_qc_analysis_activity_set
INFO:root:omics_processing_id: nmdc:omprc-11-h9xdkp33
INFO:root:Updated 0 omics_processing_set records
INFO:root:DB Record validated - submitting to API
INFO:root:Inserting 3 records into data_object_set
INFO:root:Inserted 3 records into data_object_set
INFO:root:Inserting 1 records into read_qc_analysis_activity_set
INFO:root:Inserted 1 records into read_qc_analysis_activity_set
INFO:root:omics_processing_id: nmdc:omprc-11-dhq5dy31
INFO:root:Updated 0 omics_processing_set records
INFO:root:DB Record validated - submitting to API
INFO:root:Inserting 1 records into data_object_set
INFO:root:Inserted 1 records into data_object_set
INFO:root:omics_processing_id: nmdc:omprc-11-4z72k510
INFO:root:Updated 0 omics_processing_set records
INFO:root:DB Record validated - submitting to API
INFO:root:Inserting 3 records into data_object_set
INFO:root:Inserted 3 records into data_object_set
INFO:root:Inserting 1 records into read_qc_analysis_activity_set
INFO:root:Inserted 1 records into read_qc_analysis_activity_set
INFO:root:omics_processing_id: nmdc:omprc-11-cdtew846
INFO:root:Updated 0 omics_processing_set records
INFO:root:DB Record validated - submitting to API
INFO:root:Inserting 3 records into data_object_set
INFO:root:Inserted 3 records into data_object_set
INFO:root:Inserting 1 records into read_qc_analysis_activity_set
INFO:root:Inserted 1 records into read_qc_analysis_activity_set
INFO:root:omics_processing_id: nmdc:omprc-11-x6542q10
INFO:root:Updated 0 omics_processing_set records
INFO:root:DB Record validated - submitting to API
INFO:root:Inserting 3 records into data_object_set
INFO:root:Inserted 3 records into data_object_set
INFO:root:Inserting 1 records into read_qc_analysis_activity_set
INFO:root:Inserted 1 records into read_qc_analysis_activity_set
INFO:root:omics_processing_id: nmdc:omprc-11-9m3rgy66
INFO:root:Updated 0 omics_processing_set records
INFO:root:DB Record validated - submitting to API
INFO:root:Inserting 3 records into data_object_set
INFO:root:Inserted 3 records into data_object_set
INFO:root:Inserting 1 records into read_qc_analysis_activity_set
INFO:root:Inserted 1 records into read_qc_analysis_activity_set
INFO:root:omics_processing_id: nmdc:omprc-11-2s3hnv15
INFO:root:Updated 0 omics_processing_set records
INFO:root:DB Record validated - submitting to API
INFO:root:Inserting 3 records into data_object_set
INFO:root:Inserted 3 records into data_object_set
INFO:root:Inserting 1 records into read_qc_analysis_activity_set
INFO:root:Inserted 1 records into read_qc_analysis_activity_set
INFO:root:omics_processing_id: nmdc:omprc-11-r3rf7j74
INFO:root:Updated 0 omics_processing_set records
INFO:root:DB Record validated - submitting to API
INFO:root:Inserting 3 records into data_object_set
INFO:root:Inserted 3 records into data_object_set
INFO:root:Inserting 1 records into read_qc_analysis_activity_set
INFO:root:Inserted 1 records into read_qc_analysis_activity_set
INFO:root:Elapsed time: 181.70278096199036
