/Users/MBThornton/Library/Caches/pypoetry/virtualenvs/nmdc-automation-VEpwcKpc-py3.9/lib/python3.9/site-packages/urllib3/__init__.py:35: NotOpenSSLWarning: urllib3 v2 only supports OpenSSL 1.1.1+, currently the 'ssl' module is compiled with 'LibreSSL 2.8.3'. See: https://github.com/urllib3/urllib3/issues/3020
  warnings.warn(
INFO:root:Using NAPA config: ../../../configs/.local_napa_user_config.toml
INFO:root:Submitting re id'd records from : data/nmdc:sty-11-aygzgv51/nmdc:sty-11-aygzgv51_re_ided_record_dump_l.json
INFO:root:Using: https://api-napa.microbiomedata.org/
INFO:root:Using MongoDB URI: mongodb://michael.thornton-napa:barman-reconfirm-leggings-883@localhost:27777
INFO:pymongo.serverSelection:{"message": "Waiting for suitable server to become available", "selector": "Primary()", "operation": "listDatabases", "topologyDescription": "<TopologyDescription id: 66576b56f9884c1d238d879f, topology_type: Single, servers: [<ServerDescription ('localhost', 27777) server_type: Unknown, rtt: None>]>", "clientId": {"$oid": "66576b56f9884c1d238d879f"}, "remainingTimeMS": 4}
INFO:root:Connected to MongoDB server at mongodb://michael.thornton-napa:barman-reconfirm-leggings-883@localhost:27777
INFO:root:omics_processing_id: nmdc:omprc-13-nssdcy07
INFO:root:Updated 1 omics_processing_set records
INFO:root:DB Record validated - submitting to API
INFO:root:Inserting 17 records into data_object_set
INFO:root:Inserting 1 records into metagenome_assembly_set
INFO:root:Inserting 1 records into read_qc_analysis_activity_set
INFO:root:Inserting 1 records into read_based_taxonomy_analysis_activity_set
INFO:root:omics_processing_id: nmdc:omprc-13-yfc2hd19
INFO:root:Updated 1 omics_processing_set records
INFO:root:DB Record validated - submitting to API
INFO:root:Inserting 17 records into data_object_set
INFO:root:Inserting 1 records into metagenome_assembly_set
INFO:root:Inserting 1 records into read_qc_analysis_activity_set
INFO:root:Inserting 1 records into read_based_taxonomy_analysis_activity_set
INFO:root:omics_processing_id: nmdc:omprc-13-q4gnfp97
INFO:root:Updated 1 omics_processing_set records
INFO:root:DB Record validated - submitting to API
INFO:root:Inserting 17 records into data_object_set
INFO:root:Inserting 1 records into metagenome_assembly_set
INFO:root:Inserting 1 records into read_qc_analysis_activity_set
INFO:root:Inserting 1 records into read_based_taxonomy_analysis_activity_set
INFO:root:omics_processing_id: nmdc:omprc-13-a3ptq983
INFO:root:Updated 1 omics_processing_set records
INFO:root:DB Record validated - submitting to API
INFO:root:Inserting 17 records into data_object_set
INFO:root:Inserting 1 records into metagenome_assembly_set
INFO:root:Inserting 1 records into read_qc_analysis_activity_set
INFO:root:Inserting 1 records into read_based_taxonomy_analysis_activity_set
INFO:root:omics_processing_id: nmdc:omprc-13-qdxm8q13
INFO:root:Updated 1 omics_processing_set records
INFO:root:DB Record validated - submitting to API
INFO:root:Inserting 17 records into data_object_set
INFO:root:Inserting 1 records into metagenome_assembly_set
INFO:root:Inserting 1 records into read_qc_analysis_activity_set
INFO:root:Inserting 1 records into read_based_taxonomy_analysis_activity_set
INFO:root:omics_processing_id: nmdc:omprc-13-faz1bb43
INFO:root:Updated 1 omics_processing_set records
INFO:root:DB Record validated - submitting to API
INFO:root:Inserting 17 records into data_object_set
INFO:root:Inserting 1 records into metagenome_assembly_set
INFO:root:Inserting 1 records into read_qc_analysis_activity_set
INFO:root:Inserting 1 records into read_based_taxonomy_analysis_activity_set
INFO:root:omics_processing_id: nmdc:omprc-13-am62ac63
INFO:root:Updated 1 omics_processing_set records
INFO:root:DB Record validated - submitting to API
INFO:root:Inserting 17 records into data_object_set
INFO:root:Inserting 1 records into metagenome_assembly_set
INFO:root:Inserting 1 records into read_qc_analysis_activity_set
INFO:root:Inserting 1 records into read_based_taxonomy_analysis_activity_set
INFO:root:omics_processing_id: nmdc:omprc-13-z37b9193
INFO:root:Updated 1 omics_processing_set records
INFO:root:DB Record validated - submitting to API
INFO:root:Inserting 17 records into data_object_set
INFO:root:Inserting 1 records into metagenome_assembly_set
INFO:root:Inserting 1 records into read_qc_analysis_activity_set
INFO:root:Inserting 1 records into read_based_taxonomy_analysis_activity_set
INFO:root:omics_processing_id: nmdc:omprc-13-eyz5jj82
INFO:root:Updated 1 omics_processing_set records
INFO:root:DB Record validated - submitting to API
INFO:root:Inserting 17 records into data_object_set
INFO:root:Inserting 1 records into metagenome_assembly_set
INFO:root:Inserting 1 records into read_qc_analysis_activity_set
INFO:root:Inserting 1 records into read_based_taxonomy_analysis_activity_set
INFO:root:omics_processing_id: nmdc:omprc-13-f4jg2r75
INFO:root:Updated 1 omics_processing_set records
INFO:root:DB Record validated - submitting to API
INFO:root:Inserting 17 records into data_object_set
INFO:root:Inserting 1 records into metagenome_assembly_set
INFO:root:Inserting 1 records into read_qc_analysis_activity_set
INFO:root:Inserting 1 records into read_based_taxonomy_analysis_activity_set
INFO:root:omics_processing_id: nmdc:omprc-13-bj8pxh81
INFO:root:Updated 1 omics_processing_set records
INFO:root:DB Record validated - submitting to API
INFO:root:Inserting 17 records into data_object_set
INFO:root:Inserting 1 records into metagenome_assembly_set
INFO:root:Inserting 1 records into read_qc_analysis_activity_set
INFO:root:Inserting 1 records into read_based_taxonomy_analysis_activity_set
INFO:root:omics_processing_id: nmdc:omprc-13-bswwgt23
INFO:root:Updated 1 omics_processing_set records
INFO:root:DB Record validated - submitting to API
INFO:root:Inserting 17 records into data_object_set
INFO:root:Inserting 1 records into metagenome_assembly_set
INFO:root:Inserting 1 records into read_qc_analysis_activity_set
INFO:root:Inserting 1 records into read_based_taxonomy_analysis_activity_set
INFO:root:omics_processing_id: nmdc:omprc-13-sfj8me20
INFO:root:Updated 1 omics_processing_set records
INFO:root:DB Record validated - submitting to API
INFO:root:Inserting 17 records into data_object_set
INFO:root:Inserting 1 records into metagenome_assembly_set
INFO:root:Inserting 1 records into read_qc_analysis_activity_set
INFO:root:Inserting 1 records into read_based_taxonomy_analysis_activity_set
INFO:root:omics_processing_id: nmdc:omprc-13-9c3xvg35
INFO:root:Updated 1 omics_processing_set records
INFO:root:DB Record validated - submitting to API
INFO:root:Inserting 17 records into data_object_set
INFO:root:Inserting 1 records into metagenome_assembly_set
INFO:root:Inserting 1 records into read_qc_analysis_activity_set
INFO:root:Inserting 1 records into read_based_taxonomy_analysis_activity_set
INFO:root:omics_processing_id: nmdc:omprc-13-earxpt36
INFO:root:Updated 1 omics_processing_set records
INFO:root:DB Record validated - submitting to API
INFO:root:Inserting 17 records into data_object_set
INFO:root:Inserting 1 records into metagenome_assembly_set
INFO:root:Inserting 1 records into read_qc_analysis_activity_set
INFO:root:Inserting 1 records into read_based_taxonomy_analysis_activity_set
INFO:root:omics_processing_id: nmdc:omprc-13-efh2ws71
INFO:root:Updated 1 omics_processing_set records
INFO:root:DB Record validated - submitting to API
INFO:root:Inserting 17 records into data_object_set
INFO:root:Inserting 1 records into metagenome_assembly_set
INFO:root:Inserting 1 records into read_qc_analysis_activity_set
INFO:root:Inserting 1 records into read_based_taxonomy_analysis_activity_set
INFO:root:omics_processing_id: nmdc:omprc-13-w2385f26
INFO:root:Updated 1 omics_processing_set records
INFO:root:DB Record validated - submitting to API
INFO:root:Inserting 17 records into data_object_set
INFO:root:Inserting 1 records into metagenome_assembly_set
INFO:root:Inserting 1 records into read_qc_analysis_activity_set
INFO:root:Inserting 1 records into read_based_taxonomy_analysis_activity_set
INFO:root:omics_processing_id: nmdc:omprc-13-7cjcyw62
INFO:root:Updated 1 omics_processing_set records
INFO:root:DB Record validated - submitting to API
INFO:root:Inserting 17 records into data_object_set
INFO:root:Inserting 1 records into metagenome_assembly_set
INFO:root:Inserting 1 records into read_qc_analysis_activity_set
INFO:root:Inserting 1 records into read_based_taxonomy_analysis_activity_set
INFO:root:omics_processing_id: nmdc:omprc-13-v3bp6c19
INFO:root:Updated 1 omics_processing_set records
INFO:root:DB Record validated - submitting to API
INFO:root:Inserting 17 records into data_object_set
INFO:root:Inserting 1 records into metagenome_assembly_set
INFO:root:Inserting 1 records into read_qc_analysis_activity_set
INFO:root:Inserting 1 records into read_based_taxonomy_analysis_activity_set
INFO:root:omics_processing_id: nmdc:omprc-13-nrfz6j91
INFO:root:Updated 1 omics_processing_set records
INFO:root:DB Record validated - submitting to API
INFO:root:Inserting 17 records into data_object_set
INFO:root:Inserting 1 records into metagenome_assembly_set
INFO:root:Inserting 1 records into read_qc_analysis_activity_set
INFO:root:Inserting 1 records into read_based_taxonomy_analysis_activity_set
INFO:root:omics_processing_id: nmdc:omprc-13-emdawc60
INFO:root:Updated 1 omics_processing_set records
INFO:root:DB Record validated - submitting to API
INFO:root:Inserting 17 records into data_object_set
INFO:root:Inserting 1 records into metagenome_assembly_set
INFO:root:Inserting 1 records into read_qc_analysis_activity_set
INFO:root:Inserting 1 records into read_based_taxonomy_analysis_activity_set
INFO:root:omics_processing_id: nmdc:omprc-13-359qhn38
INFO:root:Updated 1 omics_processing_set records
INFO:root:DB Record validated - submitting to API
INFO:root:Inserting 17 records into data_object_set
INFO:root:Inserting 1 records into metagenome_assembly_set
INFO:root:Inserting 1 records into read_qc_analysis_activity_set
INFO:root:Inserting 1 records into read_based_taxonomy_analysis_activity_set
INFO:root:omics_processing_id: nmdc:omprc-13-4xyyf061
INFO:root:Updated 1 omics_processing_set records
INFO:root:DB Record validated - submitting to API
INFO:root:Inserting 17 records into data_object_set
INFO:root:Inserting 1 records into metagenome_assembly_set
INFO:root:Inserting 1 records into read_qc_analysis_activity_set
INFO:root:Inserting 1 records into read_based_taxonomy_analysis_activity_set
INFO:root:omics_processing_id: nmdc:omprc-13-tmnh1215
INFO:root:Updated 1 omics_processing_set records
INFO:root:DB Record validated - submitting to API
INFO:root:Inserting 17 records into data_object_set
INFO:root:Inserting 1 records into metagenome_assembly_set
INFO:root:Inserting 1 records into read_qc_analysis_activity_set
INFO:root:Inserting 1 records into read_based_taxonomy_analysis_activity_set
INFO:root:omics_processing_id: nmdc:omprc-13-fb100c08
INFO:root:Updated 1 omics_processing_set records
INFO:root:DB Record validated - submitting to API
INFO:root:Inserting 17 records into data_object_set
INFO:root:Inserting 1 records into metagenome_assembly_set
INFO:root:Inserting 1 records into read_qc_analysis_activity_set
INFO:root:Inserting 1 records into read_based_taxonomy_analysis_activity_set
INFO:root:omics_processing_id: nmdc:omprc-13-pa3t1g27
INFO:root:Updated 1 omics_processing_set records
INFO:root:DB Record validated - submitting to API
INFO:root:Inserting 17 records into data_object_set
INFO:root:Inserting 1 records into metagenome_assembly_set
INFO:root:Inserting 1 records into read_qc_analysis_activity_set
INFO:root:Inserting 1 records into read_based_taxonomy_analysis_activity_set
INFO:root:omics_processing_id: nmdc:omprc-13-2cw08444
INFO:root:Updated 1 omics_processing_set records
INFO:root:DB Record validated - submitting to API
INFO:root:Inserting 17 records into data_object_set
INFO:root:Inserting 1 records into metagenome_assembly_set
INFO:root:Inserting 1 records into read_qc_analysis_activity_set
INFO:root:Inserting 1 records into read_based_taxonomy_analysis_activity_set
INFO:root:omics_processing_id: nmdc:omprc-13-w3yr0p12
INFO:root:Updated 1 omics_processing_set records
INFO:root:DB Record validated - submitting to API
INFO:root:Inserting 17 records into data_object_set
INFO:root:Inserting 1 records into metagenome_assembly_set
INFO:root:Inserting 1 records into read_qc_analysis_activity_set
INFO:root:Inserting 1 records into read_based_taxonomy_analysis_activity_set
INFO:root:omics_processing_id: nmdc:omprc-13-g7659f31
INFO:root:Updated 1 omics_processing_set records
INFO:root:DB Record validated - submitting to API
INFO:root:Inserting 17 records into data_object_set
INFO:root:Inserting 1 records into metagenome_assembly_set
INFO:root:Inserting 1 records into read_qc_analysis_activity_set
INFO:root:Inserting 1 records into read_based_taxonomy_analysis_activity_set
INFO:root:omics_processing_id: nmdc:omprc-13-vcw9r219
INFO:root:Updated 1 omics_processing_set records
INFO:root:DB Record validated - submitting to API
INFO:root:Inserting 17 records into data_object_set
INFO:root:Inserting 1 records into metagenome_assembly_set
INFO:root:Inserting 1 records into read_qc_analysis_activity_set
INFO:root:Inserting 1 records into read_based_taxonomy_analysis_activity_set
INFO:root:omics_processing_id: nmdc:omprc-13-hwwce151
INFO:root:Updated 1 omics_processing_set records
INFO:root:DB Record validated - submitting to API
INFO:root:Inserting 17 records into data_object_set
INFO:root:Inserting 1 records into metagenome_assembly_set
INFO:root:Inserting 1 records into read_qc_analysis_activity_set
INFO:root:Inserting 1 records into read_based_taxonomy_analysis_activity_set
INFO:root:omics_processing_id: nmdc:omprc-13-sn5t7z13
INFO:root:Updated 1 omics_processing_set records
INFO:root:DB Record validated - submitting to API
INFO:root:Inserting 17 records into data_object_set
INFO:root:Inserting 1 records into metagenome_assembly_set
INFO:root:Inserting 1 records into read_qc_analysis_activity_set
INFO:root:Inserting 1 records into read_based_taxonomy_analysis_activity_set
INFO:root:omics_processing_id: nmdc:omprc-13-4fk8d565
INFO:root:Updated 1 omics_processing_set records
INFO:root:DB Record validated - submitting to API
INFO:root:Inserting 17 records into data_object_set
INFO:root:Inserting 1 records into metagenome_assembly_set
INFO:root:Inserting 1 records into read_qc_analysis_activity_set
INFO:root:Inserting 1 records into read_based_taxonomy_analysis_activity_set
INFO:root:omics_processing_id: nmdc:omprc-13-bjx9vr97
INFO:root:Updated 1 omics_processing_set records
INFO:root:DB Record validated - submitting to API
INFO:root:Inserting 17 records into data_object_set
INFO:root:Inserting 1 records into metagenome_assembly_set
INFO:root:Inserting 1 records into read_qc_analysis_activity_set
INFO:root:Inserting 1 records into read_based_taxonomy_analysis_activity_set
INFO:root:omics_processing_id: nmdc:omprc-13-xejvwd02
INFO:root:Updated 1 omics_processing_set records
INFO:root:DB Record validated - submitting to API
INFO:root:Inserting 17 records into data_object_set
INFO:root:Inserting 1 records into metagenome_assembly_set
INFO:root:Inserting 1 records into read_qc_analysis_activity_set
INFO:root:Inserting 1 records into read_based_taxonomy_analysis_activity_set
INFO:root:omics_processing_id: nmdc:omprc-13-e4rebn56
INFO:root:Updated 1 omics_processing_set records
INFO:root:DB Record validated - submitting to API
INFO:root:Inserting 17 records into data_object_set
INFO:root:Inserting 1 records into metagenome_assembly_set
INFO:root:Inserting 1 records into read_qc_analysis_activity_set
INFO:root:Inserting 1 records into read_based_taxonomy_analysis_activity_set
INFO:root:omics_processing_id: nmdc:omprc-13-7k64hk16
INFO:root:Updated 1 omics_processing_set records
INFO:root:DB Record validated - submitting to API
INFO:root:Inserting 8 records into data_object_set
INFO:root:Inserting 1 records into metagenome_assembly_set
INFO:root:Inserting 1 records into read_qc_analysis_activity_set
INFO:root:omics_processing_id: nmdc:omprc-13-23ce0376
INFO:root:Updated 1 omics_processing_set records
INFO:root:DB Record validated - submitting to API
INFO:root:Inserting 17 records into data_object_set
INFO:root:Inserting 1 records into metagenome_assembly_set
INFO:root:Inserting 1 records into read_qc_analysis_activity_set
INFO:root:Inserting 1 records into read_based_taxonomy_analysis_activity_set
INFO:root:omics_processing_id: nmdc:omprc-13-ktyzaj81
INFO:root:Updated 1 omics_processing_set records
INFO:root:DB Record validated - submitting to API
INFO:root:Inserting 17 records into data_object_set
INFO:root:Inserting 1 records into metagenome_assembly_set
INFO:root:Inserting 1 records into read_qc_analysis_activity_set
INFO:root:Inserting 1 records into read_based_taxonomy_analysis_activity_set
INFO:root:omics_processing_id: nmdc:omprc-13-zmme7586
INFO:root:Updated 1 omics_processing_set records
INFO:root:DB Record validated - submitting to API
INFO:root:Inserting 17 records into data_object_set
INFO:root:Inserting 1 records into metagenome_assembly_set
INFO:root:Inserting 1 records into read_qc_analysis_activity_set
INFO:root:Inserting 1 records into read_based_taxonomy_analysis_activity_set
INFO:root:omics_processing_id: nmdc:omprc-13-3cjqp369
INFO:root:Updated 1 omics_processing_set records
INFO:root:DB Record validated - submitting to API
INFO:root:Inserting 17 records into data_object_set
INFO:root:Inserting 1 records into metagenome_assembly_set
INFO:root:Inserting 1 records into read_qc_analysis_activity_set
INFO:root:Inserting 1 records into read_based_taxonomy_analysis_activity_set
INFO:root:omics_processing_id: nmdc:omprc-13-9vmwya90
INFO:root:Updated 1 omics_processing_set records
INFO:root:DB Record validated - submitting to API
INFO:root:Inserting 17 records into data_object_set
INFO:root:Inserting 1 records into metagenome_assembly_set
INFO:root:Inserting 1 records into read_qc_analysis_activity_set
INFO:root:Inserting 1 records into read_based_taxonomy_analysis_activity_set
INFO:root:omics_processing_id: nmdc:omprc-13-bp3ms013
INFO:root:Updated 1 omics_processing_set records
INFO:root:DB Record validated - submitting to API
INFO:root:Inserting 17 records into data_object_set
INFO:root:Inserting 1 records into metagenome_assembly_set
INFO:root:Inserting 1 records into read_qc_analysis_activity_set
INFO:root:Inserting 1 records into read_based_taxonomy_analysis_activity_set
INFO:root:omics_processing_id: nmdc:omprc-13-aqq07h69
INFO:root:Updated 1 omics_processing_set records
INFO:root:DB Record validated - submitting to API
INFO:root:Inserting 17 records into data_object_set
INFO:root:Inserting 1 records into metagenome_assembly_set
INFO:root:Inserting 1 records into read_qc_analysis_activity_set
INFO:root:Inserting 1 records into read_based_taxonomy_analysis_activity_set
INFO:root:omics_processing_id: nmdc:omprc-13-mb48mk67
INFO:root:Updated 1 omics_processing_set records
INFO:root:DB Record validated - submitting to API
INFO:root:Inserting 17 records into data_object_set
INFO:root:Inserting 1 records into metagenome_assembly_set
INFO:root:Inserting 1 records into read_qc_analysis_activity_set
INFO:root:Inserting 1 records into read_based_taxonomy_analysis_activity_set
INFO:root:omics_processing_id: nmdc:omprc-13-wvph2350
INFO:root:Updated 1 omics_processing_set records
INFO:root:DB Record validated - submitting to API
INFO:root:Inserting 17 records into data_object_set
INFO:root:Inserting 1 records into metagenome_assembly_set
INFO:root:Inserting 1 records into read_qc_analysis_activity_set
INFO:root:Inserting 1 records into read_based_taxonomy_analysis_activity_set
INFO:root:omics_processing_id: nmdc:omprc-13-9b4qn054
INFO:root:Updated 1 omics_processing_set records
INFO:root:DB Record validated - submitting to API
INFO:root:Inserting 17 records into data_object_set
INFO:root:Inserting 1 records into metagenome_assembly_set
INFO:root:Inserting 1 records into read_qc_analysis_activity_set
INFO:root:Inserting 1 records into read_based_taxonomy_analysis_activity_set
INFO:root:omics_processing_id: nmdc:omprc-13-zd99ps92
INFO:root:Updated 1 omics_processing_set records
INFO:root:DB Record validated - submitting to API
INFO:root:Inserting 17 records into data_object_set
INFO:root:Inserting 1 records into metagenome_assembly_set
INFO:root:Inserting 1 records into read_qc_analysis_activity_set
INFO:root:Inserting 1 records into read_based_taxonomy_analysis_activity_set
INFO:root:omics_processing_id: nmdc:omprc-13-2dwbp889
INFO:root:Updated 1 omics_processing_set records
INFO:root:DB Record validated - submitting to API
INFO:root:Inserting 17 records into data_object_set
INFO:root:Inserting 1 records into metagenome_assembly_set
INFO:root:Inserting 1 records into read_qc_analysis_activity_set
INFO:root:Inserting 1 records into read_based_taxonomy_analysis_activity_set
INFO:root:omics_processing_id: nmdc:omprc-13-j1syz007
INFO:root:Updated 1 omics_processing_set records
INFO:root:DB Record validated - submitting to API
INFO:root:Inserting 17 records into data_object_set
INFO:root:Inserting 1 records into metagenome_assembly_set
INFO:root:Inserting 1 records into read_qc_analysis_activity_set
INFO:root:Inserting 1 records into read_based_taxonomy_analysis_activity_set
INFO:root:Elapsed time: 232.76622700691223
