/Users/MBThornton/Library/Caches/pypoetry/virtualenvs/nmdc-automation-VEpwcKpc-py3.9/lib/python3.9/site-packages/urllib3/__init__.py:34: NotOpenSSLWarning: urllib3 v2 only supports OpenSSL 1.1.1+, currently the 'ssl' module is compiled with 'LibreSSL 2.8.3'. See: https://github.com/urllib3/urllib3/issues/3020
  warnings.warn(
INFO:root:Deleting old objects found in : ./data/nmdc:sty-11-076c9980_associated_record_dump.json
INFO:root:Using: https://api-napa.microbiomedata.org/
INFO:root:Deleting data_object_set records: ['nmdc:d8ec65335c807e149b6db0033eca99f0', 'nmdc:daa135daa0befb10d4aa6418b2f7cb84', 'nmdc:69d979637d6a0c8ef618b5e2c99a810e', 'nmdc:460f12b5f5d6d65d21f49060488bcde8', 'nmdc:eec882650d010c19af9b40c51155f183', 'nmdc:b1d902ea8791a103c9df085481bdd6da', 'nmdc:331758f55146d415a65ea585cb07e6f1', 'nmdc:6665891d48580d3cfe46ee087239134d', 'nmdc:77c4d5e2fdaf9f8367da111a118d6b85', 'nmdc:93afebc2cf88de3f0cc904a037226650', 'nmdc:24352bd37be3124d6890acc74afd471c', 'nmdc:4248589020a80f4682206a5f88b57b08', 'nmdc:3a987fbf7901b3f04726591e25d83920', 'nmdc:4c7929a6938f7da569dda7aca0f2139b', 'nmdc:a95cdbc9ea187e93753f316a7667bda9', 'nmdc:9b6c580fa3b89a237ed78aed65ba7d94', 'nmdc:f30429dbc3b65846d30c29c784636fa4', 'nmdc:e942c4b5c5fb9c4a0fa6fecf000d7c4c', 'nmdc:f5a02399d5a042f0029d54e1ef87746d', 'nmdc:8040596827f96f825cd1baac36275927', 'nmdc:af0b249aa674646036b301826f802445', 'nmdc:c5db80ae6f229fc13a784bca04746502', 'nmdc:b8a24facce011872f84945c9c89350a0', 'nmdc:a99d077d32db36309f00aac41bea7394', 'nmdc:c35884c12b4e89d696fa7eaee3c4fdba', 'nmdc:0d07c941408ecc204be42aa5370ff177', 'nmdc:45067f7d383847ec473fea404d85d052', 'nmdc:014191b96a97ed777287b50a63b32507', 'nmdc:b995dadd6ba21efd09763b4e89fb464e', 'nmdc:43e098fa3b27ae281a9f38defe407527', 'nmdc:c15b16b1b91bcaade8d61bfd6da89a7e', 'nmdc:4b9758946ec7daf905e18353d953ed8e', 'nmdc:ed444a43f0b53732b882247a1ac02bb4', 'nmdc:bafa6999f12e3acc2a260e60ba5b2ccc', 'nmdc:97b5380b670cf6f789b8849fa71bdb53', 'nmdc:8ed3e1be924a8d4e6dc727434dda41ac', 'nmdc:0b2886c84d5441d57912112d76d23a0c', 'nmdc:fe0a9670c37ec197a82e79ed17d8690e']
INFO:root:Deleting query posted with response: {'ok': 1, 'n': 0}
INFO:root:Deleting mags_activity_set records: ['nmdc:8819c871fff956f27a847055f8e943d2']
INFO:root:Deleting query posted with response: {'ok': 1, 'n': 0}
INFO:root:Deleting metagenome_annotation_activity_set records: ['nmdc:8819c871fff956f27a847055f8e943d2']
INFO:root:Deleting query posted with response: {'ok': 1, 'n': 0}
INFO:root:Deleting metagenome_assembly_set records: ['nmdc:8819c871fff956f27a847055f8e943d2']
INFO:root:Deleting query posted with response: {'ok': 1, 'n': 0}
INFO:root:Deleting read_qc_analysis_activity_set records: ['nmdc:8819c871fff956f27a847055f8e943d2']
INFO:root:Deleting query posted with response: {'ok': 1, 'n': 0}
INFO:root:Deleting read_based_taxonomy_analysis_activity_set records: ['nmdc:8819c871fff956f27a847055f8e943d2']
INFO:root:Deleting query posted with response: {'ok': 1, 'n': 0}
INFO:root:Deleting data_object_set records: ['nmdc:35e03ea999191f50081f18930aa7190e', 'nmdc:c587b01c7f8d336627cc79bca70c916d', 'nmdc:c0489bde713acadcb75979a3aee42546', 'nmdc:0fb76e7dc4c6239d9874d58fdc6f517b', 'nmdc:3ba805033a443245468f7188b190facc', 'nmdc:65a51073f8096f8280967d35839e3f91', 'nmdc:f0a8d5cc4034dc8947b79877f57e6ca3', 'nmdc:4f6a0acc06f62e240d5ffbfbf995bb59', 'nmdc:0e6b8f2e96081e54427c1b77ae1825c4', 'nmdc:afc7ef2e0c8aa6f57ff4a400dceab222', 'nmdc:e0f88b44f0236c0809d13fb9d335eba3', 'nmdc:72e1d84515968950764bbe6b62557b02', 'nmdc:a63f679d563172b92a197b4af6174a17', 'nmdc:b281b2ba98a8e75838ec71b6a59c36c5', 'nmdc:c762dfb793f282f8d9693280b5033724', 'nmdc:f7f229549358a26d44f2f31e050d826d', 'nmdc:7fac49f0fdb60a5b169d8e5d3fbb04dc', 'nmdc:9e1cac221f3c821861b670d41f08b243', 'nmdc:a6f64e026b8d45ea4ccf4c9eeebc8e06', 'nmdc:313d068b504ba9db5405ea28fa9cf001', 'nmdc:8fc8880efd76ca9cb01a69ccd42a6fce', 'nmdc:aa2d3aabee7b45291f2ebd30fb5b5cf3', 'nmdc:267db97a7fb33d853ddb052efe5a8ca3', 'nmdc:d79f829da4142a0c496411d601ea6d8c', 'nmdc:c2f00f4fb765fcd1a37c3ec4c3d3985e', 'nmdc:a6f2e9a70b5a8fe9076e39f238ee7317', 'nmdc:680ead4e801e5a2f725f7a0c8c0d7bc6', 'nmdc:824922c5a15b18f912a5365a9f3a131d', 'nmdc:c752f891bf8202d6d2f82e6bb0fae2b2', 'nmdc:113ed12c8503bbe9fa125b2f33eafd7f', 'nmdc:9474feef0624485b33c6742d9fc547c8', 'nmdc:5ea49ae4d758d9395241daf711de97b2', 'nmdc:78a59a0c9d99f2193750c6ec5645c23f', 'nmdc:2b4b5f3fd68ddb9cbd4f47042acbbe03', 'nmdc:42e97d8572e36c939ff9f76aac84ea5a', 'nmdc:07639d00ab5ba92444d0e7be3bfee2cb', 'nmdc:5b4cdc411eff71c762504a4d42e99995', 'nmdc:6f8bae7d6277ae1a0bf6bd39ac88bbce']
INFO:root:Deleting query posted with response: {'ok': 1, 'n': 0}
INFO:root:Deleting mags_activity_set records: ['nmdc:219d812551f243e00a4a64870e700ac6']
INFO:root:Deleting query posted with response: {'ok': 1, 'n': 0}
INFO:root:Deleting metagenome_annotation_activity_set records: ['nmdc:219d812551f243e00a4a64870e700ac6']
INFO:root:Deleting query posted with response: {'ok': 1, 'n': 0}
INFO:root:Deleting metagenome_assembly_set records: ['nmdc:219d812551f243e00a4a64870e700ac6']
INFO:root:Deleting query posted with response: {'ok': 1, 'n': 0}
INFO:root:Deleting read_qc_analysis_activity_set records: ['nmdc:219d812551f243e00a4a64870e700ac6']
INFO:root:Deleting query posted with response: {'ok': 1, 'n': 0}
INFO:root:Deleting read_based_taxonomy_analysis_activity_set records: ['nmdc:219d812551f243e00a4a64870e700ac6']
INFO:root:Deleting query posted with response: {'ok': 1, 'n': 0}
INFO:root:Deleting data_object_set records: ['nmdc:0941f80a9f52f40feeba2733f7dea1ad', 'nmdc:03767f108eca06a90ab3ae014a5dee2f', 'nmdc:29f9ffc849f1a0c04ac3e761531989d8', 'nmdc:bcd27945994efa2ef2a3aa03125f0939', 'nmdc:b4fd68e9200bd7cfa27958c2a48f71c7', 'nmdc:93510feae5ede49abda804d9fc5eaef3', 'nmdc:2239f32f7702e7c29529285ddbc224b5', 'nmdc:af1662698b0e23dc7a3cb4e3663d8a00', 'nmdc:b18aa8828e8a209683ee73e6438e8f2c', 'nmdc:a6805ec107ea8e6bc7e36a74c1f2a4e7', 'nmdc:2490e0609d83f037e28c15b4cb2d1a94', 'nmdc:e473dbee796e4716b74d7f1359e91d2c', 'nmdc:515f1149424950eb968fcfe6a970bbf1', 'nmdc:d2e829924ad1f3e6e1c3b1ead3332caa', 'nmdc:4cacfe6aff90b0fca935d3f12a0c3a24', 'nmdc:22a3c11a7360ff2a77d4c661ebeec256', 'nmdc:f2ffd380fd02083392a0972324cd7015', 'nmdc:7ed1060aeead9c5767af270c1eef1e23', 'nmdc:8723526e08c8f50b104a0bf887ff8a56', 'nmdc:7885d890b8c7ac276046ef99992fbb50', 'nmdc:9b384e78a3d4cfee3c857fcde8e9c3eb', 'nmdc:cf621b1837aa0bada498c8080eab7c9f', 'nmdc:2951b2786277dfa9effbc3a1536bb0e4', 'nmdc:c7ca6d0578df75e395b3476850fda0bc', 'nmdc:10090526a156c5eb728ea154b0878986', 'nmdc:db73b5bace1b4ff4ae660f9a829e1d11', 'nmdc:4139a09122390ebdc9ad44543c34656e', 'nmdc:a268c951f83f0a5293d123331a7a3f8a', 'nmdc:a252ae7c67905d516fdfe4b35a7457d8', 'nmdc:db29cd4aa0bf3e94b8feefa84878fb76', 'nmdc:4a869203db4635a26872ff2995624695', 'nmdc:4e78a7a7784b216a7804d021ff715824', 'nmdc:e3e056011ad53a758a6a9d7b1590e925', 'nmdc:e8bf7be97bc4aa62235b254f748562ca', 'nmdc:969c0af0728d27fb7d9d508f97a76ffc', 'nmdc:a206b25e328af837ea708d6a7acb4e9f', 'nmdc:08e8e1dc453a51c9b311aad777c169d3', 'nmdc:5da31e88408a6aafb6696346348b8a6e']
INFO:root:Deleting query posted with response: {'ok': 1, 'n': 0}
INFO:root:Deleting mags_activity_set records: ['nmdc:56c6d70b9ca166f9347fec0f4b0f3a96']
INFO:root:Deleting query posted with response: {'ok': 1, 'n': 0}
INFO:root:Deleting metagenome_annotation_activity_set records: ['nmdc:56c6d70b9ca166f9347fec0f4b0f3a96']
INFO:root:Deleting query posted with response: {'ok': 1, 'n': 0}
INFO:root:Deleting metagenome_assembly_set records: ['nmdc:56c6d70b9ca166f9347fec0f4b0f3a96']
INFO:root:Deleting query posted with response: {'ok': 1, 'n': 0}
INFO:root:Deleting read_qc_analysis_activity_set records: ['nmdc:56c6d70b9ca166f9347fec0f4b0f3a96']
INFO:root:Deleting query posted with response: {'ok': 1, 'n': 0}
INFO:root:Deleting read_based_taxonomy_analysis_activity_set records: ['nmdc:56c6d70b9ca166f9347fec0f4b0f3a96']
INFO:root:Deleting query posted with response: {'ok': 1, 'n': 0}
INFO:root:Deleting data_object_set records: ['nmdc:c0e8b1da1dffe72e1eaeb6648c8e97b1', 'nmdc:74f40182eca5df10287d437b89a6d27d', 'nmdc:6bceeca0c933b1b6372e867b37e95b5a', 'nmdc:d2f9638a539460afedd392dcaf8e5775', 'nmdc:6d9104a1ae29a7c186501d34f3d11280', 'nmdc:ed2c195f76f22835239ab98a49d908de', 'nmdc:62324aa19f7928f0d87733f22ee18c11', 'nmdc:8e2cd932e18c03a87bb05b133b5a8e7e', 'nmdc:3b0c11cbca5df6ad0083256178dab5e0', 'nmdc:8032cf624748e74a812149ddcc7b28ba', 'nmdc:fd4ea971b43bf80f244e57c5ea6ff2a2', 'nmdc:4663aec9aa0e60748c90dca8ad565903', 'nmdc:c265309faa192d2ff6e372cc55b49efc', 'nmdc:4bf8281d870e2699446e9673f4bddc63', 'nmdc:baf66f63614eb21383d712a42a475042', 'nmdc:1f8ae89d57c98fbd044fd238bbbeb122', 'nmdc:d8eaf3c2bb228631c6960dc38fde6b81', 'nmdc:de742319c0431c63fddb754aadbb6a20', 'nmdc:58a827ec4cc01a2563d43a833da5a1b1', 'nmdc:1fdeac715b3351a60905ab0fd3066624', 'nmdc:4aa546e21d988199cac18fa2053d6020', 'nmdc:3ae070702ddf3c010b7879faa110e672', 'nmdc:0b53a123af88a529c90c52febf7f8021', 'nmdc:932ffa5d95f0787ec1c98371412e09e8', 'nmdc:565e3cfc9e782626b2b94eae22441b38', 'nmdc:781ee0ceaee3c6a62982edd17bce3589', 'nmdc:894b98029768a28938b0316cc1b47c99', 'nmdc:be8f0cdbbc66775d6891aa705d358b42', 'nmdc:fff517e76f96fe973e04cc7e7b52e46b', 'nmdc:45d6a24da05eb5d5d3739ab8b7ef5502', 'nmdc:5d20afecc70ac479b12623f69907321c', 'nmdc:9a1ebc8d5223787ac06994934c883645', 'nmdc:050816d98e12b29c2fbadc9fdf259553', 'nmdc:ab6bf10575b028cfe31b88ef2909afb5', 'nmdc:19a0661ba60bc2154ed9121b74d69178', 'nmdc:fa750ed038e05561a380e87a1da13135', 'nmdc:1a4ed04832886502800f612cc3a29cef', 'nmdc:a1d38ae8338c883c142ad23bb96728e0']
INFO:root:Deleting query posted with response: {'ok': 1, 'n': 0}
INFO:root:Deleting mags_activity_set records: ['nmdc:d132f3e5312875f4c16ec846d6d9b6c9']
INFO:root:Deleting query posted with response: {'ok': 1, 'n': 0}
INFO:root:Deleting metagenome_annotation_activity_set records: ['nmdc:d132f3e5312875f4c16ec846d6d9b6c9']
INFO:root:Deleting query posted with response: {'ok': 1, 'n': 0}
INFO:root:Deleting metagenome_assembly_set records: ['nmdc:d132f3e5312875f4c16ec846d6d9b6c9']
INFO:root:Deleting query posted with response: {'ok': 1, 'n': 0}
INFO:root:Deleting read_qc_analysis_activity_set records: ['nmdc:d132f3e5312875f4c16ec846d6d9b6c9']
INFO:root:Deleting query posted with response: {'ok': 1, 'n': 0}
INFO:root:Deleting read_based_taxonomy_analysis_activity_set records: ['nmdc:d132f3e5312875f4c16ec846d6d9b6c9']
INFO:root:Deleting query posted with response: {'ok': 1, 'n': 0}
INFO:root:Deleting data_object_set records: ['nmdc:5628da197ab695960a216830c3270b35', 'nmdc:36ad3ea166cbd94ea5ee5fdffa640201', 'nmdc:a9650aeb0d4eef8aaeefe6d190b83b57', 'nmdc:b5b21e4cb19cbcd38a76431e860a3a7f', 'nmdc:a28d9e06d8a824a7d52bd8c4c082809f', 'nmdc:020bcdb11b80147b42772dda5e24309a', 'nmdc:e4d2da9da5d120b5e6bd97f2b32596fe', 'nmdc:1495515ceb2f9a5bb3458a9d8897d574', 'nmdc:c3f94c030cf1e1614f6a634c164a8641', 'nmdc:84f88a6fe3301861e1e4aee8ac27f274', 'nmdc:8dac372e7893315bdffea0163790bc16', 'nmdc:c78400f946b1d8845c791e1c4d3c0735', 'nmdc:1e00ddf8dd68b5d08edb2ee655322074', 'nmdc:aac9192018f6e6e4ea966d050baf5b95', 'nmdc:463f7b4917fadbb98e48bf5a868ee232', 'nmdc:c4346122bcea8b27a10762fb49f6fd24', 'nmdc:9b014d4c194e2958fedd486991ef7857', 'nmdc:258522db116ad6b4af8ec6dc28c9cf08', 'nmdc:0c3e62dc1634e657b05a8fbe94aad065', 'nmdc:8760aed4087a238033f39ed4a6a1b1d1', 'nmdc:5ed4e71297c6dc224076f36fce45c34c', 'nmdc:6d18d251843228147d1936300aa43dc4', 'nmdc:723a07d159206fb1da37751088bc81d5', 'nmdc:c7e810f24328a4e2bf514bb4bd83181f', 'nmdc:030be88e89ff367cb5179303e12f5b93', 'nmdc:a7f726a2371255b7fdb1af0a659a2d56', 'nmdc:9bcbd43868d22f6b3c25e7830bf74afb', 'nmdc:9156eba49d6979de4260fb9d7c918ed6', 'nmdc:194b3eaf732c71923b86301d6d38da5c', 'nmdc:175cc635fad9fe593d53e608d454a01b', 'nmdc:eb9d45499fa0df2fc94699a98b155076', 'nmdc:57f17e771be7916008b16cda7722cb20', 'nmdc:b181ca5d3e2f7ef5183100d5335264fc', 'nmdc:1274b8c3b0c33fd06de15dcb74b5b45c', 'nmdc:eeb0907b08a11338b86dbf14d669d534', 'nmdc:71547f6944e976d58c54cf486edfd4cf', 'nmdc:4417d87e404711409339ab6cbba7f502', 'nmdc:96afbc87c00d51189c5c036b7480fc1e']
INFO:root:Deleting query posted with response: {'ok': 1, 'n': 0}
INFO:root:Deleting mags_activity_set records: ['nmdc:d13b805052a8e9e513bbce5482f3d1ad']
INFO:root:Deleting query posted with response: {'ok': 1, 'n': 0}
INFO:root:Deleting metagenome_annotation_activity_set records: ['nmdc:d13b805052a8e9e513bbce5482f3d1ad']
INFO:root:Deleting query posted with response: {'ok': 1, 'n': 0}
INFO:root:Deleting metagenome_assembly_set records: ['nmdc:d13b805052a8e9e513bbce5482f3d1ad']
INFO:root:Deleting query posted with response: {'ok': 1, 'n': 0}
INFO:root:Deleting read_qc_analysis_activity_set records: ['nmdc:d13b805052a8e9e513bbce5482f3d1ad']
INFO:root:Deleting query posted with response: {'ok': 1, 'n': 0}
INFO:root:Deleting read_based_taxonomy_analysis_activity_set records: ['nmdc:d13b805052a8e9e513bbce5482f3d1ad']
INFO:root:Deleting query posted with response: {'ok': 1, 'n': 0}
INFO:root:Deleting data_object_set records: ['nmdc:9005b01ee8d0ece5cb5921469bcf1195', 'nmdc:3e7ad808b3170c48254b94e93cd0917a', 'nmdc:144352c3fdcf639aeded64c01fa5c88f', 'nmdc:c1f5dc3f01b57856ce06a1f218aa0b45', 'nmdc:0342aa4486d1d42bad3ebcf82a7b4ce4', 'nmdc:e7dab2a0826bf537569c38e0843fcd6d', 'nmdc:85cdc01e8b0c89d4182de350fe9fce3b', 'nmdc:5f94b33c6dc14a8c4cf263f23cfac9cf', 'nmdc:d4026599f96aaad665a78b4e8c57af6e', 'nmdc:b967a7b0445e620f8dbc3f58864898a1', 'nmdc:eb1d4daf26526dad04119b9dd5c784ad', 'nmdc:6c105f945b6c0db018ea912126fe6395', 'nmdc:d3a55e07fdf9f013f0a2be3524a1a5b6', 'nmdc:5236f7e51473db2bba6e9945ef2d972e', 'nmdc:009edc89be66fdcefe05572ffa6f9526', 'nmdc:56fcefe1b324b9e8691a641ba8ee4064', 'nmdc:89b23095094b56d0145830fb5bfc1005', 'nmdc:f33ab665868e96109fae504a3c0a2f85', 'nmdc:9f1dd0c08fd9882136d1f016123582aa', 'nmdc:b85a6ab25a2798948730f845048f453f', 'nmdc:d14efef2a196ca9de437c787973e2eb0', 'nmdc:5ce916bffa4d768e2ed44fe292874dee', 'nmdc:262bd94568c6ae5eca104fe04af07185', 'nmdc:d3dd2f84580fd7ff95993c13c5e869b4', 'nmdc:07c81d176c2904829e3ce7698bfa7463', 'nmdc:c9a6ed50a3577216e059a77a60775897', 'nmdc:54cdff9f4c6d306707af80cf68b5a391', 'nmdc:d1c477e29079bd58d5d378e97179b43f', 'nmdc:8a88a72b5767cd6f800ce6d0e696f94b', 'nmdc:4fab41306feb4b3105fe18a0246a56bf', 'nmdc:c7260f84ccc60ead549ad493d5f4f38f', 'nmdc:e799464fbf963e2b3a48bcdb5dee14f5', 'nmdc:5c13097be47bc0c82f6a02bcf2934ac7', 'nmdc:d0f0c0f32cab102453ca926a68e2074f', 'nmdc:3ef1b04200a717d950620783acd3dde5', 'nmdc:6eb5ac8eb79fa0ad021870531851a7a9', 'nmdc:6439e9ae1db8c11603e24ecd8717a5c8', 'nmdc:d42a7a5673860c42e4158c0a22037b70']
INFO:root:Deleting query posted with response: {'ok': 1, 'n': 0}
INFO:root:Deleting mags_activity_set records: ['nmdc:478e0c4753e711036ab339ab21bfd359']
INFO:root:Deleting query posted with response: {'ok': 1, 'n': 0}
INFO:root:Deleting metagenome_annotation_activity_set records: ['nmdc:478e0c4753e711036ab339ab21bfd359']
INFO:root:Deleting query posted with response: {'ok': 1, 'n': 0}
INFO:root:Deleting metagenome_assembly_set records: ['nmdc:478e0c4753e711036ab339ab21bfd359']
INFO:root:Deleting query posted with response: {'ok': 1, 'n': 0}
INFO:root:Deleting read_qc_analysis_activity_set records: ['nmdc:478e0c4753e711036ab339ab21bfd359']
INFO:root:Deleting query posted with response: {'ok': 1, 'n': 0}
INFO:root:Deleting read_based_taxonomy_analysis_activity_set records: ['nmdc:478e0c4753e711036ab339ab21bfd359']
INFO:root:Deleting query posted with response: {'ok': 1, 'n': 0}
INFO:root:Deleting data_object_set records: ['nmdc:fecb636f6fbcdcbb1ebb54844ad79a30', 'nmdc:a8a6c5cc07a9b4cecf0a3f6316fac763', 'nmdc:45fac98a2ff5eed6567596f817c2eb55', 'nmdc:eaf0a1955c62f7013a8d6cc30eca7843', 'nmdc:d18fd041579fadd0db38ff1acf44a39f', 'nmdc:f3a1f9976a628d6a5aab400fab57f7bc', 'nmdc:5c0c07bdc79cbbc5502bd13426600704', 'nmdc:09981f03ef6781a75d7c5386a426ff34', 'nmdc:79a556c376bf29753fb9ecec78742dc4', 'nmdc:af3ad5bf96609332aeba9108b17f1b68', 'nmdc:7d2fe68650e9274900801d6a62bb22ad', 'nmdc:825dbfc5c0ab9eb3b1eed4bb5003183f', 'nmdc:54917fba0beb50bbd69d138ccc361156', 'nmdc:aa6139f3e7f79cf18e8a912aa755a576', 'nmdc:a058c1b944f87f000f817a7b24b8f649', 'nmdc:26738611f6c697365d4d73b258598252', 'nmdc:b75379ef1612584e8c5bb4e67b8c4103', 'nmdc:728982c5b0c33c05431c76cee4f9bff9', 'nmdc:70540139c4eb41e2340badf80d780602', 'nmdc:c3e10b72071d0659862f765b37b5ef90', 'nmdc:fe5743766918fb7d734ea8d32d96c30d', 'nmdc:4c364cdda2d1224e785fd2dd89dc9abf', 'nmdc:912188bac9d983e926e760ae194df76f', 'nmdc:b79ddcf97e80fd54455b33e24422bcd9', 'nmdc:44512f9ce9c6603326990ab09c68478a', 'nmdc:076cb51307cd529dee01650209eca3e9', 'nmdc:9807b0a399cc287db06c61e5c2e44200', 'nmdc:375f2ef64143726261c2be6fe564c9bb', 'nmdc:f9a02bdc198820bd30e5ad9c17d59549', 'nmdc:9cca5c4336bc3f325bba64621e7d0aba', 'nmdc:719659988b3293fe6e5e804436539133']
INFO:root:Deleting query posted with response: {'ok': 1, 'n': 0}
INFO:root:Deleting mags_activity_set records: ['nmdc:165ea3b27e7a2a0937ea6c3dbceba6ab']
INFO:root:Deleting query posted with response: {'ok': 1, 'n': 0}
INFO:root:Deleting metagenome_annotation_activity_set records: ['nmdc:165ea3b27e7a2a0937ea6c3dbceba6ab']
INFO:root:Deleting query posted with response: {'ok': 1, 'n': 0}
INFO:root:Deleting metagenome_assembly_set records: ['nmdc:165ea3b27e7a2a0937ea6c3dbceba6ab']
INFO:root:Deleting query posted with response: {'ok': 1, 'n': 0}
INFO:root:Deleting read_qc_analysis_activity_set records: ['nmdc:165ea3b27e7a2a0937ea6c3dbceba6ab']
INFO:root:Deleting query posted with response: {'ok': 1, 'n': 0}
INFO:root:Deleting read_based_taxonomy_analysis_activity_set records: ['nmdc:165ea3b27e7a2a0937ea6c3dbceba6ab']
INFO:root:Deleting query posted with response: {'ok': 1, 'n': 0}
INFO:root:Deleting data_object_set records: ['nmdc:1253be64094b01103ab317a1d0c8b77b', 'nmdc:761e757c3afa0ae848f64f685bc28e73', 'nmdc:67fd7b020dbaee74965b945f09d5ce07', 'nmdc:cba12b1c78814777df392ea7ce8d9ca9', 'nmdc:71eb2ab1131c248b2855d330cf983c9d', 'nmdc:22ffc1e2c47c66c2a7e44064dbf8c4ee', 'nmdc:fdd40f15c7a4df4af0265601377a8446', 'nmdc:7d0389379bfe1d89dfa0b5dab83438ea', 'nmdc:845512d6a12b846828b10aaaadd33aa1', 'nmdc:37d269c9f646b321b500065e446ad527', 'nmdc:a39b5945696b0289a5f3464b3e10be82', 'nmdc:02a52b227f3e0ca62f05fed177a1ab23', 'nmdc:e90fed659eeb68e2f52076116869c43d', 'nmdc:794fc0ef1e8dea53401a6c5f5ad7ddf0', 'nmdc:9231f2303a5f75a65844c376b276d1e0', 'nmdc:925ebf5a418d34fcd0bf4667463e338a', 'nmdc:f791d456d71f2458f140b0f448726523', 'nmdc:e73e3ea505b7497a3f802b8bee4093ff', 'nmdc:5f28761b23c8ef473bbdcf53ea84accc', 'nmdc:324bf76568d729c66dc47af6e207200d', 'nmdc:07bc1cbaf48ca0edb6030911bba31a8b', 'nmdc:553bb8dd91db4eb011b8c7fc7951e223', 'nmdc:8fe0ca23ecb4e334229709e56b50ed05', 'nmdc:c6bf238cb807c0c5804fcf72f71209d6', 'nmdc:9660435536674779a3e430d7712b688c', 'nmdc:4cc4a24f10531bf9d2618a74784bfac5', 'nmdc:ec4b018ae86c5100ff4385e2ec89cbef', 'nmdc:abb74e8d1d0562283d1522855f4b55c1', 'nmdc:897bf9a09b3bdb5dcc904d8157d4858f', 'nmdc:6638c25b324e24f05498f6d1a9fa7a18', 'nmdc:bb6b5ade4699a1c227988e5f4d30d959', 'nmdc:59391db6cc91337fb1eb5e792eb4450d', 'nmdc:8b7c8660c102031dd21b0d0a04f8027e', 'nmdc:81bbfe8295232af2324426806106282d', 'nmdc:dec6d2d2fd0b73d1b4436a75c295e3ac', 'nmdc:af1494dd6a519043966c05153f461e3f', 'nmdc:83f7219b404756668fdd5602cd58a39d', 'nmdc:2a8f1a1d811b744f30a359fec4ab8c33']
INFO:root:Deleting query posted with response: {'ok': 1, 'n': 0}
INFO:root:Deleting mags_activity_set records: ['nmdc:083120355ca0853d9090b0c89fae30af']
INFO:root:Deleting query posted with response: {'ok': 1, 'n': 0}
INFO:root:Deleting metagenome_annotation_activity_set records: ['nmdc:083120355ca0853d9090b0c89fae30af']
INFO:root:Deleting query posted with response: {'ok': 1, 'n': 0}
INFO:root:Deleting metagenome_assembly_set records: ['nmdc:083120355ca0853d9090b0c89fae30af']
INFO:root:Deleting query posted with response: {'ok': 1, 'n': 0}
INFO:root:Deleting read_qc_analysis_activity_set records: ['nmdc:083120355ca0853d9090b0c89fae30af']
INFO:root:Deleting query posted with response: {'ok': 1, 'n': 0}
INFO:root:Deleting read_based_taxonomy_analysis_activity_set records: ['nmdc:083120355ca0853d9090b0c89fae30af']
INFO:root:Deleting query posted with response: {'ok': 1, 'n': 0}
INFO:root:Deleting data_object_set records: ['nmdc:427e876ab835340ff2162e32145f1ffc', 'nmdc:3185dd52bb4df3a30ec3e3e0ee5cff85', 'nmdc:44b30c7978e2706161d3e9f11dc1d49a', 'nmdc:3c9eb217b29501623f8851555621667a', 'nmdc:00f0d4655f18abb96489f6fe81b1d9a8', 'nmdc:803a89d4d0086930bd176a66ef0ff82a', 'nmdc:4e329c0dc3f75e83a62fed51ebd05097', 'nmdc:58bbba432a13d6a4ff9787e8a7582107', 'nmdc:2373d9bd2a587547c11b1a23010bd97a', 'nmdc:22a2479e4d14449f45f6be7c88326233', 'nmdc:1c3a1c9b5df837d95cc4c4e02006bc43', 'nmdc:21f083eeb49118bf2555d078d92bd962', 'nmdc:0649b71fc97492c4721007b60513447a', 'nmdc:ebba7a7eeb912ba03a415216c5fdf944', 'nmdc:52fa9d7b3c60ef261753723e99d73406', 'nmdc:9fcd8929350b73b56b6a266dc4d59409', 'nmdc:933ed57a5e225a4fa347997112ebc473', 'nmdc:54d5885b94727c51b7aa0e23b175d6ca', 'nmdc:6c0ff1272f08a06568714fb9490c9106', 'nmdc:f5e8f8af04c75b3e722da5a7611b2ee4', 'nmdc:c4f45ad1ddfd9029b2f5504c7d50dc9c', 'nmdc:540d747454d18f0ff700c88790e85c0b', 'nmdc:9a2e3465e5eb0a842937ed0d72aa8f1b', 'nmdc:5b5e663e0abfa2a828a85c5c469ba92c', 'nmdc:d866ff365e2315ba0c5b585372601f0b', 'nmdc:688f761dbfe99323692f5048e5a960c7', 'nmdc:833e0ca85faba7d9ace24936012e97cb', 'nmdc:c0791d666ffb3e49dc58f87c72f9fa44', 'nmdc:61f8e41b6f8bfbaf4166d5ee09d8b75a', 'nmdc:f51e4c2f39c9b527fdc660b0d56c102f', 'nmdc:2b9811ae878ebcd377b411af155cab46', 'nmdc:65775f85034721beb4e61b626084aa9f', 'nmdc:231239f8b91984f7b1ddb06ba3c8b0d2', 'nmdc:63c9aed7ad025c68fb5e46032f6c9d8f', 'nmdc:a1a92b4a6411413dc2197569cedd4fb8', 'nmdc:4f9cb27a4ebff3ea6b16692cbb6b9de3', 'nmdc:d13b1ac8278baeb1f6991aa2b8742819', 'nmdc:b217c3b7de5240985df09b30f6364824']
INFO:root:Deleting query posted with response: {'ok': 1, 'n': 0}
INFO:root:Deleting mags_activity_set records: ['nmdc:3162f3141b69b17625d21370a4d87341']
INFO:root:Deleting query posted with response: {'ok': 1, 'n': 0}
INFO:root:Deleting metagenome_annotation_activity_set records: ['nmdc:3162f3141b69b17625d21370a4d87341']
INFO:root:Deleting query posted with response: {'ok': 1, 'n': 0}
INFO:root:Deleting metagenome_assembly_set records: ['nmdc:3162f3141b69b17625d21370a4d87341']
INFO:root:Deleting query posted with response: {'ok': 1, 'n': 0}
INFO:root:Deleting read_qc_analysis_activity_set records: ['nmdc:3162f3141b69b17625d21370a4d87341']
INFO:root:Deleting query posted with response: {'ok': 1, 'n': 0}
INFO:root:Deleting read_based_taxonomy_analysis_activity_set records: ['nmdc:3162f3141b69b17625d21370a4d87341']
INFO:root:Deleting query posted with response: {'ok': 1, 'n': 0}
INFO:root:Deleting data_object_set records: ['nmdc:8f029a08011a7cf681b7d88178fd367c', 'nmdc:d63ed00b5c9bf4938e6360e5a3b707ec', 'nmdc:592d74e5fafeef7acab6dc0f4b26e6d4', 'nmdc:0e9dd04c9a60b8de52f4b5b21bba628b', 'nmdc:57bf953e5032431330908daed02807df', 'nmdc:62d7528151f50669b66836a5891961ae', 'nmdc:be54ee893a4fe181bad59cf224d4df41', 'nmdc:257d57ff4b4873ce3c880616d3aa877d', 'nmdc:1494c3033b51628bd663eb3e3cfabf7f', 'nmdc:6d0286b2681e5a6474691c3d01c2203d', 'nmdc:b85c684a47dba91af40e043a5681e039', 'nmdc:9ac885a5c1ac530afd276b4d4938abef', 'nmdc:6d7f7d1e2b48d2251906b3ee0a0bea88', 'nmdc:b7464b409bac45980334e8b9582dde76', 'nmdc:6d3a793a56e5aea153cfa752eef417f6', 'nmdc:1183943bf73d5f88c58d391c410c5720', 'nmdc:4513a498be127076fad59262470bbe10', 'nmdc:fd50674ae4c4ba039a10dc8a701560af', 'nmdc:b77b1d9d2fb1fed79a30d5f8181dc184', 'nmdc:666e82eea8b8b4fa4be5ebecfa745ad6', 'nmdc:46c8e69a532630f40328e3e0dc74409e', 'nmdc:2ac713fd6f4a8b75d59cd6878d1dc8cb', 'nmdc:de4ba98e0966bd379bf4ccdc327d9d2c', 'nmdc:2962d315706b867c11bacef18fb02549', 'nmdc:4f5598c57ff5e568ee56faf7b5d29af1', 'nmdc:5fbe7f90397e22a9948a86c3dcb43d32', 'nmdc:24d9aca1ee93e2119b69e9f0a7f122c0', 'nmdc:8a992c10f3ba384693b4ab185d323685', 'nmdc:b9938a8a89df3edf419f7872d34a68b9', 'nmdc:18ec5f9c7f5b7c158c5867adae2ccd8c', 'nmdc:301db09c27bee68dd2ea41c10c48c328', 'nmdc:c3bcd44ec024a5d3f37804adbfe56624', 'nmdc:7619e0b6e963cd6cf3b5f71497aca84d', 'nmdc:b7ec2b296fae6b89024aab3f96cd056e', 'nmdc:5d01b79b91efc56dbb64483f81fb72e5', 'nmdc:557e51e07ebc580e1fc51f275ce9381d', 'nmdc:613a61845fb88f77909f15106584fe98', 'nmdc:44ed9f1f9fbd921f286423a2831c1f47']
INFO:root:Deleting query posted with response: {'ok': 1, 'n': 0}
INFO:root:Deleting mags_activity_set records: ['nmdc:2bee43fd852ca31094866ad15f7797cc']
INFO:root:Deleting query posted with response: {'ok': 1, 'n': 0}
INFO:root:Deleting metagenome_annotation_activity_set records: ['nmdc:2bee43fd852ca31094866ad15f7797cc']
INFO:root:Deleting query posted with response: {'ok': 1, 'n': 0}
INFO:root:Deleting metagenome_assembly_set records: ['nmdc:2bee43fd852ca31094866ad15f7797cc']
INFO:root:Deleting query posted with response: {'ok': 1, 'n': 0}
INFO:root:Deleting read_qc_analysis_activity_set records: ['nmdc:2bee43fd852ca31094866ad15f7797cc']
INFO:root:Deleting query posted with response: {'ok': 1, 'n': 0}
INFO:root:Deleting read_based_taxonomy_analysis_activity_set records: ['nmdc:2bee43fd852ca31094866ad15f7797cc']
INFO:root:Deleting query posted with response: {'ok': 1, 'n': 0}
INFO:root:Deleting data_object_set records: ['nmdc:ef236d37826d8d47414153ba6545cad6', 'nmdc:840c1d80996431e0ca43b1dcf557d29c', 'nmdc:b057cb8547ba01753e500c36bf272f0e', 'nmdc:4161c54bfcf513ba58c863eabb5711a1', 'nmdc:9128e37d150fa60f62cf6263f5f69a5c', 'nmdc:eff3d53bad90cb59b02cf08df64c174b', 'nmdc:5b95ac57939ad81423885e3c78d1274a', 'nmdc:58b3a633a4f8a34df1f586f541a00e37', 'nmdc:762be89f9a63efd1ce5dc13f3966188e', 'nmdc:5802d0beb488a98f8ff15fd97dc6c1a4', 'nmdc:9ae8ab102281f1e073acb667d291b389', 'nmdc:56898262a86a6558c77469c39f391aaf', 'nmdc:c5105444b821e7b992a7259c86fdd4e6', 'nmdc:58d0248538873cea124e1d481e5d69d4', 'nmdc:2557a2f55f9ca983c694c81881c25caf', 'nmdc:f01bf6b3152c1d9cf35703ba8bf992f8', 'nmdc:aea0d4138bccab68708d8b92c48e6f35', 'nmdc:0fb16cdf2a2f1330dcaf2d2be1287d26', 'nmdc:976b86cce7ecdd6be669e7491a6bddf4', 'nmdc:0263a3cdcb2cdff0096d02d0b937244b', 'nmdc:cc195a23d35a27dd153b2cf0ed6f9b25', 'nmdc:875b24f2e090747b0356460216003924', 'nmdc:a0bfcf156ace43953afba7df4407f6b1', 'nmdc:e15199a92db41271d26e548f3dcf43b3', 'nmdc:1e4350025d59aa2f54c32453110c5174', 'nmdc:671b0a2c126c4968184a82219cbd3cd6', 'nmdc:65cdc371fbdb934dd9fa97351d4e183a', 'nmdc:55b7e94e9063107caae49467f3348060', 'nmdc:5776718cc643b6f0c3b9fce64748f912', 'nmdc:c60ed7241f2099781803729ea0b178d1', 'nmdc:391c8cd6aeea381dc1971f14ddbb910b', 'nmdc:7971663394602f8bd3dfb8ad79948578', 'nmdc:81bc635baa59d9468c99c28ece278864', 'nmdc:83a6da3dbc7c1710f7a38ea23eb67fe5', 'nmdc:3413e00bf8279232e5050a48bbea124c', 'nmdc:204759cf03c7b1407865f28cf31915eb', 'nmdc:bc64d974859842121cfaa66e14a4f37d', 'nmdc:d3d8d5b9d66576f50aa56654cae89e30']
INFO:root:Deleting query posted with response: {'ok': 1, 'n': 0}
INFO:root:Deleting mags_activity_set records: ['nmdc:3425d885010aaefff4add4c1b7919c0f']
INFO:root:Deleting query posted with response: {'ok': 1, 'n': 0}
INFO:root:Deleting metagenome_annotation_activity_set records: ['nmdc:3425d885010aaefff4add4c1b7919c0f']
INFO:root:Deleting query posted with response: {'ok': 1, 'n': 0}
INFO:root:Deleting metagenome_assembly_set records: ['nmdc:3425d885010aaefff4add4c1b7919c0f']
INFO:root:Deleting query posted with response: {'ok': 1, 'n': 0}
INFO:root:Deleting read_qc_analysis_activity_set records: ['nmdc:3425d885010aaefff4add4c1b7919c0f']
INFO:root:Deleting query posted with response: {'ok': 1, 'n': 0}
INFO:root:Deleting read_based_taxonomy_analysis_activity_set records: ['nmdc:3425d885010aaefff4add4c1b7919c0f']
INFO:root:Deleting query posted with response: {'ok': 1, 'n': 0}
INFO:root:Deleting data_object_set records: ['nmdc:f4cda29182de8ce699f435aa4b18892d', 'nmdc:3c0f2fcf30a81376ae6d72434971deca', 'nmdc:149293f4a7d87287ee57e300af467e01', 'nmdc:63b68c3b64466b13918cc41fce21e65a', 'nmdc:99abab1dfc1602db6ed854e4ec711a42', 'nmdc:79c1c75bede1d23070eced0005137c95', 'nmdc:d7d04dd8b7024b35e7264c97c8b8e27f', 'nmdc:89300ed11c9c58a0cfbbc66f088e763b', 'nmdc:51b03c14f93cd51af80eb563d81604fe', 'nmdc:0e0fc076aec39edb5244a6234b377229', 'nmdc:eed3eb41f63c9c07eeec6c916790c93c', 'nmdc:232dbb17e195a5ec5e247a46f776d491', 'nmdc:e4ff8da4bd95cc3529659ab028829c77', 'nmdc:3ba629a2cd57845978893cd00b0809db', 'nmdc:255786372544036a8f0c61bc63975978', 'nmdc:64d6adacde4bd7688d6218d11ec5c792', 'nmdc:b03e9c9e06987b7b76ca779d53a3c29b', 'nmdc:5c3b04f0ca7ecbf31be5bb2f90716bf6', 'nmdc:83f0bfa5f1530e4760b87077d6e1b25a', 'nmdc:73d660193bb876103c43288331bf450f', 'nmdc:962c831c3a98a7433803713191c1f5cc', 'nmdc:b810460e280f22d23dcbbb254423efd2', 'nmdc:147335d42c660be10e3e4e39b5938d7c', 'nmdc:7d2cae2fff48bf5611964f35267a057b', 'nmdc:a4ecb495d091c890f54d602bc80ed1d4', 'nmdc:a654c22bbf6d79042393ceb8c300252c', 'nmdc:90df9c7998142330323b196bc9e617ea', 'nmdc:061014c38ed4c4721518dfa914cdcce8', 'nmdc:f49d639545cc479e43111229f5c3b9c9', 'nmdc:0a9582855a8fd74008ab9cf7432c67ea', 'nmdc:0106f1d63ef1210b6b736e9074cbf55c', 'nmdc:b419da465ade6108202c01a2aed47a2c', 'nmdc:a0cad7161b0a9ed3b4f79c3cff45647f', 'nmdc:bf17c5560e4898e8a4de67f7276a1ee3', 'nmdc:35f887554643f4789d9ba74450d2a33e', 'nmdc:21d337b788e5efee4144465f4dcb3845', 'nmdc:f592dd7305846bd424fff88686d8f582', 'nmdc:7b8060e5e0637b4921049ec3cc39a3dc']
INFO:root:Deleting query posted with response: {'ok': 1, 'n': 0}
INFO:root:Deleting mags_activity_set records: ['nmdc:2ec575d6e81eca125044a945e5d3d350']
INFO:root:Deleting query posted with response: {'ok': 1, 'n': 0}
INFO:root:Deleting metagenome_annotation_activity_set records: ['nmdc:2ec575d6e81eca125044a945e5d3d350']
INFO:root:Deleting query posted with response: {'ok': 1, 'n': 0}
INFO:root:Deleting metagenome_assembly_set records: ['nmdc:2ec575d6e81eca125044a945e5d3d350']
INFO:root:Deleting query posted with response: {'ok': 1, 'n': 0}
INFO:root:Deleting read_qc_analysis_activity_set records: ['nmdc:2ec575d6e81eca125044a945e5d3d350']
INFO:root:Deleting query posted with response: {'ok': 1, 'n': 0}
INFO:root:Deleting read_based_taxonomy_analysis_activity_set records: ['nmdc:2ec575d6e81eca125044a945e5d3d350']
INFO:root:Deleting query posted with response: {'ok': 1, 'n': 0}
INFO:root:Deleting data_object_set records: ['nmdc:0260c21d7123c719a4787484e796febd', 'nmdc:e353a80196313e036fb9ecf6b99c1464', 'nmdc:6bf1d619b232a7cd79b05e1d290a51af', 'nmdc:91820c354a8445c383fb670a9ccd70fe', 'nmdc:70a826d5653a75d9260d45c08e4e1c8f', 'nmdc:55e2d71d835374bd71e629fee4666686', 'nmdc:b15f888391efd3d07413a332442f980c', 'nmdc:11e318611127f14cafdf60c94dc73ced', 'nmdc:613711a1266e57ae9eef1bce9dc5fb8f', 'nmdc:9dac9a08078af23b74ab9668165545cc', 'nmdc:97552d1ac4011379a5c4885c0368895b', 'nmdc:a95037b31aee3696e4a7e95b8d3f04ab', 'nmdc:1aaaf86c7806f1bf5f786dc542b4902f', 'nmdc:055fec5eeac87b8b332c684530dfa29d', 'nmdc:ae90a85913cd6a42aca0d73c7786dad5', 'nmdc:a82f8eb5d3dae64ee5fc8ca04d4d18ac', 'nmdc:cf2722d7b6db345d4ff61e80583771ab', 'nmdc:43aae4e24210e7df70eb0ae32c2eee1d', 'nmdc:eb9da9b60f56ce8f79d25b893fb543a6', 'nmdc:c02b5ee50975f7fd059f678e1f8f8f2c', 'nmdc:f900e7d34c7e10137ef2c58ac12c0661', 'nmdc:e5995fdcb105eb9ece0c5d9c1ff9c944', 'nmdc:c3ae4e0c5458e95b36512c2f864c852f', 'nmdc:bb39c555c697b15f9a1a509e02eba015', 'nmdc:e008f025d220fc2fd9bf137156914593', 'nmdc:f805b08305283536e18e8489afcc1ee0', 'nmdc:9feb6c204074bd890fe5d9dcf562feb9', 'nmdc:b7f48bebc72f7ed72ab0463231643ad4', 'nmdc:5a7bb8255709985ad84f8ba22be85e78', 'nmdc:e88cc83374c823a0dabaa94857e650a3', 'nmdc:fd25b928460510c0b930a50f4f054b19', 'nmdc:d486f36ee5924ee6c99491349e9b21d5', 'nmdc:3ffd8bd45cb0f0990e3cbc6191d1e4a3', 'nmdc:92f7a5b14cf5746641fd1bc0726b9cc5', 'nmdc:44b863a50dfec0035774a2cb0be4b645', 'nmdc:b113a2bb39abb22f15ea74b9019337a2', 'nmdc:b0b27f627b6d8d17992efbfde0659f48', 'nmdc:7916c4a94aa47f2ddcd1f565b1440608']
INFO:root:Deleting query posted with response: {'ok': 1, 'n': 0}
INFO:root:Deleting mags_activity_set records: ['nmdc:10f7aee08c055ba546a2f93a0d3178e3']
INFO:root:Deleting query posted with response: {'ok': 1, 'n': 0}
INFO:root:Deleting metagenome_annotation_activity_set records: ['nmdc:10f7aee08c055ba546a2f93a0d3178e3']
INFO:root:Deleting query posted with response: {'ok': 1, 'n': 0}
INFO:root:Deleting metagenome_assembly_set records: ['nmdc:10f7aee08c055ba546a2f93a0d3178e3']
INFO:root:Deleting query posted with response: {'ok': 1, 'n': 0}
INFO:root:Deleting read_qc_analysis_activity_set records: ['nmdc:10f7aee08c055ba546a2f93a0d3178e3']
INFO:root:Deleting query posted with response: {'ok': 1, 'n': 0}
INFO:root:Deleting read_based_taxonomy_analysis_activity_set records: ['nmdc:10f7aee08c055ba546a2f93a0d3178e3']
INFO:root:Deleting query posted with response: {'ok': 1, 'n': 0}
INFO:root:Deleting data_object_set records: ['nmdc:e8f0061c3741771b64a39eb4c1bcfdb4', 'nmdc:a74dfee7e91b7aa82a408de782c86564', 'nmdc:7642a4b4776066d0a8df66b23242b143', 'nmdc:6821df60fc6719de613b486033bedac6', 'nmdc:2c387cb27d8b0c6e620582772577d531', 'nmdc:ed45f1f8fec32426aaee5876f2c1503d', 'nmdc:c8a2ad5d5d67c6c7ef87f1733c89ad5f', 'nmdc:61296c192a65bf6c82ceb045aacd90cd', 'nmdc:63306a884ff6894e6dcbcd5b69332433', 'nmdc:0f3f94454d814268a08dc1ed5598afec', 'nmdc:58f0482d00c2583e252ec72fd2b26fb5', 'nmdc:c19f7717ddeedb4190590fab42613943', 'nmdc:75e462d62210807ac7e349dff685ce72', 'nmdc:6f1c6cd51c27f44abd0fe11402d916e3', 'nmdc:287caa249ec5ff05c852f8f94da8d992', 'nmdc:0ff1b4237f5f63ffefb5680e26f2ecff', 'nmdc:50528c81734b62fbd65e278b86cc787f', 'nmdc:00b69f9b7d025e69f5a562f7d7a61be4', 'nmdc:ef85348b72af50ca8345d3c8a9164659', 'nmdc:9c8e55ca7e8e464e09a33987c558dcb5', 'nmdc:80921c2ddbdf420728c9c0e29b52a6ea', 'nmdc:316cb65ed8f2512958dbc4e449e5437b', 'nmdc:335a50bf45d01e4f6ce856fff5aacd23', 'nmdc:5b7dc3df6d2f0ccfdc187ea400399f00', 'nmdc:3870014d50ddddacc919b48049e6cf02', 'nmdc:29dd30f8d4208c35d33f1ebeb9f5fc99', 'nmdc:c44dcfa98acd2ccab679694954b91cff', 'nmdc:40158d3fe91cf077ba047e4182952697', 'nmdc:64fde1ee8d03e6c6f96b21c2c0a2eca5', 'nmdc:80b33aa3e9b8b692170e5871437f1afb', 'nmdc:5b519a7a1146c014e26a8f3ddd398270', 'nmdc:c05621459faef6d3dd313ae0faf8ad28', 'nmdc:57c5a7c72d03ece838214981c5ea824d', 'nmdc:9102f9fb45559c3aef6312eedcc35226', 'nmdc:fbd9ca05a71ff65ad21839d9b46f316c', 'nmdc:2a2c35ec39d63edcb79fad244ca9c761', 'nmdc:df2a70e80f6588f3b9fa07747ebc2cb3', 'nmdc:615bbc1877a1a8fd0eec534919b5ff4f']
INFO:root:Deleting query posted with response: {'ok': 1, 'n': 30}
INFO:root:Deleting mags_activity_set records: ['nmdc:91552b423e601834ed40c067af5e9af7']
INFO:root:Deleting query posted with response: {'ok': 1, 'n': 0}
INFO:root:Deleting metagenome_annotation_activity_set records: ['nmdc:91552b423e601834ed40c067af5e9af7']
INFO:root:Deleting query posted with response: {'ok': 1, 'n': 0}
INFO:root:Deleting metagenome_assembly_set records: ['nmdc:91552b423e601834ed40c067af5e9af7']
INFO:root:Deleting query posted with response: {'ok': 1, 'n': 0}
INFO:root:Deleting read_qc_analysis_activity_set records: ['nmdc:91552b423e601834ed40c067af5e9af7']
INFO:root:Deleting query posted with response: {'ok': 1, 'n': 0}
INFO:root:Deleting read_based_taxonomy_analysis_activity_set records: ['nmdc:91552b423e601834ed40c067af5e9af7']
INFO:root:Deleting query posted with response: {'ok': 1, 'n': 0}
INFO:root:Deleting data_object_set records: ['nmdc:c6e21468fe67462f6a8548285c641c2a', 'nmdc:22d167cfc76e709707f97166ccc10a3f', 'nmdc:a1bebafacc9e8ac8560e3736cf1b4378', 'nmdc:1cd1eaae292670c011887221ec11b65e', 'nmdc:0a1672cfd189c5ac3048f8b809e8905f', 'nmdc:079783021e8a8c773877c51ec1595749', 'nmdc:c70e102f605c9a1eaee7a96ba5832a64', 'nmdc:fd9c0860b09deddf22de7ffb8ecfc3ff', 'nmdc:7393defb87ab915eae4976f837d87b87', 'nmdc:3a0921000cfaf7cfbf7652ab55c73351', 'nmdc:da26e0e34a83877eb719fd76984aaf03', 'nmdc:9e2fb52a29b055aea4ef69870ad008d5', 'nmdc:ee08c35854cd9c991db747418ed85f62', 'nmdc:e0eff49b13e4b9508539187458fb0152', 'nmdc:634f3342cb54db1d267c7be9e2a4c098', 'nmdc:db08d344cb88595dd4331bc6af9c67da', 'nmdc:de69cde9ba5adc4eab29cd1827ffdf2f', 'nmdc:ea6cb2db41b16ccf53a06129666601a3', 'nmdc:ac9c7c0eb1ec8cd1d0c1c66542f9388a', 'nmdc:c2b4f6410e9f52678a8ff17840caf6df', 'nmdc:5413c9c2252d5f9f81b72ff81d7a99fe', 'nmdc:9d4f00690b76c3f9e2952e5f26937503', 'nmdc:b6ab529fc78d5b818591c04ad3917060', 'nmdc:a95fac96c98eeae832c6915e817219db', 'nmdc:8f077faeb9b0b1e932b97642275b1ed8', 'nmdc:f0ad95f59f13e3db256bb77ac0a17eae', 'nmdc:2387481e199812ecee7f08226e183df0', 'nmdc:267376881dfd2e17cf6aabfe229fe6cd', 'nmdc:ccf93a85358b8159ae251db2b401349e', 'nmdc:27bb7711d8c5d6cf0aff5f4872535175', 'nmdc:d151e1e16ba89550cdc49544379bec32', 'nmdc:96ffc8e4edc403ee40bea5bade94349c', 'nmdc:d0a97a2e6a87d10806d86069a83f60fb', 'nmdc:9a0c5d2c5383bbf4287f47914bb1ad02', 'nmdc:13d149f6769e60aa86aafad3889eeb4a', 'nmdc:71c8ca2aeac95394dcc1f46e06f675b4', 'nmdc:ddbf4cc92ae22c6c7bf2f573bcc048bc', 'nmdc:4ca1d159a39fea34ee48f06b81498862']
INFO:root:Deleting query posted with response: {'ok': 1, 'n': 36}
INFO:root:Deleting mags_activity_set records: ['nmdc:c11c90ab249d3c16ca193ef0dceab530']
INFO:root:Deleting query posted with response: {'ok': 1, 'n': 0}
INFO:root:Deleting metagenome_annotation_activity_set records: ['nmdc:c11c90ab249d3c16ca193ef0dceab530']
INFO:root:Deleting query posted with response: {'ok': 1, 'n': 0}
INFO:root:Deleting metagenome_assembly_set records: ['nmdc:c11c90ab249d3c16ca193ef0dceab530']
INFO:root:Deleting query posted with response: {'ok': 1, 'n': 0}
INFO:root:Deleting read_qc_analysis_activity_set records: ['nmdc:c11c90ab249d3c16ca193ef0dceab530']
INFO:root:Deleting query posted with response: {'ok': 1, 'n': 0}
INFO:root:Deleting read_based_taxonomy_analysis_activity_set records: ['nmdc:c11c90ab249d3c16ca193ef0dceab530']
INFO:root:Deleting query posted with response: {'ok': 1, 'n': 0}
INFO:root:Deleting data_object_set records: ['nmdc:2ade12a1786a6d215107d699b099f42b', 'nmdc:a6f3714cca6b71c27370cf4ed9a84317', 'nmdc:ff0dd51a4d9ad20a6794b2581c50b25d', 'nmdc:de5cc2f9e588e7641e00db982a614bc9', 'nmdc:98b5178b3c126b951aec854a8b434521', 'nmdc:61b80ebaf45c979a3a9e8f42b7f196ec', 'nmdc:9a08b5ad3204c88e1410ee56e4b167f8', 'nmdc:1e92fc4535af4b99ed7cd63f3cb4b23f', 'nmdc:5c3a4cf5634c9d64ad8e1fd772c47841', 'nmdc:72a3ec406899c3c215dcf0c0e3cde0c7', 'nmdc:1da5ca327dd0e5ccf2dcf999b99365f6', 'nmdc:239ae32f6740ca931e740842532202d8', 'nmdc:452a10f5160a329eb727aaccbf7deb7f', 'nmdc:594da93958eb5efd83fe0878ef218606', 'nmdc:238a0721c337741578bccd6637d1a847', 'nmdc:e643549fc7d9e0786365b6aeeaac9fc5', 'nmdc:b99ffe38e55b160bb9a5501ed8117730', 'nmdc:6e79eac27ecec2054dc72c1ac16325a9', 'nmdc:42d65035dbefa4d21584a5408c7ce60d', 'nmdc:9ff9b86301fb74e0a6dbbb47ff557aff', 'nmdc:535b83d72b707d76bfd791aa2182a5e0', 'nmdc:642b7226c791fa35c1a5093869a964c2', 'nmdc:0331950d1145629200f6edaee88c23cb', 'nmdc:d3f972776b77a3f960613af10bfac60a', 'nmdc:487194d570ab33f4a2ecdd00fd09a79b', 'nmdc:fdbfc5acd96584664f9510c00126de6b', 'nmdc:d50645271a7e22837067b6ccdfb1d7f0', 'nmdc:fe0a4140360683dce495e81db7bff301', 'nmdc:0133d43555406c5c702f5369066a8f16', 'nmdc:cd761b236e565e059783298f521fb751', 'nmdc:cff757611e024f55f644a582ebd55eb7', 'nmdc:5690b5aac12929b0af7e64261291127c', 'nmdc:6142d2299db5e418a13872eebca9a999', 'nmdc:f767ded7274ee82b19d82fbf4665a901', 'nmdc:955569ebe90d821fc6a1d2a481a0a8e5', 'nmdc:26f7cfcbee7a1827bf96ebc85932ceb6', 'nmdc:38ceea244ae454ef6402c6583854e400', 'nmdc:250657963730e031e59fde06e5848fb1']
