/Users/MBThornton/Library/Caches/pypoetry/virtualenvs/nmdc-automation-VEpwcKpc-py3.9/lib/python3.9/site-packages/urllib3/__init__.py:34: NotOpenSSLWarning: urllib3 v2 only supports OpenSSL 1.1.1+, currently the 'ssl' module is compiled with 'LibreSSL 2.8.3'. See: https://github.com/urllib3/urllib3/issues/3020
  warnings.warn(
INFO:root:Processing workflow records for study_id: nmdc:sty-11-aygzgv51
INFO:root:Running in dryrun mode
INFO:root:Running in dryrun mode
INFO:root:Using data_dir: /Users/MBThornton/Documents/code/nmdc_automation/nmdc_automation/re_iding/scripts/data/dryrun_data/results
INFO:root:Using db_infile: /Users/MBThornton/Documents/code/nmdc_automation/nmdc_automation/re_iding/scripts/data/dryrun_associated_record_dump.json
INFO:root:Read 1 records from db_infile
INFO:root:omics_processing_id: nmdc:omprc-11-bn8jcq58
INFO:nmdc_automation.re_iding.base:nmdcDataObject	jgi:55d740280d8785342fcf7e39	nmdc:dobj-11-77e9jm46
INFO:nmdc_automation.re_iding.base:Updating reads_qc_analysis_activity_set for nmdc:omprc-11-bn8jcq58
INFO:root:New activity id created for nmdc:omprc-11-bn8jcq58 activity type nmdc:ReadQcAnalysisActivity: nmdc:wfrqc-11-9dahz742.1
INFO:nmdc_automation.re_iding.base:old_do_id: nmdc:7bf778baef033d36f118f8591256d6ef
ERROR:root:An error occurred while linking the file: [Errno 2] No such file or directory: '/Users/MBThornton/Documents/code/nmdc_automation/nmdc_automation/re_iding/scripts/data/dryrun_data/results/nmdc:mga0h9dt75/qa/nmdc_mga0h9dt75_filtered.fastq.gz' -> '/Users/MBThornton/Documents/code/nmdc_automation/nmdc_automation/re_iding/scripts/data/dryrun_data/results/nmdc:omprc-11-bn8jcq58/nmdc:wfrqc-11-9dahz742.1/nmdc_wfrqc-11-9dahz742.1_filtered.fastq.gz'
INFO:root:New file path computed for Filtered Sequencing Reads: /Users/MBThornton/Documents/code/nmdc_automation/nmdc_automation/re_iding/scripts/data/dryrun_data/results/nmdc:omprc-11-bn8jcq58/nmdc:wfrqc-11-9dahz742.1/nmdc_wfrqc-11-9dahz742.1_filtered.fastq.gz
INFO:nmdc_automation.re_iding.base:nmdcDataObject	nmdc:7bf778baef033d36f118f8591256d6ef	nmdc:dobj-11-xwqq5x15
INFO:nmdc_automation.re_iding.base:new_description: Filtered Reads for nmdc:omprc-11-bn8jcq58
INFO:nmdc_automation.re_iding.base:new_filename: nmdc_wfrqc-11-9dahz742.1_filtered.fastq.gz
INFO:nmdc_automation.re_iding.base:old_do_id: nmdc:b99ce8adc125c95f0bfdadf36a3f6848
ERROR:root:An error occurred while linking the file: [Errno 2] No such file or directory: '/Users/MBThornton/Documents/code/nmdc_automation/nmdc_automation/re_iding/scripts/data/dryrun_data/results/nmdc:mga0h9dt75/qa/nmdc_mga0h9dt75_filterStats.txt' -> '/Users/MBThornton/Documents/code/nmdc_automation/nmdc_automation/re_iding/scripts/data/dryrun_data/results/nmdc:omprc-11-bn8jcq58/nmdc:wfrqc-11-9dahz742.1/nmdc_wfrqc-11-9dahz742.1_filterStats.txt'
INFO:root:New file path computed for QC Statistics: /Users/MBThornton/Documents/code/nmdc_automation/nmdc_automation/re_iding/scripts/data/dryrun_data/results/nmdc:omprc-11-bn8jcq58/nmdc:wfrqc-11-9dahz742.1/nmdc_wfrqc-11-9dahz742.1_filterStats.txt
INFO:nmdc_automation.re_iding.base:nmdcDataObject	nmdc:b99ce8adc125c95f0bfdadf36a3f6848	nmdc:dobj-11-23h4kn88
INFO:nmdc_automation.re_iding.base:new_description: Filtered Stats for nmdc:omprc-11-bn8jcq58
INFO:nmdc_automation.re_iding.base:new_filename: nmdc_wfrqc-11-9dahz742.1_filterStats.txt
INFO:nmdc_automation.re_iding.base:nmdc:ReadQcAnalysisActivity	nmdc:b31abf9d7fe53e2f802bb53e2d13542b	nmdc:wfrqc-11-9dahz742.1
INFO:nmdc_automation.re_iding.base:Updating metagenome_assembly_set for nmdc:omprc-11-bn8jcq58
INFO:root:New activity id created for nmdc:omprc-11-bn8jcq58 activity type nmdc:MetagenomeAssembly: nmdc:wfmgas-11-7fe0dg09.1
INFO:nmdc_automation.re_iding.base:old_do_id: nmdc:deddd162bf0128fba13b3bc1ca38d1aa
INFO:root:Processing Assembly Contigs for nmdc:wfmgas-11-7fe0dg09.1
INFO:root:Destination: /Users/MBThornton/Documents/code/nmdc_automation/nmdc_automation/re_iding/scripts/data/dryrun_data/results/nmdc:omprc-11-bn8jcq58/nmdc:wfmgas-11-7fe0dg09.1/nmdc_wfmgas-11-7fe0dg09.1_contigs.fna
INFO:root:Old base dir: /Users/MBThornton/Documents/code/nmdc_automation/nmdc_automation/re_iding/scripts/data/dryrun_data/results
INFO:root:Old file path: /Users/MBThornton/Documents/code/nmdc_automation/nmdc_automation/re_iding/scripts/data/dryrun_data/results/nmdc:mga0h9dt75/assembly/nmdc_mga0h9dt75_contigs.fna
INFO:root:New file path computed for Assembly Contigs: /Users/MBThornton/Documents/code/nmdc_automation/nmdc_automation/re_iding/scripts/data/dryrun_data/results/nmdc:omprc-11-bn8jcq58/nmdc:wfmgas-11-7fe0dg09.1/nmdc_wfmgas-11-7fe0dg09.1_contigs.fna
INFO:nmdc_automation.re_iding.base:nmdcDataObject	nmdc:deddd162bf0128fba13b3bc1ca38d1aa	nmdc:dobj-11-gqy02f96
INFO:nmdc_automation.re_iding.base:new_description: Assembled contigs fasta for nmdc:omprc-11-bn8jcq58
INFO:nmdc_automation.re_iding.base:new_filename: nmdc_wfmgas-11-7fe0dg09.1_contigs.fna
INFO:nmdc_automation.re_iding.base:old_do_id: nmdc:b3573e3cda5a06611de71ca04c5c14cc
INFO:root:Processing Assembly Scaffolds for nmdc:wfmgas-11-7fe0dg09.1
INFO:root:Destination: /Users/MBThornton/Documents/code/nmdc_automation/nmdc_automation/re_iding/scripts/data/dryrun_data/results/nmdc:omprc-11-bn8jcq58/nmdc:wfmgas-11-7fe0dg09.1/nmdc_wfmgas-11-7fe0dg09.1_scaffolds.fna
INFO:root:Old base dir: /Users/MBThornton/Documents/code/nmdc_automation/nmdc_automation/re_iding/scripts/data/dryrun_data/results
INFO:root:Old file path: /Users/MBThornton/Documents/code/nmdc_automation/nmdc_automation/re_iding/scripts/data/dryrun_data/results/nmdc:mga0h9dt75/assembly/nmdc_mga0h9dt75_scaffolds.fna
INFO:root:New file path computed for Assembly Scaffolds: /Users/MBThornton/Documents/code/nmdc_automation/nmdc_automation/re_iding/scripts/data/dryrun_data/results/nmdc:omprc-11-bn8jcq58/nmdc:wfmgas-11-7fe0dg09.1/nmdc_wfmgas-11-7fe0dg09.1_scaffolds.fna
INFO:nmdc_automation.re_iding.base:nmdcDataObject	nmdc:b3573e3cda5a06611de71ca04c5c14cc	nmdc:dobj-11-e3jbsp53
INFO:nmdc_automation.re_iding.base:new_description: Assembled scaffold fasta for nmdc:omprc-11-bn8jcq58
INFO:nmdc_automation.re_iding.base:new_filename: nmdc_wfmgas-11-7fe0dg09.1_scaffolds.fna
INFO:nmdc_automation.re_iding.base:old_do_id: nmdc:c6d0d4cea985ca6fb50a060e15b4a856
INFO:root:Processing Assembly Coverage Stats for nmdc:wfmgas-11-7fe0dg09.1
INFO:root:Destination: /Users/MBThornton/Documents/code/nmdc_automation/nmdc_automation/re_iding/scripts/data/dryrun_data/results/nmdc:omprc-11-bn8jcq58/nmdc:wfmgas-11-7fe0dg09.1/nmdc_wfmgas-11-7fe0dg09.1_covstats.txt
INFO:root:Old base dir: /Users/MBThornton/Documents/code/nmdc_automation/nmdc_automation/re_iding/scripts/data/dryrun_data/results
INFO:root:Old file path: /Users/MBThornton/Documents/code/nmdc_automation/nmdc_automation/re_iding/scripts/data/dryrun_data/results/nmdc:mga0h9dt75/assembly/nmdc_mga0h9dt75_covstats.txt
INFO:root:New file path computed for Assembly Coverage Stats: /Users/MBThornton/Documents/code/nmdc_automation/nmdc_automation/re_iding/scripts/data/dryrun_data/results/nmdc:omprc-11-bn8jcq58/nmdc:wfmgas-11-7fe0dg09.1/nmdc_wfmgas-11-7fe0dg09.1_covstats.txt
INFO:nmdc_automation.re_iding.base:nmdcDataObject	nmdc:c6d0d4cea985ca6fb50a060e15b4a856	nmdc:dobj-11-mennt828
INFO:nmdc_automation.re_iding.base:new_description: Metagenome Contig Coverage Stats for nmdc:omprc-11-bn8jcq58
INFO:nmdc_automation.re_iding.base:new_filename: nmdc_wfmgas-11-7fe0dg09.1_covstats.txt
INFO:nmdc_automation.re_iding.base:old_do_id: nmdc:f450e3800e17691d5874c89fc46c186a
INFO:root:Processing Assembly AGP for nmdc:wfmgas-11-7fe0dg09.1
INFO:root:Destination: /Users/MBThornton/Documents/code/nmdc_automation/nmdc_automation/re_iding/scripts/data/dryrun_data/results/nmdc:omprc-11-bn8jcq58/nmdc:wfmgas-11-7fe0dg09.1/nmdc_wfmgas-11-7fe0dg09.1_assembly.agp
INFO:root:Old base dir: /Users/MBThornton/Documents/code/nmdc_automation/nmdc_automation/re_iding/scripts/data/dryrun_data/results
INFO:root:Old file path: /Users/MBThornton/Documents/code/nmdc_automation/nmdc_automation/re_iding/scripts/data/dryrun_data/results/nmdc:mga0h9dt75/assembly/nmdc_mga0h9dt75_assembly.agp
INFO:root:New file path computed for Assembly AGP: /Users/MBThornton/Documents/code/nmdc_automation/nmdc_automation/re_iding/scripts/data/dryrun_data/results/nmdc:omprc-11-bn8jcq58/nmdc:wfmgas-11-7fe0dg09.1/nmdc_wfmgas-11-7fe0dg09.1_assembly.agp
INFO:nmdc_automation.re_iding.base:nmdcDataObject	nmdc:f450e3800e17691d5874c89fc46c186a	nmdc:dobj-11-bvgw0f35
INFO:nmdc_automation.re_iding.base:new_description: Assembled AGP file for nmdc:omprc-11-bn8jcq58
INFO:nmdc_automation.re_iding.base:new_filename: nmdc_wfmgas-11-7fe0dg09.1_assembly.agp
INFO:nmdc_automation.re_iding.base:old_do_id: nmdc:31dc958d116d02122509e90b0883954f
INFO:root:Processing Assembly Coverage BAM for nmdc:wfmgas-11-7fe0dg09.1
INFO:root:Destination: /Users/MBThornton/Documents/code/nmdc_automation/nmdc_automation/re_iding/scripts/data/dryrun_data/results/nmdc:omprc-11-bn8jcq58/nmdc:wfmgas-11-7fe0dg09.1/nmdc_wfmgas-11-7fe0dg09.1_pairedMapped_sorted.bam
INFO:root:Old base dir: /Users/MBThornton/Documents/code/nmdc_automation/nmdc_automation/re_iding/scripts/data/dryrun_data/results
INFO:root:Old file path: /Users/MBThornton/Documents/code/nmdc_automation/nmdc_automation/re_iding/scripts/data/dryrun_data/results/nmdc:mga0h9dt75/assembly/nmdc_mga0h9dt75_pairedMapped_sorted.bam
INFO:root:New file path computed for Assembly Coverage BAM: /Users/MBThornton/Documents/code/nmdc_automation/nmdc_automation/re_iding/scripts/data/dryrun_data/results/nmdc:omprc-11-bn8jcq58/nmdc:wfmgas-11-7fe0dg09.1/nmdc_wfmgas-11-7fe0dg09.1_pairedMapped_sorted.bam
INFO:nmdc_automation.re_iding.base:nmdcDataObject	nmdc:31dc958d116d02122509e90b0883954f	nmdc:dobj-11-5wnxfs74
INFO:nmdc_automation.re_iding.base:new_description: Metagenome Alignment BAM file for nmdc:omprc-11-bn8jcq58
INFO:nmdc_automation.re_iding.base:new_filename: nmdc_wfmgas-11-7fe0dg09.1_pairedMapped_sorted.bam
INFO:nmdc_automation.re_iding.base:nmdc:MetagenomeAssembly	nmdc:b31abf9d7fe53e2f802bb53e2d13542b	nmdc:wfmgas-11-7fe0dg09.1
INFO:nmdc_automation.re_iding.base:Updating read_based_taxonomy_analysis_activity_set for nmdc:omprc-11-bn8jcq58
INFO:root:New activity id created for nmdc:omprc-11-bn8jcq58 activity type nmdc:ReadBasedTaxonomyAnalysisActivity: nmdc:wfrbt-11-1xhefc54.1
INFO:nmdc_automation.re_iding.base:old_do_id: nmdc:bc7c1bda004aab357c8f6cf5a42242f9
ERROR:root:An error occurred while linking the file: [Errno 2] No such file or directory: '/Users/MBThornton/Documents/code/nmdc_automation/nmdc_automation/re_iding/scripts/data/dryrun_data/results/nmdc:mga0h9dt75/ReadbasedAnalysis/nmdc_mga0h9dt75_gottcha2_report.tsv' -> '/Users/MBThornton/Documents/code/nmdc_automation/nmdc_automation/re_iding/scripts/data/dryrun_data/results/nmdc:omprc-11-bn8jcq58/nmdc:wfrbt-11-1xhefc54.1/nmdc_wfrbt-11-1xhefc54.1_gottcha2_report.tsv'
INFO:root:New file path computed for GOTTCHA2 Classification Report: /Users/MBThornton/Documents/code/nmdc_automation/nmdc_automation/re_iding/scripts/data/dryrun_data/results/nmdc:omprc-11-bn8jcq58/nmdc:wfrbt-11-1xhefc54.1/nmdc_wfrbt-11-1xhefc54.1_gottcha2_report.tsv
INFO:nmdc_automation.re_iding.base:nmdcDataObject	nmdc:bc7c1bda004aab357c8f6cf5a42242f9	nmdc:dobj-11-3xr4an92
INFO:nmdc_automation.re_iding.base:new_description: Gottcha2 TSV report for nmdc:omprc-11-bn8jcq58
INFO:nmdc_automation.re_iding.base:new_filename: nmdc_wfrbt-11-1xhefc54.1_gottcha2_report.tsv
INFO:nmdc_automation.re_iding.base:old_do_id: nmdc:9481434cadd0d6c154e2ec4c11ef0e04
ERROR:root:An error occurred while linking the file: [Errno 2] No such file or directory: '/Users/MBThornton/Documents/code/nmdc_automation/nmdc_automation/re_iding/scripts/data/dryrun_data/results/nmdc:mga0h9dt75/ReadbasedAnalysis/nmdc_mga0h9dt75_gottcha2_report_full.tsv' -> '/Users/MBThornton/Documents/code/nmdc_automation/nmdc_automation/re_iding/scripts/data/dryrun_data/results/nmdc:omprc-11-bn8jcq58/nmdc:wfrbt-11-1xhefc54.1/nmdc_wfrbt-11-1xhefc54.1_gottcha2_report_full.tsv'
INFO:root:New file path computed for GOTTCHA2 Report Full: /Users/MBThornton/Documents/code/nmdc_automation/nmdc_automation/re_iding/scripts/data/dryrun_data/results/nmdc:omprc-11-bn8jcq58/nmdc:wfrbt-11-1xhefc54.1/nmdc_wfrbt-11-1xhefc54.1_gottcha2_report_full.tsv
INFO:nmdc_automation.re_iding.base:nmdcDataObject	nmdc:9481434cadd0d6c154e2ec4c11ef0e04	nmdc:dobj-11-jcqgy707
INFO:nmdc_automation.re_iding.base:new_description: Gottcha2 full TSV report for nmdc:omprc-11-bn8jcq58
INFO:nmdc_automation.re_iding.base:new_filename: nmdc_wfrbt-11-1xhefc54.1_gottcha2_report_full.tsv
INFO:nmdc_automation.re_iding.base:old_do_id: nmdc:6b5bc6ce7f11c1336a5f85a98fc18541
ERROR:root:An error occurred while linking the file: [Errno 2] No such file or directory: '/Users/MBThornton/Documents/code/nmdc_automation/nmdc_automation/re_iding/scripts/data/dryrun_data/results/nmdc:mga0h9dt75/ReadbasedAnalysis/nmdc_mga0h9dt75_gottcha2_krona.html' -> '/Users/MBThornton/Documents/code/nmdc_automation/nmdc_automation/re_iding/scripts/data/dryrun_data/results/nmdc:omprc-11-bn8jcq58/nmdc:wfrbt-11-1xhefc54.1/nmdc_wfrbt-11-1xhefc54.1_gottcha2_krona.html'
INFO:root:New file path computed for GOTTCHA2 Krona Plot: /Users/MBThornton/Documents/code/nmdc_automation/nmdc_automation/re_iding/scripts/data/dryrun_data/results/nmdc:omprc-11-bn8jcq58/nmdc:wfrbt-11-1xhefc54.1/nmdc_wfrbt-11-1xhefc54.1_gottcha2_krona.html
INFO:nmdc_automation.re_iding.base:nmdcDataObject	nmdc:6b5bc6ce7f11c1336a5f85a98fc18541	nmdc:dobj-11-cc16z813
INFO:nmdc_automation.re_iding.base:new_description: Gottcha2 Krona HTML report for nmdc:omprc-11-bn8jcq58
INFO:nmdc_automation.re_iding.base:new_filename: nmdc_wfrbt-11-1xhefc54.1_gottcha2_krona.html
INFO:nmdc_automation.re_iding.base:old_do_id: nmdc:933c71bbc2f4a2e84d50f0d3864cf940
ERROR:root:An error occurred while linking the file: [Errno 2] No such file or directory: '/Users/MBThornton/Documents/code/nmdc_automation/nmdc_automation/re_iding/scripts/data/dryrun_data/results/nmdc:mga0h9dt75/ReadbasedAnalysis/nmdc_mga0h9dt75_centrifuge_classification.tsv' -> '/Users/MBThornton/Documents/code/nmdc_automation/nmdc_automation/re_iding/scripts/data/dryrun_data/results/nmdc:omprc-11-bn8jcq58/nmdc:wfrbt-11-1xhefc54.1/nmdc_wfrbt-11-1xhefc54.1_centrifuge_classification.tsv'
INFO:root:New file path computed for Centrifuge Taxonomic Classification: /Users/MBThornton/Documents/code/nmdc_automation/nmdc_automation/re_iding/scripts/data/dryrun_data/results/nmdc:omprc-11-bn8jcq58/nmdc:wfrbt-11-1xhefc54.1/nmdc_wfrbt-11-1xhefc54.1_centrifuge_classification.tsv
INFO:nmdc_automation.re_iding.base:nmdcDataObject	nmdc:933c71bbc2f4a2e84d50f0d3864cf940	nmdc:dobj-11-d0srbc38
INFO:nmdc_automation.re_iding.base:new_description: Centrifuge classification TSV report for nmdc:omprc-11-bn8jcq58
INFO:nmdc_automation.re_iding.base:new_filename: nmdc_wfrbt-11-1xhefc54.1_centrifuge_classification.tsv
INFO:nmdc_automation.re_iding.base:old_do_id: nmdc:1a208e2519770ef50740ac39f1b9ba9a
ERROR:root:An error occurred while linking the file: [Errno 2] No such file or directory: '/Users/MBThornton/Documents/code/nmdc_automation/nmdc_automation/re_iding/scripts/data/dryrun_data/results/nmdc:mga0h9dt75/ReadbasedAnalysis/nmdc_mga0h9dt75_centrifuge_report.tsv' -> '/Users/MBThornton/Documents/code/nmdc_automation/nmdc_automation/re_iding/scripts/data/dryrun_data/results/nmdc:omprc-11-bn8jcq58/nmdc:wfrbt-11-1xhefc54.1/nmdc_wfrbt-11-1xhefc54.1_centrifuge_report.tsv'
INFO:root:New file path computed for Centrifuge Classification Report: /Users/MBThornton/Documents/code/nmdc_automation/nmdc_automation/re_iding/scripts/data/dryrun_data/results/nmdc:omprc-11-bn8jcq58/nmdc:wfrbt-11-1xhefc54.1/nmdc_wfrbt-11-1xhefc54.1_centrifuge_report.tsv
INFO:nmdc_automation.re_iding.base:nmdcDataObject	nmdc:1a208e2519770ef50740ac39f1b9ba9a	nmdc:dobj-11-359kgj15
INFO:nmdc_automation.re_iding.base:new_description: Centrifuge TSV report for nmdc:omprc-11-bn8jcq58
INFO:nmdc_automation.re_iding.base:new_filename: nmdc_wfrbt-11-1xhefc54.1_centrifuge_report.tsv
INFO:nmdc_automation.re_iding.base:old_do_id: nmdc:f112a3840464ae7a9cf4a3bf295edd5c
ERROR:root:An error occurred while linking the file: [Errno 2] No such file or directory: '/Users/MBThornton/Documents/code/nmdc_automation/nmdc_automation/re_iding/scripts/data/dryrun_data/results/nmdc:mga0h9dt75/ReadbasedAnalysis/nmdc_mga0h9dt75_centrifuge_krona.html' -> '/Users/MBThornton/Documents/code/nmdc_automation/nmdc_automation/re_iding/scripts/data/dryrun_data/results/nmdc:omprc-11-bn8jcq58/nmdc:wfrbt-11-1xhefc54.1/nmdc_wfrbt-11-1xhefc54.1_centrifuge_krona.html'
INFO:root:New file path computed for Centrifuge Krona Plot: /Users/MBThornton/Documents/code/nmdc_automation/nmdc_automation/re_iding/scripts/data/dryrun_data/results/nmdc:omprc-11-bn8jcq58/nmdc:wfrbt-11-1xhefc54.1/nmdc_wfrbt-11-1xhefc54.1_centrifuge_krona.html
INFO:nmdc_automation.re_iding.base:nmdcDataObject	nmdc:f112a3840464ae7a9cf4a3bf295edd5c	nmdc:dobj-11-d74t5230
INFO:nmdc_automation.re_iding.base:new_description: Centrifuge Krona HTML report for nmdc:omprc-11-bn8jcq58
INFO:nmdc_automation.re_iding.base:new_filename: nmdc_wfrbt-11-1xhefc54.1_centrifuge_krona.html
INFO:nmdc_automation.re_iding.base:old_do_id: nmdc:7ca01ea379f0baed96f87d1435925f95
ERROR:root:An error occurred while linking the file: [Errno 2] No such file or directory: '/Users/MBThornton/Documents/code/nmdc_automation/nmdc_automation/re_iding/scripts/data/dryrun_data/results/nmdc:mga0h9dt75/ReadbasedAnalysis/nmdc_mga0h9dt75_kraken2_classification.tsv' -> '/Users/MBThornton/Documents/code/nmdc_automation/nmdc_automation/re_iding/scripts/data/dryrun_data/results/nmdc:omprc-11-bn8jcq58/nmdc:wfrbt-11-1xhefc54.1/nmdc_wfrbt-11-1xhefc54.1_kraken2_classification.tsv'
INFO:root:New file path computed for Kraken2 Taxonomic Classification: /Users/MBThornton/Documents/code/nmdc_automation/nmdc_automation/re_iding/scripts/data/dryrun_data/results/nmdc:omprc-11-bn8jcq58/nmdc:wfrbt-11-1xhefc54.1/nmdc_wfrbt-11-1xhefc54.1_kraken2_classification.tsv
INFO:nmdc_automation.re_iding.base:nmdcDataObject	nmdc:7ca01ea379f0baed96f87d1435925f95	nmdc:dobj-11-k27fbb42
INFO:nmdc_automation.re_iding.base:new_description: Kraken classification TSV report for nmdc:omprc-11-bn8jcq58
INFO:nmdc_automation.re_iding.base:new_filename: nmdc_wfrbt-11-1xhefc54.1_kraken2_classification.tsv
INFO:nmdc_automation.re_iding.base:old_do_id: nmdc:c85f2f2b4a518c4adb23970448a5cb45
ERROR:root:An error occurred while linking the file: [Errno 2] No such file or directory: '/Users/MBThornton/Documents/code/nmdc_automation/nmdc_automation/re_iding/scripts/data/dryrun_data/results/nmdc:mga0h9dt75/ReadbasedAnalysis/nmdc_mga0h9dt75_kraken2_report.tsv' -> '/Users/MBThornton/Documents/code/nmdc_automation/nmdc_automation/re_iding/scripts/data/dryrun_data/results/nmdc:omprc-11-bn8jcq58/nmdc:wfrbt-11-1xhefc54.1/nmdc_wfrbt-11-1xhefc54.1_kraken2_report.tsv'
INFO:root:New file path computed for Kraken2 Classification Report: /Users/MBThornton/Documents/code/nmdc_automation/nmdc_automation/re_iding/scripts/data/dryrun_data/results/nmdc:omprc-11-bn8jcq58/nmdc:wfrbt-11-1xhefc54.1/nmdc_wfrbt-11-1xhefc54.1_kraken2_report.tsv
INFO:nmdc_automation.re_iding.base:nmdcDataObject	nmdc:c85f2f2b4a518c4adb23970448a5cb45	nmdc:dobj-11-pqbahb35
INFO:nmdc_automation.re_iding.base:new_description: Kraken2 TSV report for nmdc:omprc-11-bn8jcq58
INFO:nmdc_automation.re_iding.base:new_filename: nmdc_wfrbt-11-1xhefc54.1_kraken2_report.tsv
INFO:nmdc_automation.re_iding.base:old_do_id: nmdc:94ee1bc2dc74830a21d5c3471d6cf223
ERROR:root:An error occurred while linking the file: [Errno 2] No such file or directory: '/Users/MBThornton/Documents/code/nmdc_automation/nmdc_automation/re_iding/scripts/data/dryrun_data/results/nmdc:mga0h9dt75/ReadbasedAnalysis/nmdc_mga0h9dt75_kraken2_krona.html' -> '/Users/MBThornton/Documents/code/nmdc_automation/nmdc_automation/re_iding/scripts/data/dryrun_data/results/nmdc:omprc-11-bn8jcq58/nmdc:wfrbt-11-1xhefc54.1/nmdc_wfrbt-11-1xhefc54.1_kraken2_krona.html'
INFO:root:New file path computed for Kraken2 Krona Plot: /Users/MBThornton/Documents/code/nmdc_automation/nmdc_automation/re_iding/scripts/data/dryrun_data/results/nmdc:omprc-11-bn8jcq58/nmdc:wfrbt-11-1xhefc54.1/nmdc_wfrbt-11-1xhefc54.1_kraken2_krona.html
INFO:nmdc_automation.re_iding.base:nmdcDataObject	nmdc:94ee1bc2dc74830a21d5c3471d6cf223	nmdc:dobj-11-dpdc3287
INFO:nmdc_automation.re_iding.base:new_description: Kraken2 Krona HTML report for nmdc:omprc-11-bn8jcq58
INFO:nmdc_automation.re_iding.base:new_filename: nmdc_wfrbt-11-1xhefc54.1_kraken2_krona.html
INFO:nmdc_automation.re_iding.base:nmdc:ReadBasedTaxonomyAnalysisActivity	nmdc:b31abf9d7fe53e2f802bb53e2d13542b	nmdc:wfrbt-11-1xhefc54.1
INFO:nmdc_automation.re_iding.base:Updating metatranscriptome_activity_set for nmdc:omprc-11-bn8jcq58
INFO:root:New activity id created for nmdc:omprc-11-bn8jcq58 activity type nmdc:MetatranscriptomeActivity: nmdc:wfmt-11-y9cf0x90.1
INFO:root:New metatranscriptome base dir: /Users/MBThornton/Documents/code/nmdc_automation/nmdc_automation/re_iding/scripts/data/dryrun_data/results/nmdc:omprc-11-bn8jcq58/nmdc:wfmt-11-y9cf0x90.1
INFO:nmdc_automation.re_iding.base:old_do_id: nmdc:8ef63c54cbfef72c19733e48ad0d1961
WARNING:root:No data object found with id: nmdc:8ef63c54cbfef72c19733e48ad0d1961
WARNING:nmdc_automation.re_iding.base:Data object record not found for nmdc:8ef63c54cbfef72c19733e48ad0d1961
INFO:nmdc_automation.re_iding.base:old_do_id: nmdc:d00ab33c0bdcf34789be58df977551f3
INFO:root:data_object_type: Read Count and RPKM
ERROR:root:An error occurred while linking the file: [Errno 2] No such file or directory: '/Users/MBThornton/Documents/code/nmdc_automation/nmdc_automation/re_iding/scripts/data/dryrun_data/results/503568_190752/metat_out_json/output.json' -> '/Users/MBThornton/Documents/code/nmdc_automation/nmdc_automation/re_iding/scripts/data/dryrun_data/results/nmdc:omprc-11-bn8jcq58/nmdc:wfmt-11-y9cf0x90.1/nmdc_wfmt-11-y9cf0x90.1_output.json'
INFO:root:New file path computed for Read Count and RPKM: /Users/MBThornton/Documents/code/nmdc_automation/nmdc_automation/re_iding/scripts/data/dryrun_data/results/nmdc:omprc-11-bn8jcq58/nmdc:wfmt-11-y9cf0x90.1/nmdc_wfmt-11-y9cf0x90.1_output.json
INFO:nmdc_automation.re_iding.base:nmdcDataObject	nmdc:d00ab33c0bdcf34789be58df977551f3	nmdc:dobj-11-08050793
INFO:nmdc_automation.re_iding.base:new_description: JSON records of features and the associated read counts and RPKMs for nmdc:omprc-11-bn8jcq58
INFO:nmdc_automation.re_iding.base:new_filename: nmdc_wfmt-11-y9cf0x90.1_output.json
INFO:nmdc_automation.re_iding.base:old_do_id: nmdc:2b48a6ce9afc35f4698af47bb57c11cb
INFO:root:data_object_type: QC non-rRNA R1
ERROR:root:An error occurred while linking the file: [Errno 2] No such file or directory: '/Users/MBThornton/Documents/code/nmdc_automation/nmdc_automation/re_iding/scripts/data/dryrun_data/results/503568_190752/non_ribo_reads/filtered_R1.fastq' -> '/Users/MBThornton/Documents/code/nmdc_automation/nmdc_automation/re_iding/scripts/data/dryrun_data/results/nmdc:omprc-11-bn8jcq58/nmdc:wfmt-11-y9cf0x90.1/nmdc_wfmt-11-y9cf0x90.1_R1.fastq'
INFO:root:New file path computed for QC non-rRNA R1: /Users/MBThornton/Documents/code/nmdc_automation/nmdc_automation/re_iding/scripts/data/dryrun_data/results/nmdc:omprc-11-bn8jcq58/nmdc:wfmt-11-y9cf0x90.1/nmdc_wfmt-11-y9cf0x90.1_R1.fastq
INFO:nmdc_automation.re_iding.base:nmdcDataObject	nmdc:2b48a6ce9afc35f4698af47bb57c11cb	nmdc:dobj-11-r8avrg23
INFO:nmdc_automation.re_iding.base:new_description: R1 reads without the ribosomal sequences for nmdc:omprc-11-bn8jcq58
INFO:nmdc_automation.re_iding.base:new_filename: nmdc_wfmt-11-y9cf0x90.1_R1.fastq
INFO:nmdc_automation.re_iding.base:old_do_id: nmdc:6b171f897e3e447d2e728b9d2573cdcd
INFO:root:data_object_type: QC non-rRNA R2
ERROR:root:An error occurred while linking the file: [Errno 2] No such file or directory: '/Users/MBThornton/Documents/code/nmdc_automation/nmdc_automation/re_iding/scripts/data/dryrun_data/results/503568_190752/non_ribo_reads/filtered_R2.fastq' -> '/Users/MBThornton/Documents/code/nmdc_automation/nmdc_automation/re_iding/scripts/data/dryrun_data/results/nmdc:omprc-11-bn8jcq58/nmdc:wfmt-11-y9cf0x90.1/nmdc_wfmt-11-y9cf0x90.1_R2.fastq'
INFO:root:New file path computed for QC non-rRNA R2: /Users/MBThornton/Documents/code/nmdc_automation/nmdc_automation/re_iding/scripts/data/dryrun_data/results/nmdc:omprc-11-bn8jcq58/nmdc:wfmt-11-y9cf0x90.1/nmdc_wfmt-11-y9cf0x90.1_R2.fastq
INFO:nmdc_automation.re_iding.base:nmdcDataObject	nmdc:6b171f897e3e447d2e728b9d2573cdcd	nmdc:dobj-11-92xdtw03
INFO:nmdc_automation.re_iding.base:new_description: R2 reads without the ribosomal sequences for nmdc:omprc-11-bn8jcq58
INFO:nmdc_automation.re_iding.base:new_filename: nmdc_wfmt-11-y9cf0x90.1_R2.fastq
INFO:nmdc_automation.re_iding.base:nmdc:MetatranscriptomeActivity	nmdc:f30c9099e7dfaa6e90f5e3a7cf5112de	nmdc:wfmt-11-y9cf0x90.1
Writing 1 records to /Users/MBThornton/Documents/code/nmdc_automation/nmdc_automation/re_iding/scripts/data/dryrun_re_ided_record_dump.json
INFO:__main__:Writing 1 records to /Users/MBThornton/Documents/code/nmdc_automation/nmdc_automation/re_iding/scripts/data/dryrun_re_ided_record_dump.json
Elapsed time: 13.911892175674438
INFO:__main__:Elapsed time: 13.911892175674438
