WARNING:__main__:DataObjectNotFount nmdc:dc2e21becda8d6b010a95897cf97ae90
WARNING:__main__:workflow_record: nmdc:a5fba8fca3b75c9e0b564a8e311adf46, nmdc:ReadbasedAnalysis, ReadBased Analysis Activity for nmdc:mga0k311
WARNING:__main__:has_input: ['nmdc:39dfcb6a3f2afed8306b3666ec98c75b']
WARNING:__main__:has_output: ['nmdc:dc2e21becda8d6b010a95897cf97ae90', 'nmdc:5f407fa0ab30bf4c41ed96f288084147', 'nmdc:425873a08e598b0ca2987ff7b9b5da1f', 'nmdc:b36e981c6d9031d6495c2691fe3523b1', 'nmdc:e798be205cffa0dc38d93310fdaed9ca', 'nmdc:65ebc0e915b82640592a89c406f0465f', 'nmdc:c8ed546d4bb69c4b6f122d933dcb79af', 'nmdc:f61889342f732f8e12b5f818cfe02e7f', 'nmdc:b2ebb165844db26924a6697e7047988b']
WARNING:__main__:omics_processing_record: nmdc:omprc-11-8nny2x31, Metagenome
WARNING:__main__:DataObjectNotFount nmdc:425873a08e598b0ca2987ff7b9b5da1f
WARNING:__main__:workflow_record: nmdc:a5fba8fca3b75c9e0b564a8e311adf46, nmdc:ReadbasedAnalysis, ReadBased Analysis Activity for nmdc:mga0k311
WARNING:__main__:has_input: ['nmdc:39dfcb6a3f2afed8306b3666ec98c75b']
WARNING:__main__:has_output: ['nmdc:dc2e21becda8d6b010a95897cf97ae90', 'nmdc:5f407fa0ab30bf4c41ed96f288084147', 'nmdc:425873a08e598b0ca2987ff7b9b5da1f', 'nmdc:b36e981c6d9031d6495c2691fe3523b1', 'nmdc:e798be205cffa0dc38d93310fdaed9ca', 'nmdc:65ebc0e915b82640592a89c406f0465f', 'nmdc:c8ed546d4bb69c4b6f122d933dcb79af', 'nmdc:f61889342f732f8e12b5f818cfe02e7f', 'nmdc:b2ebb165844db26924a6697e7047988b']
WARNING:__main__:omics_processing_record: nmdc:omprc-11-8nny2x31, Metagenome
WARNING:__main__:DataObjectNotFount nmdc:dc2e21becda8d6b010a95897cf97ae90
WARNING:__main__:workflow_record: nmdc:ddf9068cb9d0e93f72e3ae1f6beeeba2, nmdc:ReadbasedAnalysis, ReadBased Analysis Activity for nmdc:mga04g54
WARNING:__main__:has_input: ['nmdc:ad6ccb8e44538b418e5a90a47a3a95b8']
WARNING:__main__:has_output: ['nmdc:dc2e21becda8d6b010a95897cf97ae90', 'nmdc:5023f7fe5f6d3ee8d904bed0099a7b20', 'nmdc:425873a08e598b0ca2987ff7b9b5da1f', 'nmdc:71f500ec517ea2cf44da02241e03c24b', 'nmdc:401b5cf24d453cd157a486bbf3b99736', 'nmdc:e6c87c6ae4e81e8620ed9b1db2089544', 'nmdc:822c7442bc7abceae5907c25950df957', 'nmdc:1427b40ba7b82073434004c4ac58ce67', 'nmdc:159bcc899b358d4240c5f5e43dbee9b5']
WARNING:__main__:omics_processing_record: nmdc:omprc-11-vy356n82, Metagenome
WARNING:__main__:DataObjectNotFount nmdc:425873a08e598b0ca2987ff7b9b5da1f
WARNING:__main__:workflow_record: nmdc:ddf9068cb9d0e93f72e3ae1f6beeeba2, nmdc:ReadbasedAnalysis, ReadBased Analysis Activity for nmdc:mga04g54
WARNING:__main__:has_input: ['nmdc:ad6ccb8e44538b418e5a90a47a3a95b8']
WARNING:__main__:has_output: ['nmdc:dc2e21becda8d6b010a95897cf97ae90', 'nmdc:5023f7fe5f6d3ee8d904bed0099a7b20', 'nmdc:425873a08e598b0ca2987ff7b9b5da1f', 'nmdc:71f500ec517ea2cf44da02241e03c24b', 'nmdc:401b5cf24d453cd157a486bbf3b99736', 'nmdc:e6c87c6ae4e81e8620ed9b1db2089544', 'nmdc:822c7442bc7abceae5907c25950df957', 'nmdc:1427b40ba7b82073434004c4ac58ce67', 'nmdc:159bcc899b358d4240c5f5e43dbee9b5']
WARNING:__main__:omics_processing_record: nmdc:omprc-11-vy356n82, Metagenome
WARNING:__main__:DataObjectNotFount nmdc:dc2e21becda8d6b010a95897cf97ae90
WARNING:__main__:workflow_record: nmdc:761f287faac154a3b66a0c89c82738d4, nmdc:ReadbasedAnalysis, ReadBased Analysis Activity for nmdc:mga0ss48
WARNING:__main__:has_input: ['nmdc:1be9f83589f61265354476e3f6ccae9c']
WARNING:__main__:has_output: ['nmdc:dc2e21becda8d6b010a95897cf97ae90', 'nmdc:0b6fc695e680e2b28cffedf497701786', 'nmdc:425873a08e598b0ca2987ff7b9b5da1f', 'nmdc:bd95e847cee60ace057d8d2836e42ef3', 'nmdc:850ba40eb4e0d048a4dedd97f738a76d', 'nmdc:a0b323f90d0b4cf4466a3225d4467616', 'nmdc:6213c5e468e7fe9212b47a00f5583dd6', 'nmdc:e98f2738bfbcfb7022f19be0e5166329', 'nmdc:226fbcb31623f7107db51f81ef175254']
WARNING:__main__:omics_processing_record: nmdc:omprc-11-2d16h818, Metagenome
WARNING:__main__:DataObjectNotFount nmdc:425873a08e598b0ca2987ff7b9b5da1f
WARNING:__main__:workflow_record: nmdc:761f287faac154a3b66a0c89c82738d4, nmdc:ReadbasedAnalysis, ReadBased Analysis Activity for nmdc:mga0ss48
WARNING:__main__:has_input: ['nmdc:1be9f83589f61265354476e3f6ccae9c']
WARNING:__main__:has_output: ['nmdc:dc2e21becda8d6b010a95897cf97ae90', 'nmdc:0b6fc695e680e2b28cffedf497701786', 'nmdc:425873a08e598b0ca2987ff7b9b5da1f', 'nmdc:bd95e847cee60ace057d8d2836e42ef3', 'nmdc:850ba40eb4e0d048a4dedd97f738a76d', 'nmdc:a0b323f90d0b4cf4466a3225d4467616', 'nmdc:6213c5e468e7fe9212b47a00f5583dd6', 'nmdc:e98f2738bfbcfb7022f19be0e5166329', 'nmdc:226fbcb31623f7107db51f81ef175254']
WARNING:__main__:omics_processing_record: nmdc:omprc-11-2d16h818, Metagenome
WARNING:__main__:DataObjectNotFount nmdc:dc2e21becda8d6b010a95897cf97ae90
WARNING:__main__:workflow_record: nmdc:8253bcdcd0387177ff895c38a047c719, nmdc:ReadbasedAnalysis, ReadBased Analysis Activity for nmdc:mga0wa96
WARNING:__main__:has_input: ['nmdc:5ca80874470cd418dce76a684ca9e7d8']
WARNING:__main__:has_output: ['nmdc:dc2e21becda8d6b010a95897cf97ae90', 'nmdc:4beca79435164e92624ade0095a6f28f', 'nmdc:425873a08e598b0ca2987ff7b9b5da1f', 'nmdc:a051f2d528db2c3d027e40f580724536', 'nmdc:f5351ea13159feff2d0198a0da29c8a5', 'nmdc:e320964bdde1bf5d0ed42c874431a09f', 'nmdc:99b68ca9274dd5c8c15a727d8a4be5c1', 'nmdc:339c0d5d2e73387fb9ef43b6a9b20da4', 'nmdc:0772b0a1db633615098d8805d70bc46f']
WARNING:__main__:omics_processing_record: nmdc:omprc-11-85jsxt33, Metagenome
WARNING:__main__:DataObjectNotFount nmdc:425873a08e598b0ca2987ff7b9b5da1f
WARNING:__main__:workflow_record: nmdc:8253bcdcd0387177ff895c38a047c719, nmdc:ReadbasedAnalysis, ReadBased Analysis Activity for nmdc:mga0wa96
WARNING:__main__:has_input: ['nmdc:5ca80874470cd418dce76a684ca9e7d8']
WARNING:__main__:has_output: ['nmdc:dc2e21becda8d6b010a95897cf97ae90', 'nmdc:4beca79435164e92624ade0095a6f28f', 'nmdc:425873a08e598b0ca2987ff7b9b5da1f', 'nmdc:a051f2d528db2c3d027e40f580724536', 'nmdc:f5351ea13159feff2d0198a0da29c8a5', 'nmdc:e320964bdde1bf5d0ed42c874431a09f', 'nmdc:99b68ca9274dd5c8c15a727d8a4be5c1', 'nmdc:339c0d5d2e73387fb9ef43b6a9b20da4', 'nmdc:0772b0a1db633615098d8805d70bc46f']
WARNING:__main__:omics_processing_record: nmdc:omprc-11-85jsxt33, Metagenome
WARNING:__main__:DataObjectNotFount nmdc:dc2e21becda8d6b010a95897cf97ae90
WARNING:__main__:workflow_record: nmdc:7a197d54a06a37090bb50eaf37c93115, nmdc:ReadbasedAnalysis, ReadBased Analysis Activity for nmdc:mga0tq55
WARNING:__main__:has_input: ['nmdc:9333de207aace2cea9ea955e88bdec9b']
WARNING:__main__:has_output: ['nmdc:dc2e21becda8d6b010a95897cf97ae90', 'nmdc:4e6cf38af0b5b8f16d8fc1f7779c5a29', 'nmdc:425873a08e598b0ca2987ff7b9b5da1f', 'nmdc:e333f1a4984287f28b1ec6bc2f5e220f', 'nmdc:bf95f667ae01fcec06e7965d922f63c3', 'nmdc:3bc683ffe2c367faf6e6ae90087e0410', 'nmdc:f7454a9a53391dd69116eaa495972281', 'nmdc:1ffe29c4f789e512f13b81b684fcf61e', 'nmdc:d915cd752473ca2dee362b6f5d6463f9']
WARNING:__main__:omics_processing_record: nmdc:omprc-11-d6c4q479, Metagenome
WARNING:__main__:DataObjectNotFount nmdc:425873a08e598b0ca2987ff7b9b5da1f
WARNING:__main__:workflow_record: nmdc:7a197d54a06a37090bb50eaf37c93115, nmdc:ReadbasedAnalysis, ReadBased Analysis Activity for nmdc:mga0tq55
WARNING:__main__:has_input: ['nmdc:9333de207aace2cea9ea955e88bdec9b']
WARNING:__main__:has_output: ['nmdc:dc2e21becda8d6b010a95897cf97ae90', 'nmdc:4e6cf38af0b5b8f16d8fc1f7779c5a29', 'nmdc:425873a08e598b0ca2987ff7b9b5da1f', 'nmdc:e333f1a4984287f28b1ec6bc2f5e220f', 'nmdc:bf95f667ae01fcec06e7965d922f63c3', 'nmdc:3bc683ffe2c367faf6e6ae90087e0410', 'nmdc:f7454a9a53391dd69116eaa495972281', 'nmdc:1ffe29c4f789e512f13b81b684fcf61e', 'nmdc:d915cd752473ca2dee362b6f5d6463f9']
WARNING:__main__:omics_processing_record: nmdc:omprc-11-d6c4q479, Metagenome
WARNING:__main__:DataObjectNotFount nmdc:dc2e21becda8d6b010a95897cf97ae90
WARNING:__main__:workflow_record: nmdc:5ab2faba70b7dc9853cecf68af4576c8, nmdc:ReadbasedAnalysis, ReadBased Analysis Activity for nmdc:mga09t29
WARNING:__main__:has_input: ['nmdc:9f69990b0ca36244479b8e2cf5059a2b']
WARNING:__main__:has_output: ['nmdc:dc2e21becda8d6b010a95897cf97ae90', 'nmdc:50958da5af250342f2089bec02364e12', 'nmdc:425873a08e598b0ca2987ff7b9b5da1f', 'nmdc:268db5579721a196c95872bf480e4329', 'nmdc:001e0726d6f7e54706f445f568de1fd9', 'nmdc:fa5dfe9d5ceb255bd4568badb0cc811b', 'nmdc:ece64e0755d738464f01e5af77732ee1', 'nmdc:97d9170806e02d05bfdf2b1fecdda547', 'nmdc:b15dfe140998e9c1364ef5299b4b86d2']
WARNING:__main__:omics_processing_record: nmdc:omprc-11-bzxddj92, Metagenome
WARNING:__main__:DataObjectNotFount nmdc:425873a08e598b0ca2987ff7b9b5da1f
WARNING:__main__:workflow_record: nmdc:5ab2faba70b7dc9853cecf68af4576c8, nmdc:ReadbasedAnalysis, ReadBased Analysis Activity for nmdc:mga09t29
WARNING:__main__:has_input: ['nmdc:9f69990b0ca36244479b8e2cf5059a2b']
WARNING:__main__:has_output: ['nmdc:dc2e21becda8d6b010a95897cf97ae90', 'nmdc:50958da5af250342f2089bec02364e12', 'nmdc:425873a08e598b0ca2987ff7b9b5da1f', 'nmdc:268db5579721a196c95872bf480e4329', 'nmdc:001e0726d6f7e54706f445f568de1fd9', 'nmdc:fa5dfe9d5ceb255bd4568badb0cc811b', 'nmdc:ece64e0755d738464f01e5af77732ee1', 'nmdc:97d9170806e02d05bfdf2b1fecdda547', 'nmdc:b15dfe140998e9c1364ef5299b4b86d2']
WARNING:__main__:omics_processing_record: nmdc:omprc-11-bzxddj92, Metagenome
WARNING:__main__:DataObjectNotFount nmdc:dc2e21becda8d6b010a95897cf97ae90
WARNING:__main__:workflow_record: nmdc:3bbc2e110acd6e6b200fd43814337b94, nmdc:ReadbasedAnalysis, ReadBased Analysis Activity for nmdc:mga0aj54
WARNING:__main__:has_input: ['nmdc:42505d3bc1abb992c5839e8994cc6c86']
WARNING:__main__:has_output: ['nmdc:dc2e21becda8d6b010a95897cf97ae90', 'nmdc:c6ab280a9a71332ea8437846fc5fa70e', 'nmdc:425873a08e598b0ca2987ff7b9b5da1f', 'nmdc:416b6fb7651eb157d2bb3865425bb6de', 'nmdc:5ae72a513af1a9b6c1019bf8f17fdde1', 'nmdc:08c2b9a09f897ecbe302b8e3f416dd6e', 'nmdc:524bc22a021d7a40aeb134a64416cc8b', 'nmdc:f3f5c721edf09670ee391fe8dd3d8af5', 'nmdc:273b8d4164abe7092da949a37a8c328d']
WARNING:__main__:omics_processing_record: nmdc:omprc-11-4ptjh074, Metagenome
WARNING:__main__:DataObjectNotFount nmdc:425873a08e598b0ca2987ff7b9b5da1f
WARNING:__main__:workflow_record: nmdc:3bbc2e110acd6e6b200fd43814337b94, nmdc:ReadbasedAnalysis, ReadBased Analysis Activity for nmdc:mga0aj54
WARNING:__main__:has_input: ['nmdc:42505d3bc1abb992c5839e8994cc6c86']
WARNING:__main__:has_output: ['nmdc:dc2e21becda8d6b010a95897cf97ae90', 'nmdc:c6ab280a9a71332ea8437846fc5fa70e', 'nmdc:425873a08e598b0ca2987ff7b9b5da1f', 'nmdc:416b6fb7651eb157d2bb3865425bb6de', 'nmdc:5ae72a513af1a9b6c1019bf8f17fdde1', 'nmdc:08c2b9a09f897ecbe302b8e3f416dd6e', 'nmdc:524bc22a021d7a40aeb134a64416cc8b', 'nmdc:f3f5c721edf09670ee391fe8dd3d8af5', 'nmdc:273b8d4164abe7092da949a37a8c328d']
WARNING:__main__:omics_processing_record: nmdc:omprc-11-4ptjh074, Metagenome
WARNING:__main__:DataObjectNotFount nmdc:dc2e21becda8d6b010a95897cf97ae90
WARNING:__main__:workflow_record: nmdc:3c401e2ee440df4d96027e3594618104, nmdc:ReadbasedAnalysis, ReadBased Analysis Activity for nmdc:mga0zt51
WARNING:__main__:has_input: ['nmdc:d545791b4aabe329934d489074e8355a']
WARNING:__main__:has_output: ['nmdc:dc2e21becda8d6b010a95897cf97ae90', 'nmdc:4ebba69aaf20856dffe47ac5ac672cad', 'nmdc:425873a08e598b0ca2987ff7b9b5da1f', 'nmdc:134b632cd3e5bec9cea4c456165d6097', 'nmdc:cd65e6db9367f66976bd2eebd4b83acb', 'nmdc:4739561177541ad557f80275397e7675', 'nmdc:15ac88a0ee25984da7e44867aa9c07d2', 'nmdc:c108b67654466dd0a54b8bb3fdafa57e', 'nmdc:d1bdd8d4605e561039cb3850827b98bd']
WARNING:__main__:omics_processing_record: nmdc:omprc-11-b2wgvw58, Metagenome
WARNING:__main__:DataObjectNotFount nmdc:425873a08e598b0ca2987ff7b9b5da1f
WARNING:__main__:workflow_record: nmdc:3c401e2ee440df4d96027e3594618104, nmdc:ReadbasedAnalysis, ReadBased Analysis Activity for nmdc:mga0zt51
WARNING:__main__:has_input: ['nmdc:d545791b4aabe329934d489074e8355a']
WARNING:__main__:has_output: ['nmdc:dc2e21becda8d6b010a95897cf97ae90', 'nmdc:4ebba69aaf20856dffe47ac5ac672cad', 'nmdc:425873a08e598b0ca2987ff7b9b5da1f', 'nmdc:134b632cd3e5bec9cea4c456165d6097', 'nmdc:cd65e6db9367f66976bd2eebd4b83acb', 'nmdc:4739561177541ad557f80275397e7675', 'nmdc:15ac88a0ee25984da7e44867aa9c07d2', 'nmdc:c108b67654466dd0a54b8bb3fdafa57e', 'nmdc:d1bdd8d4605e561039cb3850827b98bd']
WARNING:__main__:omics_processing_record: nmdc:omprc-11-b2wgvw58, Metagenome
WARNING:__main__:DataObjectNotFount nmdc:dc2e21becda8d6b010a95897cf97ae90
WARNING:__main__:workflow_record: nmdc:4cbc930855e87f6cc3f2255b875ccade, nmdc:ReadbasedAnalysis, ReadBased Analysis Activity for nmdc:mga00098
WARNING:__main__:has_input: ['nmdc:92146e7696d17b02f330767b56bc0b1b']
WARNING:__main__:has_output: ['nmdc:dc2e21becda8d6b010a95897cf97ae90', 'nmdc:a0dc69e2ec75448a58992a32eac14426', 'nmdc:425873a08e598b0ca2987ff7b9b5da1f', 'nmdc:365db4e689e671081b33051b63444b89', 'nmdc:de27878d63c710856c16a202fc2723b0', 'nmdc:a3ae4c639da7381b7120bbd255ffa4b2', 'nmdc:f9dd91546ac803303ebd1b86173e3ef5', 'nmdc:4b9b8a064ac562bb209a28b9203715e4', 'nmdc:fd224efc944064e05cf8e2abde80082a']
WARNING:__main__:omics_processing_record: nmdc:omprc-11-0yxa3962, Metagenome
WARNING:__main__:DataObjectNotFount nmdc:425873a08e598b0ca2987ff7b9b5da1f
WARNING:__main__:workflow_record: nmdc:4cbc930855e87f6cc3f2255b875ccade, nmdc:ReadbasedAnalysis, ReadBased Analysis Activity for nmdc:mga00098
WARNING:__main__:has_input: ['nmdc:92146e7696d17b02f330767b56bc0b1b']
WARNING:__main__:has_output: ['nmdc:dc2e21becda8d6b010a95897cf97ae90', 'nmdc:a0dc69e2ec75448a58992a32eac14426', 'nmdc:425873a08e598b0ca2987ff7b9b5da1f', 'nmdc:365db4e689e671081b33051b63444b89', 'nmdc:de27878d63c710856c16a202fc2723b0', 'nmdc:a3ae4c639da7381b7120bbd255ffa4b2', 'nmdc:f9dd91546ac803303ebd1b86173e3ef5', 'nmdc:4b9b8a064ac562bb209a28b9203715e4', 'nmdc:fd224efc944064e05cf8e2abde80082a']
WARNING:__main__:omics_processing_record: nmdc:omprc-11-0yxa3962, Metagenome
WARNING:__main__:DataObjectNotFount nmdc:dc2e21becda8d6b010a95897cf97ae90
WARNING:__main__:workflow_record: nmdc:0f21da30e01f45f336e29ebd9f9ebf90, nmdc:ReadbasedAnalysis, ReadBased Analysis Activity for nmdc:mga06298
WARNING:__main__:has_input: ['nmdc:9846d490bcd85140cae6c67a671345ae']
WARNING:__main__:has_output: ['nmdc:dc2e21becda8d6b010a95897cf97ae90', 'nmdc:8677affb1a3ae76bb8a9461603fc9e70', 'nmdc:425873a08e598b0ca2987ff7b9b5da1f', 'nmdc:b5be335d73e9f43434f1f319dbe74602', 'nmdc:2002afa4bc29e198da0a63382b69a6f8', 'nmdc:441aef0e4396e5adfa1e6cc4db45aebe', 'nmdc:edf5c75c8744c683a6c3507972e60cf5', 'nmdc:6c422a61df4e276560c743e42e8777ac', 'nmdc:4a4b1f88a4f6036b5df25f66eb530daa']
WARNING:__main__:omics_processing_record: nmdc:omprc-11-qm563f05, Metagenome
WARNING:__main__:DataObjectNotFount nmdc:425873a08e598b0ca2987ff7b9b5da1f
WARNING:__main__:workflow_record: nmdc:0f21da30e01f45f336e29ebd9f9ebf90, nmdc:ReadbasedAnalysis, ReadBased Analysis Activity for nmdc:mga06298
WARNING:__main__:has_input: ['nmdc:9846d490bcd85140cae6c67a671345ae']
WARNING:__main__:has_output: ['nmdc:dc2e21becda8d6b010a95897cf97ae90', 'nmdc:8677affb1a3ae76bb8a9461603fc9e70', 'nmdc:425873a08e598b0ca2987ff7b9b5da1f', 'nmdc:b5be335d73e9f43434f1f319dbe74602', 'nmdc:2002afa4bc29e198da0a63382b69a6f8', 'nmdc:441aef0e4396e5adfa1e6cc4db45aebe', 'nmdc:edf5c75c8744c683a6c3507972e60cf5', 'nmdc:6c422a61df4e276560c743e42e8777ac', 'nmdc:4a4b1f88a4f6036b5df25f66eb530daa']
WARNING:__main__:omics_processing_record: nmdc:omprc-11-qm563f05, Metagenome
WARNING:__main__:DataObjectNotFount nmdc:dc2e21becda8d6b010a95897cf97ae90
WARNING:__main__:workflow_record: nmdc:613c66031f3a5c73716b02ade1cef55a, nmdc:ReadbasedAnalysis, ReadBased Analysis Activity for nmdc:mga01v18
WARNING:__main__:has_input: ['nmdc:3615e5d3379aae0d85bd244bb25b42a7']
WARNING:__main__:has_output: ['nmdc:dc2e21becda8d6b010a95897cf97ae90', 'nmdc:4f4b5b5e33eb7820a6dbbf93ea8c8fbd', 'nmdc:425873a08e598b0ca2987ff7b9b5da1f', 'nmdc:592714700d2296bcdf6aa4558bdfc0aa', 'nmdc:d00d119e08edcb163485792a7ce8d5fa', 'nmdc:2773b3a2eb23e390faad4e7d32f1bc31', 'nmdc:dae0faa18cf1eabe702e127c8aa4125c', 'nmdc:f2b52b572c0373c72f8f26d9618b9cb0', 'nmdc:77430d607016d4c31d260ca6dda18297']
WARNING:__main__:omics_processing_record: nmdc:omprc-11-pbwhv175, Metagenome
WARNING:__main__:DataObjectNotFount nmdc:425873a08e598b0ca2987ff7b9b5da1f
WARNING:__main__:workflow_record: nmdc:613c66031f3a5c73716b02ade1cef55a, nmdc:ReadbasedAnalysis, ReadBased Analysis Activity for nmdc:mga01v18
WARNING:__main__:has_input: ['nmdc:3615e5d3379aae0d85bd244bb25b42a7']
WARNING:__main__:has_output: ['nmdc:dc2e21becda8d6b010a95897cf97ae90', 'nmdc:4f4b5b5e33eb7820a6dbbf93ea8c8fbd', 'nmdc:425873a08e598b0ca2987ff7b9b5da1f', 'nmdc:592714700d2296bcdf6aa4558bdfc0aa', 'nmdc:d00d119e08edcb163485792a7ce8d5fa', 'nmdc:2773b3a2eb23e390faad4e7d32f1bc31', 'nmdc:dae0faa18cf1eabe702e127c8aa4125c', 'nmdc:f2b52b572c0373c72f8f26d9618b9cb0', 'nmdc:77430d607016d4c31d260ca6dda18297']
WARNING:__main__:omics_processing_record: nmdc:omprc-11-pbwhv175, Metagenome
WARNING:__main__:DataObjectNotFount nmdc:dc2e21becda8d6b010a95897cf97ae90
WARNING:__main__:workflow_record: nmdc:bf1fcc9ebcb26e9386fe5f063f9aa96f, nmdc:ReadbasedAnalysis, ReadBased Analysis Activity for nmdc:mga0mp52
WARNING:__main__:has_input: ['nmdc:035767058c43f56c7df73c2420e8fcd1']
WARNING:__main__:has_output: ['nmdc:dc2e21becda8d6b010a95897cf97ae90', 'nmdc:520c60f3291ad53775b51cc0fca25d7b', 'nmdc:425873a08e598b0ca2987ff7b9b5da1f', 'nmdc:a63d0beada28634e20ccfa00eb9743af', 'nmdc:6c9e3d9698730b3baab9a001d82d7a52', 'nmdc:c6543df54529af9301d47353fb48477d', 'nmdc:c8c0c6d46571baea281342f5ff91de37', 'nmdc:2e086c5762834ed4289f11e2df06bc3e', 'nmdc:641dbcb1c7df646a0aecac1e0f8fa53d']
WARNING:__main__:omics_processing_record: nmdc:omprc-11-gb5k8p40, Metagenome
WARNING:__main__:DataObjectNotFount nmdc:425873a08e598b0ca2987ff7b9b5da1f
WARNING:__main__:workflow_record: nmdc:bf1fcc9ebcb26e9386fe5f063f9aa96f, nmdc:ReadbasedAnalysis, ReadBased Analysis Activity for nmdc:mga0mp52
WARNING:__main__:has_input: ['nmdc:035767058c43f56c7df73c2420e8fcd1']
WARNING:__main__:has_output: ['nmdc:dc2e21becda8d6b010a95897cf97ae90', 'nmdc:520c60f3291ad53775b51cc0fca25d7b', 'nmdc:425873a08e598b0ca2987ff7b9b5da1f', 'nmdc:a63d0beada28634e20ccfa00eb9743af', 'nmdc:6c9e3d9698730b3baab9a001d82d7a52', 'nmdc:c6543df54529af9301d47353fb48477d', 'nmdc:c8c0c6d46571baea281342f5ff91de37', 'nmdc:2e086c5762834ed4289f11e2df06bc3e', 'nmdc:641dbcb1c7df646a0aecac1e0f8fa53d']
WARNING:__main__:omics_processing_record: nmdc:omprc-11-gb5k8p40, Metagenome
WARNING:__main__:DataObjectNotFount nmdc:dc2e21becda8d6b010a95897cf97ae90
WARNING:__main__:workflow_record: nmdc:171a5e03ee71c13bda4a4c2a7ba51cd2, nmdc:ReadbasedAnalysis, ReadBased Analysis Activity for nmdc:mga0af63
WARNING:__main__:has_input: ['nmdc:aecbb2d36dffa69932bc7cee73b736dd']
WARNING:__main__:has_output: ['nmdc:dc2e21becda8d6b010a95897cf97ae90', 'nmdc:9ebb73c3378e1e19f3aaa4c6ad67bd6a', 'nmdc:425873a08e598b0ca2987ff7b9b5da1f', 'nmdc:1468a245ca107e50d13a8d0e4c27873b', 'nmdc:5a7c3677e5b3c64144a89bf1e2ed6a21', 'nmdc:8d8b90d287099ef930cb6dfeba99d139', 'nmdc:c800a33e5b7cd800bced9c60bcaecf60', 'nmdc:3d500fe8a69a9c8f0ff0146fa7cb3eb3', 'nmdc:c05680de421aa177499f29588804100f']
WARNING:__main__:omics_processing_record: nmdc:omprc-11-1a2d4549, Metagenome
WARNING:__main__:DataObjectNotFount nmdc:425873a08e598b0ca2987ff7b9b5da1f
WARNING:__main__:workflow_record: nmdc:171a5e03ee71c13bda4a4c2a7ba51cd2, nmdc:ReadbasedAnalysis, ReadBased Analysis Activity for nmdc:mga0af63
WARNING:__main__:has_input: ['nmdc:aecbb2d36dffa69932bc7cee73b736dd']
WARNING:__main__:has_output: ['nmdc:dc2e21becda8d6b010a95897cf97ae90', 'nmdc:9ebb73c3378e1e19f3aaa4c6ad67bd6a', 'nmdc:425873a08e598b0ca2987ff7b9b5da1f', 'nmdc:1468a245ca107e50d13a8d0e4c27873b', 'nmdc:5a7c3677e5b3c64144a89bf1e2ed6a21', 'nmdc:8d8b90d287099ef930cb6dfeba99d139', 'nmdc:c800a33e5b7cd800bced9c60bcaecf60', 'nmdc:3d500fe8a69a9c8f0ff0146fa7cb3eb3', 'nmdc:c05680de421aa177499f29588804100f']
WARNING:__main__:omics_processing_record: nmdc:omprc-11-1a2d4549, Metagenome
WARNING:__main__:DataObjectNotFount nmdc:dc2e21becda8d6b010a95897cf97ae90
WARNING:__main__:workflow_record: nmdc:4a43bf91c943db8e9829ea992c576c8e, nmdc:ReadbasedAnalysis, ReadBased Analysis Activity for nmdc:mga06d65
WARNING:__main__:has_input: ['nmdc:ea20f99ba35d3ce686e5e199b34704e5']
WARNING:__main__:has_output: ['nmdc:dc2e21becda8d6b010a95897cf97ae90', 'nmdc:fbfc3556f0b6b81127dccdd0fbb319aa', 'nmdc:425873a08e598b0ca2987ff7b9b5da1f', 'nmdc:4b1fffbdc4130dfc262cbab3b7ef94e3', 'nmdc:57510c34441755cac37e45ceef026e26', 'nmdc:ccfe5635bfcc535acbbc7b9677963ebb', 'nmdc:4793f08b0984e59d9654b0e84b7c4964', 'nmdc:810f3a23fe6861a24397cec5a7635f65', 'nmdc:98c72b11c04b1c9c5b65c03a7e827136']
WARNING:__main__:omics_processing_record: nmdc:omprc-11-kxct1j50, Metagenome
WARNING:__main__:DataObjectNotFount nmdc:425873a08e598b0ca2987ff7b9b5da1f
WARNING:__main__:workflow_record: nmdc:4a43bf91c943db8e9829ea992c576c8e, nmdc:ReadbasedAnalysis, ReadBased Analysis Activity for nmdc:mga06d65
WARNING:__main__:has_input: ['nmdc:ea20f99ba35d3ce686e5e199b34704e5']
WARNING:__main__:has_output: ['nmdc:dc2e21becda8d6b010a95897cf97ae90', 'nmdc:fbfc3556f0b6b81127dccdd0fbb319aa', 'nmdc:425873a08e598b0ca2987ff7b9b5da1f', 'nmdc:4b1fffbdc4130dfc262cbab3b7ef94e3', 'nmdc:57510c34441755cac37e45ceef026e26', 'nmdc:ccfe5635bfcc535acbbc7b9677963ebb', 'nmdc:4793f08b0984e59d9654b0e84b7c4964', 'nmdc:810f3a23fe6861a24397cec5a7635f65', 'nmdc:98c72b11c04b1c9c5b65c03a7e827136']
WARNING:__main__:omics_processing_record: nmdc:omprc-11-kxct1j50, Metagenome
WARNING:__main__:DataObjectNotFount nmdc:dc2e21becda8d6b010a95897cf97ae90
WARNING:__main__:workflow_record: nmdc:ce4f08538d6f705abc1505ed9cc8493b, nmdc:ReadbasedAnalysis, ReadBased Analysis Activity for nmdc:mga0c789
WARNING:__main__:has_input: ['nmdc:8489d99afe00144c49dff91e65525ed8']
WARNING:__main__:has_output: ['nmdc:dc2e21becda8d6b010a95897cf97ae90', 'nmdc:de2eae2b7d272b6fe0d83d6c008355d2', 'nmdc:425873a08e598b0ca2987ff7b9b5da1f', 'nmdc:4362fd4f9f606f1dc4d00776e94ddbeb', 'nmdc:c967d1954540c289dc3e177461e16d7c', 'nmdc:f788210bfd7e852cb4927184fd4dc8d0', 'nmdc:b49943cbfb6fc32a28b309b59389b68f', 'nmdc:2886b27c40c1d9df999dee610e6af2b1', 'nmdc:581395fa84e118778aab43f9566aa6a3']
WARNING:__main__:omics_processing_record: nmdc:omprc-11-2bmkj745, Metagenome
WARNING:__main__:DataObjectNotFount nmdc:425873a08e598b0ca2987ff7b9b5da1f
WARNING:__main__:workflow_record: nmdc:ce4f08538d6f705abc1505ed9cc8493b, nmdc:ReadbasedAnalysis, ReadBased Analysis Activity for nmdc:mga0c789
WARNING:__main__:has_input: ['nmdc:8489d99afe00144c49dff91e65525ed8']
WARNING:__main__:has_output: ['nmdc:dc2e21becda8d6b010a95897cf97ae90', 'nmdc:de2eae2b7d272b6fe0d83d6c008355d2', 'nmdc:425873a08e598b0ca2987ff7b9b5da1f', 'nmdc:4362fd4f9f606f1dc4d00776e94ddbeb', 'nmdc:c967d1954540c289dc3e177461e16d7c', 'nmdc:f788210bfd7e852cb4927184fd4dc8d0', 'nmdc:b49943cbfb6fc32a28b309b59389b68f', 'nmdc:2886b27c40c1d9df999dee610e6af2b1', 'nmdc:581395fa84e118778aab43f9566aa6a3']
WARNING:__main__:omics_processing_record: nmdc:omprc-11-2bmkj745, Metagenome
WARNING:__main__:DataObjectNotFount nmdc:dc2e21becda8d6b010a95897cf97ae90
WARNING:__main__:workflow_record: nmdc:2e384ea11627508ae28658217bdfe3b3, nmdc:ReadbasedAnalysis, ReadBased Analysis Activity for nmdc:mga0mc82
WARNING:__main__:has_input: ['nmdc:3516d985a9c9d91a8990c3ee286a30c7']
WARNING:__main__:has_output: ['nmdc:dc2e21becda8d6b010a95897cf97ae90', 'nmdc:5fecd27babb34be50e875bdac6ee440e', 'nmdc:425873a08e598b0ca2987ff7b9b5da1f', 'nmdc:6f9ae6d9e35c2712e42be1c5e1a220c0', 'nmdc:824aec1509237ed08980524f83195790', 'nmdc:d7b6407a6cf90e8632a041613ba7af7a', 'nmdc:f5100b64e33408b5cc4392519c64659b', 'nmdc:7cbf5868b5d3d30f8dd8bab089523082', 'nmdc:355ed122ebfedeb97b9039f53071fb32']
WARNING:__main__:omics_processing_record: nmdc:omprc-11-h63w0665, Metagenome
WARNING:__main__:DataObjectNotFount nmdc:425873a08e598b0ca2987ff7b9b5da1f
WARNING:__main__:workflow_record: nmdc:2e384ea11627508ae28658217bdfe3b3, nmdc:ReadbasedAnalysis, ReadBased Analysis Activity for nmdc:mga0mc82
WARNING:__main__:has_input: ['nmdc:3516d985a9c9d91a8990c3ee286a30c7']
WARNING:__main__:has_output: ['nmdc:dc2e21becda8d6b010a95897cf97ae90', 'nmdc:5fecd27babb34be50e875bdac6ee440e', 'nmdc:425873a08e598b0ca2987ff7b9b5da1f', 'nmdc:6f9ae6d9e35c2712e42be1c5e1a220c0', 'nmdc:824aec1509237ed08980524f83195790', 'nmdc:d7b6407a6cf90e8632a041613ba7af7a', 'nmdc:f5100b64e33408b5cc4392519c64659b', 'nmdc:7cbf5868b5d3d30f8dd8bab089523082', 'nmdc:355ed122ebfedeb97b9039f53071fb32']
WARNING:__main__:omics_processing_record: nmdc:omprc-11-h63w0665, Metagenome
WARNING:__main__:DataObjectNotFount nmdc:d41d8cd98f00b204e9800998ecf8427e
WARNING:__main__:workflow_record: nmdc:fdefb3fa15098906cf788f5cadf17bb3, nmdc:MAGsAnalysisActivity, MAGs Analysis Activity for nmdc:mga0vx38
WARNING:__main__:has_input: ['nmdc:37573bca240f88091720ae61ae5c9452', 'nmdc:da186671c5a581af0a7d195bd857c871', 'nmdc:4d41794368ed796500bb6d2c82a6787a']
WARNING:__main__:has_output: ['nmdc:d41d8cd98f00b204e9800998ecf8427e', 'nmdc:38f5521b558377503f6e9a635998dd37', 'nmdc:cf96331e23aa34224990105374272877', 'nmdc:4d12e1cab7ee7e72ea48151dfc0354c6', 'nmdc:52309bf9398a5b0c401e1e23f5e414df', 'nmdc:77b1712067645b362aee53aad59000e2']
WARNING:__main__:omics_processing_record: nmdc:omprc-11-xzrs8q03, Metagenome
WARNING:__main__:DataObjectNotFount nmdc:9003278a200d1e7921e978d4c59233c3
WARNING:__main__:workflow_record: nmdc:78f8bf24916f01d053378b1bd464cd8a, nmdc:MAGsAnalysisActivity, MAGs Analysis Activity for nmdc:mga03295
WARNING:__main__:has_input: ['nmdc:5e0c8d776a3f21d577c5ab013ecbf07c', 'nmdc:9003278a200d1e7921e978d4c59233c3', 'nmdc:c2697b7c25dde3471a3056f61fd14f51']
WARNING:__main__:has_output: ['nmdc:bc11ad49f3db9e069ed6d3395852182e', 'nmdc:328375b6a823fa19b1d96762c383fc8a']
WARNING:__main__:omics_processing_record: nmdc:omprc-11-hxcj5q62, Metagenome
WARNING:__main__:OmicsProcessing: no has_output for: nmdc:omprc-12-bvb4y624
WARNING:__main__:omics_processing_record: {'id': 'nmdc:omprc-12-bvb4y624', 'mod_date': '2024-01-22', 'part_of': ['nmdc:sty-11-33fbta56'], 'has_input': ['nmdc:bsm-12-g4j6b812'], 'processing_institution': 'JGI', 'principal_investigator': {'email': 'erik.a.lilleskov@usda.gov', 'has_raw_value': 'Erik Lilleskov', 'name': 'Erik Lilleskov'}, 'add_date': '2017-03-11', 'type': 'nmdc:OmicsProcessing', 'gold_sequencing_project_identifiers': ['gold:Gp0208343'], 'name': 'Metatranscriptome of peatland microbial communities from MTU Mesocosm Facility, Houghton, MI, USA - PEATcosm2014_Bin01_10_metaT', 'instrument_name': 'Illumina HiSeq 2500-1TB', 'ncbi_project_name': 'Metatranscriptome of peatland microbial communities from MTU Mesocosm Facility, Houghton, MI, USA - PEATcosm2014_Bin01_10_metaT', 'omics_type': {'has_raw_value': 'Metatranscriptome'}}
WARNING:__main__:DataObjectNotFount nmdc:5fb0c72649ce78d0b58cc0321c8a331c
WARNING:__main__:workflow_record: nmdc:839560f9650622f232c262d8cf7a9db9, nmdc:ReadQCAnalysisActivity, Read QC Activity for nmdc_mta0mz25
WARNING:__main__:has_input: ['nmdc:5fb0c72649ce78d0b58cc0321c8a331c']
WARNING:__main__:has_output: ['nmdc:e27eb36ed79bced1e7e5e0d52edc0c02', 'nmdc:a927ae901e3265faf0eb08405eb272e8']
WARNING:__main__:omics_processing_record: nmdc:omprc-12-bvb4y624, Metatranscriptome
WARNING:__main__:DataObjectNotFount nmdc:ca9446eccfeb1249094b8a9b6663a8bf
WARNING:__main__:workflow_record: nmdc:839560f9650622f232c262d8cf7a9db9, nmdc:MetatranscriptomeActivity, Metatranscriptome Activity for nmdc_mta0mz25
WARNING:__main__:has_input: ['nmdc:f3d7293037e5032a924ad214560e8bce', 'nmdc:ca9446eccfeb1249094b8a9b6663a8bf']
WARNING:__main__:has_output: ['nmdc:cc3818746b67f3a5aa33859662bb1790', 'nmdc:aea2bd22b9f7df9dedbf9e5927828a2b']
WARNING:__main__:omics_processing_record: nmdc:omprc-12-bvb4y624, Metatranscriptome
WARNING:__main__:OmicsProcessing: no has_output for: nmdc:omprc-12-xtfkpp14
WARNING:__main__:omics_processing_record: {'id': 'nmdc:omprc-12-xtfkpp14', 'mod_date': '2024-01-22', 'part_of': ['nmdc:sty-11-33fbta56'], 'has_input': ['nmdc:bsm-12-zyae7e18'], 'processing_institution': 'JGI', 'principal_investigator': {'email': 'erik.a.lilleskov@usda.gov', 'has_raw_value': 'Erik Lilleskov', 'name': 'Erik Lilleskov'}, 'add_date': '2017-03-11', 'type': 'nmdc:OmicsProcessing', 'gold_sequencing_project_identifiers': ['gold:Gp0208346'], 'name': 'Metatranscriptome of peatland microbial communities from MTU Mesocosm Facility, Houghton, MI, USA - PEATcosm2014_Bin02_30_metaT', 'instrument_name': 'Illumina HiSeq 2500-1TB', 'ncbi_project_name': 'Metatranscriptome of peatland microbial communities from MTU Mesocosm Facility, Houghton, MI, USA - PEATcosm2014_Bin02_30_metaT', 'omics_type': {'has_raw_value': 'Metatranscriptome'}}
WARNING:__main__:DataObjectNotFount nmdc:1ab12b7bb6ccaf86e161ffcaa5e56b03
WARNING:__main__:workflow_record: nmdc:0bb611d10d2e0ae7788d98d434d3068f, nmdc:ReadQCAnalysisActivity, Read QC Activity for nmdc_mta0bp43
WARNING:__main__:has_input: ['nmdc:1ab12b7bb6ccaf86e161ffcaa5e56b03']
WARNING:__main__:has_output: ['nmdc:95aa580d28e09c2ea8436487fe56476a', 'nmdc:70c2015a00bee8466578b5ae4e4fe4f1']
WARNING:__main__:omics_processing_record: nmdc:omprc-12-xtfkpp14, Metatranscriptome
WARNING:__main__:DataObjectNotFount nmdc:ca9446eccfeb1249094b8a9b6663a8bf
WARNING:__main__:workflow_record: nmdc:0bb611d10d2e0ae7788d98d434d3068f, nmdc:MetatranscriptomeActivity, Metatranscriptome Activity for nmdc_mta0bp43
WARNING:__main__:has_input: ['nmdc:e12e8ba76223486394b294549ae281e3', 'nmdc:ca9446eccfeb1249094b8a9b6663a8bf']
WARNING:__main__:has_output: ['nmdc:1cec3336ccda4b7e3aec2ad467f34115', 'nmdc:b5690207ef50fe3f7293c7e91c37f1a2']
WARNING:__main__:omics_processing_record: nmdc:omprc-12-xtfkpp14, Metatranscriptome
WARNING:__main__:OmicsProcessing: no has_output for: nmdc:omprc-12-qnyevs35
WARNING:__main__:omics_processing_record: {'id': 'nmdc:omprc-12-qnyevs35', 'mod_date': '2024-01-25', 'part_of': ['nmdc:sty-11-33fbta56'], 'has_input': ['nmdc:bsm-12-hhscy494'], 'processing_institution': 'JGI', 'principal_investigator': {'email': 'erik.a.lilleskov@usda.gov', 'has_raw_value': 'Erik Lilleskov', 'name': 'Erik Lilleskov'}, 'add_date': '2017-03-11', 'type': 'nmdc:OmicsProcessing', 'gold_sequencing_project_identifiers': ['gold:Gp0208353'], 'name': 'Metatranscriptome of peatland microbial communities from MTU Mesocosm Facility, Houghton, MI, USA - PEATcosm2014_Bin11_10_metaT', 'instrument_name': 'Illumina HiSeq 2500-1TB', 'ncbi_project_name': 'Metatranscriptome of peatland microbial communities from MTU Mesocosm Facility, Houghton, MI, USA - PEATcosm2014_Bin11_10_metaT', 'omics_type': {'has_raw_value': 'Metatranscriptome'}}
WARNING:__main__:DataObjectNotFount nmdc:81179f0a1b0a2a6431ba6b8ab02b0191
WARNING:__main__:workflow_record: nmdc:418a1a5aaa0922e2b9bf476dcdcc2857, nmdc:ReadQCAnalysisActivity, Read QC Activity for nmdc_mta0y710
WARNING:__main__:has_input: ['nmdc:81179f0a1b0a2a6431ba6b8ab02b0191']
WARNING:__main__:has_output: ['nmdc:c59435e210b5e57d4ded4ef8b06acb9a', 'nmdc:9693c777d829604ac5716e535bbbedec']
WARNING:__main__:omics_processing_record: nmdc:omprc-12-qnyevs35, Metatranscriptome
WARNING:__main__:DataObjectNotFount nmdc:ca9446eccfeb1249094b8a9b6663a8bf
WARNING:__main__:workflow_record: nmdc:418a1a5aaa0922e2b9bf476dcdcc2857, nmdc:MetatranscriptomeActivity, Metatranscriptome Activity for nmdc_mta0y710
WARNING:__main__:has_input: ['nmdc:eaff2a1b501daf396137f5ee802672b5', 'nmdc:ca9446eccfeb1249094b8a9b6663a8bf']
WARNING:__main__:has_output: ['nmdc:e3a54c6bd700af7d9189be074715cd61', 'nmdc:42899bcc3f8aec248fac26cc477c3e37']
WARNING:__main__:omics_processing_record: nmdc:omprc-12-qnyevs35, Metatranscriptome
WARNING:__main__:OmicsProcessing: no has_output for: nmdc:omprc-12-1ctybv48
WARNING:__main__:omics_processing_record: {'id': 'nmdc:omprc-12-1ctybv48', 'mod_date': '2024-01-24', 'part_of': ['nmdc:sty-11-33fbta56'], 'has_input': ['nmdc:bsm-12-012qca33'], 'processing_institution': 'JGI', 'principal_investigator': {'email': 'erik.a.lilleskov@usda.gov', 'has_raw_value': 'Erik Lilleskov', 'name': 'Erik Lilleskov'}, 'add_date': '2017-03-11', 'type': 'nmdc:OmicsProcessing', 'gold_sequencing_project_identifiers': ['gold:Gp0208352'], 'name': 'Metatranscriptome of peatland microbial communities from MTU Mesocosm Facility, Houghton, MI, USA - PEATcosm2014_Bin10_30_metaT', 'instrument_name': 'Illumina HiSeq 2500-1TB', 'ncbi_project_name': 'Metatranscriptome of peatland microbial communities from MTU Mesocosm Facility, Houghton, MI, USA - PEATcosm2014_Bin10_30_metaT', 'omics_type': {'has_raw_value': 'Metatranscriptome'}}
WARNING:__main__:DataObjectNotFount nmdc:1cf305c52557833542ef65965b21036b
WARNING:__main__:workflow_record: nmdc:628598d00d3931793d9be69a47672642, nmdc:ReadQCAnalysisActivity, Read QC Activity for nmdc_mta04n39
WARNING:__main__:has_input: ['nmdc:1cf305c52557833542ef65965b21036b']
WARNING:__main__:has_output: ['nmdc:eacaebfb5cdb318f3d0d5b576f437bd3', 'nmdc:5d0e5c5938464e83276f50ccf2486b64']
WARNING:__main__:omics_processing_record: nmdc:omprc-12-1ctybv48, Metatranscriptome
WARNING:__main__:DataObjectNotFount nmdc:ca9446eccfeb1249094b8a9b6663a8bf
WARNING:__main__:workflow_record: nmdc:628598d00d3931793d9be69a47672642, nmdc:MetatranscriptomeActivity, Metatranscriptome Activity for nmdc_mta04n39
WARNING:__main__:has_input: ['nmdc:5bdcb3fa405de016d9ce7881ceb3b063', 'nmdc:ca9446eccfeb1249094b8a9b6663a8bf']
WARNING:__main__:has_output: ['nmdc:5680ff887d7dc52ed7c9900b753cbae5', 'nmdc:4eed4f388b380739686e118731d052a7']
WARNING:__main__:omics_processing_record: nmdc:omprc-12-1ctybv48, Metatranscriptome
WARNING:__main__:OmicsProcessing: no has_output for: nmdc:omprc-12-akxgyf36
WARNING:__main__:omics_processing_record: {'id': 'nmdc:omprc-12-akxgyf36', 'mod_date': '2024-01-25', 'part_of': ['nmdc:sty-11-33fbta56'], 'has_input': ['nmdc:bsm-12-xtn73s23'], 'processing_institution': 'JGI', 'principal_investigator': {'email': 'erik.a.lilleskov@usda.gov', 'has_raw_value': 'Erik Lilleskov', 'name': 'Erik Lilleskov'}, 'add_date': '2017-03-11', 'type': 'nmdc:OmicsProcessing', 'gold_sequencing_project_identifiers': ['gold:Gp0208354'], 'name': 'Metatranscriptome of peatland microbial communities from MTU Mesocosm Facility, Houghton, MI, USA - PEATcosm2014_Bin11_30_metaT', 'instrument_name': 'Illumina HiSeq 2500-1TB', 'ncbi_project_name': 'Metatranscriptome of peatland microbial communities from MTU Mesocosm Facility, Houghton, MI, USA - PEATcosm2014_Bin11_30_metaT', 'omics_type': {'has_raw_value': 'Metatranscriptome'}}
WARNING:__main__:DataObjectNotFount nmdc:9cf11a6122cc6cfbf521e0eaf7bb048f
WARNING:__main__:workflow_record: nmdc:897c054089e2c5b6d0584e4871428917, nmdc:ReadQCAnalysisActivity, Read QC Activity for nmdc_mta0tj70
WARNING:__main__:has_input: ['nmdc:9cf11a6122cc6cfbf521e0eaf7bb048f']
WARNING:__main__:has_output: ['nmdc:325d8d66913cb26f7d16d2bb327101cf', 'nmdc:3b16638cecb2b63e4c53cddf051461bb']
WARNING:__main__:omics_processing_record: nmdc:omprc-12-akxgyf36, Metatranscriptome
WARNING:__main__:DataObjectNotFount nmdc:ca9446eccfeb1249094b8a9b6663a8bf
WARNING:__main__:workflow_record: nmdc:897c054089e2c5b6d0584e4871428917, nmdc:MetatranscriptomeActivity, Metatranscriptome Activity for nmdc_mta0tj70
WARNING:__main__:has_input: ['nmdc:da38b23c21ad19a9cc1b6fed358c81e1', 'nmdc:ca9446eccfeb1249094b8a9b6663a8bf']
WARNING:__main__:has_output: ['nmdc:581fac1731ea9bd5514d32c168a6139c', 'nmdc:f078510283a7e494839cdf2abf5a50e2']
WARNING:__main__:omics_processing_record: nmdc:omprc-12-akxgyf36, Metatranscriptome
WARNING:__main__:OmicsProcessing: no has_output for: nmdc:omprc-12-ps8c6d78
WARNING:__main__:omics_processing_record: {'id': 'nmdc:omprc-12-ps8c6d78', 'mod_date': '2024-01-25', 'part_of': ['nmdc:sty-11-33fbta56'], 'has_input': ['nmdc:bsm-12-csykqn65'], 'processing_institution': 'JGI', 'principal_investigator': {'email': 'erik.a.lilleskov@usda.gov', 'has_raw_value': 'Erik Lilleskov', 'name': 'Erik Lilleskov'}, 'add_date': '2017-03-11', 'type': 'nmdc:OmicsProcessing', 'gold_sequencing_project_identifiers': ['gold:Gp0208356'], 'name': 'Metatranscriptome of peatland microbial communities from MTU Mesocosm Facility, Houghton, MI, USA - PEATcosm2014_Bin17_30_metaT', 'instrument_name': 'Illumina HiSeq 2500-1TB', 'ncbi_project_name': 'Metatranscriptome of peatland microbial communities from MTU Mesocosm Facility, Houghton, MI, USA - PEATcosm2014_Bin17_30_metaT', 'omics_type': {'has_raw_value': 'Metatranscriptome'}}
WARNING:__main__:DataObjectNotFount nmdc:8354fbd7f0606456d2ad224d1bf21a52
WARNING:__main__:workflow_record: nmdc:17b505f7781a3f0e932e8f39f4190068, nmdc:ReadQCAnalysisActivity, Read QC Activity for nmdc_mta0jh65
WARNING:__main__:has_input: ['nmdc:8354fbd7f0606456d2ad224d1bf21a52']
WARNING:__main__:has_output: ['nmdc:e109e3b8a6666a2fd1b3efb744400574', 'nmdc:6ad9b92d193abd7d144d55246fa479b0']
WARNING:__main__:omics_processing_record: nmdc:omprc-12-ps8c6d78, Metatranscriptome
WARNING:__main__:DataObjectNotFount nmdc:ca9446eccfeb1249094b8a9b6663a8bf
WARNING:__main__:workflow_record: nmdc:17b505f7781a3f0e932e8f39f4190068, nmdc:MetatranscriptomeActivity, Metatranscriptome Activity for nmdc_mta0jh65
WARNING:__main__:has_input: ['nmdc:47986f889ba8b262bd66735849566169', 'nmdc:ca9446eccfeb1249094b8a9b6663a8bf']
WARNING:__main__:has_output: ['nmdc:3e60d7f6f311146cfe63ac04c9984945', 'nmdc:5105d727c876576da54e4acb0a7715cc']
WARNING:__main__:omics_processing_record: nmdc:omprc-12-ps8c6d78, Metatranscriptome
WARNING:__main__:OmicsProcessing: no has_output for: nmdc:omprc-12-4txztd65
WARNING:__main__:omics_processing_record: {'id': 'nmdc:omprc-12-4txztd65', 'mod_date': '2024-01-24', 'part_of': ['nmdc:sty-11-33fbta56'], 'has_input': ['nmdc:bsm-12-y9xv8p63'], 'processing_institution': 'JGI', 'principal_investigator': {'email': 'erik.a.lilleskov@usda.gov', 'has_raw_value': 'Erik Lilleskov', 'name': 'Erik Lilleskov'}, 'add_date': '2017-03-11', 'type': 'nmdc:OmicsProcessing', 'gold_sequencing_project_identifiers': ['gold:Gp0208351'], 'name': 'Metatranscriptome of peatland microbial communities from MTU Mesocosm Facility, Houghton, MI, USA - PEATcosm2014_Bin10_10_metaT', 'instrument_name': 'Illumina HiSeq 2500-1TB', 'ncbi_project_name': 'Metatranscriptome of peatland microbial communities from MTU Mesocosm Facility, Houghton, MI, USA - PEATcosm2014_Bin10_10_metaT', 'omics_type': {'has_raw_value': 'Metatranscriptome'}}
WARNING:__main__:DataObjectNotFount nmdc:b7c1000167a12fe4ee0767139a6db282
WARNING:__main__:workflow_record: nmdc:2fd3f7547323a9045aff6fb57a2f09d1, nmdc:ReadQCAnalysisActivity, Read QC Activity for nmdc_mta0tg76
WARNING:__main__:has_input: ['nmdc:b7c1000167a12fe4ee0767139a6db282']
WARNING:__main__:has_output: ['nmdc:6bf9d67ba10389fa8dbdf23ce8433556', 'nmdc:a3eb0fe8f8ac734b43ef204e4c25d038']
WARNING:__main__:omics_processing_record: nmdc:omprc-12-4txztd65, Metatranscriptome
WARNING:__main__:DataObjectNotFount nmdc:ca9446eccfeb1249094b8a9b6663a8bf
WARNING:__main__:workflow_record: nmdc:2fd3f7547323a9045aff6fb57a2f09d1, nmdc:MetatranscriptomeActivity, Metatranscriptome Activity for nmdc_mta0tg76
WARNING:__main__:has_input: ['nmdc:2cdb9f6bd75fe3ab3949109b53d67d70', 'nmdc:ca9446eccfeb1249094b8a9b6663a8bf']
WARNING:__main__:has_output: ['nmdc:60dae7a05dd6256ca6c3f41ec060b0fb', 'nmdc:47017a8289f49deb37bb1de95c94ef67']
WARNING:__main__:omics_processing_record: nmdc:omprc-12-4txztd65, Metatranscriptome
WARNING:__main__:OmicsProcessing: no has_output for: nmdc:omprc-12-abs03828
WARNING:__main__:omics_processing_record: {'id': 'nmdc:omprc-12-abs03828', 'mod_date': '2024-01-22', 'part_of': ['nmdc:sty-11-33fbta56'], 'has_input': ['nmdc:bsm-12-wady4q34'], 'processing_institution': 'JGI', 'principal_investigator': {'email': 'erik.a.lilleskov@usda.gov', 'has_raw_value': 'Erik Lilleskov', 'name': 'Erik Lilleskov'}, 'add_date': '2017-03-11', 'type': 'nmdc:OmicsProcessing', 'gold_sequencing_project_identifiers': ['gold:Gp0208358'], 'name': 'Metatranscriptome of peatland microbial communities from MTU Mesocosm Facility, Houghton, MI, USA - PEATcosm2014_Bin23_30_metaT', 'instrument_name': 'Illumina HiSeq 2500-1TB', 'ncbi_project_name': 'Metatranscriptome of peatland microbial communities from MTU Mesocosm Facility, Houghton, MI, USA - PEATcosm2014_Bin23_30_metaT', 'omics_type': {'has_raw_value': 'Metatranscriptome'}}
WARNING:__main__:DataObjectNotFount nmdc:b3b2d6ed2922f5e5c0bf4acb7da8735c
WARNING:__main__:workflow_record: nmdc:84b1d252ae043684f6ea4d1444bffd64, nmdc:ReadQCAnalysisActivity, Read QC Activity for nmdc_mta07p39
WARNING:__main__:has_input: ['nmdc:b3b2d6ed2922f5e5c0bf4acb7da8735c']
WARNING:__main__:has_output: ['nmdc:16ec788c5ee44e2dbb599ebd62398e19', 'nmdc:b1cf14ac9ba3744e6e46f1b0e88a8769']
WARNING:__main__:omics_processing_record: nmdc:omprc-12-abs03828, Metatranscriptome
WARNING:__main__:DataObjectNotFount nmdc:ca9446eccfeb1249094b8a9b6663a8bf
WARNING:__main__:workflow_record: nmdc:84b1d252ae043684f6ea4d1444bffd64, nmdc:MetatranscriptomeActivity, Metatranscriptome Activity for nmdc_mta07p39
WARNING:__main__:has_input: ['nmdc:23d1f31eaec7a258b1bbf7603a6d0999', 'nmdc:ca9446eccfeb1249094b8a9b6663a8bf']
WARNING:__main__:has_output: ['nmdc:5bd340364bcce8c4a84e2124bef8c2a8', 'nmdc:0c082dd82f40921305f79a20b9ae388d']
WARNING:__main__:omics_processing_record: nmdc:omprc-12-abs03828, Metatranscriptome
WARNING:__main__:OmicsProcessing: no has_output for: nmdc:omprc-12-f5rg9460
WARNING:__main__:omics_processing_record: {'id': 'nmdc:omprc-12-f5rg9460', 'mod_date': '2024-01-22', 'part_of': ['nmdc:sty-11-33fbta56'], 'has_input': ['nmdc:bsm-12-8s9qew72'], 'processing_institution': 'JGI', 'principal_investigator': {'email': 'erik.a.lilleskov@usda.gov', 'has_raw_value': 'Erik Lilleskov', 'name': 'Erik Lilleskov'}, 'add_date': '2017-03-11', 'type': 'nmdc:OmicsProcessing', 'gold_sequencing_project_identifiers': ['gold:Gp0208348'], 'name': 'Metatranscriptome of peatland microbial communities from MTU Mesocosm Facility, Houghton, MI, USA - PEATcosm2014_Bin05_30_metaT', 'instrument_name': 'Illumina HiSeq 2500-1TB', 'ncbi_project_name': 'Metatranscriptome of peatland microbial communities from MTU Mesocosm Facility, Houghton, MI, USA - PEATcosm2014_Bin05_30_metaT', 'omics_type': {'has_raw_value': 'Metatranscriptome'}}
WARNING:__main__:DataObjectNotFount nmdc:ee1c76ba468d3ffa7b51cfa5e1f3939b
WARNING:__main__:workflow_record: nmdc:1fc013a66057310a031047fbe9562c25, nmdc:ReadQCAnalysisActivity, Read QC Activity for nmdc_mta06w20
WARNING:__main__:has_input: ['nmdc:ee1c76ba468d3ffa7b51cfa5e1f3939b']
WARNING:__main__:has_output: ['nmdc:d2436f36a217b4b99c077a9dca4a7d43', 'nmdc:64084ff5f81402f83057fd524a626c5f']
WARNING:__main__:omics_processing_record: nmdc:omprc-12-f5rg9460, Metatranscriptome
WARNING:__main__:DataObjectNotFount nmdc:ca9446eccfeb1249094b8a9b6663a8bf
WARNING:__main__:workflow_record: nmdc:1fc013a66057310a031047fbe9562c25, nmdc:MetatranscriptomeActivity, Metatranscriptome Activity for nmdc_mta06w20
WARNING:__main__:has_input: ['nmdc:58007f51e48c5bb958ae40817b15a26d', 'nmdc:ca9446eccfeb1249094b8a9b6663a8bf']
WARNING:__main__:has_output: ['nmdc:f7a0be4f1aed3c30f74974c7fe616f88', 'nmdc:baba5fd4590234686adb0d8e2d308300']
WARNING:__main__:omics_processing_record: nmdc:omprc-12-f5rg9460, Metatranscriptome
WARNING:__main__:OmicsProcessing: no has_output for: nmdc:omprc-12-1qfqvn36
WARNING:__main__:omics_processing_record: {'id': 'nmdc:omprc-12-1qfqvn36', 'mod_date': '2024-01-22', 'part_of': ['nmdc:sty-11-33fbta56'], 'has_input': ['nmdc:bsm-12-zm5skn77'], 'processing_institution': 'JGI', 'principal_investigator': {'email': 'erik.a.lilleskov@usda.gov', 'has_raw_value': 'Erik Lilleskov', 'name': 'Erik Lilleskov'}, 'add_date': '2017-03-11', 'type': 'nmdc:OmicsProcessing', 'gold_sequencing_project_identifiers': ['gold:Gp0208344'], 'name': 'Metatranscriptome of peatland microbial communities from MTU Mesocosm Facility, Houghton, MI, USA - PEATcosm2014_Bin01_30_metaT', 'instrument_name': 'Illumina HiSeq 2500-1TB', 'ncbi_project_name': 'Metatranscriptome of peatland microbial communities from MTU Mesocosm Facility, Houghton, MI, USA - PEATcosm2014_Bin01_30_metaT', 'omics_type': {'has_raw_value': 'Metatranscriptome'}}
WARNING:__main__:DataObjectNotFount nmdc:dcf41017f74572bdb3f61dc83680d029
WARNING:__main__:workflow_record: nmdc:b502fd974951d11591564592ecff731c, nmdc:ReadQCAnalysisActivity, Read QC Activity for nmdc_mta0a108
WARNING:__main__:has_input: ['nmdc:dcf41017f74572bdb3f61dc83680d029']
WARNING:__main__:has_output: ['nmdc:54a98ed338b3e255e6afd32f69ecd16a', 'nmdc:b73481e8aba62094592e9d7fc48da3ad']
WARNING:__main__:omics_processing_record: nmdc:omprc-12-1qfqvn36, Metatranscriptome
WARNING:__main__:DataObjectNotFount nmdc:ca9446eccfeb1249094b8a9b6663a8bf
WARNING:__main__:workflow_record: nmdc:b502fd974951d11591564592ecff731c, nmdc:MetatranscriptomeActivity, Metatranscriptome Activity for nmdc_mta0a108
WARNING:__main__:has_input: ['nmdc:77643280bd103f51c1ebdc7a0edb50f4', 'nmdc:ca9446eccfeb1249094b8a9b6663a8bf']
WARNING:__main__:has_output: ['nmdc:5d8a4ad465241c3c26d7d6c1180b2d62', 'nmdc:11b34e4d8c493593aabe7b97a646bedf']
WARNING:__main__:omics_processing_record: nmdc:omprc-12-1qfqvn36, Metatranscriptome
WARNING:__main__:OmicsProcessing: no has_output for: nmdc:omprc-12-9xha7j45
WARNING:__main__:omics_processing_record: {'id': 'nmdc:omprc-12-9xha7j45', 'mod_date': '2024-01-22', 'part_of': ['nmdc:sty-11-33fbta56'], 'has_input': ['nmdc:bsm-12-kprgwc64'], 'processing_institution': 'JGI', 'principal_investigator': {'email': 'erik.a.lilleskov@usda.gov', 'has_raw_value': 'Erik Lilleskov', 'name': 'Erik Lilleskov'}, 'add_date': '2017-03-11', 'type': 'nmdc:OmicsProcessing', 'gold_sequencing_project_identifiers': ['gold:Gp0208350'], 'name': 'Metatranscriptome of peatland microbial communities from MTU Mesocosm Facility, Houghton, MI, USA - PEATcosm2014_Bin06_30_metaT', 'instrument_name': 'Illumina HiSeq 2500-1TB', 'ncbi_project_name': 'Metatranscriptome of peatland microbial communities from MTU Mesocosm Facility, Houghton, MI, USA - PEATcosm2014_Bin06_30_metaT', 'omics_type': {'has_raw_value': 'Metatranscriptome'}}
WARNING:__main__:DataObjectNotFount nmdc:807cf9a4ba9ec911dac3952ef9c63ef2
WARNING:__main__:workflow_record: nmdc:a7f1f19facde372fe54b289878c56550, nmdc:ReadQCAnalysisActivity, Read QC Activity for nmdc_mta00v17
WARNING:__main__:has_input: ['nmdc:807cf9a4ba9ec911dac3952ef9c63ef2']
WARNING:__main__:has_output: ['nmdc:3467e0f69d9f23518b451d23532c4161', 'nmdc:051f626b69929ba2859fb5ba0e8fa53d']
WARNING:__main__:omics_processing_record: nmdc:omprc-12-9xha7j45, Metatranscriptome
WARNING:__main__:DataObjectNotFount nmdc:ca9446eccfeb1249094b8a9b6663a8bf
WARNING:__main__:workflow_record: nmdc:a7f1f19facde372fe54b289878c56550, nmdc:MetatranscriptomeActivity, Metatranscriptome Activity for nmdc_mta00v17
WARNING:__main__:has_input: ['nmdc:f43cdcf3d586dcb604a3cebe69781869', 'nmdc:ca9446eccfeb1249094b8a9b6663a8bf']
WARNING:__main__:has_output: ['nmdc:74a981053eb8dfcc4ff36aa1fe38494f', 'nmdc:74bd840d80d8f88d3c87b6f3cfad6d38']
WARNING:__main__:omics_processing_record: nmdc:omprc-12-9xha7j45, Metatranscriptome
WARNING:__main__:OmicsProcessing: no has_output for: nmdc:omprc-12-v9ktn037
WARNING:__main__:omics_processing_record: {'id': 'nmdc:omprc-12-v9ktn037', 'mod_date': '2024-01-25', 'part_of': ['nmdc:sty-11-33fbta56'], 'has_input': ['nmdc:bsm-12-qctyr565'], 'processing_institution': 'JGI', 'principal_investigator': {'email': 'erik.a.lilleskov@usda.gov', 'has_raw_value': 'Erik Lilleskov', 'name': 'Erik Lilleskov'}, 'add_date': '2017-03-11', 'type': 'nmdc:OmicsProcessing', 'gold_sequencing_project_identifiers': ['gold:Gp0208355'], 'name': 'Metatranscriptome of peatland microbial communities from MTU Mesocosm Facility, Houghton, MI, USA - PEATcosm2014_Bin17_10_metaT', 'instrument_name': 'Illumina HiSeq 2500-1TB', 'ncbi_project_name': 'Metatranscriptome of peatland microbial communities from MTU Mesocosm Facility, Houghton, MI, USA - PEATcosm2014_Bin17_10_metaT', 'omics_type': {'has_raw_value': 'Metatranscriptome'}}
WARNING:__main__:DataObjectNotFount nmdc:c6624b04d925d5d03bf91a6a001f7e12
WARNING:__main__:workflow_record: nmdc:683c4a7adaae08cf5456f7b80bb6f4d3, nmdc:ReadQCAnalysisActivity, Read QC Activity for nmdc_mta02s25
WARNING:__main__:has_input: ['nmdc:c6624b04d925d5d03bf91a6a001f7e12']
WARNING:__main__:has_output: ['nmdc:9912b8e301e961447fb4891feed6e36a', 'nmdc:c3649c4bad6e060e219e5851c876a821']
WARNING:__main__:omics_processing_record: nmdc:omprc-12-v9ktn037, Metatranscriptome
WARNING:__main__:DataObjectNotFount nmdc:ca9446eccfeb1249094b8a9b6663a8bf
WARNING:__main__:workflow_record: nmdc:683c4a7adaae08cf5456f7b80bb6f4d3, nmdc:MetatranscriptomeActivity, Metatranscriptome Activity for nmdc_mta02s25
WARNING:__main__:has_input: ['nmdc:ed132eefa3624a1d2f3d0d4d34cb8d41', 'nmdc:ca9446eccfeb1249094b8a9b6663a8bf']
WARNING:__main__:has_output: ['nmdc:f4097e6151ca47864b5b6c212684385a', 'nmdc:6b897fc0d5b9943eade9d7127a900003']
WARNING:__main__:omics_processing_record: nmdc:omprc-12-v9ktn037, Metatranscriptome
WARNING:__main__:OmicsProcessing: no has_output for: nmdc:omprc-12-4vxgfj26
WARNING:__main__:omics_processing_record: {'id': 'nmdc:omprc-12-4vxgfj26', 'mod_date': '2024-01-22', 'part_of': ['nmdc:sty-11-33fbta56'], 'has_input': ['nmdc:bsm-12-kynkbj13'], 'processing_institution': 'JGI', 'principal_investigator': {'email': 'erik.a.lilleskov@usda.gov', 'has_raw_value': 'Erik Lilleskov', 'name': 'Erik Lilleskov'}, 'add_date': '2017-03-11', 'type': 'nmdc:OmicsProcessing', 'gold_sequencing_project_identifiers': ['gold:Gp0208349'], 'name': 'Metatranscriptome of peatland microbial communities from MTU Mesocosm Facility, Houghton, MI, USA - PEATcosm2014_Bin06_10_metaT', 'instrument_name': 'Illumina HiSeq 2500-1TB', 'ncbi_project_name': 'Metatranscriptome of peatland microbial communities from MTU Mesocosm Facility, Houghton, MI, USA - PEATcosm2014_Bin06_10_metaT', 'omics_type': {'has_raw_value': 'Metatranscriptome'}}
WARNING:__main__:DataObjectNotFount nmdc:ad10a5361539089a3381aa196fb89744
WARNING:__main__:workflow_record: nmdc:944e7a4a1a3070061bac6414ec994622, nmdc:ReadQCAnalysisActivity, Read QC Activity for nmdc_mta0dy21
WARNING:__main__:has_input: ['nmdc:ad10a5361539089a3381aa196fb89744']
WARNING:__main__:has_output: ['nmdc:f3a799736781817fea1968f1bd1bb71e', 'nmdc:e940c7b6d4c84cca17475992526dcfcb']
WARNING:__main__:omics_processing_record: nmdc:omprc-12-4vxgfj26, Metatranscriptome
WARNING:__main__:DataObjectNotFount nmdc:ca9446eccfeb1249094b8a9b6663a8bf
WARNING:__main__:workflow_record: nmdc:944e7a4a1a3070061bac6414ec994622, nmdc:MetatranscriptomeActivity, Metatranscriptome Activity for nmdc_mta0dy21
WARNING:__main__:has_input: ['nmdc:8af439ec05648a5f60477a877a1c144e', 'nmdc:ca9446eccfeb1249094b8a9b6663a8bf']
WARNING:__main__:has_output: ['nmdc:ed49dcdb96b092ac587b6c6cdcfc3f3a', 'nmdc:81a5cd1cc91a6dbcb5976d72b8cf9eca']
WARNING:__main__:omics_processing_record: nmdc:omprc-12-4vxgfj26, Metatranscriptome
WARNING:__main__:OmicsProcessing: no has_output for: nmdc:omprc-12-ht3q6r79
WARNING:__main__:omics_processing_record: {'id': 'nmdc:omprc-12-ht3q6r79', 'mod_date': '2024-01-22', 'part_of': ['nmdc:sty-11-33fbta56'], 'has_input': ['nmdc:bsm-12-apwavf24'], 'processing_institution': 'JGI', 'principal_investigator': {'email': 'erik.a.lilleskov@usda.gov', 'has_raw_value': 'Erik Lilleskov', 'name': 'Erik Lilleskov'}, 'add_date': '2017-03-11', 'type': 'nmdc:OmicsProcessing', 'gold_sequencing_project_identifiers': ['gold:Gp0208357'], 'name': 'Metatranscriptome of peatland microbial communities from MTU Mesocosm Facility, Houghton, MI, USA - PEATcosm2014_Bin23_10_metaT', 'instrument_name': 'Illumina HiSeq 2500-1TB', 'ncbi_project_name': 'Metatranscriptome of peatland microbial communities from MTU Mesocosm Facility, Houghton, MI, USA - PEATcosm2014_Bin23_10_metaT', 'omics_type': {'has_raw_value': 'Metatranscriptome'}}
WARNING:__main__:DataObjectNotFount nmdc:38c3efee7e89f8a0a298226246b956c3
WARNING:__main__:workflow_record: nmdc:98cff95ffc921c0c51deec0308e33f2b, nmdc:ReadQCAnalysisActivity, Read QC Activity for nmdc_mta0dx24
WARNING:__main__:has_input: ['nmdc:38c3efee7e89f8a0a298226246b956c3']
WARNING:__main__:has_output: ['nmdc:ef5f9738c3612c740e2fbf391044aa5b', 'nmdc:3628a9a93ecf059328ec403634155cce']
WARNING:__main__:omics_processing_record: nmdc:omprc-12-ht3q6r79, Metatranscriptome
WARNING:__main__:DataObjectNotFount nmdc:ca9446eccfeb1249094b8a9b6663a8bf
WARNING:__main__:workflow_record: nmdc:98cff95ffc921c0c51deec0308e33f2b, nmdc:MetatranscriptomeActivity, Metatranscriptome Activity for nmdc_mta0dx24
WARNING:__main__:has_input: ['nmdc:f2b5a14ab6c0f2dc446fe168a4229468', 'nmdc:ca9446eccfeb1249094b8a9b6663a8bf']
WARNING:__main__:has_output: ['nmdc:50235d983570fcab579e3525f19943d7', 'nmdc:da0f01b93960fdae5ff3b00888d8e97c']
WARNING:__main__:omics_processing_record: nmdc:omprc-12-ht3q6r79, Metatranscriptome
WARNING:__main__:OmicsProcessing: no has_output for: nmdc:omprc-12-46j0gx42
WARNING:__main__:omics_processing_record: {'id': 'nmdc:omprc-12-46j0gx42', 'mod_date': '2024-01-22', 'part_of': ['nmdc:sty-11-33fbta56'], 'has_input': ['nmdc:bsm-12-zxhe0n95'], 'processing_institution': 'JGI', 'principal_investigator': {'email': 'erik.a.lilleskov@usda.gov', 'has_raw_value': 'Erik Lilleskov', 'name': 'Erik Lilleskov'}, 'add_date': '2017-03-11', 'type': 'nmdc:OmicsProcessing', 'gold_sequencing_project_identifiers': ['gold:Gp0208345'], 'name': 'Metatranscriptome of peatland microbial communities from MTU Mesocosm Facility, Houghton, MI, USA - PEATcosm2014_Bin02_10_metaT', 'instrument_name': 'Illumina HiSeq 2500-1TB', 'ncbi_project_name': 'Metatranscriptome of peatland microbial communities from MTU Mesocosm Facility, Houghton, MI, USA - PEATcosm2014_Bin02_10_metaT', 'omics_type': {'has_raw_value': 'Metatranscriptome'}}
WARNING:__main__:DataObjectNotFount nmdc:90716c876b71ca3983495113acf67955
WARNING:__main__:workflow_record: nmdc:3b4ae5bffe83e6a104c95360d63954de, nmdc:ReadQCAnalysisActivity, Read QC Activity for nmdc_mta00292
WARNING:__main__:has_input: ['nmdc:90716c876b71ca3983495113acf67955']
WARNING:__main__:has_output: ['nmdc:566cc849f80d611c0a00d63a1908af88', 'nmdc:72af5ce2a69b702d8f2d37596aa13a80']
WARNING:__main__:omics_processing_record: nmdc:omprc-12-46j0gx42, Metatranscriptome
WARNING:__main__:DataObjectNotFount nmdc:ca9446eccfeb1249094b8a9b6663a8bf
WARNING:__main__:workflow_record: nmdc:3b4ae5bffe83e6a104c95360d63954de, nmdc:MetatranscriptomeActivity, Metatranscriptome Activity for nmdc_mta00292
WARNING:__main__:has_input: ['nmdc:7336e18ce9f6e4569688eaed17e51d83', 'nmdc:ca9446eccfeb1249094b8a9b6663a8bf']
WARNING:__main__:has_output: ['nmdc:96f84c366baeadf3a562da5c239ee8a5', 'nmdc:4af2d5061aa6838765ab8db292b264e2']
WARNING:__main__:omics_processing_record: nmdc:omprc-12-46j0gx42, Metatranscriptome
WARNING:__main__:OmicsProcessing: no has_output for: nmdc:omprc-12-1p19kp03
WARNING:__main__:omics_processing_record: {'id': 'nmdc:omprc-12-1p19kp03', 'mod_date': '2024-01-22', 'part_of': ['nmdc:sty-11-33fbta56'], 'has_input': ['nmdc:bsm-12-a6yx8957'], 'processing_institution': 'JGI', 'principal_investigator': {'email': 'erik.a.lilleskov@usda.gov', 'has_raw_value': 'Erik Lilleskov', 'name': 'Erik Lilleskov'}, 'add_date': '2017-03-11', 'type': 'nmdc:OmicsProcessing', 'gold_sequencing_project_identifiers': ['gold:Gp0208347'], 'name': 'Metatranscriptome of peatland microbial communities from MTU Mesocosm Facility, Houghton, MI, USA - PEATcosm2014_Bin05_10_metaT', 'instrument_name': 'Illumina HiSeq 2500-1TB', 'ncbi_project_name': 'Metatranscriptome of peatland microbial communities from MTU Mesocosm Facility, Houghton, MI, USA - PEATcosm2014_Bin05_10_metaT', 'omics_type': {'has_raw_value': 'Metatranscriptome'}}
WARNING:__main__:DataObjectNotFount nmdc:5ce5ad5801adcb384ab791b300e8ba43
WARNING:__main__:workflow_record: nmdc:6305a511f040e8bef679b8a2e439329e, nmdc:ReadQCAnalysisActivity, Read QC Activity for nmdc_mta0r607
WARNING:__main__:has_input: ['nmdc:5ce5ad5801adcb384ab791b300e8ba43']
WARNING:__main__:has_output: ['nmdc:5123936595d93e72ec86173f29f0f096', 'nmdc:4071f33f286e6e5c09971b4da88fb7d6']
WARNING:__main__:omics_processing_record: nmdc:omprc-12-1p19kp03, Metatranscriptome
WARNING:__main__:DataObjectNotFount nmdc:ca9446eccfeb1249094b8a9b6663a8bf
WARNING:__main__:workflow_record: nmdc:6305a511f040e8bef679b8a2e439329e, nmdc:MetatranscriptomeActivity, Metatranscriptome Activity for nmdc_mta0r607
WARNING:__main__:has_input: ['nmdc:d830add00f1e7822a748f81e99edbc30', 'nmdc:ca9446eccfeb1249094b8a9b6663a8bf']
WARNING:__main__:has_output: ['nmdc:c46d12ccd3b0fc0c08e1182c56223c92', 'nmdc:1b0a42540b22fac68bd801cc0e2615e1']
WARNING:__main__:omics_processing_record: nmdc:omprc-12-1p19kp03, Metatranscriptome
