/Users/MBThornton/Library/Caches/pypoetry/virtualenvs/nmdc-automation-VEpwcKpc-py3.9/lib/python3.9/site-packages/urllib3/__init__.py:34: NotOpenSSLWarning: urllib3 v2 only supports OpenSSL 1.1.1+, currently the 'ssl' module is compiled with 'LibreSSL 2.8.3'. See: https://github.com/urllib3/urllib3/issues/3020
  warnings.warn(
INFO:root:Deleting old objects found in : ./data/nmdc:sty-11-dcqce727_failed_record_dump.json
INFO:root:Using: https://api-napa.microbiomedata.org/
INFO:root:Deleting data_object_set records: ['nmdc:a1c78adb4692bf0e59a7211fdd2771d0', 'nmdc:212caffa73a5b1663ac75f235d1dcfb4', 'nmdc:1ee0c561ab644999620dd7f7b9033bd1', 'nmdc:f8f77ffd24e01ee042132023d7c4149a', 'nmdc:e3486e2c9772c766ff6e76c08cae4fc8']
INFO:root:Deleting query posted with response: {'ok': 1, 'n': 0}
INFO:root:Deleting mags_activity_set records: ['nmdc:34dbd761ee939aa0babda34c056cbd4b']
INFO:root:Deleting query posted with response: {'ok': 1, 'n': 0}
INFO:root:Deleting data_object_set records: ['nmdc:956c5648ab7f52d6a7a399a95bc03e7b', 'nmdc:a47011256b626c6b9b06e99ce6e2c0e1', 'nmdc:4d37ea962d5efae513eda5df68dc4874', 'nmdc:7ea73b6088594317588fc409e34ed2e3', 'nmdc:91722ceaf76d518dd4dd080fbb069eb4']
INFO:root:Deleting query posted with response: {'ok': 1, 'n': 0}
INFO:root:Deleting mags_activity_set records: ['nmdc:9daae34cdca40402b0a61bc4c3158982']
INFO:root:Deleting query posted with response: {'ok': 1, 'n': 0}
INFO:root:Deleting data_object_set records: ['nmdc:1a992fa35a7236c801d886c91466ccc3', 'nmdc:694e44885683fa95c0997e10139cafa8', 'nmdc:977a723a19f847e88e446a3cb049b664', 'nmdc:41c2e3ed9a874583cbca4cb6def90a63', 'nmdc:81ff85cfda4b027f4f8772eb713979da']
INFO:root:Deleting query posted with response: {'ok': 1, 'n': 0}
INFO:root:Deleting mags_activity_set records: ['nmdc:aed6288d24e0efe01fe77e883beefcdd']
INFO:root:Deleting query posted with response: {'ok': 1, 'n': 0}
INFO:root:Deleting data_object_set records: ['nmdc:d0f4484800deb7b5664f7283fb5c7041', 'nmdc:062865a0bf08f7900b962b2e92c78d04', 'nmdc:ea7ef1b26cdf56a0556a38d6c8e4115d', 'nmdc:1944e9bc23eeace030949363c2e3e9ad', 'nmdc:200cdac52f098e36c36c5ebd91ab5ccb']
INFO:root:Deleting query posted with response: {'ok': 1, 'n': 0}
INFO:root:Deleting mags_activity_set records: ['nmdc:5ddc7a733aaa7e5a03d70ba2b3368345']
INFO:root:Deleting query posted with response: {'ok': 1, 'n': 0}
INFO:root:Deleting data_object_set records: ['nmdc:910b13998102d5af2faad5b7e58317aa', 'nmdc:a06e875e98faea86ceb610545ed29771', 'nmdc:497c358939fa3ee5ad72037a92fdcb61', 'nmdc:535633a3b3cb9ad0f78d10989b03ec6b', 'nmdc:5faee0e9566383aa6329460ea1cc78db']
INFO:root:Deleting query posted with response: {'ok': 1, 'n': 0}
INFO:root:Deleting mags_activity_set records: ['nmdc:42bde508cfceec40d3320554543edce6']
INFO:root:Deleting query posted with response: {'ok': 1, 'n': 0}
INFO:root:Deleting data_object_set records: ['nmdc:1b443655baa026eefd4e338b0c2a07a2', 'nmdc:0c418399fe6c920aa1634120e7b13952', 'nmdc:9f9bed29212b84f765ae486b00467de3', 'nmdc:6be537ad1a49f68ac260f9b9bc780e86', 'nmdc:001ddebab5afd882816906553c7b97c6']
INFO:root:Deleting query posted with response: {'ok': 1, 'n': 0}
INFO:root:Deleting mags_activity_set records: ['nmdc:4bcfd096cb916513d2d4ace59d03e049']
INFO:root:Deleting query posted with response: {'ok': 1, 'n': 0}
INFO:root:Deleting data_object_set records: ['nmdc:b281df1c4b35758d0763c83986fffef9', 'nmdc:cf2c7414dc5890e8c87032c46ea72442', 'nmdc:315da343245f253a3fbf4e6d9fcf921f', 'nmdc:51428bb540b95cc5798736db1167065e', 'nmdc:9362777698c44a321e65ab9279f47cc7']
INFO:root:Deleting query posted with response: {'ok': 1, 'n': 0}
INFO:root:Deleting mags_activity_set records: ['nmdc:bd873c28ea7329369b5bc77bd4b89884']
INFO:root:Deleting query posted with response: {'ok': 1, 'n': 0}
INFO:root:Deleting data_object_set records: ['nmdc:338184375276775995b1093cdf2b1e0d', 'nmdc:23a01b39253f2325cd4139ca8841eae3', 'nmdc:8a3a7ffab8106469a609e59f3d58c49f', 'nmdc:6b413c3f99b3d23e73a4626d619a50bd', 'nmdc:5d7850a4c83cbb9ec88e8133e7763332']
INFO:root:Deleting query posted with response: {'ok': 1, 'n': 0}
INFO:root:Deleting mags_activity_set records: ['nmdc:a9b856016e98a9adf43cd8947b78c430']
INFO:root:Deleting query posted with response: {'ok': 1, 'n': 0}
INFO:root:Deleting data_object_set records: ['nmdc:7b3e0501495739464bae7f9aa63567f2', 'nmdc:25ed242f8eae10e9a793ce93f08e49b1', 'nmdc:db961ce9101cb90ea85d1518d306fff1', 'nmdc:b8bf8dfde57d9177dfa20a9ff24f55df', 'nmdc:8ef5816de3eb45c2a83857bd7c30475f']
INFO:root:Deleting query posted with response: {'ok': 1, 'n': 0}
INFO:root:Deleting mags_activity_set records: ['nmdc:51dc1a161ec54d3efa11858102890dfa']
INFO:root:Deleting query posted with response: {'ok': 1, 'n': 0}
INFO:root:Deleting data_object_set records: ['nmdc:9aa3ee843777a2cec1815a06931b68c2', 'nmdc:77bb221a38b1dc44efd44d72b5b7a870', 'nmdc:beb46d6a07cffd930630060175d43814', 'nmdc:ee27630f9850a889966d58a5bec0a515', 'nmdc:9b1c46350c2917659b2606312932088f']
INFO:root:Deleting query posted with response: {'ok': 1, 'n': 0}
INFO:root:Deleting mags_activity_set records: ['nmdc:0fe003b11eef4ba0c616b561ab0d684c']
INFO:root:Deleting query posted with response: {'ok': 1, 'n': 0}
INFO:root:Deleting data_object_set records: ['nmdc:d2442a77e1ce168a45e8e4d95b55e6e6', 'nmdc:e38e72f5e7d13ff6828dc7523953d299', 'nmdc:b65c1a51fbe14105800e0e1dccfd59c6', 'nmdc:9c50817fc6e958c7beb0020948e32744', 'nmdc:9d6341b354dd9c6a3ccda5d05f402d52']
INFO:root:Deleting query posted with response: {'ok': 1, 'n': 0}
INFO:root:Deleting mags_activity_set records: ['nmdc:534d3ee21e05a7fe6b324082568cd114']
INFO:root:Deleting query posted with response: {'ok': 1, 'n': 0}
INFO:root:Deleting data_object_set records: ['nmdc:e2c027dd97b777c073ed0588adf27012', 'nmdc:eac8838210d2e7d85956d5b06003c3d5', 'nmdc:b87ce069960dbf382beb05ef27081b7e', 'nmdc:d8a9820d612b662f0b74996cb57641e8', 'nmdc:1a8d73463df64f71a3253bc719543354']
INFO:root:Deleting query posted with response: {'ok': 1, 'n': 0}
INFO:root:Deleting mags_activity_set records: ['nmdc:5d7d96366bfdc04c13d0d459ec44d9d6']
INFO:root:Deleting query posted with response: {'ok': 1, 'n': 0}
INFO:root:Deleting data_object_set records: ['nmdc:338532067440b6407f95ff8313a95645', 'nmdc:c65ece41fc5213787336288f3ac967dc', 'nmdc:5905bbab587dfa7d30b17bf81a301225', 'nmdc:78fb6e5993b46cff8da066ae50c533c1', 'nmdc:7c4ac08a51c2f990dbcfaf8c245c8b82']
INFO:root:Deleting query posted with response: {'ok': 1, 'n': 0}
INFO:root:Deleting mags_activity_set records: ['nmdc:a8a526ad1e5caef313473e3d595ab9f1']
INFO:root:Deleting query posted with response: {'ok': 1, 'n': 0}
INFO:root:Deleting data_object_set records: ['nmdc:4042e89edfd364d4a25f7faf8c0474c3', 'nmdc:2f2f207eb7dcd065b9f3de8681034a5b', 'nmdc:fcb2008bf3f7c5ff2d9bcf0ab0068eb4', 'nmdc:53c45f99a11932252f2acf2407e45274', 'nmdc:716f5a7193a9c231ef69f5d1488d062d']
INFO:root:Deleting query posted with response: {'ok': 1, 'n': 0}
INFO:root:Deleting mags_activity_set records: ['nmdc:6a7e44e1e34a96cf1efa7c29ac3bb02d']
INFO:root:Deleting query posted with response: {'ok': 1, 'n': 0}
INFO:root:Deleting data_object_set records: ['nmdc:c06039dc43953a44ab0ed94968e7c3a6', 'nmdc:2a7661010f2340216933dc88531aa7c5', 'nmdc:6e975264e8ea1c419c49ddc9ea18c984', 'nmdc:4151928e6faaa5e3da36d5eb53f805ac', 'nmdc:b1eae7de9053e12a4cf7cabaa82e84f8']
INFO:root:Deleting query posted with response: {'ok': 1, 'n': 0}
INFO:root:Deleting mags_activity_set records: ['nmdc:60eb5be289ff86d24e3fc88054f62e47']
INFO:root:Deleting query posted with response: {'ok': 1, 'n': 0}
INFO:root:Deleting data_object_set records: ['nmdc:5723e997a25d5154e9f57243a54be64b', 'nmdc:870885de3ed9586c86c9a8b0e60ea909', 'nmdc:b49238fb0c7f1c41bc3a3b67f840d1f4', 'nmdc:7b0cf7c9631007cf3097995eef1fd9f0', 'nmdc:de8328a0c04d2c3093514a8ee54e02f6']
INFO:root:Deleting query posted with response: {'ok': 1, 'n': 0}
INFO:root:Deleting mags_activity_set records: ['nmdc:a4390cc0018042fc45d5bc312bd09d3d']
INFO:root:Deleting query posted with response: {'ok': 1, 'n': 0}
INFO:root:Deleting data_object_set records: ['nmdc:aa585e7ca35fe19d4efabf8766f13467', 'nmdc:b4d170d315f6f70669a6aac6f3d6db98', 'nmdc:f19ec52280200441d8a7567fc0027402', 'nmdc:276b238bd54bb6fa8c481f4f95b3ac67', 'nmdc:0e7471a27bc0128573a23e9af444c157']
INFO:root:Deleting query posted with response: {'ok': 1, 'n': 0}
INFO:root:Deleting mags_activity_set records: ['nmdc:cf8fa9baf49f77cfa34b94cdcdb04c71']
INFO:root:Deleting query posted with response: {'ok': 1, 'n': 0}
INFO:root:Deleting data_object_set records: ['nmdc:f5b1041e939a586f31aa10b03ab240db', 'nmdc:251e7f978d6542bdbba72b1c2b37f7b7', 'nmdc:d8b9ecdb7a5b0d60abb7b39c288aa31c', 'nmdc:42a8252ecbd8efd491c0dc2a49a13365', 'nmdc:e9b4f09699ca23d482eada4e0294ce2f']
INFO:root:Deleting query posted with response: {'ok': 1, 'n': 0}
INFO:root:Deleting mags_activity_set records: ['nmdc:1b1e727ee5bf8e6f8750f3a606b3acfc']
INFO:root:Deleting query posted with response: {'ok': 1, 'n': 0}
INFO:root:Deleting data_object_set records: ['nmdc:be8820dbca136c0cff9d102471191a06', 'nmdc:72a54f6e9e7b0789beaaa49ead8d177d', 'nmdc:609bc21840712b5cb54ab7bd6ddb16e4', 'nmdc:c451113d71a9484d145586649a31f99b', 'nmdc:7745be8dcf11d07d304690699b1cfb5b']
INFO:root:Deleting query posted with response: {'ok': 1, 'n': 0}
INFO:root:Deleting mags_activity_set records: ['nmdc:72379f13da6e6f7f7da7dd5a40bfcb79']
INFO:root:Deleting query posted with response: {'ok': 1, 'n': 0}
INFO:root:Deleting data_object_set records: ['nmdc:136f455d9520973bb16feb197f1106da', 'nmdc:0c8b876f7bf7f53fdbaedb4ee22081f5', 'nmdc:74435a764ce42700c9c650a4e1ea4747', 'nmdc:8ba225b06ef2ba58bae9e5182264d61b', 'nmdc:1970aab75d12c8d3a166468d8187b66d']
INFO:root:Deleting query posted with response: {'ok': 1, 'n': 0}
INFO:root:Deleting mags_activity_set records: ['nmdc:691437b2b7c3ac72441d48c7acb23ea6']
INFO:root:Deleting query posted with response: {'ok': 1, 'n': 0}
INFO:root:Deleting data_object_set records: ['nmdc:1549ebff32494a594d7ed1155141ce6f', 'nmdc:c77a4c98616bb4aa69b699a16ab20e9f', 'nmdc:3d0c8c3097b470f89ceceb600ec3d51e', 'nmdc:5a12597af96c1f44d48a2af4796e5e0b', 'nmdc:b75439b5abd0d4c7ff4ec4e9dee563e4']
INFO:root:Deleting query posted with response: {'ok': 1, 'n': 0}
INFO:root:Deleting mags_activity_set records: ['nmdc:c4f3f8a15d9081e8586ab6fe9c070239']
INFO:root:Deleting query posted with response: {'ok': 1, 'n': 0}
INFO:root:Deleting data_object_set records: ['nmdc:b55b3f8b715c6c1060a5d64b357419cb', 'nmdc:42a23efd86fd08b1262db97dcc7f1846', 'nmdc:4c078b7237e5648cd4e896da7762ada7', 'nmdc:dd76d1e33f42daa27f2518418cf12baa', 'nmdc:bb5a1a36660fedb11b2d5b036d56a3d9']
INFO:root:Deleting query posted with response: {'ok': 1, 'n': 0}
INFO:root:Deleting mags_activity_set records: ['nmdc:a798064b8c51fd4cd87663ee4276646c']
INFO:root:Deleting query posted with response: {'ok': 1, 'n': 0}
INFO:root:Deleting data_object_set records: ['nmdc:b5ec84d8b62af772f633c8b331db5a11', 'nmdc:ee5105db807bf3e6044a360e2f4b0200', 'nmdc:1952465aa17d46ba76d054ccff319a35', 'nmdc:f3993cfc1aeeb4beefe9e611a35e837e', 'nmdc:df21e42c589414ddef7aa3eca1235ce5']
INFO:root:Deleting query posted with response: {'ok': 1, 'n': 0}
INFO:root:Deleting mags_activity_set records: ['nmdc:0280232355359cb9fd10451f5c3327f2']
INFO:root:Deleting query posted with response: {'ok': 1, 'n': 0}
INFO:root:Deleting data_object_set records: ['nmdc:ba1fc42e095bbe4ec0b15f927986f9e5', 'nmdc:93758d6a09148b37f35ae27a047cd276', 'nmdc:5d2ef68f028384489e12bcb14780699c', 'nmdc:1d1f444ce977d1deaaee785e7ff33b43', 'nmdc:353d46732e41b8d72d14d735ef188087']
INFO:root:Deleting query posted with response: {'ok': 1, 'n': 0}
INFO:root:Deleting mags_activity_set records: ['nmdc:bff1ad6f01056c624761521883e250a2']
INFO:root:Deleting query posted with response: {'ok': 1, 'n': 0}
INFO:root:Deleting data_object_set records: ['nmdc:bb3724b7831695761f813a1a61481f83', 'nmdc:b16f27f683aea04e7e9b524b61f931dd', 'nmdc:ca9ac2e078586ac2473ff3d2fb649de1', 'nmdc:aefd1d4a2ef126c8102e2710823a16cb', 'nmdc:fa29f6affa109be304d902af0dca3bf5']
INFO:root:Deleting query posted with response: {'ok': 1, 'n': 0}
INFO:root:Deleting mags_activity_set records: ['nmdc:9e7b128c73ad788f62ec52aea24febf2']
INFO:root:Deleting query posted with response: {'ok': 1, 'n': 0}
INFO:root:Deleting data_object_set records: ['nmdc:a69f429a634edfbf3187ee557fbfbeff', 'nmdc:529409878191b018390f935d7fd6074e', 'nmdc:044461422788396c3f7df43019524343', 'nmdc:99a82788cf686f00914a57761e58b547', 'nmdc:e43166c664f75b0d85d8c562aab2be9a']
INFO:root:Deleting query posted with response: {'ok': 1, 'n': 0}
INFO:root:Deleting mags_activity_set records: ['nmdc:29afabd73ba8023e17d73923392f2e96']
INFO:root:Deleting query posted with response: {'ok': 1, 'n': 0}
INFO:root:Deleting data_object_set records: ['nmdc:7d816def7476773383237e76be2d5b9b', 'nmdc:b13751bedce9c558f1badaf1c6a4d1ac', 'nmdc:c690843d2c5402bcfcb1e3957b311dfa', 'nmdc:143d80592496bc7e3857d6f5c6540e37', 'nmdc:f73dbe22e49192f90415477c8ea57b3e']
INFO:root:Deleting query posted with response: {'ok': 1, 'n': 0}
INFO:root:Deleting mags_activity_set records: ['nmdc:fcfbf8a3c6be76506f5e46683e0a6435']
INFO:root:Deleting query posted with response: {'ok': 1, 'n': 0}
INFO:root:Deleting data_object_set records: ['nmdc:22e11642c7594860da6154d8212bd501', 'nmdc:7dee8eec23a5819727c42de270a1860e', 'nmdc:a2476ea4e6b0effff5a672092bee8065', 'nmdc:867968ccf7b3b5bab6d671ef559eb484', 'nmdc:8ed0e520f83f1487eb9aa3c54b77a0ee']
INFO:root:Deleting query posted with response: {'ok': 1, 'n': 0}
INFO:root:Deleting mags_activity_set records: ['nmdc:4a9d1ae5eef8c33bdc6843e9e423a474']
INFO:root:Deleting query posted with response: {'ok': 1, 'n': 0}
INFO:root:Deleting data_object_set records: ['nmdc:20505d819238207ac4872847017f99a0', 'nmdc:5a5d484010d73048dd328422a4aab52e', 'nmdc:b1c3957b53bd96b2a2c00161eb283cf7', 'nmdc:e33fdf474baf5e5d8b338b3d97194675', 'nmdc:a67c6f04b428965037d270e192cd3a3f']
INFO:root:Deleting query posted with response: {'ok': 1, 'n': 0}
INFO:root:Deleting mags_activity_set records: ['nmdc:5be8577a376c7dec956ad257a385125b']
INFO:root:Deleting query posted with response: {'ok': 1, 'n': 0}
INFO:root:Deleting data_object_set records: ['nmdc:746ea66686c80c69c8a7da41312d2f34', 'nmdc:36fc5a3813d47e077e63297eaba19bc1', 'nmdc:c532bcf0e8cc2c299cafe66841a02636', 'nmdc:6c0c897129cfe4f635cbe5c76c231d95', 'nmdc:a2e773a41d0d412959911f3099b521ad']
INFO:root:Deleting query posted with response: {'ok': 1, 'n': 0}
INFO:root:Deleting mags_activity_set records: ['nmdc:6156ca2868babc1b9596546b81e4351f']
INFO:root:Deleting query posted with response: {'ok': 1, 'n': 0}
INFO:root:Deleting data_object_set records: ['nmdc:0e997f39fa79e177f3dd293ded6c6507', 'nmdc:489c7ee3593da7a53e659e9314fc291d', 'nmdc:2390235c022a80379b8f07dbd1e5e299', 'nmdc:d348f7d2bbce2f7059603a8617dfe7cc', 'nmdc:b2134a8c5c67b3a81e145c41bdf0e3dd']
INFO:root:Deleting query posted with response: {'ok': 1, 'n': 0}
INFO:root:Deleting mags_activity_set records: ['nmdc:4116632707c28903a4d804f68a7b0365']
INFO:root:Deleting query posted with response: {'ok': 1, 'n': 0}
INFO:root:Deleting data_object_set records: ['nmdc:bb5d82e11357c320ce90e525ac8c0727', 'nmdc:271627554ffefee4d004fad3960ee192', 'nmdc:5a753379f90a286939f06a083fb0d9e2', 'nmdc:91e65503b694b6e9ddab94c9f8ed9737', 'nmdc:b76e68c36dc844648b1c7b0a0ff98cfb']
INFO:root:Deleting query posted with response: {'ok': 1, 'n': 0}
INFO:root:Deleting mags_activity_set records: ['nmdc:21d523e4045c130c1c62404601ff11f5']
INFO:root:Deleting query posted with response: {'ok': 1, 'n': 0}
INFO:root:Deleting data_object_set records: ['nmdc:c77008c86aa5dbeec0ad0127696d488c', 'nmdc:f8ce476a647f439c830ac0ffb39b8e1e', 'nmdc:9937fdd842285d1f582ec695164f9784', 'nmdc:6e05d94f5b66b62c8807713b6c401d80', 'nmdc:f5a6c5795d552941489d2ddcd2e27be8']
INFO:root:Deleting query posted with response: {'ok': 1, 'n': 0}
INFO:root:Deleting mags_activity_set records: ['nmdc:882054466780d767f32534923f0e598b']
INFO:root:Deleting query posted with response: {'ok': 1, 'n': 0}
INFO:root:Deleting data_object_set records: ['nmdc:3c42f0e15806328d4399f2072abc2d47', 'nmdc:ab1176618101c972726136430dfaac2b', 'nmdc:063772176d863c135ff40e609a8c5492', 'nmdc:48a3c432a55a85fedfa2c025f5fe1434', 'nmdc:de88de9a4d8ce7242493c3c0229c50d9']
INFO:root:Deleting query posted with response: {'ok': 1, 'n': 0}
INFO:root:Deleting mags_activity_set records: ['nmdc:2e0118504a4a8a5f3b1ffcf90010acd3']
INFO:root:Deleting query posted with response: {'ok': 1, 'n': 0}
INFO:root:Deleting data_object_set records: ['nmdc:b6f16fd546beb87e95ded5b9693aa282', 'nmdc:898d7bed3ab9aff059bc276cb6c07831', 'nmdc:848ed6bcf273b2296f6f232cbe7117bb', 'nmdc:e22998c78681393f858a6b925f0ae5c1', 'nmdc:4aca5e328cc6edb08d3d03cc1f0b2093']
INFO:root:Deleting query posted with response: {'ok': 1, 'n': 0}
INFO:root:Deleting mags_activity_set records: ['nmdc:7d0ce07a66c5014b082272573e2f3916']
INFO:root:Deleting query posted with response: {'ok': 1, 'n': 0}
INFO:root:Deleting data_object_set records: ['nmdc:d0ff40db26477624892c57a9045d6b59', 'nmdc:0c84da0b91ee5d90343e6c1b012b2783', 'nmdc:e4c0213a08ad3655417f41231fdff363', 'nmdc:bdac77f5778ebf7ca9fa4c0e3a1fd6d4', 'nmdc:4a002cf190775aaaf95dd079d5d33210']
INFO:root:Deleting query posted with response: {'ok': 1, 'n': 0}
INFO:root:Deleting mags_activity_set records: ['nmdc:bfccdfaf9ea4406c2ca88c34de7d9d17']
INFO:root:Deleting query posted with response: {'ok': 1, 'n': 0}
INFO:root:Deleting data_object_set records: ['nmdc:81e52ea39b2381ea8b24b1fd0323f629', 'nmdc:24fc8d8ed9c33f94717802247d694f83', 'nmdc:ebe0e8f02c5b55d80359c750f98f4775', 'nmdc:cffcc9abadf279d58e66a0187a70a3a3', 'nmdc:6e1c215b00689271342662b05c6ae896']
INFO:root:Deleting query posted with response: {'ok': 1, 'n': 0}
INFO:root:Deleting mags_activity_set records: ['nmdc:a10b9b9e42d2a8510eb23f1a813b3411']
INFO:root:Deleting query posted with response: {'ok': 1, 'n': 0}
INFO:root:Deleting data_object_set records: ['nmdc:74884e6a3078a5089cb644ed2ce2a1f8', 'nmdc:8358522b00afe400ac1241530fda0f03', 'nmdc:0b2e835d47f250d5c739634d99741f69', 'nmdc:9426f499d605e1c39bcdca9167fcecb6', 'nmdc:acbb71507785d6162b6a32d278497f4d']
INFO:root:Deleting query posted with response: {'ok': 1, 'n': 0}
INFO:root:Deleting mags_activity_set records: ['nmdc:52befc9a6ede621ad9134d09e2c51be5']
INFO:root:Deleting query posted with response: {'ok': 1, 'n': 0}
INFO:root:Deleting data_object_set records: ['nmdc:375e1e473e18441e9080c176cabf8831', 'nmdc:5a53989f8c0a91831c23260fd349e41d', 'nmdc:cf2bbb596ae0e5e3e906e787a0c60253', 'nmdc:f849c6997666143faf4e729b6193404a', 'nmdc:dcd428589885dbb8f00e501670a49a5d', 'nmdc:cad013e08e75f180fbc180e80387ed35', 'nmdc:2adb1c1d08fdedb4aa4faa205b837ad3', 'nmdc:95210ee65649c6a569e2e54656af6232']
INFO:root:Deleting query posted with response: {'ok': 1, 'n': 0}
INFO:root:Deleting metagenome_assembly_set records: ['nmdc:48b969725524a819fd466b4a7af8d761']
INFO:root:Deleting query posted with response: {'ok': 1, 'n': 0}
INFO:root:Deleting metatranscriptome_activity_set records: ['nmdc:4da086e85617558336ba4914f6c8ab4b']
INFO:root:Deleting query posted with response: {'ok': 1, 'n': 0}
INFO:root:Deleting data_object_set records: ['nmdc:06e867a019989dee54d8904171a7bdcf', 'nmdc:bcdb64166995417e582c805a95347724', 'nmdc:5ec38380a55350e8c6baca4f278099eb', 'nmdc:82319414509cb49fb3a1dcd8bf5bc228', 'nmdc:a74cda09a271cff32dc746043a4cd76c']
INFO:root:Deleting query posted with response: {'ok': 1, 'n': 0}
INFO:root:Deleting mags_activity_set records: ['nmdc:b2f6b2cf59b449e1fa438b0334f14d28']
INFO:root:Deleting query posted with response: {'ok': 1, 'n': 0}
INFO:root:Deleting data_object_set records: ['nmdc:767f9651735244a1bbd3608ca483921c', 'nmdc:6978280949bfb79f806a0f1eb751bab7', 'nmdc:74790e3e176d08c1be0dfff461a6c20b', 'nmdc:9361d26104825a6e7351a011ed90b8ec', 'nmdc:15c17bc91baa24259f6700c7f7714f2c', 'nmdc:9b9a71df665fef1acdfbb0a3360dbab0', 'nmdc:4730bd9ce56df101cac1ab26951dce20', 'nmdc:10f05b665c93ff07548a0b46ea28b4ff']
INFO:root:Deleting query posted with response: {'ok': 1, 'n': 0}
INFO:root:Deleting metagenome_assembly_set records: ['nmdc:aa6fb2c4077c6ac29e279e7f40c540c7']
INFO:root:Deleting query posted with response: {'ok': 1, 'n': 0}
INFO:root:Deleting metatranscriptome_activity_set records: ['nmdc:18c16f90bbe0d16dc1eceb9f548674b8']
INFO:root:Deleting query posted with response: {'ok': 1, 'n': 0}
INFO:root:Deleting data_object_set records: ['nmdc:06208479e17d720be233c4064502d911', 'nmdc:9efdc83a3ec26bb98cff59c52d3313ed', 'nmdc:5ff4f16e9624d841fcb4ffe773a92d6c', 'nmdc:bb3f40bcda0e78080d6435e564691f0a', 'nmdc:073ee4108b8a6eb7eeed199a807d2218', 'nmdc:8a4970f4f79d35b29f2c44efbb3264b9', 'nmdc:30bb1a36fa7c20f4133ae54e3ff0fb6d', 'nmdc:fe62845b55f6eaca8c6c723cec179fe8']
INFO:root:Deleting query posted with response: {'ok': 1, 'n': 0}
INFO:root:Deleting metagenome_assembly_set records: ['nmdc:593bb32f7dab3f3bdaf96aef596944aa']
INFO:root:Deleting query posted with response: {'ok': 1, 'n': 0}
INFO:root:Deleting metatranscriptome_activity_set records: ['nmdc:551df525ca7e42247496a78f06bf3d2a']
INFO:root:Deleting query posted with response: {'ok': 1, 'n': 0}
INFO:root:Deleting data_object_set records: ['nmdc:5d25961f72ee4e762133ed677fe5092e', 'nmdc:d0b40c702b1a10d401c40d694637b092', 'nmdc:23de73429ea186eb23a46592003001f4', 'nmdc:e847d707b704922f8b156c6bc5b468c0', 'nmdc:595f01b9f2496cf4a25203e8b5e93184', 'nmdc:769a37fa30f0242c0487398499f5dd77', 'nmdc:3180cab32153be7581a10ad54bf6696e', 'nmdc:97e5ab988242d8ee43bea06b3699ffaf']
INFO:root:Deleting query posted with response: {'ok': 1, 'n': 0}
INFO:root:Deleting metagenome_assembly_set records: ['nmdc:06f4ce4cf554bba460906cbef0eb0469']
INFO:root:Deleting query posted with response: {'ok': 1, 'n': 0}
INFO:root:Deleting metatranscriptome_activity_set records: ['nmdc:36fc337d854ea6b3b72a34efc7d082ce']
INFO:root:Deleting query posted with response: {'ok': 1, 'n': 0}
INFO:root:Deleting data_object_set records: ['nmdc:e0e1a522ae56c12fecfa052bb07c99b2', 'nmdc:2a43b73694d9a716e042b8d958a203b7', 'nmdc:715afbc6d044f0f27fd1217fad306842', 'nmdc:f2831bc4ad1709b98ca2602acdf927e6', 'nmdc:75bf5ad3fb0dc99ba93baa2b88841a92']
INFO:root:Deleting query posted with response: {'ok': 1, 'n': 0}
INFO:root:Deleting mags_activity_set records: ['nmdc:5f54bdb753d1a7ad34dc79e61b3ed0fa']
INFO:root:Deleting query posted with response: {'ok': 1, 'n': 0}
INFO:root:Deleting data_object_set records: ['nmdc:c67be2f9e06c3c44d396172ca9aed50d', 'nmdc:2f30238a294382b213724adaf35d932e', 'nmdc:1a2c5a6baeb07545dbbc7ac0f165041e', 'nmdc:38476d2025aab54b89326930d1d99a7e', 'nmdc:d53437efcaf24778eef7b285dbbace08', 'nmdc:890326c9819489d16b8c220beb1acbfd', 'nmdc:70190d8cb7fda43907d4d76d78ae32bd', 'nmdc:13aa8beee76cfe626fd0387011647103']
INFO:root:Deleting query posted with response: {'ok': 1, 'n': 0}
INFO:root:Deleting metagenome_assembly_set records: ['nmdc:b817fa895ef0478c1b520d81234ed4e6']
INFO:root:Deleting query posted with response: {'ok': 1, 'n': 0}
INFO:root:Deleting metatranscriptome_activity_set records: ['nmdc:aa1d34caac3be3d5e73569a3f475ef9f']
INFO:root:Deleting query posted with response: {'ok': 1, 'n': 0}
INFO:root:Deleting data_object_set records: ['nmdc:4cbdadf247e6c52f76b104ad880e87f9', 'nmdc:eb7197c56e1c14c26db357109d6256b6', 'nmdc:4468a6fbc0d9abd0cb21c5a7d2a99300', 'nmdc:66dcd1e5408ccdaa8ec4fd3c78edfe96', 'nmdc:4c111d63caf7258fb858868a8f60c5db', 'nmdc:030808cbe8122404987a9a39540b8803', 'nmdc:868bcc87e358228330a2a151b75ca209', 'nmdc:7bd1bba9c97db33619c0eac988f55598']
INFO:root:Deleting query posted with response: {'ok': 1, 'n': 0}
INFO:root:Deleting metagenome_assembly_set records: ['nmdc:ba273004d5ebc92c8006bd0907115554']
INFO:root:Deleting query posted with response: {'ok': 1, 'n': 0}
INFO:root:Deleting metatranscriptome_activity_set records: ['nmdc:ce28f6d5264c2669a19ed786d8e76ba6']
INFO:root:Deleting query posted with response: {'ok': 1, 'n': 0}
INFO:root:Deleting data_object_set records: ['nmdc:6bc7d031516e2f0ff573f10a4310e7c0', 'nmdc:9926810bf1cd1ef2d95d30d999db37b8', 'nmdc:17d87320bafa602e2e902a6aa2a2bc93', 'nmdc:603e3af35f33d0a5c87fc7a111c279e2', 'nmdc:eb74dda0d0bffb4ad4db6e46bb25c4a1', 'nmdc:d98c2ddd584dad01799d7604664ae71e', 'nmdc:1bf3ecbb7e900055c54119a8eeeca5fb', 'nmdc:48504eafd6d1bcfebb8abe4c69cdff14']
INFO:root:Deleting query posted with response: {'ok': 1, 'n': 0}
INFO:root:Deleting metagenome_assembly_set records: ['nmdc:8b713e98874225415bade4316ecb8461']
INFO:root:Deleting query posted with response: {'ok': 1, 'n': 0}
INFO:root:Deleting metatranscriptome_activity_set records: ['nmdc:835a086fbd66902932f9747bb0a4aaa7']
INFO:root:Deleting query posted with response: {'ok': 1, 'n': 0}
INFO:root:Deleting data_object_set records: ['nmdc:cca1ac3ab0142f63f341992f4ef4d579', 'nmdc:2c7971b5b0d8d974f222c9baa0a47890', 'nmdc:75e17767aa1bc200f6eb1637a6c69b48', 'nmdc:327332d6a186ebffe2c40fc2127f0b86', 'nmdc:aa296cea444bb9cd11fa82793032b1b0', 'nmdc:eb854743ead9f8e2b91528877551bc17', 'nmdc:4c75fee914dccf1d4f0c980b268dd246', 'nmdc:12d494f22c676524537ba98733679f94']
INFO:root:Deleting query posted with response: {'ok': 1, 'n': 0}
INFO:root:Deleting metagenome_assembly_set records: ['nmdc:4132492c56fe1e6c7d0fa05377d5f1ff']
INFO:root:Deleting query posted with response: {'ok': 1, 'n': 0}
INFO:root:Deleting metatranscriptome_activity_set records: ['nmdc:d656258f90d36cab30b3e7467b945342']
INFO:root:Deleting query posted with response: {'ok': 1, 'n': 0}
INFO:root:Deleting data_object_set records: ['nmdc:d8f2dc43879e1c4d35a063d14c7e4826', 'nmdc:61a987a9494fe2838ec9506394216473', 'nmdc:a7b61e3a0656ff3a98fb1e36e2f202c4', 'nmdc:891e07bceb811b87f783568832ae84e6', 'nmdc:5f48f28400adbe6ca0d2bca894f0bee9', 'nmdc:81b95edbf7bc629a883e5485e896c98c', 'nmdc:7d93ba005e4216c1b53c37345762731c', 'nmdc:5968b0198d30a6b7caff8bb8b988da5d']
INFO:root:Deleting query posted with response: {'ok': 1, 'n': 0}
INFO:root:Deleting metagenome_assembly_set records: ['nmdc:2dde1ce95a96f1c99872e2ad99bffc42']
INFO:root:Deleting query posted with response: {'ok': 1, 'n': 0}
INFO:root:Deleting metatranscriptome_activity_set records: ['nmdc:c2c77ec3a7535421c0589422f7155af8']
INFO:root:Deleting query posted with response: {'ok': 1, 'n': 0}
INFO:root:Deleting data_object_set records: ['nmdc:65b3a13846b1db032c0159d3b14d1073', 'nmdc:ef2e8f8bbff2fa30ef75935b110d9aaa', 'nmdc:ca3149240f9f7c91bd38ce8aedc858fc', 'nmdc:0770f517a3befbbce0de2bfd786952e6', 'nmdc:fa5c08246104cd159e03b1764d209a7c', 'nmdc:879c00c000a1fbfbf94afd998d4169ed', 'nmdc:cf45418e3e01b80f426f9167be70e123', 'nmdc:dbc2829a4cbcd4236776e161a3970bb9']
INFO:root:Deleting query posted with response: {'ok': 1, 'n': 0}
INFO:root:Deleting metagenome_assembly_set records: ['nmdc:ea40b2a7c863ada2aa2f56091ffdcb22']
INFO:root:Deleting query posted with response: {'ok': 1, 'n': 0}
INFO:root:Deleting metatranscriptome_activity_set records: ['nmdc:59b9b65a44178f6e84574a7d2188dbfb']
INFO:root:Deleting query posted with response: {'ok': 1, 'n': 0}
INFO:root:Deleting data_object_set records: ['nmdc:b323881063b66a4a90803e5b0d07f50a', 'nmdc:afe9cb71484df5b0297832f46cc01a92', 'nmdc:d2affd46cebf4305e8805b65af1dabb3', 'nmdc:df2eece162d38ad930ca4af47bfb9031', 'nmdc:70f66e0b5439315d48f1a206ccb0f310', 'nmdc:683952b4d96ca39493dcd52097f34818', 'nmdc:a3a595db2fefdc1cc6e79cc2e7ef6656', 'nmdc:cff7208edcdc96d1ea22c745319ce084']
INFO:root:Deleting query posted with response: {'ok': 1, 'n': 0}
INFO:root:Deleting metagenome_assembly_set records: ['nmdc:e8985fa8a5edb84840700f492b0c76e9']
INFO:root:Deleting query posted with response: {'ok': 1, 'n': 0}
INFO:root:Deleting metatranscriptome_activity_set records: ['nmdc:fe98163e86002958865b1a9d24abc6c7']
INFO:root:Deleting query posted with response: {'ok': 1, 'n': 0}
INFO:root:Deleting data_object_set records: ['nmdc:9dd7ee30cd715b88c4651f376c1a7634', 'nmdc:1b75652bda47161a8fee86da0154c9b8', 'nmdc:9c0df326052c314b82f83291af07a5d7', 'nmdc:70a770c1df5fbf45629c1b68870847cf', 'nmdc:7dbb25f3ed7eb1785f0dc81841933967', 'nmdc:b534e57b07bd7cb373902e137f53ecbf', 'nmdc:5efbf445fa5911b90c439c6762608c62', 'nmdc:f9d892caa520b5e95fbb380005132b38']
INFO:root:Deleting query posted with response: {'ok': 1, 'n': 0}
INFO:root:Deleting metagenome_assembly_set records: ['nmdc:adbf503374bf6e579d9be19348b96dd5']
INFO:root:Deleting query posted with response: {'ok': 1, 'n': 0}
INFO:root:Deleting metatranscriptome_activity_set records: ['nmdc:49604d2dc699750601a836e3a1ba7dea']
INFO:root:Deleting query posted with response: {'ok': 1, 'n': 0}
INFO:root:Deleting data_object_set records: ['nmdc:9819174cfbfec80593ae2e38cee69195', 'nmdc:edee4dfb75acc9bfc836a5858db0b0c6', 'nmdc:e6c20f2813ece93c8954df0fac2d139f', 'nmdc:d7f76f9e1ad98997537bcd69130ecff9', 'nmdc:ad5ec8f0ae2136ce2ede1d778ff454e6', 'nmdc:3b956715f694921287c5533cf4802e8c', 'nmdc:b607e4866c60542397ea2b637a9f031b', 'nmdc:3b196dcf0807861e7346e3a26f7fa4ee']
INFO:root:Deleting query posted with response: {'ok': 1, 'n': 0}
INFO:root:Deleting metagenome_assembly_set records: ['nmdc:dd138d54b03aacb299ca44e560853758']
INFO:root:Deleting query posted with response: {'ok': 1, 'n': 0}
INFO:root:Deleting metatranscriptome_activity_set records: ['nmdc:907923dbfcf87f9b05df0162bd1e3152']
INFO:root:Deleting query posted with response: {'ok': 1, 'n': 0}
INFO:root:Deleting data_object_set records: ['nmdc:d67e644ac9693e35eaaf159b30218d11', 'nmdc:6a9a89d3b76a414bdf2ac0c08efe4c51', 'nmdc:84dd3b580584c7a430e8adfa94ce14e5', 'nmdc:27b4fc3afc62695a96592db68194d2aa', 'nmdc:3e2e66e31dbf9927f4e80507c8e98543', 'nmdc:32ba8f83e4f963be68b1aa49131884a8', 'nmdc:8d9889a5848d9af49f1aceb3db9c6790', 'nmdc:137797610e93dae8787f5a95bbb76571']
INFO:root:Deleting query posted with response: {'ok': 1, 'n': 0}
INFO:root:Deleting metagenome_assembly_set records: ['nmdc:beb826db975148e406586105d7e270dc']
INFO:root:Deleting query posted with response: {'ok': 1, 'n': 0}
INFO:root:Deleting metatranscriptome_activity_set records: ['nmdc:c3ef1ce6d3da9d6161bf4a50a4d6ce38']
INFO:root:Deleting query posted with response: {'ok': 1, 'n': 0}
INFO:root:Deleting data_object_set records: ['nmdc:ee8a4203c48863ab244adaf5b7226507', 'nmdc:e5f2d24367235552f43a880e118ed1bc', 'nmdc:8851782e4852b0f4868bad7275ecf38b', 'nmdc:4fead0513bc16eff462330c6d0e0650d', 'nmdc:df3a21c2ad3861ec183f8dfb9fa84cde', 'nmdc:539709d14dd219803ac41ddeb40b4108', 'nmdc:4dfa358dcf098e2086367df3c5c2f3b1', 'nmdc:06a6e7ced5a389c11ce9b4ce097aa80a']
INFO:root:Deleting query posted with response: {'ok': 1, 'n': 0}
INFO:root:Deleting metagenome_assembly_set records: ['nmdc:e2908695c9e19027f9d346c7a471b557']
INFO:root:Deleting query posted with response: {'ok': 1, 'n': 0}
INFO:root:Deleting metatranscriptome_activity_set records: ['nmdc:22aa0822c84f3d434517336c90a9454a']
INFO:root:Deleting query posted with response: {'ok': 1, 'n': 0}
INFO:root:Deleting data_object_set records: ['nmdc:110848091e3295e82c3906656cdab7d2', 'nmdc:cca9165b3f23bf0050cd2933fcece66d', 'nmdc:031713e4f9023d7b80bf59ac6455ba78', 'nmdc:c3b93c8e91026fbfedf62434f5e07569', 'nmdc:dc860148fbc2b89dbf21f871f085f3d4', 'nmdc:e050b599021abf0172aed3a5012abf81', 'nmdc:2cc64ff1380e4d096ba4eab74faeff06', 'nmdc:37fb25a011219a3f453842671cbc58d6']
INFO:root:Deleting query posted with response: {'ok': 1, 'n': 0}
INFO:root:Deleting metagenome_assembly_set records: ['nmdc:b99652c264b39b6df212a5e747b4373f']
INFO:root:Deleting query posted with response: {'ok': 1, 'n': 0}
INFO:root:Deleting metatranscriptome_activity_set records: ['nmdc:cced94486ace30049db6f901c1371c36']
INFO:root:Deleting query posted with response: {'ok': 1, 'n': 0}
INFO:root:Deleting data_object_set records: ['nmdc:3af2c3d23f2fa5661d527201742e4470', 'nmdc:3dc75bd74502cbb74932c85d6482ca98', 'nmdc:6b46a9e9d3e7fcb56758f156b18b4712', 'nmdc:dfa4536b8c1c617fbaaa64ad1ca1b45b', 'nmdc:7d5bf586dd3c371e209533943045bdd8', 'nmdc:d3ae400f0200e0e6ed234c1c2c2d3ff2', 'nmdc:0e6a65f468ae640a5df0cafc49c5ad02', 'nmdc:a8f4b128eb3b3838c8f8ab4148f7365f']
INFO:root:Deleting query posted with response: {'ok': 1, 'n': 0}
INFO:root:Deleting metagenome_assembly_set records: ['nmdc:fb8b5bed0faee39b3ace4529f753ad6a']
INFO:root:Deleting query posted with response: {'ok': 1, 'n': 0}
INFO:root:Deleting metatranscriptome_activity_set records: ['nmdc:6458a1f7a0068045170d96c3a1822f28']
INFO:root:Deleting query posted with response: {'ok': 1, 'n': 0}
INFO:root:Deleting data_object_set records: ['nmdc:89b215091fffc03897ec9009e93b79a8', 'nmdc:c3e6379945c227ccf561367b250802ab', 'nmdc:de1dc283fe454d9480313dce58c719b9', 'nmdc:0c80bbab7d405704e1b515d6379465e2', 'nmdc:3e6f8b9d78e6b05e736b99b93b783c17', 'nmdc:d3650b9a7a8a01ad6023bf7a2b222aa2', 'nmdc:1ef396dd78ef4b9fd9cb50723b10fb2c', 'nmdc:4d18c6e01982ffea0306606ce840f9fb']
INFO:root:Deleting query posted with response: {'ok': 1, 'n': 0}
INFO:root:Deleting metagenome_assembly_set records: ['nmdc:d8ff963e0ee3cb92bda5301953c89b5a']
INFO:root:Deleting query posted with response: {'ok': 1, 'n': 0}
INFO:root:Deleting metatranscriptome_activity_set records: ['nmdc:0b68b5981874783436ecd3461d3672a6']
INFO:root:Deleting query posted with response: {'ok': 1, 'n': 0}
INFO:root:Deleting data_object_set records: ['nmdc:fdf2130774a58ccec868d42405af0603', 'nmdc:ad63bd55d3201033983f9e98d8111c2f', 'nmdc:8a71dd0c56c299520ad8698b24ba81b7', 'nmdc:1c0c7de3bdbf7c007173a981be39f441', 'nmdc:294455bde51fa45c75177f5b57953aff', 'nmdc:7fbd8d476fc8ec0b67c3ca3b8842cf3a', 'nmdc:71f86d611030ffbc071a6ce8bcb7a8a9', 'nmdc:37f43cc5c09636f2795507a5bc76ecbd']
INFO:root:Deleting query posted with response: {'ok': 1, 'n': 0}
INFO:root:Deleting metagenome_assembly_set records: ['nmdc:68ddec74b2ef773a4806f4ee3a9c8dde']
INFO:root:Deleting query posted with response: {'ok': 1, 'n': 0}
INFO:root:Deleting metatranscriptome_activity_set records: ['nmdc:62a2fedbe461262eca0af847b1556b5d']
INFO:root:Deleting query posted with response: {'ok': 1, 'n': 0}
INFO:root:Deleting data_object_set records: ['nmdc:fecf4928adad0e006e5f01003202ebdb', 'nmdc:9a65211bc48a6a1ba42e2eab7f8188a9', 'nmdc:1278a177c90be0b0b6a5a114c680cef1', 'nmdc:10cc6387932cfae3b8b9bc287ef7ac7b', 'nmdc:dd9960a5f89ba7734c5e78f9ab9e0b81', 'nmdc:9ead1d11cc61d29abc7c45bb1b05824d', 'nmdc:1e9af9e1ba511b86afd37c1675d4ba55', 'nmdc:164b60e63f42c254a63ab4fdcc99655f']
INFO:root:Deleting query posted with response: {'ok': 1, 'n': 0}
INFO:root:Deleting metagenome_assembly_set records: ['nmdc:b6754664efd3d0292b03ac2d028923db']
INFO:root:Deleting query posted with response: {'ok': 1, 'n': 0}
INFO:root:Deleting metatranscriptome_activity_set records: ['nmdc:2d7c075332d5f2295437b76f00f5f7d1']
INFO:root:Deleting query posted with response: {'ok': 1, 'n': 0}
INFO:root:Deleting data_object_set records: ['nmdc:0e4b5066e3f5fcdbe358a45b7e5ddafa', 'nmdc:ece367e98508e74a453eba76019fa7ae', 'nmdc:f376b01d23b7d97241b5df495bf3195c', 'nmdc:6de5b284342486e714e40f1cfc7f35a5', 'nmdc:f0bde2bed8ace76941cb0866ea7dc4f9', 'nmdc:d7bee0c012323e13610c9ede8025e5f5', 'nmdc:9ff8854c13f3b7a079492549943b6df2', 'nmdc:d124eb879d069373638ba78a03bc0ebe']
INFO:root:Deleting query posted with response: {'ok': 1, 'n': 0}
INFO:root:Deleting metagenome_assembly_set records: ['nmdc:504fbd42e87fcd5f7276744194a896a7']
INFO:root:Deleting query posted with response: {'ok': 1, 'n': 0}
INFO:root:Deleting metatranscriptome_activity_set records: ['nmdc:ed88ffb0233fb3e49d716bb9112ed1d8']
INFO:root:Deleting query posted with response: {'ok': 1, 'n': 0}
INFO:root:Deleting data_object_set records: ['nmdc:67239d071633720171910856bd875bae', 'nmdc:2963d59ff12f2003dde0a15ea10c621d', 'nmdc:8c74875400af4d8568fd797aa86bbdc5', 'nmdc:86191210e25502a0d378be8df604bac3', 'nmdc:5801824d99e5ec427971d3f02a4a819c', 'nmdc:8d37e1afe8f5adcdca4359d8ec9ada44', 'nmdc:f7373922ee4981e36eb86e3acd77ff68', 'nmdc:dec3a65cd3d543a85c5a87f544215ed2']
INFO:root:Deleting query posted with response: {'ok': 1, 'n': 0}
INFO:root:Deleting metagenome_assembly_set records: ['nmdc:20d65d6d9d39a355512f06d0ce237749']
INFO:root:Deleting query posted with response: {'ok': 1, 'n': 0}
INFO:root:Deleting metatranscriptome_activity_set records: ['nmdc:369043425a2ce67674644d6044224451']
INFO:root:Deleting query posted with response: {'ok': 1, 'n': 0}
INFO:root:Deleting data_object_set records: ['nmdc:03cc36d770b32dde82a981b677c7a63c', 'nmdc:c0d3ebc25dbfa41c7f01e534979a67f5', 'nmdc:e2ba41fb408b6709f8e61501d651c5f1', 'nmdc:d0b457b6f23087ba2af0d1532fcd79a8', 'nmdc:911ca34ba7f516b55bc0b5f59538ac28', 'nmdc:9eadb698377605a1b0d99a54fc970019', 'nmdc:cc13850e8afff115fc6d3056449e594e', 'nmdc:9ea222fd87108806d2047631faeae912']
INFO:root:Deleting query posted with response: {'ok': 1, 'n': 0}
INFO:root:Deleting metagenome_assembly_set records: ['nmdc:75f338a8ba040d01db3ea0ad9fb5b4d6']
INFO:root:Deleting query posted with response: {'ok': 1, 'n': 0}
INFO:root:Deleting metatranscriptome_activity_set records: ['nmdc:754f813286cac3165f48ebe691dabc3e']
INFO:root:Deleting query posted with response: {'ok': 1, 'n': 0}
INFO:root:Deleting data_object_set records: ['nmdc:ecc9b29d5a7e4270390c638e0640750f', 'nmdc:da6e9a6548574c61dc0163b12adc5061', 'nmdc:13c6ceef56bd4ad1113edcb9c3698e88', 'nmdc:8ce8a1c8ae9e48bec3addb3323d4082d', 'nmdc:777104338c5abff4f7569c10b4f4d9a9', 'nmdc:e694e67f1b18f928c0b07cc9b36f91be', 'nmdc:e97dec3a31cb394a99c30b1da954f626', 'nmdc:68edf1160874fbfb685cf9c76f11fe5d']
INFO:root:Deleting query posted with response: {'ok': 1, 'n': 0}
INFO:root:Deleting metagenome_assembly_set records: ['nmdc:8a16344473cbd5ada06b85d06f6e414d']
INFO:root:Deleting query posted with response: {'ok': 1, 'n': 0}
INFO:root:Deleting metatranscriptome_activity_set records: ['nmdc:47f893a6cc06ce197ef0822061012f97']
INFO:root:Deleting query posted with response: {'ok': 1, 'n': 0}
INFO:root:Deleting data_object_set records: ['nmdc:fa2198bb898558ecbab4cd426c4f08fd', 'nmdc:6a0c9293b5a4cbce01b8d10dd32cd197', 'nmdc:f9f3c59ac243fdc9e330e28c26d35994', 'nmdc:21553a87efe28fb65d682af850aa6f31', 'nmdc:e1656e0537d95fcc443e542c45dd7a47', 'nmdc:b38bd06bcee8747b8f52c5985eac3924', 'nmdc:6e165708348ccf28ca469f662c29b2b0', 'nmdc:a6f9b634e52b67769b6c3c8a5bc51d71']
INFO:root:Deleting query posted with response: {'ok': 1, 'n': 0}
INFO:root:Deleting metagenome_assembly_set records: ['nmdc:29ee749c0b3d705a90bec6709c296e3c']
INFO:root:Deleting query posted with response: {'ok': 1, 'n': 0}
INFO:root:Deleting metatranscriptome_activity_set records: ['nmdc:76440cfb52c9d3791940661e863c5fa6']
INFO:root:Deleting query posted with response: {'ok': 1, 'n': 0}
INFO:root:Deleting data_object_set records: ['nmdc:29d38c4844246be99bfb4b2713e4c2fd', 'nmdc:54ce90d9ca1b5ad9e24f21fea7c46443', 'nmdc:08e4c99d859e9daaa15b66ea4e3177b9', 'nmdc:f64cd9b65a09ea7074b1356fcd73640a', 'nmdc:3d935aea413d28fddd9d9ff67cbf9c0f', 'nmdc:1bed2bac22376f844f85c589df6330f6', 'nmdc:4cd6f9a54b05dd7a4cb70d0536557aee', 'nmdc:604fe881370c675322fec1dd45016d17']
INFO:root:Deleting query posted with response: {'ok': 1, 'n': 0}
INFO:root:Deleting metagenome_assembly_set records: ['nmdc:57488f80e6938fa6a853cee697c92bdc']
INFO:root:Deleting query posted with response: {'ok': 1, 'n': 0}
INFO:root:Deleting metatranscriptome_activity_set records: ['nmdc:88082b5b0ed9f0b43de674babd0f10d6']
INFO:root:Deleting query posted with response: {'ok': 1, 'n': 0}
INFO:root:Deleting data_object_set records: ['nmdc:911eb027155fe1fdf6bddc4c9230093f', 'nmdc:a02fc96a13be3a6c68a17c5562041390', 'nmdc:14d6a0d411348b0ee3d86af4dd4427ee', 'nmdc:cf0dc62aaaed64dc46bf4ccf489231aa', 'nmdc:32bd77df400ddb10ae15a03e9cfb16db', 'nmdc:cb1a5c7b585d25c721b79bd21acba9a9', 'nmdc:d6715b7b4258e8b77abbec69efe8c8d4', 'nmdc:c6b2c8c679508df3a43f2ab829c206c0']
INFO:root:Deleting query posted with response: {'ok': 1, 'n': 0}
INFO:root:Deleting metagenome_assembly_set records: ['nmdc:b2fc252cbbf188163f4f11cb479d806a']
INFO:root:Deleting query posted with response: {'ok': 1, 'n': 0}
INFO:root:Deleting metatranscriptome_activity_set records: ['nmdc:bd9a4ddd68d17d1f0ed9342c525bbba6']
INFO:root:Deleting query posted with response: {'ok': 1, 'n': 0}
INFO:root:Deleting data_object_set records: ['nmdc:1004a33015f193c4c500b40050c54e9e', 'nmdc:8fd2759064bedca385eb1e5fe12f6559', 'nmdc:81f33bc4b2d086a86b06b91e34a6c066', 'nmdc:34a0679281aea62f772a0b12baf9e907', 'nmdc:f10e4d0e543cc3f6477f5a750d627501', 'nmdc:94b2d9e60b8db3564018bc28cb3dd344', 'nmdc:4360bc446b7babf20a2258fc61dcab21', 'nmdc:38f5ce7db8f640f6b70fa4f66bb7361f']
INFO:root:Deleting query posted with response: {'ok': 1, 'n': 0}
INFO:root:Deleting metagenome_assembly_set records: ['nmdc:8b5db3240d4d5694f78fbcd624fb5cb9']
INFO:root:Deleting query posted with response: {'ok': 1, 'n': 0}
INFO:root:Deleting metatranscriptome_activity_set records: ['nmdc:cb247b6ae27ec683e88f2e569f6817fc']
INFO:root:Deleting query posted with response: {'ok': 1, 'n': 0}
INFO:root:Deleting data_object_set records: ['nmdc:42f6277e3f6ca9a6326de910f098019a', 'nmdc:96ea6adace22e916cb0ce4cc9b0da2d2', 'nmdc:0b23098c708c4e4549942ad1f8a3609a', 'nmdc:295d3d3937adaa8229779ba500f15a45', 'nmdc:552764cc1f91ff0cf6a216bfa16574ca', 'nmdc:2877482ed87193ad261ba6b035249fcd', 'nmdc:de2cc4b245ef86b8dcf11dd5de4132b7', 'nmdc:5c2df8f1562c0ff396d85583dd7d8396']
INFO:root:Deleting query posted with response: {'ok': 1, 'n': 0}
INFO:root:Deleting metagenome_assembly_set records: ['nmdc:41642708ea5ec56d2636e443e0783e20']
INFO:root:Deleting query posted with response: {'ok': 1, 'n': 0}
INFO:root:Deleting metatranscriptome_activity_set records: ['nmdc:f93506086a0b0a78f3ae49e46addde0e']
INFO:root:Deleting query posted with response: {'ok': 1, 'n': 0}
INFO:root:Deleting data_object_set records: ['nmdc:65645603a980f61f10a973334a193a56', 'nmdc:8ff88881fabab20ff0bd05224036f3ee', 'nmdc:baafdf8e1e8d61084ea57a45daffd9b7', 'nmdc:58e3251bbc3c2152e2808269d86a872c', 'nmdc:a53cc3caceafd7e4a288b31702d27e8e', 'nmdc:b09e6b8e603d3b77bbb4eef2589fbbc4', 'nmdc:d2a7ca47fd9b5e9338ebee9419950f37', 'nmdc:19bedaad721679cbbfda8993be30563a']
INFO:root:Deleting query posted with response: {'ok': 1, 'n': 0}
INFO:root:Deleting metagenome_assembly_set records: ['nmdc:2c66e4afb9ccee54702cfee6147a4354']
INFO:root:Deleting query posted with response: {'ok': 1, 'n': 0}
INFO:root:Deleting metatranscriptome_activity_set records: ['nmdc:81413537b3e6379a1f6ea3561cfe737c']
INFO:root:Deleting query posted with response: {'ok': 1, 'n': 0}
INFO:root:Deleting data_object_set records: ['nmdc:578af53896d39353291e10225c83d726', 'nmdc:ef63ed3d9137d17d65bade077fd423d3', 'nmdc:6bdac3563b8453d80073d37261a236c0', 'nmdc:2a7758e73c8c0d5ce0d05cdd965bfcb2', 'nmdc:9990d3a3c553a94cc74582391baba5b6', 'nmdc:77b7958eeed5deef399d6b394231e5a7', 'nmdc:504665aaf1effea043f1cb68afc29f97', 'nmdc:397ba4d4363a26d0f69da5938241cc95']
INFO:root:Deleting query posted with response: {'ok': 1, 'n': 0}
INFO:root:Deleting metagenome_assembly_set records: ['nmdc:cf6d49c6553be54fd69119f6aee65897']
INFO:root:Deleting query posted with response: {'ok': 1, 'n': 0}
INFO:root:Deleting metatranscriptome_activity_set records: ['nmdc:5ca43c35d0d6221e62c411c498becbd8']
INFO:root:Deleting query posted with response: {'ok': 1, 'n': 0}
INFO:root:Deleting data_object_set records: ['nmdc:6b5cf9bac96dda0639bd7c89ffdd14bf', 'nmdc:6e1ee8665c7abca18cf0a22fe2008a17', 'nmdc:bf486e339f97499afc608f010bb489a1', 'nmdc:151cbaf206401942bc60259ec7cc19c2', 'nmdc:805180d043ff0cc60cecd96b4fdf60e5', 'nmdc:8cb083d46c7118ae27e5781a095ab2c5', 'nmdc:704b0770f0df0b7bcc9e0551829e4782', 'nmdc:611701f7a484ca98878b6311e11c13bb']
INFO:root:Deleting query posted with response: {'ok': 1, 'n': 0}
INFO:root:Deleting metagenome_assembly_set records: ['nmdc:16a1dcb1dfdb78954807299bda2dcee1']
INFO:root:Deleting query posted with response: {'ok': 1, 'n': 0}
INFO:root:Deleting metatranscriptome_activity_set records: ['nmdc:c518af94e127cb4ee6ee8377abed8a6c']
INFO:root:Deleting query posted with response: {'ok': 1, 'n': 0}
INFO:root:Deleting data_object_set records: ['nmdc:2fcfc2c1a67784aa5d4bbb8d2f8f7903', 'nmdc:48640d63af8d93caa1f8ec87d2afa02b', 'nmdc:a9e8c7c81a46cf16ba13b918cbae0ee5', 'nmdc:a89a761c23be1b7f0e9b9a3d592ff718', 'nmdc:0b805b7c577ea85153b4219d737567e8', 'nmdc:8d5d3971b3a06f503d290b1be740a3d8', 'nmdc:52049656f7ce97dcf4a62b4bdb96e2f5', 'nmdc:4db8bc953f71459c8e65093ce5817949']
INFO:root:Deleting query posted with response: {'ok': 1, 'n': 0}
INFO:root:Deleting metagenome_assembly_set records: ['nmdc:2130a1b4cc787d674c7684fcf4a8767c']
INFO:root:Deleting query posted with response: {'ok': 1, 'n': 0}
INFO:root:Deleting metatranscriptome_activity_set records: ['nmdc:67d1b2d871ee8ffa107c8367ef68205c']
INFO:root:Deleting query posted with response: {'ok': 1, 'n': 0}
INFO:root:Deleting data_object_set records: ['nmdc:e2f9e2106eee38cf5b6ea0f2c51b97b1', 'nmdc:99e322613e419fca82eadc54cf4f4497', 'nmdc:3c9bfdab5d0cc5a776103406a75088e4', 'nmdc:d3f743b189cdc50dfe39e4b56e95c9f7', 'nmdc:8818a149650445115fd7a4c52c5d7cb4', 'nmdc:503e153b8be903bec4d3cdeca215dd1c', 'nmdc:1bfb9a3bb18b8382d3dcd773077b9deb', 'nmdc:d01fbc2f3b716eaf35b7ba3017bb35a9']
INFO:root:Deleting query posted with response: {'ok': 1, 'n': 0}
INFO:root:Deleting metagenome_assembly_set records: ['nmdc:b072bc269b4804c0fe8961b63d0e5a2f']
INFO:root:Deleting query posted with response: {'ok': 1, 'n': 0}
INFO:root:Deleting metatranscriptome_activity_set records: ['nmdc:81d54c41937fe61ddb8b1c40ab0b85a6']
INFO:root:Deleting query posted with response: {'ok': 1, 'n': 0}
INFO:root:Deleting data_object_set records: ['nmdc:c3969d9315b13bf906968c27791a0a86', 'nmdc:8aeef3165c276deac2d0c4d3854fa0a5', 'nmdc:81b7d275fa674ae7dc14738e8dbaade8', 'nmdc:fc410ae4d091fda75fc3f59a2a99c470', 'nmdc:f95010eb7d9e77d6e133f3d93a5f7a5f', 'nmdc:6813a65fa09cdddbc99013aded08ea67', 'nmdc:6b4f34cc3405f25640fa383f8cf2c6ed', 'nmdc:7e8e5b8036c5a21631b1c631b16ff32f']
INFO:root:Deleting query posted with response: {'ok': 1, 'n': 0}
INFO:root:Deleting metagenome_assembly_set records: ['nmdc:c5c187a4a11a2198c7d93b05ed188740']
INFO:root:Deleting query posted with response: {'ok': 1, 'n': 0}
INFO:root:Deleting metatranscriptome_activity_set records: ['nmdc:7d5d57e00c94e8bb4eafb2645d65a445']
INFO:root:Deleting query posted with response: {'ok': 1, 'n': 0}
INFO:root:Deleting data_object_set records: ['nmdc:c75f18056db4a522111e346bd67f8957', 'nmdc:a60b7a1f06802a78b0fd3dc7dd32214b', 'nmdc:0c87cdfacbd4c50ac0415eac58ada24d', 'nmdc:e67956b6e52f63073cf14ee4c2e03df7', 'nmdc:d5c590aea9cbfbc594d21d5ed20f6fdf', 'nmdc:6cd7e4019eed25a346b59f67aac22c14', 'nmdc:ca92744bcb82e095f898c0b040e09bc7', 'nmdc:33b14acd70334547ab629e4db9bc17d3']
INFO:root:Deleting query posted with response: {'ok': 1, 'n': 0}
INFO:root:Deleting metagenome_assembly_set records: ['nmdc:0fac97e712982fee499f5f4782dc9f73']
INFO:root:Deleting query posted with response: {'ok': 1, 'n': 0}
INFO:root:Deleting metatranscriptome_activity_set records: ['nmdc:4b78fd45bcfe9c402e2ed9d6df347067']
INFO:root:Deleting query posted with response: {'ok': 1, 'n': 0}
INFO:root:Deleting data_object_set records: ['nmdc:089c06178ac2f66bb1f6a0ca36d38ff9', 'nmdc:41ae2dfb91b889a47a9d83e85643c174', 'nmdc:a5866271e9dba25b87daf4f5f829c80f', 'nmdc:866150ef49ced1f46a2afcf52190f30e', 'nmdc:c544e4e3e327b4f3ce05107d093dd9c2', 'nmdc:538fe856c9ef3dca4d0d3421f4720251', 'nmdc:64a864477cd77f962e7e53f421c182b0', 'nmdc:4e9f2b78a15caddd4ff5591c3d1347a1']
INFO:root:Deleting query posted with response: {'ok': 1, 'n': 0}
INFO:root:Deleting metagenome_assembly_set records: ['nmdc:c9ec9cec759492bd191aa606becd6638']
INFO:root:Deleting query posted with response: {'ok': 1, 'n': 0}
INFO:root:Deleting metatranscriptome_activity_set records: ['nmdc:14a60196afaedbaea12d59cb50fe7e92']
INFO:root:Deleting query posted with response: {'ok': 1, 'n': 0}
INFO:root:Deleting data_object_set records: ['nmdc:aff19dc88689c91fe38996803802ed95', 'nmdc:84d6a59330789e9d42af55442b3dacd5', 'nmdc:a1e57eb8209fd813925a41d00af297a6', 'nmdc:cdc5e73e03da914d7e7a7a655f66e926', 'nmdc:a93b163bacb9f2b9577e1f0766572c9d', 'nmdc:1b5cad2c716371653e63bda1c5d0795b', 'nmdc:174aeb2879098061db914c1349b58638', 'nmdc:25e24bb8e4bd0d118491837652e618ad']
INFO:root:Deleting query posted with response: {'ok': 1, 'n': 0}
INFO:root:Deleting metagenome_assembly_set records: ['nmdc:48baa49f621c8202312553a5a2e5fc1d']
INFO:root:Deleting query posted with response: {'ok': 1, 'n': 0}
INFO:root:Deleting metatranscriptome_activity_set records: ['nmdc:ed53f220db627936f9e5ca5fd3d6f9e9']
INFO:root:Deleting query posted with response: {'ok': 1, 'n': 0}
INFO:root:Deleting functional annotation agg records: {'nmdc:5ca43c35d0d6221e62c411c498becbd8', 'nmdc:81d54c41937fe61ddb8b1c40ab0b85a6', 'nmdc:369043425a2ce67674644d6044224451', 'nmdc:67d1b2d871ee8ffa107c8367ef68205c', 'nmdc:fe98163e86002958865b1a9d24abc6c7', 'nmdc:59b9b65a44178f6e84574a7d2188dbfb', 'nmdc:18c16f90bbe0d16dc1eceb9f548674b8', 'nmdc:4b78fd45bcfe9c402e2ed9d6df347067', 'nmdc:4da086e85617558336ba4914f6c8ab4b', 'nmdc:c2c77ec3a7535421c0589422f7155af8', 'nmdc:ce28f6d5264c2669a19ed786d8e76ba6', 'nmdc:14a60196afaedbaea12d59cb50fe7e92', 'nmdc:bd9a4ddd68d17d1f0ed9342c525bbba6', 'nmdc:ed88ffb0233fb3e49d716bb9112ed1d8', 'nmdc:76440cfb52c9d3791940661e863c5fa6', 'nmdc:81413537b3e6379a1f6ea3561cfe737c', 'nmdc:551df525ca7e42247496a78f06bf3d2a', 'nmdc:88082b5b0ed9f0b43de674babd0f10d6', 'nmdc:ed53f220db627936f9e5ca5fd3d6f9e9', 'nmdc:835a086fbd66902932f9747bb0a4aaa7', 'nmdc:c518af94e127cb4ee6ee8377abed8a6c', 'nmdc:6458a1f7a0068045170d96c3a1822f28', 'nmdc:cced94486ace30049db6f901c1371c36', 'nmdc:c3ef1ce6d3da9d6161bf4a50a4d6ce38', 'nmdc:0b68b5981874783436ecd3461d3672a6', 'nmdc:aa1d34caac3be3d5e73569a3f475ef9f', 'nmdc:2d7c075332d5f2295437b76f00f5f7d1', 'nmdc:36fc337d854ea6b3b72a34efc7d082ce', 'nmdc:7d5d57e00c94e8bb4eafb2645d65a445', 'nmdc:22aa0822c84f3d434517336c90a9454a', 'nmdc:47f893a6cc06ce197ef0822061012f97', 'nmdc:907923dbfcf87f9b05df0162bd1e3152', 'nmdc:754f813286cac3165f48ebe691dabc3e', 'nmdc:f93506086a0b0a78f3ae49e46addde0e', 'nmdc:49604d2dc699750601a836e3a1ba7dea', 'nmdc:cb247b6ae27ec683e88f2e569f6817fc', 'nmdc:62a2fedbe461262eca0af847b1556b5d', 'nmdc:d656258f90d36cab30b3e7467b945342'}
INFO:root:Deleting query posted with response: {'ok': 1, 'n': 0}
INFO:root:Elapsed time: 834.5691182613373
